[2022-06-20 13:48:49,051] {taskinstance.py:670} INFO - Dependencies all met for <TaskInstance: football_dag.who_scored 2022-04-17T00:00:00+00:00 [queued]>
[2022-06-20 13:48:49,056] {taskinstance.py:670} INFO - Dependencies all met for <TaskInstance: football_dag.who_scored 2022-04-17T00:00:00+00:00 [queued]>
[2022-06-20 13:48:49,056] {taskinstance.py:880} INFO - 
--------------------------------------------------------------------------------
[2022-06-20 13:48:49,056] {taskinstance.py:881} INFO - Starting attempt 1 of 1
[2022-06-20 13:48:49,056] {taskinstance.py:882} INFO - 
--------------------------------------------------------------------------------
[2022-06-20 13:48:49,210] {taskinstance.py:901} INFO - Executing <Task(WhoScoredOperator): who_scored> on 2022-04-17T00:00:00+00:00
[2022-06-20 13:48:49,211] {standard_task_runner.py:54} INFO - Started process 9660 to run task
[2022-06-20 13:48:49,249] {standard_task_runner.py:77} INFO - Running: ['airflow', 'run', 'football_dag', 'who_scored', '2022-04-17T00:00:00+00:00', '--job_id', '78', '--pool', 'default_pool', '--raw', '-sd', 'DAGS_FOLDER/football_dag.py', '--cfg_path', '/tmp/tmpi2kou1li']
[2022-06-20 13:48:49,250] {standard_task_runner.py:78} INFO - Job 78: Subtask who_scored
[2022-06-20 13:48:49,397] {logging_mixin.py:112} INFO - Running <TaskInstance: football_dag.who_scored 2022-04-17T00:00:00+00:00 [running]> on host lucas-AB350M-DS3H-V2
[2022-06-20 13:48:49,405] {logging_mixin.py:112} INFO - 
[2022-06-20 13:48:49,405] {logger.py:16} INFO - ====== WebDriver manager ======
[2022-06-20 13:48:49,434] {logger.py:16} INFO - Current google-chrome version is 102.0.5005
[2022-06-20 13:48:49,434] {logger.py:16} INFO - Get LATEST chromedriver version for 102.0.5005 google-chrome
[2022-06-20 13:48:49,603] {logger.py:16} INFO - Driver [/home/lucas/.wdm/drivers/chromedriver/linux64/102.0.5005.61/chromedriver] found in cache
[2022-06-20 13:49:56,017] {taskinstance.py:1057} INFO - Marking task as SUCCESS.dag_id=football_dag, task_id=who_scored, execution_date=20220417T000000, start_date=20220620T164849, end_date=20220620T164956
[2022-06-20 13:49:58,980] {local_task_job.py:102} INFO - Task exited with return code 0
[2022-06-20 15:33:21,756] {taskinstance.py:670} INFO - Dependencies all met for <TaskInstance: football_dag.who_scored 2022-04-17T00:00:00+00:00 [queued]>
[2022-06-20 15:33:21,760] {taskinstance.py:670} INFO - Dependencies all met for <TaskInstance: football_dag.who_scored 2022-04-17T00:00:00+00:00 [queued]>
[2022-06-20 15:33:21,761] {taskinstance.py:880} INFO - 
--------------------------------------------------------------------------------
[2022-06-20 15:33:21,761] {taskinstance.py:881} INFO - Starting attempt 1 of 1
[2022-06-20 15:33:21,761] {taskinstance.py:882} INFO - 
--------------------------------------------------------------------------------
[2022-06-20 15:33:21,926] {taskinstance.py:901} INFO - Executing <Task(WhoScoredOperator): who_scored> on 2022-04-17T00:00:00+00:00
[2022-06-20 15:33:21,927] {standard_task_runner.py:54} INFO - Started process 31654 to run task
[2022-06-20 15:33:21,964] {standard_task_runner.py:77} INFO - Running: ['airflow', 'run', 'football_dag', 'who_scored', '2022-04-17T00:00:00+00:00', '--job_id', '76', '--pool', 'default_pool', '--raw', '-sd', 'DAGS_FOLDER/football_dag.py', '--cfg_path', '/tmp/tmp0g9yfi94']
[2022-06-20 15:33:21,965] {standard_task_runner.py:78} INFO - Job 76: Subtask who_scored
[2022-06-20 15:33:22,079] {logging_mixin.py:112} INFO - Running <TaskInstance: football_dag.who_scored 2022-04-17T00:00:00+00:00 [running]> on host lucas-AB350M-DS3H-V2
[2022-06-20 15:33:22,088] {logging_mixin.py:112} INFO - 
[2022-06-20 15:33:22,088] {logger.py:16} INFO - ====== WebDriver manager ======
[2022-06-20 15:33:22,120] {logger.py:16} INFO - Current google-chrome version is 102.0.5005
[2022-06-20 15:33:22,120] {logger.py:16} INFO - Get LATEST chromedriver version for 102.0.5005 google-chrome
[2022-06-20 15:33:22,224] {logger.py:16} INFO - Driver [/home/lucas/.wdm/drivers/chromedriver/linux64/102.0.5005.61/chromedriver] found in cache
[2022-06-20 15:34:29,328] {taskinstance.py:1057} INFO - Marking task as SUCCESS.dag_id=football_dag, task_id=who_scored, execution_date=20220417T000000, start_date=20220620T183321, end_date=20220620T183429
[2022-06-20 15:34:31,672] {local_task_job.py:102} INFO - Task exited with return code 0
