[2022-06-20 14:01:17,276] {taskinstance.py:670} INFO - Dependencies all met for <TaskInstance: football_dag.api_football 2022-04-23T00:00:00+00:00 [queued]>
[2022-06-20 14:01:17,282] {taskinstance.py:670} INFO - Dependencies all met for <TaskInstance: football_dag.api_football 2022-04-23T00:00:00+00:00 [queued]>
[2022-06-20 14:01:17,282] {taskinstance.py:880} INFO - 
--------------------------------------------------------------------------------
[2022-06-20 14:01:17,282] {taskinstance.py:881} INFO - Starting attempt 1 of 1
[2022-06-20 14:01:17,282] {taskinstance.py:882} INFO - 
--------------------------------------------------------------------------------
[2022-06-20 14:01:17,827] {taskinstance.py:901} INFO - Executing <Task(ApiFootballOperator): api_football> on 2022-04-23T00:00:00+00:00
[2022-06-20 14:01:17,828] {standard_task_runner.py:54} INFO - Started process 13095 to run task
[2022-06-20 14:01:17,867] {standard_task_runner.py:77} INFO - Running: ['airflow', 'run', 'football_dag', 'api_football', '2022-04-23T00:00:00+00:00', '--job_id', '94', '--pool', 'default_pool', '--raw', '-sd', 'DAGS_FOLDER/football_dag.py', '--cfg_path', '/tmp/tmpksody64_']
[2022-06-20 14:01:17,867] {standard_task_runner.py:78} INFO - Job 94: Subtask api_football
[2022-06-20 14:01:18,761] {logging_mixin.py:112} INFO - Running <TaskInstance: football_dag.api_football 2022-04-23T00:00:00+00:00 [running]> on host lucas-AB350M-DS3H-V2
[2022-06-20 14:01:18,772] {base_hook.py:89} INFO - Using connection to: id: api_football_default. Host: https://api-football-v1.p.rapidapi.com/v3, Port: None, Schema: None, Login: None, Password: None, extra: XXXXXXXX
[2022-06-20 14:01:18,773] {api_football_hook.py:36} INFO - URL: https://api-football-v1.p.rapidapi.com/v3/fixtures?season=2022&from=2022-04-01&to=2022-06-15&league=71&timezone=America%2FSao_Paulo
[2022-06-20 14:01:18,837] {logging_mixin.py:112} WARNING - /home/lucas/pipeline-data/.env/lib/python3.9/site-packages/urllib3/connectionpool.py:981: InsecureRequestWarning: Unverified HTTPS request is being made to host 'api-football-v1.p.rapidapi.com'. Adding certificate verification is strongly advised. See: https://urllib3.readthedocs.io/en/latest/advanced-usage.html#ssl-warnings
  warnings.warn(
[2022-06-20 14:01:19,870] {taskinstance.py:1057} INFO - Marking task as SUCCESS.dag_id=football_dag, task_id=api_football, execution_date=20220423T000000, start_date=20220620T170117, end_date=20220620T170119
[2022-06-20 14:01:21,806] {local_task_job.py:102} INFO - Task exited with return code 0
[2022-06-20 15:48:00,577] {taskinstance.py:670} INFO - Dependencies all met for <TaskInstance: football_dag.api_football 2022-04-23T00:00:00+00:00 [queued]>
[2022-06-20 15:48:00,582] {taskinstance.py:670} INFO - Dependencies all met for <TaskInstance: football_dag.api_football 2022-04-23T00:00:00+00:00 [queued]>
[2022-06-20 15:48:00,582] {taskinstance.py:880} INFO - 
--------------------------------------------------------------------------------
[2022-06-20 15:48:00,582] {taskinstance.py:881} INFO - Starting attempt 1 of 1
[2022-06-20 15:48:00,582] {taskinstance.py:882} INFO - 
--------------------------------------------------------------------------------
[2022-06-20 15:48:00,769] {taskinstance.py:901} INFO - Executing <Task(ApiFootballOperator): api_football> on 2022-04-23T00:00:00+00:00
[2022-06-20 15:48:00,770] {standard_task_runner.py:54} INFO - Started process 36093 to run task
[2022-06-20 15:48:00,810] {standard_task_runner.py:77} INFO - Running: ['airflow', 'run', 'football_dag', 'api_football', '2022-04-23T00:00:00+00:00', '--job_id', '92', '--pool', 'default_pool', '--raw', '-sd', 'DAGS_FOLDER/football_dag.py', '--cfg_path', '/tmp/tmpq85koxlc']
[2022-06-20 15:48:00,810] {standard_task_runner.py:78} INFO - Job 92: Subtask api_football
[2022-06-20 15:48:00,967] {logging_mixin.py:112} INFO - Running <TaskInstance: football_dag.api_football 2022-04-23T00:00:00+00:00 [running]> on host lucas-AB350M-DS3H-V2
[2022-06-20 15:48:00,980] {base_hook.py:89} INFO - Using connection to: id: api_football_default. Host: https://api-football-v1.p.rapidapi.com/v3, Port: None, Schema: None, Login: None, Password: None, extra: XXXXXXXX
[2022-06-20 15:48:00,981] {api_football_hook.py:34} INFO - URL: https://api-football-v1.p.rapidapi.com/v3/fixtures?season=2022&from=2022-04-22&to=2022-04-22&league=71&timezone=America%2FSao_Paulo
[2022-06-20 15:48:01,051] {logging_mixin.py:112} WARNING - /home/lucas/pipeline-data/.env/lib/python3.9/site-packages/urllib3/connectionpool.py:981: InsecureRequestWarning: Unverified HTTPS request is being made to host 'api-football-v1.p.rapidapi.com'. Adding certificate verification is strongly advised. See: https://urllib3.readthedocs.io/en/latest/advanced-usage.html#ssl-warnings
  warnings.warn(
[2022-06-20 15:48:01,952] {taskinstance.py:1057} INFO - Marking task as SUCCESS.dag_id=football_dag, task_id=api_football, execution_date=20220423T000000, start_date=20220620T184800, end_date=20220620T184801
[2022-06-20 15:48:05,418] {local_task_job.py:102} INFO - Task exited with return code 0
