[2022-06-20 13:46:42,783] {taskinstance.py:670} INFO - Dependencies all met for <TaskInstance: football_dag.odds_portal 2022-04-16T00:00:00+00:00 [queued]>
[2022-06-20 13:46:42,788] {taskinstance.py:670} INFO - Dependencies all met for <TaskInstance: football_dag.odds_portal 2022-04-16T00:00:00+00:00 [queued]>
[2022-06-20 13:46:42,788] {taskinstance.py:880} INFO - 
--------------------------------------------------------------------------------
[2022-06-20 13:46:42,788] {taskinstance.py:881} INFO - Starting attempt 1 of 1
[2022-06-20 13:46:42,788] {taskinstance.py:882} INFO - 
--------------------------------------------------------------------------------
[2022-06-20 13:46:43,118] {taskinstance.py:901} INFO - Executing <Task(OddsPortalOperator): odds_portal> on 2022-04-16T00:00:00+00:00
[2022-06-20 13:46:43,120] {standard_task_runner.py:54} INFO - Started process 8802 to run task
[2022-06-20 13:46:43,157] {standard_task_runner.py:77} INFO - Running: ['airflow', 'run', 'football_dag', 'odds_portal', '2022-04-16T00:00:00+00:00', '--job_id', '74', '--pool', 'default_pool', '--raw', '-sd', 'DAGS_FOLDER/football_dag.py', '--cfg_path', '/tmp/tmppf05s5od']
[2022-06-20 13:46:43,158] {standard_task_runner.py:78} INFO - Job 74: Subtask odds_portal
[2022-06-20 13:46:43,316] {logging_mixin.py:112} INFO - Running <TaskInstance: football_dag.odds_portal 2022-04-16T00:00:00+00:00 [running]> on host lucas-AB350M-DS3H-V2
[2022-06-20 13:46:43,324] {logging_mixin.py:112} INFO - 
[2022-06-20 13:46:43,324] {logger.py:16} INFO - ====== WebDriver manager ======
[2022-06-20 13:46:43,356] {logger.py:16} INFO - Current google-chrome version is 102.0.5005
[2022-06-20 13:46:43,356] {logger.py:16} INFO - Get LATEST chromedriver version for 102.0.5005 google-chrome
[2022-06-20 13:46:43,531] {logger.py:16} INFO - Driver [/home/lucas/.wdm/drivers/chromedriver/linux64/102.0.5005.61/chromedriver] found in cache
[2022-06-20 13:47:05,081] {taskinstance.py:1057} INFO - Marking task as SUCCESS.dag_id=football_dag, task_id=odds_portal, execution_date=20220416T000000, start_date=20220620T164642, end_date=20220620T164705
[2022-06-20 13:47:07,612] {local_task_job.py:102} INFO - Task exited with return code 0
[2022-06-20 15:31:19,926] {taskinstance.py:670} INFO - Dependencies all met for <TaskInstance: football_dag.odds_portal 2022-04-16T00:00:00+00:00 [queued]>
[2022-06-20 15:31:19,931] {taskinstance.py:670} INFO - Dependencies all met for <TaskInstance: football_dag.odds_portal 2022-04-16T00:00:00+00:00 [queued]>
[2022-06-20 15:31:19,931] {taskinstance.py:880} INFO - 
--------------------------------------------------------------------------------
[2022-06-20 15:31:19,931] {taskinstance.py:881} INFO - Starting attempt 1 of 1
[2022-06-20 15:31:19,931] {taskinstance.py:882} INFO - 
--------------------------------------------------------------------------------
[2022-06-20 15:31:20,090] {taskinstance.py:901} INFO - Executing <Task(OddsPortalOperator): odds_portal> on 2022-04-16T00:00:00+00:00
[2022-06-20 15:31:20,091] {standard_task_runner.py:54} INFO - Started process 30784 to run task
[2022-06-20 15:31:20,128] {standard_task_runner.py:77} INFO - Running: ['airflow', 'run', 'football_dag', 'odds_portal', '2022-04-16T00:00:00+00:00', '--job_id', '72', '--pool', 'default_pool', '--raw', '-sd', 'DAGS_FOLDER/football_dag.py', '--cfg_path', '/tmp/tmpe6wvpzbq']
[2022-06-20 15:31:20,129] {standard_task_runner.py:78} INFO - Job 72: Subtask odds_portal
[2022-06-20 15:31:20,281] {logging_mixin.py:112} INFO - Running <TaskInstance: football_dag.odds_portal 2022-04-16T00:00:00+00:00 [running]> on host lucas-AB350M-DS3H-V2
[2022-06-20 15:31:20,290] {logging_mixin.py:112} INFO - 
[2022-06-20 15:31:20,290] {logger.py:16} INFO - ====== WebDriver manager ======
[2022-06-20 15:31:20,322] {logger.py:16} INFO - Current google-chrome version is 102.0.5005
[2022-06-20 15:31:20,322] {logger.py:16} INFO - Get LATEST chromedriver version for 102.0.5005 google-chrome
[2022-06-20 15:31:20,435] {logger.py:16} INFO - Driver [/home/lucas/.wdm/drivers/chromedriver/linux64/102.0.5005.61/chromedriver] found in cache
[2022-06-20 15:31:42,655] {logging_mixin.py:112} INFO - []
[2022-06-20 15:31:42,712] {taskinstance.py:1057} INFO - Marking task as SUCCESS.dag_id=football_dag, task_id=odds_portal, execution_date=20220416T000000, start_date=20220620T183119, end_date=20220620T183142
[2022-06-20 15:31:44,758] {local_task_job.py:102} INFO - Task exited with return code 0
