[2022-06-20 14:12:38,630] {taskinstance.py:670} INFO - Dependencies all met for <TaskInstance: football_dag.api_football 2022-04-28T00:00:00+00:00 [queued]>
[2022-06-20 14:12:38,637] {taskinstance.py:670} INFO - Dependencies all met for <TaskInstance: football_dag.api_football 2022-04-28T00:00:00+00:00 [queued]>
[2022-06-20 14:12:38,637] {taskinstance.py:880} INFO - 
--------------------------------------------------------------------------------
[2022-06-20 14:12:38,637] {taskinstance.py:881} INFO - Starting attempt 1 of 1
[2022-06-20 14:12:38,637] {taskinstance.py:882} INFO - 
--------------------------------------------------------------------------------
[2022-06-20 14:12:38,818] {taskinstance.py:901} INFO - Executing <Task(ApiFootballOperator): api_football> on 2022-04-28T00:00:00+00:00
[2022-06-20 14:12:38,820] {standard_task_runner.py:54} INFO - Started process 16527 to run task
[2022-06-20 14:12:38,857] {standard_task_runner.py:77} INFO - Running: ['airflow', 'run', 'football_dag', 'api_football', '2022-04-28T00:00:00+00:00', '--job_id', '109', '--pool', 'default_pool', '--raw', '-sd', 'DAGS_FOLDER/football_dag.py', '--cfg_path', '/tmp/tmpe_r7d561']
[2022-06-20 14:12:38,857] {standard_task_runner.py:78} INFO - Job 109: Subtask api_football
[2022-06-20 14:12:39,066] {logging_mixin.py:112} INFO - Running <TaskInstance: football_dag.api_football 2022-04-28T00:00:00+00:00 [running]> on host lucas-AB350M-DS3H-V2
[2022-06-20 14:12:39,077] {base_hook.py:89} INFO - Using connection to: id: api_football_default. Host: https://api-football-v1.p.rapidapi.com/v3, Port: None, Schema: None, Login: None, Password: None, extra: XXXXXXXX
[2022-06-20 14:12:39,078] {api_football_hook.py:36} INFO - URL: https://api-football-v1.p.rapidapi.com/v3/fixtures?season=2022&from=2022-04-01&to=2022-06-15&league=71&timezone=America%2FSao_Paulo
[2022-06-20 14:12:39,152] {logging_mixin.py:112} WARNING - /home/lucas/pipeline-data/.env/lib/python3.9/site-packages/urllib3/connectionpool.py:981: InsecureRequestWarning: Unverified HTTPS request is being made to host 'api-football-v1.p.rapidapi.com'. Adding certificate verification is strongly advised. See: https://urllib3.readthedocs.io/en/latest/advanced-usage.html#ssl-warnings
  warnings.warn(
[2022-06-20 14:12:40,022] {taskinstance.py:1057} INFO - Marking task as SUCCESS.dag_id=football_dag, task_id=api_football, execution_date=20220428T000000, start_date=20220620T171238, end_date=20220620T171240
[2022-06-20 14:12:43,498] {local_task_job.py:102} INFO - Task exited with return code 0
[2022-06-20 16:37:39,957] {taskinstance.py:670} INFO - Dependencies all met for <TaskInstance: football_dag.api_football 2022-04-28T00:00:00+00:00 [queued]>
[2022-06-20 16:37:39,982] {taskinstance.py:670} INFO - Dependencies all met for <TaskInstance: football_dag.api_football 2022-04-28T00:00:00+00:00 [queued]>
[2022-06-20 16:37:39,982] {taskinstance.py:880} INFO - 
--------------------------------------------------------------------------------
[2022-06-20 16:37:39,982] {taskinstance.py:881} INFO - Starting attempt 1 of 1
[2022-06-20 16:37:39,982] {taskinstance.py:882} INFO - 
--------------------------------------------------------------------------------
[2022-06-20 16:37:40,222] {taskinstance.py:901} INFO - Executing <Task(ApiFootballOperator): api_football> on 2022-04-28T00:00:00+00:00
[2022-06-20 16:37:40,224] {standard_task_runner.py:54} INFO - Started process 10132 to run task
[2022-06-20 16:37:40,261] {standard_task_runner.py:77} INFO - Running: ['airflow', 'run', 'football_dag', 'api_football', '2022-04-28T00:00:00+00:00', '--job_id', '108', '--pool', 'default_pool', '--raw', '-sd', 'DAGS_FOLDER/football_dag.py', '--cfg_path', '/tmp/tmpmnrcfqn8']
[2022-06-20 16:37:40,261] {standard_task_runner.py:78} INFO - Job 108: Subtask api_football
[2022-06-20 16:37:40,375] {logging_mixin.py:112} INFO - Running <TaskInstance: football_dag.api_football 2022-04-28T00:00:00+00:00 [running]> on host lucas-AB350M-DS3H-V2
[2022-06-20 16:37:40,386] {base_hook.py:89} INFO - Using connection to: id: api_football_default. Host: https://api-football-v1.p.rapidapi.com/v3, Port: None, Schema: None, Login: None, Password: None, extra: XXXXXXXX
[2022-06-20 16:37:40,387] {api_football_hook.py:34} INFO - URL: https://api-football-v1.p.rapidapi.com/v3/fixtures?season=2022&from=2022-04-27&to=2022-04-27&league=71&timezone=America%2FSao_Paulo
[2022-06-20 16:37:40,455] {logging_mixin.py:112} WARNING - /home/lucas/pipeline-data/.env/lib/python3.9/site-packages/urllib3/connectionpool.py:981: InsecureRequestWarning: Unverified HTTPS request is being made to host 'api-football-v1.p.rapidapi.com'. Adding certificate verification is strongly advised. See: https://urllib3.readthedocs.io/en/latest/advanced-usage.html#ssl-warnings
  warnings.warn(
[2022-06-20 16:37:41,284] {taskinstance.py:1057} INFO - Marking task as SUCCESS.dag_id=football_dag, task_id=api_football, execution_date=20220428T000000, start_date=20220620T193739, end_date=20220620T193741
[2022-06-20 16:37:44,810] {local_task_job.py:102} INFO - Task exited with return code 0
