[2022-06-20 13:50:51,789] {taskinstance.py:670} INFO - Dependencies all met for <TaskInstance: football_dag.api_football 2022-04-18T00:00:00+00:00 [queued]>
[2022-06-20 13:50:51,793] {taskinstance.py:670} INFO - Dependencies all met for <TaskInstance: football_dag.api_football 2022-04-18T00:00:00+00:00 [queued]>
[2022-06-20 13:50:51,794] {taskinstance.py:880} INFO - 
--------------------------------------------------------------------------------
[2022-06-20 13:50:51,794] {taskinstance.py:881} INFO - Starting attempt 1 of 1
[2022-06-20 13:50:51,794] {taskinstance.py:882} INFO - 
--------------------------------------------------------------------------------
[2022-06-20 13:50:52,005] {taskinstance.py:901} INFO - Executing <Task(ApiFootballOperator): api_football> on 2022-04-18T00:00:00+00:00
[2022-06-20 13:50:52,007] {standard_task_runner.py:54} INFO - Started process 10047 to run task
[2022-06-20 13:50:52,045] {standard_task_runner.py:77} INFO - Running: ['airflow', 'run', 'football_dag', 'api_football', '2022-04-18T00:00:00+00:00', '--job_id', '79', '--pool', 'default_pool', '--raw', '-sd', 'DAGS_FOLDER/football_dag.py', '--cfg_path', '/tmp/tmptes10mz4']
[2022-06-20 13:50:52,046] {standard_task_runner.py:78} INFO - Job 79: Subtask api_football
[2022-06-20 13:50:52,192] {logging_mixin.py:112} INFO - Running <TaskInstance: football_dag.api_football 2022-04-18T00:00:00+00:00 [running]> on host lucas-AB350M-DS3H-V2
[2022-06-20 13:50:52,203] {base_hook.py:89} INFO - Using connection to: id: api_football_default. Host: https://api-football-v1.p.rapidapi.com/v3, Port: None, Schema: None, Login: None, Password: None, extra: XXXXXXXX
[2022-06-20 13:50:52,204] {api_football_hook.py:36} INFO - URL: https://api-football-v1.p.rapidapi.com/v3/fixtures?season=2022&from=2022-04-01&to=2022-06-15&league=71&timezone=America%2FSao_Paulo
[2022-06-20 13:50:52,268] {logging_mixin.py:112} WARNING - /home/lucas/pipeline-data/.env/lib/python3.9/site-packages/urllib3/connectionpool.py:981: InsecureRequestWarning: Unverified HTTPS request is being made to host 'api-football-v1.p.rapidapi.com'. Adding certificate verification is strongly advised. See: https://urllib3.readthedocs.io/en/latest/advanced-usage.html#ssl-warnings
  warnings.warn(
[2022-06-20 13:50:53,149] {taskinstance.py:1057} INFO - Marking task as SUCCESS.dag_id=football_dag, task_id=api_football, execution_date=20220418T000000, start_date=20220620T165051, end_date=20220620T165053
[2022-06-20 13:50:56,624] {local_task_job.py:102} INFO - Task exited with return code 0
[2022-06-20 15:35:25,283] {taskinstance.py:670} INFO - Dependencies all met for <TaskInstance: football_dag.api_football 2022-04-18T00:00:00+00:00 [queued]>
[2022-06-20 15:35:25,288] {taskinstance.py:670} INFO - Dependencies all met for <TaskInstance: football_dag.api_football 2022-04-18T00:00:00+00:00 [queued]>
[2022-06-20 15:35:25,288] {taskinstance.py:880} INFO - 
--------------------------------------------------------------------------------
[2022-06-20 15:35:25,288] {taskinstance.py:881} INFO - Starting attempt 1 of 1
[2022-06-20 15:35:25,288] {taskinstance.py:882} INFO - 
--------------------------------------------------------------------------------
[2022-06-20 15:35:25,719] {taskinstance.py:901} INFO - Executing <Task(ApiFootballOperator): api_football> on 2022-04-18T00:00:00+00:00
[2022-06-20 15:35:25,721] {standard_task_runner.py:54} INFO - Started process 32106 to run task
[2022-06-20 15:35:25,759] {standard_task_runner.py:77} INFO - Running: ['airflow', 'run', 'football_dag', 'api_football', '2022-04-18T00:00:00+00:00', '--job_id', '77', '--pool', 'default_pool', '--raw', '-sd', 'DAGS_FOLDER/football_dag.py', '--cfg_path', '/tmp/tmpa3qbht_3']
[2022-06-20 15:35:25,759] {standard_task_runner.py:78} INFO - Job 77: Subtask api_football
[2022-06-20 15:35:26,007] {logging_mixin.py:112} INFO - Running <TaskInstance: football_dag.api_football 2022-04-18T00:00:00+00:00 [running]> on host lucas-AB350M-DS3H-V2
[2022-06-20 15:35:26,018] {base_hook.py:89} INFO - Using connection to: id: api_football_default. Host: https://api-football-v1.p.rapidapi.com/v3, Port: None, Schema: None, Login: None, Password: None, extra: XXXXXXXX
[2022-06-20 15:35:26,019] {api_football_hook.py:34} INFO - URL: https://api-football-v1.p.rapidapi.com/v3/fixtures?season=2022&from=2022-04-17&to=2022-04-17&league=71&timezone=America%2FSao_Paulo
[2022-06-20 15:35:26,092] {logging_mixin.py:112} WARNING - /home/lucas/pipeline-data/.env/lib/python3.9/site-packages/urllib3/connectionpool.py:981: InsecureRequestWarning: Unverified HTTPS request is being made to host 'api-football-v1.p.rapidapi.com'. Adding certificate verification is strongly advised. See: https://urllib3.readthedocs.io/en/latest/advanced-usage.html#ssl-warnings
  warnings.warn(
[2022-06-20 15:35:26,996] {taskinstance.py:1057} INFO - Marking task as SUCCESS.dag_id=football_dag, task_id=api_football, execution_date=20220418T000000, start_date=20220620T183525, end_date=20220620T183526
[2022-06-20 15:35:30,010] {local_task_job.py:102} INFO - Task exited with return code 0
