[2022-06-20 13:41:15,704] {taskinstance.py:670} INFO - Dependencies all met for <TaskInstance: football_dag.odds_portal 2022-04-13T00:00:00+00:00 [queued]>
[2022-06-20 13:41:15,709] {taskinstance.py:670} INFO - Dependencies all met for <TaskInstance: football_dag.odds_portal 2022-04-13T00:00:00+00:00 [queued]>
[2022-06-20 13:41:15,709] {taskinstance.py:880} INFO - 
--------------------------------------------------------------------------------
[2022-06-20 13:41:15,709] {taskinstance.py:881} INFO - Starting attempt 1 of 1
[2022-06-20 13:41:15,709] {taskinstance.py:882} INFO - 
--------------------------------------------------------------------------------
[2022-06-20 13:41:15,889] {taskinstance.py:901} INFO - Executing <Task(OddsPortalOperator): odds_portal> on 2022-04-13T00:00:00+00:00
[2022-06-20 13:41:15,890] {standard_task_runner.py:54} INFO - Started process 7110 to run task
[2022-06-20 13:41:15,927] {standard_task_runner.py:77} INFO - Running: ['airflow', 'run', 'football_dag', 'odds_portal', '2022-04-13T00:00:00+00:00', '--job_id', '65', '--pool', 'default_pool', '--raw', '-sd', 'DAGS_FOLDER/football_dag.py', '--cfg_path', '/tmp/tmpxt99drmx']
[2022-06-20 13:41:15,927] {standard_task_runner.py:78} INFO - Job 65: Subtask odds_portal
[2022-06-20 13:41:16,168] {logging_mixin.py:112} INFO - Running <TaskInstance: football_dag.odds_portal 2022-04-13T00:00:00+00:00 [running]> on host lucas-AB350M-DS3H-V2
[2022-06-20 13:41:16,176] {logging_mixin.py:112} INFO - 
[2022-06-20 13:41:16,176] {logger.py:16} INFO - ====== WebDriver manager ======
[2022-06-20 13:41:16,208] {logger.py:16} INFO - Current google-chrome version is 102.0.5005
[2022-06-20 13:41:16,208] {logger.py:16} INFO - Get LATEST chromedriver version for 102.0.5005 google-chrome
[2022-06-20 13:41:16,388] {logger.py:16} INFO - Driver [/home/lucas/.wdm/drivers/chromedriver/linux64/102.0.5005.61/chromedriver] found in cache
[2022-06-20 13:41:37,952] {taskinstance.py:1057} INFO - Marking task as SUCCESS.dag_id=football_dag, task_id=odds_portal, execution_date=20220413T000000, start_date=20220620T164115, end_date=20220620T164137
[2022-06-20 13:41:40,598] {local_task_job.py:102} INFO - Task exited with return code 0
[2022-06-20 15:25:33,126] {taskinstance.py:670} INFO - Dependencies all met for <TaskInstance: football_dag.odds_portal 2022-04-13T00:00:00+00:00 [queued]>
[2022-06-20 15:25:33,131] {taskinstance.py:670} INFO - Dependencies all met for <TaskInstance: football_dag.odds_portal 2022-04-13T00:00:00+00:00 [queued]>
[2022-06-20 15:25:33,131] {taskinstance.py:880} INFO - 
--------------------------------------------------------------------------------
[2022-06-20 15:25:33,131] {taskinstance.py:881} INFO - Starting attempt 1 of 1
[2022-06-20 15:25:33,131] {taskinstance.py:882} INFO - 
--------------------------------------------------------------------------------
[2022-06-20 15:25:33,315] {taskinstance.py:901} INFO - Executing <Task(OddsPortalOperator): odds_portal> on 2022-04-13T00:00:00+00:00
[2022-06-20 15:25:33,317] {standard_task_runner.py:54} INFO - Started process 28894 to run task
[2022-06-20 15:25:33,353] {standard_task_runner.py:77} INFO - Running: ['airflow', 'run', 'football_dag', 'odds_portal', '2022-04-13T00:00:00+00:00', '--job_id', '63', '--pool', 'default_pool', '--raw', '-sd', 'DAGS_FOLDER/football_dag.py', '--cfg_path', '/tmp/tmpk1if594d']
[2022-06-20 15:25:33,353] {standard_task_runner.py:78} INFO - Job 63: Subtask odds_portal
[2022-06-20 15:25:33,883] {logging_mixin.py:112} INFO - Running <TaskInstance: football_dag.odds_portal 2022-04-13T00:00:00+00:00 [running]> on host lucas-AB350M-DS3H-V2
[2022-06-20 15:25:33,891] {logging_mixin.py:112} INFO - 
[2022-06-20 15:25:33,891] {logger.py:16} INFO - ====== WebDriver manager ======
[2022-06-20 15:25:33,924] {logger.py:16} INFO - Current google-chrome version is 102.0.5005
[2022-06-20 15:25:33,924] {logger.py:16} INFO - Get LATEST chromedriver version for 102.0.5005 google-chrome
[2022-06-20 15:25:34,027] {logger.py:16} INFO - Driver [/home/lucas/.wdm/drivers/chromedriver/linux64/102.0.5005.61/chromedriver] found in cache
[2022-06-20 15:25:53,250] {logging_mixin.py:112} INFO - []
[2022-06-20 15:25:53,306] {taskinstance.py:1057} INFO - Marking task as SUCCESS.dag_id=football_dag, task_id=odds_portal, execution_date=20220413T000000, start_date=20220620T182533, end_date=20220620T182553
[2022-06-20 15:25:57,958] {local_task_job.py:102} INFO - Task exited with return code 0
[2022-06-21 10:12:47,979] {taskinstance.py:670} INFO - Dependencies all met for <TaskInstance: football_dag.odds_portal 2022-04-13T00:00:00+00:00 [queued]>
[2022-06-21 10:12:48,009] {taskinstance.py:670} INFO - Dependencies all met for <TaskInstance: football_dag.odds_portal 2022-04-13T00:00:00+00:00 [queued]>
[2022-06-21 10:12:48,009] {taskinstance.py:880} INFO - 
--------------------------------------------------------------------------------
[2022-06-21 10:12:48,009] {taskinstance.py:881} INFO - Starting attempt 1 of 1
[2022-06-21 10:12:48,009] {taskinstance.py:882} INFO - 
--------------------------------------------------------------------------------
[2022-06-21 10:12:48,233] {taskinstance.py:901} INFO - Executing <Task(OddsPortalOperator): odds_portal> on 2022-04-13T00:00:00+00:00
[2022-06-21 10:12:48,235] {standard_task_runner.py:54} INFO - Started process 16769 to run task
[2022-06-21 10:12:48,272] {standard_task_runner.py:77} INFO - Running: ['airflow', 'run', 'football_dag', 'odds_portal', '2022-04-13T00:00:00+00:00', '--job_id', '130', '--pool', 'default_pool', '--raw', '-sd', 'DAGS_FOLDER/football_dag.py', '--cfg_path', '/tmp/tmpfz0itxi2']
[2022-06-21 10:12:48,272] {standard_task_runner.py:78} INFO - Job 130: Subtask odds_portal
[2022-06-21 10:12:48,398] {logging_mixin.py:112} INFO - Running <TaskInstance: football_dag.odds_portal 2022-04-13T00:00:00+00:00 [running]> on host lucas-AB350M-DS3H-V2
[2022-06-21 10:12:48,406] {logging_mixin.py:112} INFO - 
[2022-06-21 10:12:48,406] {logger.py:16} INFO - ====== WebDriver manager ======
[2022-06-21 10:12:48,438] {logger.py:16} INFO - Current google-chrome version is 102.0.5005
[2022-06-21 10:12:48,439] {logger.py:16} INFO - Get LATEST chromedriver version for 102.0.5005 google-chrome
[2022-06-21 10:12:48,621] {logger.py:16} INFO - Driver [/home/lucas/.wdm/drivers/chromedriver/linux64/102.0.5005.61/chromedriver] found in cache
[2022-06-21 10:12:51,511] {taskinstance.py:1150} ERROR - Message: unknown error: cannot determine loading status
from disconnected: received Inspector.detached event
  (Session info: chrome=102.0.5005.115)
Stacktrace:
#0 0x5574ccab2f33 <unknown>
#1 0x5574cc7fd118 <unknown>
#2 0x5574cc7e8ff5 <unknown>
#3 0x5574cc7e8a55 <unknown>
#4 0x5574cc7e7f15 <unknown>
#5 0x5574cc7e6c0f <unknown>
#6 0x5574cc7e719c <unknown>
#7 0x5574cc7f6ba5 <unknown>
#8 0x5574cc7e87a6 <unknown>
#9 0x5574cc7e96bb <unknown>
#10 0x5574cc7e8a72 <unknown>
#11 0x5574cc7e7f15 <unknown>
#12 0x5574cc7e6c0f <unknown>
#13 0x5574cc7e7042 <unknown>
#14 0x5574cc7feb92 <unknown>
#15 0x5574cc864a3f <unknown>
#16 0x5574cc850f72 <unknown>
#17 0x5574cc8642e4 <unknown>
#18 0x5574cc850e63 <unknown>
#19 0x5574cc82682a <unknown>
#20 0x5574cc827985 <unknown>
#21 0x5574ccaf74cd <unknown>
#22 0x5574ccafb5ec <unknown>
#23 0x5574ccae171e <unknown>
#24 0x5574ccafc238 <unknown>
#25 0x5574ccad6870 <unknown>
#26 0x5574ccb18608 <unknown>
#27 0x5574ccb18788 <unknown>
#28 0x5574ccb32f1d <unknown>
#29 0x7ff55de05b43 <unknown>
Traceback (most recent call last):
  File "/home/lucas/pipeline-data/.env/lib/python3.9/site-packages/airflow/models/taskinstance.py", line 984, in _run_raw_task
    result = task_copy.execute(context=context)
  File "/home/lucas/pipeline-data/airflow/plugins/operators/odds_portal_operator.py", line 40, in execute
    result = hook.run()
  File "/home/lucas/pipeline-data/airflow/plugins/hooks/odds_portal_hook.py", line 122, in run
    self.connect_to_website()
  File "/home/lucas/pipeline-data/airflow/plugins/hooks/odds_portal_hook.py", line 33, in connect_to_website
    self.driver.get(url)
  File "/home/lucas/pipeline-data/.env/lib/python3.9/site-packages/selenium/webdriver/remote/webdriver.py", line 442, in get
    self.execute(Command.GET, {'url': url})
  File "/home/lucas/pipeline-data/.env/lib/python3.9/site-packages/selenium/webdriver/remote/webdriver.py", line 430, in execute
    self.error_handler.check_response(response)
  File "/home/lucas/pipeline-data/.env/lib/python3.9/site-packages/selenium/webdriver/remote/errorhandler.py", line 247, in check_response
    raise exception_class(message, screen, stacktrace)
selenium.common.exceptions.WebDriverException: Message: unknown error: cannot determine loading status
from disconnected: received Inspector.detached event
  (Session info: chrome=102.0.5005.115)
Stacktrace:
#0 0x5574ccab2f33 <unknown>
#1 0x5574cc7fd118 <unknown>
#2 0x5574cc7e8ff5 <unknown>
#3 0x5574cc7e8a55 <unknown>
#4 0x5574cc7e7f15 <unknown>
#5 0x5574cc7e6c0f <unknown>
#6 0x5574cc7e719c <unknown>
#7 0x5574cc7f6ba5 <unknown>
#8 0x5574cc7e87a6 <unknown>
#9 0x5574cc7e96bb <unknown>
#10 0x5574cc7e8a72 <unknown>
#11 0x5574cc7e7f15 <unknown>
#12 0x5574cc7e6c0f <unknown>
#13 0x5574cc7e7042 <unknown>
#14 0x5574cc7feb92 <unknown>
#15 0x5574cc864a3f <unknown>
#16 0x5574cc850f72 <unknown>
#17 0x5574cc8642e4 <unknown>
#18 0x5574cc850e63 <unknown>
#19 0x5574cc82682a <unknown>
#20 0x5574cc827985 <unknown>
#21 0x5574ccaf74cd <unknown>
#22 0x5574ccafb5ec <unknown>
#23 0x5574ccae171e <unknown>
#24 0x5574ccafc238 <unknown>
#25 0x5574ccad6870 <unknown>
#26 0x5574ccb18608 <unknown>
#27 0x5574ccb18788 <unknown>
#28 0x5574ccb32f1d <unknown>
#29 0x7ff55de05b43 <unknown>

[2022-06-21 10:12:51,609] {taskinstance.py:1187} INFO - Marking task as FAILED. dag_id=football_dag, task_id=odds_portal, execution_date=20220413T000000, start_date=20220621T131248, end_date=20220621T131251
[2022-06-21 10:12:52,788] {local_task_job.py:102} INFO - Task exited with return code 1
[2022-06-21 10:55:25,580] {taskinstance.py:670} INFO - Dependencies all met for <TaskInstance: football_dag.odds_portal 2022-04-13T00:00:00+00:00 [queued]>
[2022-06-21 10:55:25,585] {taskinstance.py:670} INFO - Dependencies all met for <TaskInstance: football_dag.odds_portal 2022-04-13T00:00:00+00:00 [queued]>
[2022-06-21 10:55:25,585] {taskinstance.py:880} INFO - 
--------------------------------------------------------------------------------
[2022-06-21 10:55:25,585] {taskinstance.py:881} INFO - Starting attempt 1 of 1
[2022-06-21 10:55:25,585] {taskinstance.py:882} INFO - 
--------------------------------------------------------------------------------
[2022-06-21 10:55:25,786] {taskinstance.py:901} INFO - Executing <Task(OddsPortalOperator): odds_portal> on 2022-04-13T00:00:00+00:00
[2022-06-21 10:55:25,788] {standard_task_runner.py:54} INFO - Started process 23971 to run task
[2022-06-21 10:55:25,826] {standard_task_runner.py:77} INFO - Running: ['airflow', 'run', 'football_dag', 'odds_portal', '2022-04-13T00:00:00+00:00', '--job_id', '131', '--pool', 'default_pool', '--raw', '-sd', 'DAGS_FOLDER/football_dag.py', '--cfg_path', '/tmp/tmpiixwx6dr']
[2022-06-21 10:55:25,826] {standard_task_runner.py:78} INFO - Job 131: Subtask odds_portal
[2022-06-21 10:55:25,990] {logging_mixin.py:112} INFO - Running <TaskInstance: football_dag.odds_portal 2022-04-13T00:00:00+00:00 [running]> on host lucas-AB350M-DS3H-V2
[2022-06-21 10:55:25,998] {logging_mixin.py:112} INFO - 
[2022-06-21 10:55:25,998] {logger.py:16} INFO - ====== WebDriver manager ======
[2022-06-21 10:55:26,030] {logger.py:16} INFO - Current google-chrome version is 102.0.5005
[2022-06-21 10:55:26,030] {logger.py:16} INFO - Get LATEST chromedriver version for 102.0.5005 google-chrome
[2022-06-21 10:55:26,208] {logger.py:16} INFO - Driver [/home/lucas/.wdm/drivers/chromedriver/linux64/102.0.5005.61/chromedriver] found in cache
[2022-06-21 10:56:26,373] {taskinstance.py:1057} INFO - Marking task as SUCCESS.dag_id=football_dag, task_id=odds_portal, execution_date=20220413T000000, start_date=20220621T135525, end_date=20220621T135626
[2022-06-21 10:56:30,471] {local_task_job.py:102} INFO - Task exited with return code 0
