[2022-06-20 14:06:06,568] {taskinstance.py:670} INFO - Dependencies all met for <TaskInstance: football_dag.api_football 2022-04-25T00:00:00+00:00 [queued]>
[2022-06-20 14:06:06,573] {taskinstance.py:670} INFO - Dependencies all met for <TaskInstance: football_dag.api_football 2022-04-25T00:00:00+00:00 [queued]>
[2022-06-20 14:06:06,573] {taskinstance.py:880} INFO - 
--------------------------------------------------------------------------------
[2022-06-20 14:06:06,573] {taskinstance.py:881} INFO - Starting attempt 1 of 1
[2022-06-20 14:06:06,573] {taskinstance.py:882} INFO - 
--------------------------------------------------------------------------------
[2022-06-20 14:06:06,827] {taskinstance.py:901} INFO - Executing <Task(ApiFootballOperator): api_football> on 2022-04-25T00:00:00+00:00
[2022-06-20 14:06:06,828] {standard_task_runner.py:54} INFO - Started process 14455 to run task
[2022-06-20 14:06:06,868] {standard_task_runner.py:77} INFO - Running: ['airflow', 'run', 'football_dag', 'api_football', '2022-04-25T00:00:00+00:00', '--job_id', '100', '--pool', 'default_pool', '--raw', '-sd', 'DAGS_FOLDER/football_dag.py', '--cfg_path', '/tmp/tmpwwqjc1zv']
[2022-06-20 14:06:06,868] {standard_task_runner.py:78} INFO - Job 100: Subtask api_football
[2022-06-20 14:06:07,102] {logging_mixin.py:112} INFO - Running <TaskInstance: football_dag.api_football 2022-04-25T00:00:00+00:00 [running]> on host lucas-AB350M-DS3H-V2
[2022-06-20 14:06:07,113] {base_hook.py:89} INFO - Using connection to: id: api_football_default. Host: https://api-football-v1.p.rapidapi.com/v3, Port: None, Schema: None, Login: None, Password: None, extra: XXXXXXXX
[2022-06-20 14:06:07,114] {api_football_hook.py:36} INFO - URL: https://api-football-v1.p.rapidapi.com/v3/fixtures?season=2022&from=2022-04-01&to=2022-06-15&league=71&timezone=America%2FSao_Paulo
[2022-06-20 14:06:07,183] {logging_mixin.py:112} WARNING - /home/lucas/pipeline-data/.env/lib/python3.9/site-packages/urllib3/connectionpool.py:981: InsecureRequestWarning: Unverified HTTPS request is being made to host 'api-football-v1.p.rapidapi.com'. Adding certificate verification is strongly advised. See: https://urllib3.readthedocs.io/en/latest/advanced-usage.html#ssl-warnings
  warnings.warn(
[2022-06-20 14:06:08,079] {taskinstance.py:1057} INFO - Marking task as SUCCESS.dag_id=football_dag, task_id=api_football, execution_date=20220425T000000, start_date=20220620T170606, end_date=20220620T170608
[2022-06-20 14:06:11,413] {local_task_job.py:102} INFO - Task exited with return code 0
[2022-06-20 16:31:18,653] {taskinstance.py:670} INFO - Dependencies all met for <TaskInstance: football_dag.api_football 2022-04-25T00:00:00+00:00 [queued]>
[2022-06-20 16:31:18,672] {taskinstance.py:670} INFO - Dependencies all met for <TaskInstance: football_dag.api_football 2022-04-25T00:00:00+00:00 [queued]>
[2022-06-20 16:31:18,673] {taskinstance.py:880} INFO - 
--------------------------------------------------------------------------------
[2022-06-20 16:31:18,673] {taskinstance.py:881} INFO - Starting attempt 1 of 1
[2022-06-20 16:31:18,673] {taskinstance.py:882} INFO - 
--------------------------------------------------------------------------------
[2022-06-20 16:31:18,905] {taskinstance.py:901} INFO - Executing <Task(ApiFootballOperator): api_football> on 2022-04-25T00:00:00+00:00
[2022-06-20 16:31:18,907] {standard_task_runner.py:54} INFO - Started process 8122 to run task
[2022-06-20 16:31:18,944] {standard_task_runner.py:77} INFO - Running: ['airflow', 'run', 'football_dag', 'api_football', '2022-04-25T00:00:00+00:00', '--job_id', '99', '--pool', 'default_pool', '--raw', '-sd', 'DAGS_FOLDER/football_dag.py', '--cfg_path', '/tmp/tmpfu6pvggr']
[2022-06-20 16:31:18,944] {standard_task_runner.py:78} INFO - Job 99: Subtask api_football
[2022-06-20 16:31:19,568] {logging_mixin.py:112} INFO - Running <TaskInstance: football_dag.api_football 2022-04-25T00:00:00+00:00 [running]> on host lucas-AB350M-DS3H-V2
[2022-06-20 16:31:19,579] {base_hook.py:89} INFO - Using connection to: id: api_football_default. Host: https://api-football-v1.p.rapidapi.com/v3, Port: None, Schema: None, Login: None, Password: None, extra: XXXXXXXX
[2022-06-20 16:31:19,580] {api_football_hook.py:34} INFO - URL: https://api-football-v1.p.rapidapi.com/v3/fixtures?season=2022&from=2022-04-24&to=2022-04-24&league=71&timezone=America%2FSao_Paulo
[2022-06-20 16:31:19,661] {logging_mixin.py:112} WARNING - /home/lucas/pipeline-data/.env/lib/python3.9/site-packages/urllib3/connectionpool.py:981: InsecureRequestWarning: Unverified HTTPS request is being made to host 'api-football-v1.p.rapidapi.com'. Adding certificate verification is strongly advised. See: https://urllib3.readthedocs.io/en/latest/advanced-usage.html#ssl-warnings
  warnings.warn(
[2022-06-20 16:31:20,539] {taskinstance.py:1057} INFO - Marking task as SUCCESS.dag_id=football_dag, task_id=api_football, execution_date=20220425T000000, start_date=20220620T193118, end_date=20220620T193120
[2022-06-20 16:31:23,370] {local_task_job.py:102} INFO - Task exited with return code 0
