[2022-06-20 13:57:51,528] {taskinstance.py:670} INFO - Dependencies all met for <TaskInstance: football_dag.odds_portal 2022-04-21T00:00:00+00:00 [queued]>
[2022-06-20 13:57:51,533] {taskinstance.py:670} INFO - Dependencies all met for <TaskInstance: football_dag.odds_portal 2022-04-21T00:00:00+00:00 [queued]>
[2022-06-20 13:57:51,533] {taskinstance.py:880} INFO - 
--------------------------------------------------------------------------------
[2022-06-20 13:57:51,533] {taskinstance.py:881} INFO - Starting attempt 1 of 1
[2022-06-20 13:57:51,533] {taskinstance.py:882} INFO - 
--------------------------------------------------------------------------------
[2022-06-20 13:57:51,742] {taskinstance.py:901} INFO - Executing <Task(OddsPortalOperator): odds_portal> on 2022-04-21T00:00:00+00:00
[2022-06-20 13:57:51,744] {standard_task_runner.py:54} INFO - Started process 11960 to run task
[2022-06-20 13:57:51,781] {standard_task_runner.py:77} INFO - Running: ['airflow', 'run', 'football_dag', 'odds_portal', '2022-04-21T00:00:00+00:00', '--job_id', '89', '--pool', 'default_pool', '--raw', '-sd', 'DAGS_FOLDER/football_dag.py', '--cfg_path', '/tmp/tmp62bmpfbi']
[2022-06-20 13:57:51,782] {standard_task_runner.py:78} INFO - Job 89: Subtask odds_portal
[2022-06-20 13:57:51,984] {logging_mixin.py:112} INFO - Running <TaskInstance: football_dag.odds_portal 2022-04-21T00:00:00+00:00 [running]> on host lucas-AB350M-DS3H-V2
[2022-06-20 13:57:51,992] {logging_mixin.py:112} INFO - 
[2022-06-20 13:57:51,992] {logger.py:16} INFO - ====== WebDriver manager ======
[2022-06-20 13:57:52,025] {logger.py:16} INFO - Current google-chrome version is 102.0.5005
[2022-06-20 13:57:52,025] {logger.py:16} INFO - Get LATEST chromedriver version for 102.0.5005 google-chrome
[2022-06-20 13:57:52,138] {logger.py:16} INFO - Driver [/home/lucas/.wdm/drivers/chromedriver/linux64/102.0.5005.61/chromedriver] found in cache
[2022-06-20 13:58:02,933] {taskinstance.py:1057} INFO - Marking task as SUCCESS.dag_id=football_dag, task_id=odds_portal, execution_date=20220421T000000, start_date=20220620T165751, end_date=20220620T165802
[2022-06-20 13:58:06,315] {local_task_job.py:102} INFO - Task exited with return code 0
[2022-06-20 15:44:09,331] {taskinstance.py:670} INFO - Dependencies all met for <TaskInstance: football_dag.odds_portal 2022-04-21T00:00:00+00:00 [queued]>
[2022-06-20 15:44:09,336] {taskinstance.py:670} INFO - Dependencies all met for <TaskInstance: football_dag.odds_portal 2022-04-21T00:00:00+00:00 [queued]>
[2022-06-20 15:44:09,336] {taskinstance.py:880} INFO - 
--------------------------------------------------------------------------------
[2022-06-20 15:44:09,336] {taskinstance.py:881} INFO - Starting attempt 1 of 1
[2022-06-20 15:44:09,336] {taskinstance.py:882} INFO - 
--------------------------------------------------------------------------------
[2022-06-20 15:44:09,520] {taskinstance.py:901} INFO - Executing <Task(OddsPortalOperator): odds_portal> on 2022-04-21T00:00:00+00:00
[2022-06-20 15:44:09,522] {standard_task_runner.py:54} INFO - Started process 34678 to run task
[2022-06-20 15:44:09,564] {standard_task_runner.py:77} INFO - Running: ['airflow', 'run', 'football_dag', 'odds_portal', '2022-04-21T00:00:00+00:00', '--job_id', '87', '--pool', 'default_pool', '--raw', '-sd', 'DAGS_FOLDER/football_dag.py', '--cfg_path', '/tmp/tmptdwsfmuw']
[2022-06-20 15:44:09,564] {standard_task_runner.py:78} INFO - Job 87: Subtask odds_portal
[2022-06-20 15:44:09,754] {logging_mixin.py:112} INFO - Running <TaskInstance: football_dag.odds_portal 2022-04-21T00:00:00+00:00 [running]> on host lucas-AB350M-DS3H-V2
[2022-06-20 15:44:09,763] {logging_mixin.py:112} INFO - 
[2022-06-20 15:44:09,763] {logger.py:16} INFO - ====== WebDriver manager ======
[2022-06-20 15:44:09,791] {logger.py:16} INFO - Current google-chrome version is 102.0.5005
[2022-06-20 15:44:09,791] {logger.py:16} INFO - Get LATEST chromedriver version for 102.0.5005 google-chrome
[2022-06-20 15:44:09,909] {logger.py:16} INFO - Driver [/home/lucas/.wdm/drivers/chromedriver/linux64/102.0.5005.61/chromedriver] found in cache
[2022-06-20 15:44:24,682] {taskinstance.py:1057} INFO - Marking task as SUCCESS.dag_id=football_dag, task_id=odds_portal, execution_date=20220421T000000, start_date=20220620T184409, end_date=20220620T184424
[2022-06-20 15:44:29,125] {local_task_job.py:102} INFO - Task exited with return code 0
