[2022-06-20 14:14:49,546] {taskinstance.py:670} INFO - Dependencies all met for <TaskInstance: football_dag.who_scored 2022-04-29T00:00:00+00:00 [queued]>
[2022-06-20 14:14:49,551] {taskinstance.py:670} INFO - Dependencies all met for <TaskInstance: football_dag.who_scored 2022-04-29T00:00:00+00:00 [queued]>
[2022-06-20 14:14:49,551] {taskinstance.py:880} INFO - 
--------------------------------------------------------------------------------
[2022-06-20 14:14:49,551] {taskinstance.py:881} INFO - Starting attempt 1 of 1
[2022-06-20 14:14:49,551] {taskinstance.py:882} INFO - 
--------------------------------------------------------------------------------
[2022-06-20 14:14:49,731] {taskinstance.py:901} INFO - Executing <Task(WhoScoredOperator): who_scored> on 2022-04-29T00:00:00+00:00
[2022-06-20 14:14:49,732] {standard_task_runner.py:54} INFO - Started process 17608 to run task
[2022-06-20 14:14:49,769] {standard_task_runner.py:77} INFO - Running: ['airflow', 'run', 'football_dag', 'who_scored', '2022-04-29T00:00:00+00:00', '--job_id', '114', '--pool', 'default_pool', '--raw', '-sd', 'DAGS_FOLDER/football_dag.py', '--cfg_path', '/tmp/tmphuodrcrl']
[2022-06-20 14:14:49,770] {standard_task_runner.py:78} INFO - Job 114: Subtask who_scored
[2022-06-20 14:14:50,085] {logging_mixin.py:112} INFO - Running <TaskInstance: football_dag.who_scored 2022-04-29T00:00:00+00:00 [running]> on host lucas-AB350M-DS3H-V2
[2022-06-20 14:14:50,094] {logging_mixin.py:112} INFO - 
[2022-06-20 14:14:50,094] {logger.py:16} INFO - ====== WebDriver manager ======
[2022-06-20 14:14:50,126] {logger.py:16} INFO - Current google-chrome version is 102.0.5005
[2022-06-20 14:14:50,126] {logger.py:16} INFO - Get LATEST chromedriver version for 102.0.5005 google-chrome
[2022-06-20 14:14:50,235] {logger.py:16} INFO - Driver [/home/lucas/.wdm/drivers/chromedriver/linux64/102.0.5005.61/chromedriver] found in cache
[2022-06-20 14:14:53,406] {taskinstance.py:1150} ERROR - Message: unknown error: cannot determine loading status
from disconnected: received Inspector.detached event
  (Session info: chrome=102.0.5005.115)
Stacktrace:
#0 0x56403e5bdf33 <unknown>
#1 0x56403e308118 <unknown>
#2 0x56403e2f3ff5 <unknown>
#3 0x56403e2f3a55 <unknown>
#4 0x56403e2f2f15 <unknown>
#5 0x56403e2f1c0f <unknown>
#6 0x56403e2f219c <unknown>
#7 0x56403e301ba5 <unknown>
#8 0x56403e2f37a6 <unknown>
#9 0x56403e2f46bb <unknown>
#10 0x56403e2f3a72 <unknown>
#11 0x56403e2f2f15 <unknown>
#12 0x56403e2f1c0f <unknown>
#13 0x56403e2f2042 <unknown>
#14 0x56403e309b92 <unknown>
#15 0x56403e36fa3f <unknown>
#16 0x56403e35bf72 <unknown>
#17 0x56403e36f2e4 <unknown>
#18 0x56403e35be63 <unknown>
#19 0x56403e33182a <unknown>
#20 0x56403e332985 <unknown>
#21 0x56403e6024cd <unknown>
#22 0x56403e6065ec <unknown>
#23 0x56403e5ec71e <unknown>
#24 0x56403e607238 <unknown>
#25 0x56403e5e1870 <unknown>
#26 0x56403e623608 <unknown>
#27 0x56403e623788 <unknown>
#28 0x56403e63df1d <unknown>
#29 0x7f236eeafb43 <unknown>
Traceback (most recent call last):
  File "/home/lucas/pipeline-data/.env/lib/python3.9/site-packages/airflow/models/taskinstance.py", line 984, in _run_raw_task
    result = task_copy.execute(context=context)
  File "/home/lucas/pipeline-data/airflow/plugins/operators/who_scored_operator.py", line 46, in execute
    games = hook.run()
  File "/home/lucas/pipeline-data/airflow/plugins/hooks/who_scored_hook.py", line 180, in run
    self.connect_to_website()
  File "/home/lucas/pipeline-data/airflow/plugins/hooks/who_scored_hook.py", line 37, in connect_to_website
    self.driver.get(url)
  File "/home/lucas/pipeline-data/.env/lib/python3.9/site-packages/selenium/webdriver/remote/webdriver.py", line 442, in get
    self.execute(Command.GET, {'url': url})
  File "/home/lucas/pipeline-data/.env/lib/python3.9/site-packages/selenium/webdriver/remote/webdriver.py", line 430, in execute
    self.error_handler.check_response(response)
  File "/home/lucas/pipeline-data/.env/lib/python3.9/site-packages/selenium/webdriver/remote/errorhandler.py", line 247, in check_response
    raise exception_class(message, screen, stacktrace)
selenium.common.exceptions.WebDriverException: Message: unknown error: cannot determine loading status
from disconnected: received Inspector.detached event
  (Session info: chrome=102.0.5005.115)
Stacktrace:
#0 0x56403e5bdf33 <unknown>
#1 0x56403e308118 <unknown>
#2 0x56403e2f3ff5 <unknown>
#3 0x56403e2f3a55 <unknown>
#4 0x56403e2f2f15 <unknown>
#5 0x56403e2f1c0f <unknown>
#6 0x56403e2f219c <unknown>
#7 0x56403e301ba5 <unknown>
#8 0x56403e2f37a6 <unknown>
#9 0x56403e2f46bb <unknown>
#10 0x56403e2f3a72 <unknown>
#11 0x56403e2f2f15 <unknown>
#12 0x56403e2f1c0f <unknown>
#13 0x56403e2f2042 <unknown>
#14 0x56403e309b92 <unknown>
#15 0x56403e36fa3f <unknown>
#16 0x56403e35bf72 <unknown>
#17 0x56403e36f2e4 <unknown>
#18 0x56403e35be63 <unknown>
#19 0x56403e33182a <unknown>
#20 0x56403e332985 <unknown>
#21 0x56403e6024cd <unknown>
#22 0x56403e6065ec <unknown>
#23 0x56403e5ec71e <unknown>
#24 0x56403e607238 <unknown>
#25 0x56403e5e1870 <unknown>
#26 0x56403e623608 <unknown>
#27 0x56403e623788 <unknown>
#28 0x56403e63df1d <unknown>
#29 0x7f236eeafb43 <unknown>

[2022-06-20 14:14:53,408] {taskinstance.py:1187} INFO - Marking task as FAILED. dag_id=football_dag, task_id=who_scored, execution_date=20220429T000000, start_date=20220620T171449, end_date=20220620T171453
[2022-06-20 14:14:54,086] {local_task_job.py:102} INFO - Task exited with return code 1
[2022-06-20 16:39:53,031] {taskinstance.py:670} INFO - Dependencies all met for <TaskInstance: football_dag.who_scored 2022-04-29T00:00:00+00:00 [queued]>
[2022-06-20 16:39:53,062] {taskinstance.py:670} INFO - Dependencies all met for <TaskInstance: football_dag.who_scored 2022-04-29T00:00:00+00:00 [queued]>
[2022-06-20 16:39:53,062] {taskinstance.py:880} INFO - 
--------------------------------------------------------------------------------
[2022-06-20 16:39:53,062] {taskinstance.py:881} INFO - Starting attempt 1 of 1
[2022-06-20 16:39:53,062] {taskinstance.py:882} INFO - 
--------------------------------------------------------------------------------
[2022-06-20 16:39:53,278] {taskinstance.py:901} INFO - Executing <Task(WhoScoredOperator): who_scored> on 2022-04-29T00:00:00+00:00
[2022-06-20 16:39:53,279] {standard_task_runner.py:54} INFO - Started process 10994 to run task
[2022-06-20 16:39:53,318] {standard_task_runner.py:77} INFO - Running: ['airflow', 'run', 'football_dag', 'who_scored', '2022-04-29T00:00:00+00:00', '--job_id', '113', '--pool', 'default_pool', '--raw', '-sd', 'DAGS_FOLDER/football_dag.py', '--cfg_path', '/tmp/tmpnbc0lo1t']
[2022-06-20 16:39:53,319] {standard_task_runner.py:78} INFO - Job 113: Subtask who_scored
[2022-06-20 16:39:53,582] {logging_mixin.py:112} INFO - Running <TaskInstance: football_dag.who_scored 2022-04-29T00:00:00+00:00 [running]> on host lucas-AB350M-DS3H-V2
[2022-06-20 16:39:53,590] {logging_mixin.py:112} INFO - 
[2022-06-20 16:39:53,590] {logger.py:16} INFO - ====== WebDriver manager ======
[2022-06-20 16:39:53,623] {logger.py:16} INFO - Current google-chrome version is 102.0.5005
[2022-06-20 16:39:53,623] {logger.py:16} INFO - Get LATEST chromedriver version for 102.0.5005 google-chrome
[2022-06-20 16:39:53,733] {logger.py:16} INFO - Driver [/home/lucas/.wdm/drivers/chromedriver/linux64/102.0.5005.61/chromedriver] found in cache
[2022-06-20 16:40:10,128] {taskinstance.py:1057} INFO - Marking task as SUCCESS.dag_id=football_dag, task_id=who_scored, execution_date=20220429T000000, start_date=20220620T193953, end_date=20220620T194010
[2022-06-20 16:40:12,895] {local_task_job.py:102} INFO - Task exited with return code 0
