[2022-06-18 10:59:45,906] {taskinstance.py:670} INFO - Dependencies all met for <TaskInstance: football_dag.odds_portal 2022-06-18T13:59:10.039004+00:00 [queued]>
[2022-06-18 10:59:45,911] {taskinstance.py:670} INFO - Dependencies all met for <TaskInstance: football_dag.odds_portal 2022-06-18T13:59:10.039004+00:00 [queued]>
[2022-06-18 10:59:45,911] {taskinstance.py:880} INFO - 
--------------------------------------------------------------------------------
[2022-06-18 10:59:45,911] {taskinstance.py:881} INFO - Starting attempt 1 of 1
[2022-06-18 10:59:45,911] {taskinstance.py:882} INFO - 
--------------------------------------------------------------------------------
[2022-06-18 10:59:46,064] {taskinstance.py:901} INFO - Executing <Task(OddsPortalOperator): odds_portal> on 2022-06-18T13:59:10.039004+00:00
[2022-06-18 10:59:46,065] {standard_task_runner.py:54} INFO - Started process 8202 to run task
[2022-06-18 10:59:46,102] {standard_task_runner.py:77} INFO - Running: ['airflow', 'run', 'football_dag', 'odds_portal', '2022-06-18T13:59:10.039004+00:00', '--job_id', '15', '--pool', 'default_pool', '--raw', '-sd', 'DAGS_FOLDER/football_dag.py', '--cfg_path', '/tmp/tmphcwpgsbq']
[2022-06-18 10:59:46,102] {standard_task_runner.py:78} INFO - Job 15: Subtask odds_portal
[2022-06-18 10:59:46,296] {logging_mixin.py:112} INFO - Running <TaskInstance: football_dag.odds_portal 2022-06-18T13:59:10.039004+00:00 [running]> on host lucas-AB350M-DS3H-V2
[2022-06-18 10:59:46,303] {logging_mixin.py:112} INFO - 
[2022-06-18 10:59:46,303] {logger.py:16} INFO - ====== WebDriver manager ======
[2022-06-18 10:59:46,328] {logger.py:16} INFO - Current google-chrome version is 102.0.5005
[2022-06-18 10:59:46,328] {logger.py:16} INFO - Get LATEST chromedriver version for 102.0.5005 google-chrome
[2022-06-18 10:59:46,815] {logger.py:16} INFO - About to download new driver from https://chromedriver.storage.googleapis.com/102.0.5005.61/chromedriver_linux64.zip
[2022-06-18 10:59:47,409] {logger.py:16} INFO - Driver has been saved in cache [/home/lucas/.wdm/drivers/chromedriver/linux64/102.0.5005.61]
[2022-06-18 11:00:09,649] {taskinstance.py:1057} INFO - Marking task as SUCCESS.dag_id=football_dag, task_id=odds_portal, execution_date=20220618T135910, start_date=20220618T135945, end_date=20220618T140009
[2022-06-18 11:00:10,777] {local_task_job.py:102} INFO - Task exited with return code 0
