[2022-06-20 13:45:23,428] {taskinstance.py:670} INFO - Dependencies all met for <TaskInstance: football_dag.who_scored 2022-04-15T00:00:00+00:00 [queued]>
[2022-06-20 13:45:23,433] {taskinstance.py:670} INFO - Dependencies all met for <TaskInstance: football_dag.who_scored 2022-04-15T00:00:00+00:00 [queued]>
[2022-06-20 13:45:23,433] {taskinstance.py:880} INFO - 
--------------------------------------------------------------------------------
[2022-06-20 13:45:23,433] {taskinstance.py:881} INFO - Starting attempt 1 of 1
[2022-06-20 13:45:23,433] {taskinstance.py:882} INFO - 
--------------------------------------------------------------------------------
[2022-06-20 13:45:23,609] {taskinstance.py:901} INFO - Executing <Task(WhoScoredOperator): who_scored> on 2022-04-15T00:00:00+00:00
[2022-06-20 13:45:23,611] {standard_task_runner.py:54} INFO - Started process 8509 to run task
[2022-06-20 13:45:23,648] {standard_task_runner.py:77} INFO - Running: ['airflow', 'run', 'football_dag', 'who_scored', '2022-04-15T00:00:00+00:00', '--job_id', '72', '--pool', 'default_pool', '--raw', '-sd', 'DAGS_FOLDER/football_dag.py', '--cfg_path', '/tmp/tmp5x3og_nb']
[2022-06-20 13:45:23,648] {standard_task_runner.py:78} INFO - Job 72: Subtask who_scored
[2022-06-20 13:45:23,785] {logging_mixin.py:112} INFO - Running <TaskInstance: football_dag.who_scored 2022-04-15T00:00:00+00:00 [running]> on host lucas-AB350M-DS3H-V2
[2022-06-20 13:45:23,793] {logging_mixin.py:112} INFO - 
[2022-06-20 13:45:23,793] {logger.py:16} INFO - ====== WebDriver manager ======
[2022-06-20 13:45:23,825] {logger.py:16} INFO - Current google-chrome version is 102.0.5005
[2022-06-20 13:45:23,825] {logger.py:16} INFO - Get LATEST chromedriver version for 102.0.5005 google-chrome
[2022-06-20 13:45:23,931] {logger.py:16} INFO - Driver [/home/lucas/.wdm/drivers/chromedriver/linux64/102.0.5005.61/chromedriver] found in cache
[2022-06-20 13:45:39,355] {taskinstance.py:1057} INFO - Marking task as SUCCESS.dag_id=football_dag, task_id=who_scored, execution_date=20220415T000000, start_date=20220620T164523, end_date=20220620T164539
[2022-06-20 13:45:43,268] {local_task_job.py:102} INFO - Task exited with return code 0
[2022-06-20 15:30:00,070] {taskinstance.py:670} INFO - Dependencies all met for <TaskInstance: football_dag.who_scored 2022-04-15T00:00:00+00:00 [queued]>
[2022-06-20 15:30:00,075] {taskinstance.py:670} INFO - Dependencies all met for <TaskInstance: football_dag.who_scored 2022-04-15T00:00:00+00:00 [queued]>
[2022-06-20 15:30:00,075] {taskinstance.py:880} INFO - 
--------------------------------------------------------------------------------
[2022-06-20 15:30:00,075] {taskinstance.py:881} INFO - Starting attempt 1 of 1
[2022-06-20 15:30:00,075] {taskinstance.py:882} INFO - 
--------------------------------------------------------------------------------
[2022-06-20 15:30:00,235] {taskinstance.py:901} INFO - Executing <Task(WhoScoredOperator): who_scored> on 2022-04-15T00:00:00+00:00
[2022-06-20 15:30:00,237] {standard_task_runner.py:54} INFO - Started process 30439 to run task
[2022-06-20 15:30:00,274] {standard_task_runner.py:77} INFO - Running: ['airflow', 'run', 'football_dag', 'who_scored', '2022-04-15T00:00:00+00:00', '--job_id', '70', '--pool', 'default_pool', '--raw', '-sd', 'DAGS_FOLDER/football_dag.py', '--cfg_path', '/tmp/tmpeq3pp4p4']
[2022-06-20 15:30:00,274] {standard_task_runner.py:78} INFO - Job 70: Subtask who_scored
[2022-06-20 15:30:00,410] {logging_mixin.py:112} INFO - Running <TaskInstance: football_dag.who_scored 2022-04-15T00:00:00+00:00 [running]> on host lucas-AB350M-DS3H-V2
[2022-06-20 15:30:00,419] {logging_mixin.py:112} INFO - 
[2022-06-20 15:30:00,419] {logger.py:16} INFO - ====== WebDriver manager ======
[2022-06-20 15:30:00,452] {logger.py:16} INFO - Current google-chrome version is 102.0.5005
[2022-06-20 15:30:00,452] {logger.py:16} INFO - Get LATEST chromedriver version for 102.0.5005 google-chrome
[2022-06-20 15:30:00,561] {logger.py:16} INFO - Driver [/home/lucas/.wdm/drivers/chromedriver/linux64/102.0.5005.61/chromedriver] found in cache
[2022-06-20 15:30:18,414] {taskinstance.py:1057} INFO - Marking task as SUCCESS.dag_id=football_dag, task_id=who_scored, execution_date=20220415T000000, start_date=20220620T183000, end_date=20220620T183018
[2022-06-20 15:30:19,884] {local_task_job.py:102} INFO - Task exited with return code 0
