[2022-06-20 14:01:24,068] {taskinstance.py:670} INFO - Dependencies all met for <TaskInstance: football_dag.odds_portal 2022-04-23T00:00:00+00:00 [queued]>
[2022-06-20 14:01:24,072] {taskinstance.py:670} INFO - Dependencies all met for <TaskInstance: football_dag.odds_portal 2022-04-23T00:00:00+00:00 [queued]>
[2022-06-20 14:01:24,073] {taskinstance.py:880} INFO - 
--------------------------------------------------------------------------------
[2022-06-20 14:01:24,073] {taskinstance.py:881} INFO - Starting attempt 1 of 1
[2022-06-20 14:01:24,073] {taskinstance.py:882} INFO - 
--------------------------------------------------------------------------------
[2022-06-20 14:01:24,322] {taskinstance.py:901} INFO - Executing <Task(OddsPortalOperator): odds_portal> on 2022-04-23T00:00:00+00:00
[2022-06-20 14:01:24,323] {standard_task_runner.py:54} INFO - Started process 13117 to run task
[2022-06-20 14:01:24,361] {standard_task_runner.py:77} INFO - Running: ['airflow', 'run', 'football_dag', 'odds_portal', '2022-04-23T00:00:00+00:00', '--job_id', '95', '--pool', 'default_pool', '--raw', '-sd', 'DAGS_FOLDER/football_dag.py', '--cfg_path', '/tmp/tmp83h4oxj1']
[2022-06-20 14:01:24,361] {standard_task_runner.py:78} INFO - Job 95: Subtask odds_portal
[2022-06-20 14:01:24,642] {logging_mixin.py:112} INFO - Running <TaskInstance: football_dag.odds_portal 2022-04-23T00:00:00+00:00 [running]> on host lucas-AB350M-DS3H-V2
[2022-06-20 14:01:24,650] {logging_mixin.py:112} INFO - 
[2022-06-20 14:01:24,650] {logger.py:16} INFO - ====== WebDriver manager ======
[2022-06-20 14:01:24,680] {logger.py:16} INFO - Current google-chrome version is 102.0.5005
[2022-06-20 14:01:24,680] {logger.py:16} INFO - Get LATEST chromedriver version for 102.0.5005 google-chrome
[2022-06-20 14:01:24,796] {logger.py:16} INFO - Driver [/home/lucas/.wdm/drivers/chromedriver/linux64/102.0.5005.61/chromedriver] found in cache
[2022-06-20 14:01:45,490] {taskinstance.py:1057} INFO - Marking task as SUCCESS.dag_id=football_dag, task_id=odds_portal, execution_date=20220423T000000, start_date=20220620T170124, end_date=20220620T170145
[2022-06-20 14:01:48,633] {local_task_job.py:102} INFO - Task exited with return code 0
[2022-06-20 15:48:07,210] {taskinstance.py:670} INFO - Dependencies all met for <TaskInstance: football_dag.odds_portal 2022-04-23T00:00:00+00:00 [queued]>
[2022-06-20 15:48:07,215] {taskinstance.py:670} INFO - Dependencies all met for <TaskInstance: football_dag.odds_portal 2022-04-23T00:00:00+00:00 [queued]>
[2022-06-20 15:48:07,218] {taskinstance.py:880} INFO - 
--------------------------------------------------------------------------------
[2022-06-20 15:48:07,218] {taskinstance.py:881} INFO - Starting attempt 1 of 1
[2022-06-20 15:48:07,218] {taskinstance.py:882} INFO - 
--------------------------------------------------------------------------------
[2022-06-20 15:48:07,658] {taskinstance.py:901} INFO - Executing <Task(OddsPortalOperator): odds_portal> on 2022-04-23T00:00:00+00:00
[2022-06-20 15:48:07,660] {standard_task_runner.py:54} INFO - Started process 36120 to run task
[2022-06-20 15:48:07,697] {standard_task_runner.py:77} INFO - Running: ['airflow', 'run', 'football_dag', 'odds_portal', '2022-04-23T00:00:00+00:00', '--job_id', '93', '--pool', 'default_pool', '--raw', '-sd', 'DAGS_FOLDER/football_dag.py', '--cfg_path', '/tmp/tmpw2s44a5o']
[2022-06-20 15:48:07,698] {standard_task_runner.py:78} INFO - Job 93: Subtask odds_portal
[2022-06-20 15:48:08,084] {logging_mixin.py:112} INFO - Running <TaskInstance: football_dag.odds_portal 2022-04-23T00:00:00+00:00 [running]> on host lucas-AB350M-DS3H-V2
[2022-06-20 15:48:08,093] {logging_mixin.py:112} INFO - 
[2022-06-20 15:48:08,093] {logger.py:16} INFO - ====== WebDriver manager ======
[2022-06-20 15:48:08,127] {logger.py:16} INFO - Current google-chrome version is 102.0.5005
[2022-06-20 15:48:08,127] {logger.py:16} INFO - Get LATEST chromedriver version for 102.0.5005 google-chrome
[2022-06-20 15:48:08,241] {logger.py:16} INFO - Driver [/home/lucas/.wdm/drivers/chromedriver/linux64/102.0.5005.61/chromedriver] found in cache
[2022-06-20 15:48:30,098] {taskinstance.py:1057} INFO - Marking task as SUCCESS.dag_id=football_dag, task_id=odds_portal, execution_date=20220423T000000, start_date=20220620T184807, end_date=20220620T184830
[2022-06-20 15:48:31,869] {local_task_job.py:102} INFO - Task exited with return code 0
