[2022-06-20 14:06:12,980] {taskinstance.py:670} INFO - Dependencies all met for <TaskInstance: football_dag.odds_portal 2022-04-25T00:00:00+00:00 [queued]>
[2022-06-20 14:06:12,985] {taskinstance.py:670} INFO - Dependencies all met for <TaskInstance: football_dag.odds_portal 2022-04-25T00:00:00+00:00 [queued]>
[2022-06-20 14:06:12,985] {taskinstance.py:880} INFO - 
--------------------------------------------------------------------------------
[2022-06-20 14:06:12,985] {taskinstance.py:881} INFO - Starting attempt 1 of 1
[2022-06-20 14:06:12,985] {taskinstance.py:882} INFO - 
--------------------------------------------------------------------------------
[2022-06-20 14:06:13,294] {taskinstance.py:901} INFO - Executing <Task(OddsPortalOperator): odds_portal> on 2022-04-25T00:00:00+00:00
[2022-06-20 14:06:13,296] {standard_task_runner.py:54} INFO - Started process 14469 to run task
[2022-06-20 14:06:13,333] {standard_task_runner.py:77} INFO - Running: ['airflow', 'run', 'football_dag', 'odds_portal', '2022-04-25T00:00:00+00:00', '--job_id', '101', '--pool', 'default_pool', '--raw', '-sd', 'DAGS_FOLDER/football_dag.py', '--cfg_path', '/tmp/tmphq71umak']
[2022-06-20 14:06:13,333] {standard_task_runner.py:78} INFO - Job 101: Subtask odds_portal
[2022-06-20 14:06:13,478] {logging_mixin.py:112} INFO - Running <TaskInstance: football_dag.odds_portal 2022-04-25T00:00:00+00:00 [running]> on host lucas-AB350M-DS3H-V2
[2022-06-20 14:06:13,486] {logging_mixin.py:112} INFO - 
[2022-06-20 14:06:13,486] {logger.py:16} INFO - ====== WebDriver manager ======
[2022-06-20 14:06:13,518] {logger.py:16} INFO - Current google-chrome version is 102.0.5005
[2022-06-20 14:06:13,519] {logger.py:16} INFO - Get LATEST chromedriver version for 102.0.5005 google-chrome
[2022-06-20 14:06:13,642] {logger.py:16} INFO - Driver [/home/lucas/.wdm/drivers/chromedriver/linux64/102.0.5005.61/chromedriver] found in cache
[2022-06-20 14:06:27,924] {taskinstance.py:1057} INFO - Marking task as SUCCESS.dag_id=football_dag, task_id=odds_portal, execution_date=20220425T000000, start_date=20220620T170612, end_date=20220620T170627
[2022-06-20 14:06:32,645] {local_task_job.py:102} INFO - Task exited with return code 0
[2022-06-20 16:31:24,765] {taskinstance.py:670} INFO - Dependencies all met for <TaskInstance: football_dag.odds_portal 2022-04-25T00:00:00+00:00 [queued]>
[2022-06-20 16:31:24,791] {taskinstance.py:670} INFO - Dependencies all met for <TaskInstance: football_dag.odds_portal 2022-04-25T00:00:00+00:00 [queued]>
[2022-06-20 16:31:24,791] {taskinstance.py:880} INFO - 
--------------------------------------------------------------------------------
[2022-06-20 16:31:24,791] {taskinstance.py:881} INFO - Starting attempt 1 of 1
[2022-06-20 16:31:24,791] {taskinstance.py:882} INFO - 
--------------------------------------------------------------------------------
[2022-06-20 16:31:24,962] {taskinstance.py:901} INFO - Executing <Task(OddsPortalOperator): odds_portal> on 2022-04-25T00:00:00+00:00
[2022-06-20 16:31:24,964] {standard_task_runner.py:54} INFO - Started process 8160 to run task
[2022-06-20 16:31:25,001] {standard_task_runner.py:77} INFO - Running: ['airflow', 'run', 'football_dag', 'odds_portal', '2022-04-25T00:00:00+00:00', '--job_id', '100', '--pool', 'default_pool', '--raw', '-sd', 'DAGS_FOLDER/football_dag.py', '--cfg_path', '/tmp/tmpspyxvs3l']
[2022-06-20 16:31:25,001] {standard_task_runner.py:78} INFO - Job 100: Subtask odds_portal
[2022-06-20 16:31:25,142] {logging_mixin.py:112} INFO - Running <TaskInstance: football_dag.odds_portal 2022-04-25T00:00:00+00:00 [running]> on host lucas-AB350M-DS3H-V2
[2022-06-20 16:31:25,150] {logging_mixin.py:112} INFO - 
[2022-06-20 16:31:25,150] {logger.py:16} INFO - ====== WebDriver manager ======
[2022-06-20 16:31:25,182] {logger.py:16} INFO - Current google-chrome version is 102.0.5005
[2022-06-20 16:31:25,182] {logger.py:16} INFO - Get LATEST chromedriver version for 102.0.5005 google-chrome
[2022-06-20 16:31:25,295] {logger.py:16} INFO - Driver [/home/lucas/.wdm/drivers/chromedriver/linux64/102.0.5005.61/chromedriver] found in cache
[2022-06-20 16:31:39,041] {taskinstance.py:1057} INFO - Marking task as SUCCESS.dag_id=football_dag, task_id=odds_portal, execution_date=20220425T000000, start_date=20220620T193124, end_date=20220620T193139
[2022-06-20 16:31:39,616] {local_task_job.py:102} INFO - Task exited with return code 0
