[2022-06-20 14:01:51,487] {taskinstance.py:670} INFO - Dependencies all met for <TaskInstance: football_dag.who_scored 2022-04-23T00:00:00+00:00 [queued]>
[2022-06-20 14:01:51,492] {taskinstance.py:670} INFO - Dependencies all met for <TaskInstance: football_dag.who_scored 2022-04-23T00:00:00+00:00 [queued]>
[2022-06-20 14:01:51,492] {taskinstance.py:880} INFO - 
--------------------------------------------------------------------------------
[2022-06-20 14:01:51,492] {taskinstance.py:881} INFO - Starting attempt 1 of 1
[2022-06-20 14:01:51,492] {taskinstance.py:882} INFO - 
--------------------------------------------------------------------------------
[2022-06-20 14:01:52,130] {taskinstance.py:901} INFO - Executing <Task(WhoScoredOperator): who_scored> on 2022-04-23T00:00:00+00:00
[2022-06-20 14:01:52,132] {standard_task_runner.py:54} INFO - Started process 13384 to run task
[2022-06-20 14:01:52,179] {standard_task_runner.py:77} INFO - Running: ['airflow', 'run', 'football_dag', 'who_scored', '2022-04-23T00:00:00+00:00', '--job_id', '96', '--pool', 'default_pool', '--raw', '-sd', 'DAGS_FOLDER/football_dag.py', '--cfg_path', '/tmp/tmpo9omvvbf']
[2022-06-20 14:01:52,180] {standard_task_runner.py:78} INFO - Job 96: Subtask who_scored
[2022-06-20 14:01:52,788] {logging_mixin.py:112} INFO - Running <TaskInstance: football_dag.who_scored 2022-04-23T00:00:00+00:00 [running]> on host lucas-AB350M-DS3H-V2
[2022-06-20 14:01:52,796] {logging_mixin.py:112} INFO - 
[2022-06-20 14:01:52,796] {logger.py:16} INFO - ====== WebDriver manager ======
[2022-06-20 14:01:52,829] {logger.py:16} INFO - Current google-chrome version is 102.0.5005
[2022-06-20 14:01:52,829] {logger.py:16} INFO - Get LATEST chromedriver version for 102.0.5005 google-chrome
[2022-06-20 14:01:52,943] {logger.py:16} INFO - Driver [/home/lucas/.wdm/drivers/chromedriver/linux64/102.0.5005.61/chromedriver] found in cache
[2022-06-20 14:02:12,397] {taskinstance.py:1057} INFO - Marking task as SUCCESS.dag_id=football_dag, task_id=who_scored, execution_date=20220423T000000, start_date=20220620T170151, end_date=20220620T170212
[2022-06-20 14:02:15,642] {local_task_job.py:102} INFO - Task exited with return code 0
[2022-06-20 15:48:33,258] {taskinstance.py:670} INFO - Dependencies all met for <TaskInstance: football_dag.who_scored 2022-04-23T00:00:00+00:00 [queued]>
[2022-06-20 15:48:33,263] {taskinstance.py:670} INFO - Dependencies all met for <TaskInstance: football_dag.who_scored 2022-04-23T00:00:00+00:00 [queued]>
[2022-06-20 15:48:33,263] {taskinstance.py:880} INFO - 
--------------------------------------------------------------------------------
[2022-06-20 15:48:33,263] {taskinstance.py:881} INFO - Starting attempt 1 of 1
[2022-06-20 15:48:33,263] {taskinstance.py:882} INFO - 
--------------------------------------------------------------------------------
[2022-06-20 15:48:33,461] {taskinstance.py:901} INFO - Executing <Task(WhoScoredOperator): who_scored> on 2022-04-23T00:00:00+00:00
[2022-06-20 15:48:33,463] {standard_task_runner.py:54} INFO - Started process 36410 to run task
[2022-06-20 15:48:33,502] {standard_task_runner.py:77} INFO - Running: ['airflow', 'run', 'football_dag', 'who_scored', '2022-04-23T00:00:00+00:00', '--job_id', '94', '--pool', 'default_pool', '--raw', '-sd', 'DAGS_FOLDER/football_dag.py', '--cfg_path', '/tmp/tmpefq0o96e']
[2022-06-20 15:48:33,502] {standard_task_runner.py:78} INFO - Job 94: Subtask who_scored
[2022-06-20 15:48:33,654] {logging_mixin.py:112} INFO - Running <TaskInstance: football_dag.who_scored 2022-04-23T00:00:00+00:00 [running]> on host lucas-AB350M-DS3H-V2
[2022-06-20 15:48:33,665] {logging_mixin.py:112} INFO - 
[2022-06-20 15:48:33,665] {logger.py:16} INFO - ====== WebDriver manager ======
[2022-06-20 15:48:33,700] {logger.py:16} INFO - Current google-chrome version is 102.0.5005
[2022-06-20 15:48:33,701] {logger.py:16} INFO - Get LATEST chromedriver version for 102.0.5005 google-chrome
[2022-06-20 15:48:33,808] {logger.py:16} INFO - Driver [/home/lucas/.wdm/drivers/chromedriver/linux64/102.0.5005.61/chromedriver] found in cache
[2022-06-20 15:48:49,535] {taskinstance.py:1057} INFO - Marking task as SUCCESS.dag_id=football_dag, task_id=who_scored, execution_date=20220423T000000, start_date=20220620T184833, end_date=20220620T184849
[2022-06-20 15:48:53,105] {local_task_job.py:102} INFO - Task exited with return code 0
