[2022-06-20 13:54:23,190] {taskinstance.py:670} INFO - Dependencies all met for <TaskInstance: football_dag.odds_portal 2022-04-19T00:00:00+00:00 [queued]>
[2022-06-20 13:54:23,195] {taskinstance.py:670} INFO - Dependencies all met for <TaskInstance: football_dag.odds_portal 2022-04-19T00:00:00+00:00 [queued]>
[2022-06-20 13:54:23,195] {taskinstance.py:880} INFO - 
--------------------------------------------------------------------------------
[2022-06-20 13:54:23,195] {taskinstance.py:881} INFO - Starting attempt 1 of 1
[2022-06-20 13:54:23,195] {taskinstance.py:882} INFO - 
--------------------------------------------------------------------------------
[2022-06-20 13:54:23,360] {taskinstance.py:901} INFO - Executing <Task(OddsPortalOperator): odds_portal> on 2022-04-19T00:00:00+00:00
[2022-06-20 13:54:23,362] {standard_task_runner.py:54} INFO - Started process 10814 to run task
[2022-06-20 13:54:23,398] {standard_task_runner.py:77} INFO - Running: ['airflow', 'run', 'football_dag', 'odds_portal', '2022-04-19T00:00:00+00:00', '--job_id', '83', '--pool', 'default_pool', '--raw', '-sd', 'DAGS_FOLDER/football_dag.py', '--cfg_path', '/tmp/tmpwf61vjj0']
[2022-06-20 13:54:23,398] {standard_task_runner.py:78} INFO - Job 83: Subtask odds_portal
[2022-06-20 13:54:23,570] {logging_mixin.py:112} INFO - Running <TaskInstance: football_dag.odds_portal 2022-04-19T00:00:00+00:00 [running]> on host lucas-AB350M-DS3H-V2
[2022-06-20 13:54:23,578] {logging_mixin.py:112} INFO - 
[2022-06-20 13:54:23,578] {logger.py:16} INFO - ====== WebDriver manager ======
[2022-06-20 13:54:23,613] {logger.py:16} INFO - Current google-chrome version is 102.0.5005
[2022-06-20 13:54:23,613] {logger.py:16} INFO - Get LATEST chromedriver version for 102.0.5005 google-chrome
[2022-06-20 13:54:23,782] {logger.py:16} INFO - Driver [/home/lucas/.wdm/drivers/chromedriver/linux64/102.0.5005.61/chromedriver] found in cache
[2022-06-20 13:54:42,334] {taskinstance.py:1057} INFO - Marking task as SUCCESS.dag_id=football_dag, task_id=odds_portal, execution_date=20220419T000000, start_date=20220620T165423, end_date=20220620T165442
[2022-06-20 13:54:43,060] {local_task_job.py:102} INFO - Task exited with return code 0
[2022-06-20 15:40:34,414] {taskinstance.py:670} INFO - Dependencies all met for <TaskInstance: football_dag.odds_portal 2022-04-19T00:00:00+00:00 [queued]>
[2022-06-20 15:40:34,420] {taskinstance.py:670} INFO - Dependencies all met for <TaskInstance: football_dag.odds_portal 2022-04-19T00:00:00+00:00 [queued]>
[2022-06-20 15:40:34,420] {taskinstance.py:880} INFO - 
--------------------------------------------------------------------------------
[2022-06-20 15:40:34,420] {taskinstance.py:881} INFO - Starting attempt 1 of 1
[2022-06-20 15:40:34,420] {taskinstance.py:882} INFO - 
--------------------------------------------------------------------------------
[2022-06-20 15:40:34,743] {taskinstance.py:901} INFO - Executing <Task(OddsPortalOperator): odds_portal> on 2022-04-19T00:00:00+00:00
[2022-06-20 15:40:34,744] {standard_task_runner.py:54} INFO - Started process 33319 to run task
[2022-06-20 15:40:34,783] {standard_task_runner.py:77} INFO - Running: ['airflow', 'run', 'football_dag', 'odds_portal', '2022-04-19T00:00:00+00:00', '--job_id', '81', '--pool', 'default_pool', '--raw', '-sd', 'DAGS_FOLDER/football_dag.py', '--cfg_path', '/tmp/tmpsh5h0yoj']
[2022-06-20 15:40:34,783] {standard_task_runner.py:78} INFO - Job 81: Subtask odds_portal
[2022-06-20 15:40:35,016] {logging_mixin.py:112} INFO - Running <TaskInstance: football_dag.odds_portal 2022-04-19T00:00:00+00:00 [running]> on host lucas-AB350M-DS3H-V2
[2022-06-20 15:40:35,024] {logging_mixin.py:112} INFO - 
[2022-06-20 15:40:35,024] {logger.py:16} INFO - ====== WebDriver manager ======
[2022-06-20 15:40:35,054] {logger.py:16} INFO - Current google-chrome version is 102.0.5005
[2022-06-20 15:40:35,054] {logger.py:16} INFO - Get LATEST chromedriver version for 102.0.5005 google-chrome
[2022-06-20 15:40:35,226] {logger.py:16} INFO - Driver [/home/lucas/.wdm/drivers/chromedriver/linux64/102.0.5005.61/chromedriver] found in cache
[2022-06-20 15:40:56,925] {taskinstance.py:1057} INFO - Marking task as SUCCESS.dag_id=football_dag, task_id=odds_portal, execution_date=20220419T000000, start_date=20220620T184034, end_date=20220620T184056
[2022-06-20 15:40:59,170] {local_task_job.py:102} INFO - Task exited with return code 0
