[2022-06-20 13:51:14,255] {taskinstance.py:670} INFO - Dependencies all met for <TaskInstance: football_dag.who_scored 2022-04-18T00:00:00+00:00 [queued]>
[2022-06-20 13:51:14,259] {taskinstance.py:670} INFO - Dependencies all met for <TaskInstance: football_dag.who_scored 2022-04-18T00:00:00+00:00 [queued]>
[2022-06-20 13:51:14,260] {taskinstance.py:880} INFO - 
--------------------------------------------------------------------------------
[2022-06-20 13:51:14,260] {taskinstance.py:881} INFO - Starting attempt 1 of 1
[2022-06-20 13:51:14,260] {taskinstance.py:882} INFO - 
--------------------------------------------------------------------------------
[2022-06-20 13:51:14,436] {taskinstance.py:901} INFO - Executing <Task(WhoScoredOperator): who_scored> on 2022-04-18T00:00:00+00:00
[2022-06-20 13:51:14,438] {standard_task_runner.py:54} INFO - Started process 10287 to run task
[2022-06-20 13:51:14,474] {standard_task_runner.py:77} INFO - Running: ['airflow', 'run', 'football_dag', 'who_scored', '2022-04-18T00:00:00+00:00', '--job_id', '81', '--pool', 'default_pool', '--raw', '-sd', 'DAGS_FOLDER/football_dag.py', '--cfg_path', '/tmp/tmply2gkpe4']
[2022-06-20 13:51:14,475] {standard_task_runner.py:78} INFO - Job 81: Subtask who_scored
[2022-06-20 13:51:14,706] {logging_mixin.py:112} INFO - Running <TaskInstance: football_dag.who_scored 2022-04-18T00:00:00+00:00 [running]> on host lucas-AB350M-DS3H-V2
[2022-06-20 13:51:14,714] {logging_mixin.py:112} INFO - 
[2022-06-20 13:51:14,714] {logger.py:16} INFO - ====== WebDriver manager ======
[2022-06-20 13:51:14,746] {logger.py:16} INFO - Current google-chrome version is 102.0.5005
[2022-06-20 13:51:14,746] {logger.py:16} INFO - Get LATEST chromedriver version for 102.0.5005 google-chrome
[2022-06-20 13:51:14,855] {logger.py:16} INFO - Driver [/home/lucas/.wdm/drivers/chromedriver/linux64/102.0.5005.61/chromedriver] found in cache
[2022-06-20 13:53:21,172] {taskinstance.py:1057} INFO - Marking task as SUCCESS.dag_id=football_dag, task_id=who_scored, execution_date=20220418T000000, start_date=20220620T165114, end_date=20220620T165321
[2022-06-20 13:53:24,216] {local_task_job.py:102} INFO - Task exited with return code 0
[2022-06-20 15:35:48,067] {taskinstance.py:670} INFO - Dependencies all met for <TaskInstance: football_dag.who_scored 2022-04-18T00:00:00+00:00 [queued]>
[2022-06-20 15:35:48,072] {taskinstance.py:670} INFO - Dependencies all met for <TaskInstance: football_dag.who_scored 2022-04-18T00:00:00+00:00 [queued]>
[2022-06-20 15:35:48,072] {taskinstance.py:880} INFO - 
--------------------------------------------------------------------------------
[2022-06-20 15:35:48,072] {taskinstance.py:881} INFO - Starting attempt 1 of 1
[2022-06-20 15:35:48,072] {taskinstance.py:882} INFO - 
--------------------------------------------------------------------------------
[2022-06-20 15:35:48,273] {taskinstance.py:901} INFO - Executing <Task(WhoScoredOperator): who_scored> on 2022-04-18T00:00:00+00:00
[2022-06-20 15:35:48,274] {standard_task_runner.py:54} INFO - Started process 32374 to run task
[2022-06-20 15:35:48,313] {standard_task_runner.py:77} INFO - Running: ['airflow', 'run', 'football_dag', 'who_scored', '2022-04-18T00:00:00+00:00', '--job_id', '79', '--pool', 'default_pool', '--raw', '-sd', 'DAGS_FOLDER/football_dag.py', '--cfg_path', '/tmp/tmpc5tcips6']
[2022-06-20 15:35:48,313] {standard_task_runner.py:78} INFO - Job 79: Subtask who_scored
[2022-06-20 15:35:48,457] {logging_mixin.py:112} INFO - Running <TaskInstance: football_dag.who_scored 2022-04-18T00:00:00+00:00 [running]> on host lucas-AB350M-DS3H-V2
[2022-06-20 15:35:48,466] {logging_mixin.py:112} INFO - 
[2022-06-20 15:35:48,466] {logger.py:16} INFO - ====== WebDriver manager ======
[2022-06-20 15:35:48,504] {logger.py:16} INFO - Current google-chrome version is 102.0.5005
[2022-06-20 15:35:48,504] {logger.py:16} INFO - Get LATEST chromedriver version for 102.0.5005 google-chrome
[2022-06-20 15:35:48,615] {logger.py:16} INFO - Driver [/home/lucas/.wdm/drivers/chromedriver/linux64/102.0.5005.61/chromedriver] found in cache
[2022-06-20 15:39:29,381] {taskinstance.py:1057} INFO - Marking task as SUCCESS.dag_id=football_dag, task_id=who_scored, execution_date=20220418T000000, start_date=20220620T183548, end_date=20220620T183929
[2022-06-20 15:39:33,145] {local_task_job.py:102} INFO - Task exited with return code 0
