[2022-06-20 13:46:36,426] {taskinstance.py:670} INFO - Dependencies all met for <TaskInstance: football_dag.api_football 2022-04-16T00:00:00+00:00 [queued]>
[2022-06-20 13:46:36,431] {taskinstance.py:670} INFO - Dependencies all met for <TaskInstance: football_dag.api_football 2022-04-16T00:00:00+00:00 [queued]>
[2022-06-20 13:46:36,431] {taskinstance.py:880} INFO - 
--------------------------------------------------------------------------------
[2022-06-20 13:46:36,431] {taskinstance.py:881} INFO - Starting attempt 1 of 1
[2022-06-20 13:46:36,431] {taskinstance.py:882} INFO - 
--------------------------------------------------------------------------------
[2022-06-20 13:46:36,617] {taskinstance.py:901} INFO - Executing <Task(ApiFootballOperator): api_football> on 2022-04-16T00:00:00+00:00
[2022-06-20 13:46:36,619] {standard_task_runner.py:54} INFO - Started process 8776 to run task
[2022-06-20 13:46:36,657] {standard_task_runner.py:77} INFO - Running: ['airflow', 'run', 'football_dag', 'api_football', '2022-04-16T00:00:00+00:00', '--job_id', '73', '--pool', 'default_pool', '--raw', '-sd', 'DAGS_FOLDER/football_dag.py', '--cfg_path', '/tmp/tmpj6sepbne']
[2022-06-20 13:46:36,657] {standard_task_runner.py:78} INFO - Job 73: Subtask api_football
[2022-06-20 13:46:36,845] {logging_mixin.py:112} INFO - Running <TaskInstance: football_dag.api_football 2022-04-16T00:00:00+00:00 [running]> on host lucas-AB350M-DS3H-V2
[2022-06-20 13:46:36,857] {base_hook.py:89} INFO - Using connection to: id: api_football_default. Host: https://api-football-v1.p.rapidapi.com/v3, Port: None, Schema: None, Login: None, Password: None, extra: XXXXXXXX
[2022-06-20 13:46:36,857] {api_football_hook.py:36} INFO - URL: https://api-football-v1.p.rapidapi.com/v3/fixtures?season=2022&from=2022-04-01&to=2022-06-15&league=71&timezone=America%2FSao_Paulo
[2022-06-20 13:46:36,932] {logging_mixin.py:112} WARNING - /home/lucas/pipeline-data/.env/lib/python3.9/site-packages/urllib3/connectionpool.py:981: InsecureRequestWarning: Unverified HTTPS request is being made to host 'api-football-v1.p.rapidapi.com'. Adding certificate verification is strongly advised. See: https://urllib3.readthedocs.io/en/latest/advanced-usage.html#ssl-warnings
  warnings.warn(
[2022-06-20 13:46:37,800] {taskinstance.py:1057} INFO - Marking task as SUCCESS.dag_id=football_dag, task_id=api_football, execution_date=20220416T000000, start_date=20220620T164636, end_date=20220620T164637
[2022-06-20 13:46:41,052] {local_task_job.py:102} INFO - Task exited with return code 0
[2022-06-20 15:31:13,680] {taskinstance.py:670} INFO - Dependencies all met for <TaskInstance: football_dag.api_football 2022-04-16T00:00:00+00:00 [queued]>
[2022-06-20 15:31:13,685] {taskinstance.py:670} INFO - Dependencies all met for <TaskInstance: football_dag.api_football 2022-04-16T00:00:00+00:00 [queued]>
[2022-06-20 15:31:13,685] {taskinstance.py:880} INFO - 
--------------------------------------------------------------------------------
[2022-06-20 15:31:13,685] {taskinstance.py:881} INFO - Starting attempt 1 of 1
[2022-06-20 15:31:13,685] {taskinstance.py:882} INFO - 
--------------------------------------------------------------------------------
[2022-06-20 15:31:13,889] {taskinstance.py:901} INFO - Executing <Task(ApiFootballOperator): api_football> on 2022-04-16T00:00:00+00:00
[2022-06-20 15:31:13,890] {standard_task_runner.py:54} INFO - Started process 30771 to run task
[2022-06-20 15:31:13,927] {standard_task_runner.py:77} INFO - Running: ['airflow', 'run', 'football_dag', 'api_football', '2022-04-16T00:00:00+00:00', '--job_id', '71', '--pool', 'default_pool', '--raw', '-sd', 'DAGS_FOLDER/football_dag.py', '--cfg_path', '/tmp/tmp4j5uoun3']
[2022-06-20 15:31:13,927] {standard_task_runner.py:78} INFO - Job 71: Subtask api_football
[2022-06-20 15:31:14,061] {logging_mixin.py:112} INFO - Running <TaskInstance: football_dag.api_football 2022-04-16T00:00:00+00:00 [running]> on host lucas-AB350M-DS3H-V2
[2022-06-20 15:31:14,072] {base_hook.py:89} INFO - Using connection to: id: api_football_default. Host: https://api-football-v1.p.rapidapi.com/v3, Port: None, Schema: None, Login: None, Password: None, extra: XXXXXXXX
[2022-06-20 15:31:14,073] {api_football_hook.py:34} INFO - URL: https://api-football-v1.p.rapidapi.com/v3/fixtures?season=2022&from=2022-04-15&to=2022-04-15&league=71&timezone=America%2FSao_Paulo
[2022-06-20 15:31:14,143] {logging_mixin.py:112} WARNING - /home/lucas/pipeline-data/.env/lib/python3.9/site-packages/urllib3/connectionpool.py:981: InsecureRequestWarning: Unverified HTTPS request is being made to host 'api-football-v1.p.rapidapi.com'. Adding certificate verification is strongly advised. See: https://urllib3.readthedocs.io/en/latest/advanced-usage.html#ssl-warnings
  warnings.warn(
[2022-06-20 15:31:15,147] {taskinstance.py:1057} INFO - Marking task as SUCCESS.dag_id=football_dag, task_id=api_football, execution_date=20220416T000000, start_date=20220620T183113, end_date=20220620T183115
[2022-06-20 15:31:18,533] {local_task_job.py:102} INFO - Task exited with return code 0
