[2022-06-20 14:00:02,818] {taskinstance.py:670} INFO - Dependencies all met for <TaskInstance: football_dag.who_scored 2022-04-22T00:00:00+00:00 [queued]>
[2022-06-20 14:00:02,823] {taskinstance.py:670} INFO - Dependencies all met for <TaskInstance: football_dag.who_scored 2022-04-22T00:00:00+00:00 [queued]>
[2022-06-20 14:00:02,823] {taskinstance.py:880} INFO - 
--------------------------------------------------------------------------------
[2022-06-20 14:00:02,823] {taskinstance.py:881} INFO - Starting attempt 1 of 1
[2022-06-20 14:00:02,823] {taskinstance.py:882} INFO - 
--------------------------------------------------------------------------------
[2022-06-20 14:00:03,023] {taskinstance.py:901} INFO - Executing <Task(WhoScoredOperator): who_scored> on 2022-04-22T00:00:00+00:00
[2022-06-20 14:00:03,024] {standard_task_runner.py:54} INFO - Started process 12726 to run task
[2022-06-20 14:00:03,070] {standard_task_runner.py:77} INFO - Running: ['airflow', 'run', 'football_dag', 'who_scored', '2022-04-22T00:00:00+00:00', '--job_id', '93', '--pool', 'default_pool', '--raw', '-sd', 'DAGS_FOLDER/football_dag.py', '--cfg_path', '/tmp/tmpas53lg7r']
[2022-06-20 14:00:03,071] {standard_task_runner.py:78} INFO - Job 93: Subtask who_scored
[2022-06-20 14:00:03,281] {logging_mixin.py:112} INFO - Running <TaskInstance: football_dag.who_scored 2022-04-22T00:00:00+00:00 [running]> on host lucas-AB350M-DS3H-V2
[2022-06-20 14:00:03,289] {logging_mixin.py:112} INFO - 
[2022-06-20 14:00:03,289] {logger.py:16} INFO - ====== WebDriver manager ======
[2022-06-20 14:00:03,321] {logger.py:16} INFO - Current google-chrome version is 102.0.5005
[2022-06-20 14:00:03,321] {logger.py:16} INFO - Get LATEST chromedriver version for 102.0.5005 google-chrome
[2022-06-20 14:00:03,426] {logger.py:16} INFO - Driver [/home/lucas/.wdm/drivers/chromedriver/linux64/102.0.5005.61/chromedriver] found in cache
[2022-06-20 14:00:19,119] {taskinstance.py:1057} INFO - Marking task as SUCCESS.dag_id=football_dag, task_id=who_scored, execution_date=20220422T000000, start_date=20220620T170002, end_date=20220620T170019
[2022-06-20 14:00:22,692] {local_task_job.py:102} INFO - Task exited with return code 0
[2022-06-20 15:46:31,507] {taskinstance.py:670} INFO - Dependencies all met for <TaskInstance: football_dag.who_scored 2022-04-22T00:00:00+00:00 [queued]>
[2022-06-20 15:46:31,512] {taskinstance.py:670} INFO - Dependencies all met for <TaskInstance: football_dag.who_scored 2022-04-22T00:00:00+00:00 [queued]>
[2022-06-20 15:46:31,512] {taskinstance.py:880} INFO - 
--------------------------------------------------------------------------------
[2022-06-20 15:46:31,512] {taskinstance.py:881} INFO - Starting attempt 1 of 1
[2022-06-20 15:46:31,512] {taskinstance.py:882} INFO - 
--------------------------------------------------------------------------------
[2022-06-20 15:46:31,662] {taskinstance.py:901} INFO - Executing <Task(WhoScoredOperator): who_scored> on 2022-04-22T00:00:00+00:00
[2022-06-20 15:46:31,663] {standard_task_runner.py:54} INFO - Started process 35545 to run task
[2022-06-20 15:46:31,702] {standard_task_runner.py:77} INFO - Running: ['airflow', 'run', 'football_dag', 'who_scored', '2022-04-22T00:00:00+00:00', '--job_id', '91', '--pool', 'default_pool', '--raw', '-sd', 'DAGS_FOLDER/football_dag.py', '--cfg_path', '/tmp/tmpret7yo3t']
[2022-06-20 15:46:31,702] {standard_task_runner.py:78} INFO - Job 91: Subtask who_scored
[2022-06-20 15:46:31,830] {logging_mixin.py:112} INFO - Running <TaskInstance: football_dag.who_scored 2022-04-22T00:00:00+00:00 [running]> on host lucas-AB350M-DS3H-V2
[2022-06-20 15:46:31,839] {logging_mixin.py:112} INFO - 
[2022-06-20 15:46:31,839] {logger.py:16} INFO - ====== WebDriver manager ======
[2022-06-20 15:46:31,875] {logger.py:16} INFO - Current google-chrome version is 102.0.5005
[2022-06-20 15:46:31,875] {logger.py:16} INFO - Get LATEST chromedriver version for 102.0.5005 google-chrome
[2022-06-20 15:46:31,983] {logger.py:16} INFO - Driver [/home/lucas/.wdm/drivers/chromedriver/linux64/102.0.5005.61/chromedriver] found in cache
[2022-06-20 15:47:02,732] {taskinstance.py:1057} INFO - Marking task as SUCCESS.dag_id=football_dag, task_id=who_scored, execution_date=20220422T000000, start_date=20220620T184631, end_date=20220620T184702
[2022-06-20 15:47:05,717] {local_task_job.py:102} INFO - Task exited with return code 0
