[2022-06-20 13:58:07,691] {taskinstance.py:670} INFO - Dependencies all met for <TaskInstance: football_dag.who_scored 2022-04-21T00:00:00+00:00 [queued]>
[2022-06-20 13:58:07,696] {taskinstance.py:670} INFO - Dependencies all met for <TaskInstance: football_dag.who_scored 2022-04-21T00:00:00+00:00 [queued]>
[2022-06-20 13:58:07,696] {taskinstance.py:880} INFO - 
--------------------------------------------------------------------------------
[2022-06-20 13:58:07,696] {taskinstance.py:881} INFO - Starting attempt 1 of 1
[2022-06-20 13:58:07,696] {taskinstance.py:882} INFO - 
--------------------------------------------------------------------------------
[2022-06-20 13:58:07,872] {taskinstance.py:901} INFO - Executing <Task(WhoScoredOperator): who_scored> on 2022-04-21T00:00:00+00:00
[2022-06-20 13:58:07,873] {standard_task_runner.py:54} INFO - Started process 12171 to run task
[2022-06-20 13:58:07,910] {standard_task_runner.py:77} INFO - Running: ['airflow', 'run', 'football_dag', 'who_scored', '2022-04-21T00:00:00+00:00', '--job_id', '90', '--pool', 'default_pool', '--raw', '-sd', 'DAGS_FOLDER/football_dag.py', '--cfg_path', '/tmp/tmpc6uzyxc5']
[2022-06-20 13:58:07,910] {standard_task_runner.py:78} INFO - Job 90: Subtask who_scored
[2022-06-20 13:58:08,059] {logging_mixin.py:112} INFO - Running <TaskInstance: football_dag.who_scored 2022-04-21T00:00:00+00:00 [running]> on host lucas-AB350M-DS3H-V2
[2022-06-20 13:58:08,067] {logging_mixin.py:112} INFO - 
[2022-06-20 13:58:08,067] {logger.py:16} INFO - ====== WebDriver manager ======
[2022-06-20 13:58:08,094] {logger.py:16} INFO - Current google-chrome version is 102.0.5005
[2022-06-20 13:58:08,095] {logger.py:16} INFO - Get LATEST chromedriver version for 102.0.5005 google-chrome
[2022-06-20 13:58:08,278] {logger.py:16} INFO - Driver [/home/lucas/.wdm/drivers/chromedriver/linux64/102.0.5005.61/chromedriver] found in cache
[2022-06-20 13:58:39,934] {taskinstance.py:1057} INFO - Marking task as SUCCESS.dag_id=football_dag, task_id=who_scored, execution_date=20220421T000000, start_date=20220620T165807, end_date=20220620T165839
[2022-06-20 13:58:42,556] {local_task_job.py:102} INFO - Task exited with return code 0
[2022-06-20 15:44:30,509] {taskinstance.py:670} INFO - Dependencies all met for <TaskInstance: football_dag.who_scored 2022-04-21T00:00:00+00:00 [queued]>
[2022-06-20 15:44:30,514] {taskinstance.py:670} INFO - Dependencies all met for <TaskInstance: football_dag.who_scored 2022-04-21T00:00:00+00:00 [queued]>
[2022-06-20 15:44:30,514] {taskinstance.py:880} INFO - 
--------------------------------------------------------------------------------
[2022-06-20 15:44:30,514] {taskinstance.py:881} INFO - Starting attempt 1 of 1
[2022-06-20 15:44:30,514] {taskinstance.py:882} INFO - 
--------------------------------------------------------------------------------
[2022-06-20 15:44:30,686] {taskinstance.py:901} INFO - Executing <Task(WhoScoredOperator): who_scored> on 2022-04-21T00:00:00+00:00
[2022-06-20 15:44:30,688] {standard_task_runner.py:54} INFO - Started process 34923 to run task
[2022-06-20 15:44:30,726] {standard_task_runner.py:77} INFO - Running: ['airflow', 'run', 'football_dag', 'who_scored', '2022-04-21T00:00:00+00:00', '--job_id', '88', '--pool', 'default_pool', '--raw', '-sd', 'DAGS_FOLDER/football_dag.py', '--cfg_path', '/tmp/tmpp5lr3noe']
[2022-06-20 15:44:30,726] {standard_task_runner.py:78} INFO - Job 88: Subtask who_scored
[2022-06-20 15:44:31,213] {logging_mixin.py:112} INFO - Running <TaskInstance: football_dag.who_scored 2022-04-21T00:00:00+00:00 [running]> on host lucas-AB350M-DS3H-V2
[2022-06-20 15:44:31,222] {logging_mixin.py:112} INFO - 
[2022-06-20 15:44:31,222] {logger.py:16} INFO - ====== WebDriver manager ======
[2022-06-20 15:44:31,247] {logger.py:16} INFO - Current google-chrome version is 102.0.5005
[2022-06-20 15:44:31,247] {logger.py:16} INFO - Get LATEST chromedriver version for 102.0.5005 google-chrome
[2022-06-20 15:44:31,350] {logger.py:16} INFO - Driver [/home/lucas/.wdm/drivers/chromedriver/linux64/102.0.5005.61/chromedriver] found in cache
[2022-06-20 15:45:04,343] {taskinstance.py:1057} INFO - Marking task as SUCCESS.dag_id=football_dag, task_id=who_scored, execution_date=20220421T000000, start_date=20220620T184430, end_date=20220620T184504
[2022-06-20 15:45:05,367] {local_task_job.py:102} INFO - Task exited with return code 0
