[2022-06-20 13:41:09,536] {taskinstance.py:670} INFO - Dependencies all met for <TaskInstance: football_dag.api_football 2022-04-13T00:00:00+00:00 [queued]>
[2022-06-20 13:41:09,541] {taskinstance.py:670} INFO - Dependencies all met for <TaskInstance: football_dag.api_football 2022-04-13T00:00:00+00:00 [queued]>
[2022-06-20 13:41:09,541] {taskinstance.py:880} INFO - 
--------------------------------------------------------------------------------
[2022-06-20 13:41:09,541] {taskinstance.py:881} INFO - Starting attempt 1 of 1
[2022-06-20 13:41:09,541] {taskinstance.py:882} INFO - 
--------------------------------------------------------------------------------
[2022-06-20 13:41:09,742] {taskinstance.py:901} INFO - Executing <Task(ApiFootballOperator): api_football> on 2022-04-13T00:00:00+00:00
[2022-06-20 13:41:09,743] {standard_task_runner.py:54} INFO - Started process 7097 to run task
[2022-06-20 13:41:09,780] {standard_task_runner.py:77} INFO - Running: ['airflow', 'run', 'football_dag', 'api_football', '2022-04-13T00:00:00+00:00', '--job_id', '64', '--pool', 'default_pool', '--raw', '-sd', 'DAGS_FOLDER/football_dag.py', '--cfg_path', '/tmp/tmpvww6iwyp']
[2022-06-20 13:41:09,780] {standard_task_runner.py:78} INFO - Job 64: Subtask api_football
[2022-06-20 13:41:09,931] {logging_mixin.py:112} INFO - Running <TaskInstance: football_dag.api_football 2022-04-13T00:00:00+00:00 [running]> on host lucas-AB350M-DS3H-V2
[2022-06-20 13:41:09,942] {base_hook.py:89} INFO - Using connection to: id: api_football_default. Host: https://api-football-v1.p.rapidapi.com/v3, Port: None, Schema: None, Login: None, Password: None, extra: XXXXXXXX
[2022-06-20 13:41:09,943] {api_football_hook.py:36} INFO - URL: https://api-football-v1.p.rapidapi.com/v3/fixtures?season=2022&from=2022-04-01&to=2022-06-15&league=71&timezone=America%2FSao_Paulo
[2022-06-20 13:41:10,005] {logging_mixin.py:112} WARNING - /home/lucas/pipeline-data/.env/lib/python3.9/site-packages/urllib3/connectionpool.py:981: InsecureRequestWarning: Unverified HTTPS request is being made to host 'api-football-v1.p.rapidapi.com'. Adding certificate verification is strongly advised. See: https://urllib3.readthedocs.io/en/latest/advanced-usage.html#ssl-warnings
  warnings.warn(
[2022-06-20 13:41:10,908] {taskinstance.py:1057} INFO - Marking task as SUCCESS.dag_id=football_dag, task_id=api_football, execution_date=20220413T000000, start_date=20220620T164109, end_date=20220620T164110
[2022-06-20 13:41:14,382] {local_task_job.py:102} INFO - Task exited with return code 0
[2022-06-20 15:25:26,969] {taskinstance.py:670} INFO - Dependencies all met for <TaskInstance: football_dag.api_football 2022-04-13T00:00:00+00:00 [queued]>
[2022-06-20 15:25:26,974] {taskinstance.py:670} INFO - Dependencies all met for <TaskInstance: football_dag.api_football 2022-04-13T00:00:00+00:00 [queued]>
[2022-06-20 15:25:26,974] {taskinstance.py:880} INFO - 
--------------------------------------------------------------------------------
[2022-06-20 15:25:26,974] {taskinstance.py:881} INFO - Starting attempt 1 of 1
[2022-06-20 15:25:26,974] {taskinstance.py:882} INFO - 
--------------------------------------------------------------------------------
[2022-06-20 15:25:27,162] {taskinstance.py:901} INFO - Executing <Task(ApiFootballOperator): api_football> on 2022-04-13T00:00:00+00:00
[2022-06-20 15:25:27,163] {standard_task_runner.py:54} INFO - Started process 28868 to run task
[2022-06-20 15:25:27,201] {standard_task_runner.py:77} INFO - Running: ['airflow', 'run', 'football_dag', 'api_football', '2022-04-13T00:00:00+00:00', '--job_id', '62', '--pool', 'default_pool', '--raw', '-sd', 'DAGS_FOLDER/football_dag.py', '--cfg_path', '/tmp/tmptyx_bddn']
[2022-06-20 15:25:27,201] {standard_task_runner.py:78} INFO - Job 62: Subtask api_football
[2022-06-20 15:25:27,312] {logging_mixin.py:112} INFO - Running <TaskInstance: football_dag.api_football 2022-04-13T00:00:00+00:00 [running]> on host lucas-AB350M-DS3H-V2
[2022-06-20 15:25:27,323] {base_hook.py:89} INFO - Using connection to: id: api_football_default. Host: https://api-football-v1.p.rapidapi.com/v3, Port: None, Schema: None, Login: None, Password: None, extra: XXXXXXXX
[2022-06-20 15:25:27,324] {api_football_hook.py:34} INFO - URL: https://api-football-v1.p.rapidapi.com/v3/fixtures?season=2022&from=2022-04-12&to=2022-04-12&league=71&timezone=America%2FSao_Paulo
[2022-06-20 15:25:27,400] {logging_mixin.py:112} WARNING - /home/lucas/pipeline-data/.env/lib/python3.9/site-packages/urllib3/connectionpool.py:981: InsecureRequestWarning: Unverified HTTPS request is being made to host 'api-football-v1.p.rapidapi.com'. Adding certificate verification is strongly advised. See: https://urllib3.readthedocs.io/en/latest/advanced-usage.html#ssl-warnings
  warnings.warn(
[2022-06-20 15:25:28,361] {taskinstance.py:1057} INFO - Marking task as SUCCESS.dag_id=football_dag, task_id=api_football, execution_date=20220413T000000, start_date=20220620T182526, end_date=20220620T182528
[2022-06-20 15:25:31,603] {local_task_job.py:102} INFO - Task exited with return code 0
[2022-06-21 10:12:54,270] {taskinstance.py:670} INFO - Dependencies all met for <TaskInstance: football_dag.api_football 2022-04-13T00:00:00+00:00 [queued]>
[2022-06-21 10:12:54,296] {taskinstance.py:670} INFO - Dependencies all met for <TaskInstance: football_dag.api_football 2022-04-13T00:00:00+00:00 [queued]>
[2022-06-21 10:12:54,296] {taskinstance.py:880} INFO - 
--------------------------------------------------------------------------------
[2022-06-21 10:12:54,296] {taskinstance.py:881} INFO - Starting attempt 1 of 1
[2022-06-21 10:12:54,296] {taskinstance.py:882} INFO - 
--------------------------------------------------------------------------------
[2022-06-21 10:12:54,493] {taskinstance.py:901} INFO - Executing <Task(ApiFootballOperator): api_football> on 2022-04-13T00:00:00+00:00
[2022-06-21 10:12:54,495] {standard_task_runner.py:54} INFO - Started process 16953 to run task
[2022-06-21 10:12:54,532] {standard_task_runner.py:77} INFO - Running: ['airflow', 'run', 'football_dag', 'api_football', '2022-04-13T00:00:00+00:00', '--job_id', '131', '--pool', 'default_pool', '--raw', '-sd', 'DAGS_FOLDER/football_dag.py', '--cfg_path', '/tmp/tmp3sogfj54']
[2022-06-21 10:12:54,532] {standard_task_runner.py:78} INFO - Job 131: Subtask api_football
[2022-06-21 10:12:54,677] {logging_mixin.py:112} INFO - Running <TaskInstance: football_dag.api_football 2022-04-13T00:00:00+00:00 [running]> on host lucas-AB350M-DS3H-V2
[2022-06-21 10:12:54,688] {base_hook.py:89} INFO - Using connection to: id: api_football_default. Host: https://api-football-v1.p.rapidapi.com/v3, Port: None, Schema: None, Login: None, Password: None, extra: XXXXXXXX
[2022-06-21 10:12:54,689] {api_football_hook.py:34} INFO - URL: https://api-football-v1.p.rapidapi.com/v3/fixtures?season=2022&from=2022-04-12&to=2022-04-12&league=71&timezone=America%2FSao_Paulo
[2022-06-21 10:12:54,751] {logging_mixin.py:112} WARNING - /home/lucas/pipeline-data/.env/lib/python3.9/site-packages/urllib3/connectionpool.py:981: InsecureRequestWarning: Unverified HTTPS request is being made to host 'api-football-v1.p.rapidapi.com'. Adding certificate verification is strongly advised. See: https://urllib3.readthedocs.io/en/latest/advanced-usage.html#ssl-warnings
  warnings.warn(
[2022-06-21 10:12:55,575] {taskinstance.py:1057} INFO - Marking task as SUCCESS.dag_id=football_dag, task_id=api_football, execution_date=20220413T000000, start_date=20220621T131254, end_date=20220621T131255
[2022-06-21 10:12:59,077] {local_task_job.py:102} INFO - Task exited with return code 0
[2022-06-21 10:56:31,930] {taskinstance.py:670} INFO - Dependencies all met for <TaskInstance: football_dag.api_football 2022-04-13T00:00:00+00:00 [queued]>
[2022-06-21 10:56:31,936] {taskinstance.py:670} INFO - Dependencies all met for <TaskInstance: football_dag.api_football 2022-04-13T00:00:00+00:00 [queued]>
[2022-06-21 10:56:31,936] {taskinstance.py:880} INFO - 
--------------------------------------------------------------------------------
[2022-06-21 10:56:31,936] {taskinstance.py:881} INFO - Starting attempt 1 of 1
[2022-06-21 10:56:31,936] {taskinstance.py:882} INFO - 
--------------------------------------------------------------------------------
[2022-06-21 10:56:32,148] {taskinstance.py:901} INFO - Executing <Task(ApiFootballOperator): api_football> on 2022-04-13T00:00:00+00:00
[2022-06-21 10:56:32,149] {standard_task_runner.py:54} INFO - Started process 24279 to run task
[2022-06-21 10:56:32,187] {standard_task_runner.py:77} INFO - Running: ['airflow', 'run', 'football_dag', 'api_football', '2022-04-13T00:00:00+00:00', '--job_id', '132', '--pool', 'default_pool', '--raw', '-sd', 'DAGS_FOLDER/football_dag.py', '--cfg_path', '/tmp/tmpjp1vfngd']
[2022-06-21 10:56:32,187] {standard_task_runner.py:78} INFO - Job 132: Subtask api_football
[2022-06-21 10:56:32,350] {logging_mixin.py:112} INFO - Running <TaskInstance: football_dag.api_football 2022-04-13T00:00:00+00:00 [running]> on host lucas-AB350M-DS3H-V2
[2022-06-21 10:56:32,361] {base_hook.py:89} INFO - Using connection to: id: api_football_default. Host: https://api-football-v1.p.rapidapi.com/v3, Port: None, Schema: None, Login: None, Password: None, extra: XXXXXXXX
[2022-06-21 10:56:32,362] {api_football_hook.py:34} INFO - URL: https://api-football-v1.p.rapidapi.com/v3/fixtures?season=2022&from=2022-04-12&to=2022-04-12&league=71&timezone=America%2FSao_Paulo
[2022-06-21 10:56:32,436] {logging_mixin.py:112} WARNING - /home/lucas/pipeline-data/.env/lib/python3.9/site-packages/urllib3/connectionpool.py:981: InsecureRequestWarning: Unverified HTTPS request is being made to host 'api-football-v1.p.rapidapi.com'. Adding certificate verification is strongly advised. See: https://urllib3.readthedocs.io/en/latest/advanced-usage.html#ssl-warnings
  warnings.warn(
[2022-06-21 10:56:33,266] {taskinstance.py:1057} INFO - Marking task as SUCCESS.dag_id=football_dag, task_id=api_football, execution_date=20220413T000000, start_date=20220621T135631, end_date=20220621T135633
[2022-06-21 10:56:36,774] {local_task_job.py:102} INFO - Task exited with return code 0
