[2022-06-20 13:44:55,547] {taskinstance.py:670} INFO - Dependencies all met for <TaskInstance: football_dag.api_football 2022-04-15T00:00:00+00:00 [queued]>
[2022-06-20 13:44:55,552] {taskinstance.py:670} INFO - Dependencies all met for <TaskInstance: football_dag.api_football 2022-04-15T00:00:00+00:00 [queued]>
[2022-06-20 13:44:55,552] {taskinstance.py:880} INFO - 
--------------------------------------------------------------------------------
[2022-06-20 13:44:55,552] {taskinstance.py:881} INFO - Starting attempt 1 of 1
[2022-06-20 13:44:55,552] {taskinstance.py:882} INFO - 
--------------------------------------------------------------------------------
[2022-06-20 13:44:55,752] {taskinstance.py:901} INFO - Executing <Task(ApiFootballOperator): api_football> on 2022-04-15T00:00:00+00:00
[2022-06-20 13:44:55,754] {standard_task_runner.py:54} INFO - Started process 8251 to run task
[2022-06-20 13:44:55,791] {standard_task_runner.py:77} INFO - Running: ['airflow', 'run', 'football_dag', 'api_football', '2022-04-15T00:00:00+00:00', '--job_id', '70', '--pool', 'default_pool', '--raw', '-sd', 'DAGS_FOLDER/football_dag.py', '--cfg_path', '/tmp/tmpue2x32_w']
[2022-06-20 13:44:55,791] {standard_task_runner.py:78} INFO - Job 70: Subtask api_football
[2022-06-20 13:44:55,928] {logging_mixin.py:112} INFO - Running <TaskInstance: football_dag.api_football 2022-04-15T00:00:00+00:00 [running]> on host lucas-AB350M-DS3H-V2
[2022-06-20 13:44:55,939] {base_hook.py:89} INFO - Using connection to: id: api_football_default. Host: https://api-football-v1.p.rapidapi.com/v3, Port: None, Schema: None, Login: None, Password: None, extra: XXXXXXXX
[2022-06-20 13:44:55,940] {api_football_hook.py:36} INFO - URL: https://api-football-v1.p.rapidapi.com/v3/fixtures?season=2022&from=2022-04-01&to=2022-06-15&league=71&timezone=America%2FSao_Paulo
[2022-06-20 13:44:56,127] {logging_mixin.py:112} WARNING - /home/lucas/pipeline-data/.env/lib/python3.9/site-packages/urllib3/connectionpool.py:981: InsecureRequestWarning: Unverified HTTPS request is being made to host 'api-football-v1.p.rapidapi.com'. Adding certificate verification is strongly advised. See: https://urllib3.readthedocs.io/en/latest/advanced-usage.html#ssl-warnings
  warnings.warn(
[2022-06-20 13:44:56,995] {taskinstance.py:1057} INFO - Marking task as SUCCESS.dag_id=football_dag, task_id=api_football, execution_date=20220415T000000, start_date=20220620T164455, end_date=20220620T164456
[2022-06-20 13:45:00,417] {local_task_job.py:102} INFO - Task exited with return code 0
[2022-06-20 15:29:12,468] {taskinstance.py:670} INFO - Dependencies all met for <TaskInstance: football_dag.api_football 2022-04-15T00:00:00+00:00 [queued]>
[2022-06-20 15:29:12,473] {taskinstance.py:670} INFO - Dependencies all met for <TaskInstance: football_dag.api_football 2022-04-15T00:00:00+00:00 [queued]>
[2022-06-20 15:29:12,473] {taskinstance.py:880} INFO - 
--------------------------------------------------------------------------------
[2022-06-20 15:29:12,473] {taskinstance.py:881} INFO - Starting attempt 1 of 1
[2022-06-20 15:29:12,473] {taskinstance.py:882} INFO - 
--------------------------------------------------------------------------------
[2022-06-20 15:29:12,659] {taskinstance.py:901} INFO - Executing <Task(ApiFootballOperator): api_football> on 2022-04-15T00:00:00+00:00
[2022-06-20 15:29:12,661] {standard_task_runner.py:54} INFO - Started process 30112 to run task
[2022-06-20 15:29:12,699] {standard_task_runner.py:77} INFO - Running: ['airflow', 'run', 'football_dag', 'api_football', '2022-04-15T00:00:00+00:00', '--job_id', '68', '--pool', 'default_pool', '--raw', '-sd', 'DAGS_FOLDER/football_dag.py', '--cfg_path', '/tmp/tmpb4_7zu1m']
[2022-06-20 15:29:12,699] {standard_task_runner.py:78} INFO - Job 68: Subtask api_football
[2022-06-20 15:29:12,859] {logging_mixin.py:112} INFO - Running <TaskInstance: football_dag.api_football 2022-04-15T00:00:00+00:00 [running]> on host lucas-AB350M-DS3H-V2
[2022-06-20 15:29:12,870] {base_hook.py:89} INFO - Using connection to: id: api_football_default. Host: https://api-football-v1.p.rapidapi.com/v3, Port: None, Schema: None, Login: None, Password: None, extra: XXXXXXXX
[2022-06-20 15:29:12,871] {api_football_hook.py:34} INFO - URL: https://api-football-v1.p.rapidapi.com/v3/fixtures?season=2022&from=2022-04-14&to=2022-04-14&league=71&timezone=America%2FSao_Paulo
[2022-06-20 15:29:12,940] {logging_mixin.py:112} WARNING - /home/lucas/pipeline-data/.env/lib/python3.9/site-packages/urllib3/connectionpool.py:981: InsecureRequestWarning: Unverified HTTPS request is being made to host 'api-football-v1.p.rapidapi.com'. Adding certificate verification is strongly advised. See: https://urllib3.readthedocs.io/en/latest/advanced-usage.html#ssl-warnings
  warnings.warn(
[2022-06-20 15:29:13,830] {taskinstance.py:1057} INFO - Marking task as SUCCESS.dag_id=football_dag, task_id=api_football, execution_date=20220415T000000, start_date=20220620T182912, end_date=20220620T182913
[2022-06-20 15:29:17,327] {local_task_job.py:102} INFO - Task exited with return code 0
