[2022-06-18 15:07:28,232] {taskinstance.py:670} INFO - Dependencies all met for <TaskInstance: football_dag.api_football 2022-06-17T00:00:00+00:00 [queued]>
[2022-06-18 15:07:28,237] {taskinstance.py:670} INFO - Dependencies all met for <TaskInstance: football_dag.api_football 2022-06-17T00:00:00+00:00 [queued]>
[2022-06-18 15:07:28,237] {taskinstance.py:880} INFO - 
--------------------------------------------------------------------------------
[2022-06-18 15:07:28,237] {taskinstance.py:881} INFO - Starting attempt 1 of 1
[2022-06-18 15:07:28,237] {taskinstance.py:882} INFO - 
--------------------------------------------------------------------------------
[2022-06-18 15:07:28,391] {taskinstance.py:901} INFO - Executing <Task(ApiFootballOperator): api_football> on 2022-06-17T00:00:00+00:00
[2022-06-18 15:07:28,393] {standard_task_runner.py:54} INFO - Started process 64898 to run task
[2022-06-18 15:07:28,436] {standard_task_runner.py:77} INFO - Running: ['airflow', 'run', 'football_dag', 'api_football', '2022-06-17T00:00:00+00:00', '--job_id', '18', '--pool', 'default_pool', '--raw', '-sd', 'DAGS_FOLDER/football_dag.py', '--cfg_path', '/tmp/tmp3wrbb7hd']
[2022-06-18 15:07:28,436] {standard_task_runner.py:78} INFO - Job 18: Subtask api_football
[2022-06-18 15:07:28,573] {logging_mixin.py:112} INFO - Running <TaskInstance: football_dag.api_football 2022-06-17T00:00:00+00:00 [running]> on host lucas-AB350M-DS3H-V2
[2022-06-18 15:07:28,584] {base_hook.py:89} INFO - Using connection to: id: api_football_default. Host: https://api-football-v1.p.rapidapi.com/v3, Port: None, Schema: None, Login: None, Password: None, extra: XXXXXXXX
[2022-06-18 15:07:28,585] {api_football_hook.py:36} INFO - URL: https://api-football-v1.p.rapidapi.com/v3/fixtures?season=2022&from=2022-04-01&to=2022-06-15&league=71&timezone=America%2FSao_Paulo
[2022-06-18 15:07:28,652] {logging_mixin.py:112} WARNING - /home/lucas/pipeline-data/.env/lib/python3.9/site-packages/urllib3/connectionpool.py:981: InsecureRequestWarning: Unverified HTTPS request is being made to host 'api-football-v1.p.rapidapi.com'. Adding certificate verification is strongly advised. See: https://urllib3.readthedocs.io/en/latest/advanced-usage.html#ssl-warnings
  warnings.warn(
[2022-06-18 15:07:29,511] {taskinstance.py:1057} INFO - Marking task as SUCCESS.dag_id=football_dag, task_id=api_football, execution_date=20220617T000000, start_date=20220618T180728, end_date=20220618T180729
[2022-06-18 15:07:33,065] {local_task_job.py:102} INFO - Task exited with return code 0
[2022-06-18 15:14:36,343] {taskinstance.py:670} INFO - Dependencies all met for <TaskInstance: football_dag.api_football 2022-06-17T00:00:00+00:00 [queued]>
[2022-06-18 15:14:36,349] {taskinstance.py:670} INFO - Dependencies all met for <TaskInstance: football_dag.api_football 2022-06-17T00:00:00+00:00 [queued]>
[2022-06-18 15:14:36,349] {taskinstance.py:880} INFO - 
--------------------------------------------------------------------------------
[2022-06-18 15:14:36,349] {taskinstance.py:881} INFO - Starting attempt 1 of 1
[2022-06-18 15:14:36,349] {taskinstance.py:882} INFO - 
--------------------------------------------------------------------------------
[2022-06-18 15:14:36,562] {taskinstance.py:901} INFO - Executing <Task(ApiFootballOperator): api_football> on 2022-06-17T00:00:00+00:00
[2022-06-18 15:14:36,563] {standard_task_runner.py:54} INFO - Started process 66563 to run task
[2022-06-18 15:14:36,601] {standard_task_runner.py:77} INFO - Running: ['airflow', 'run', 'football_dag', 'api_football', '2022-06-17T00:00:00+00:00', '--job_id', '19', '--pool', 'default_pool', '--raw', '-sd', 'DAGS_FOLDER/football_dag.py', '--cfg_path', '/tmp/tmp4ed8d9tk']
[2022-06-18 15:14:36,601] {standard_task_runner.py:78} INFO - Job 19: Subtask api_football
[2022-06-18 15:14:36,723] {logging_mixin.py:112} INFO - Running <TaskInstance: football_dag.api_football 2022-06-17T00:00:00+00:00 [running]> on host lucas-AB350M-DS3H-V2
[2022-06-18 15:14:36,735] {base_hook.py:89} INFO - Using connection to: id: api_football_default. Host: https://api-football-v1.p.rapidapi.com/v3, Port: None, Schema: None, Login: None, Password: None, extra: XXXXXXXX
[2022-06-18 15:14:36,736] {api_football_hook.py:36} INFO - URL: https://api-football-v1.p.rapidapi.com/v3/fixtures?season=2022&from=2022-04-01&to=2022-06-15&league=71&timezone=America%2FSao_Paulo
[2022-06-18 15:14:36,804] {logging_mixin.py:112} WARNING - /home/lucas/pipeline-data/.env/lib/python3.9/site-packages/urllib3/connectionpool.py:981: InsecureRequestWarning: Unverified HTTPS request is being made to host 'api-football-v1.p.rapidapi.com'. Adding certificate verification is strongly advised. See: https://urllib3.readthedocs.io/en/latest/advanced-usage.html#ssl-warnings
  warnings.warn(
[2022-06-18 15:14:37,926] {taskinstance.py:1057} INFO - Marking task as SUCCESS.dag_id=football_dag, task_id=api_football, execution_date=20220617T000000, start_date=20220618T181436, end_date=20220618T181437
[2022-06-18 15:14:41,173] {local_task_job.py:102} INFO - Task exited with return code 0
[2022-06-18 15:27:08,266] {taskinstance.py:670} INFO - Dependencies all met for <TaskInstance: football_dag.api_football 2022-06-17T00:00:00+00:00 [queued]>
[2022-06-18 15:27:08,270] {taskinstance.py:670} INFO - Dependencies all met for <TaskInstance: football_dag.api_football 2022-06-17T00:00:00+00:00 [queued]>
[2022-06-18 15:27:08,270] {taskinstance.py:880} INFO - 
--------------------------------------------------------------------------------
[2022-06-18 15:27:08,271] {taskinstance.py:881} INFO - Starting attempt 1 of 1
[2022-06-18 15:27:08,271] {taskinstance.py:882} INFO - 
--------------------------------------------------------------------------------
[2022-06-18 15:27:08,413] {taskinstance.py:901} INFO - Executing <Task(ApiFootballOperator): api_football> on 2022-06-17T00:00:00+00:00
[2022-06-18 15:27:08,415] {standard_task_runner.py:54} INFO - Started process 69584 to run task
[2022-06-18 15:27:08,452] {standard_task_runner.py:77} INFO - Running: ['airflow', 'run', 'football_dag', 'api_football', '2022-06-17T00:00:00+00:00', '--job_id', '24', '--pool', 'default_pool', '--raw', '-sd', 'DAGS_FOLDER/football_dag.py', '--cfg_path', '/tmp/tmp69nhymba']
[2022-06-18 15:27:08,452] {standard_task_runner.py:78} INFO - Job 24: Subtask api_football
[2022-06-18 15:27:08,622] {logging_mixin.py:112} INFO - Running <TaskInstance: football_dag.api_football 2022-06-17T00:00:00+00:00 [running]> on host lucas-AB350M-DS3H-V2
[2022-06-18 15:27:08,634] {base_hook.py:89} INFO - Using connection to: id: api_football_default. Host: https://api-football-v1.p.rapidapi.com/v3, Port: None, Schema: None, Login: None, Password: None, extra: XXXXXXXX
[2022-06-18 15:27:08,635] {api_football_hook.py:36} INFO - URL: https://api-football-v1.p.rapidapi.com/v3/fixtures?season=2022&from=2022-04-01&to=2022-06-15&league=71&timezone=America%2FSao_Paulo
[2022-06-18 15:27:08,711] {logging_mixin.py:112} WARNING - /home/lucas/pipeline-data/.env/lib/python3.9/site-packages/urllib3/connectionpool.py:981: InsecureRequestWarning: Unverified HTTPS request is being made to host 'api-football-v1.p.rapidapi.com'. Adding certificate verification is strongly advised. See: https://urllib3.readthedocs.io/en/latest/advanced-usage.html#ssl-warnings
  warnings.warn(
[2022-06-18 15:27:09,582] {taskinstance.py:1057} INFO - Marking task as SUCCESS.dag_id=football_dag, task_id=api_football, execution_date=20220617T000000, start_date=20220618T182708, end_date=20220618T182709
[2022-06-18 15:27:13,132] {local_task_job.py:102} INFO - Task exited with return code 0
[2022-06-18 15:31:14,743] {taskinstance.py:670} INFO - Dependencies all met for <TaskInstance: football_dag.api_football 2022-06-17T00:00:00+00:00 [queued]>
[2022-06-18 15:31:14,748] {taskinstance.py:670} INFO - Dependencies all met for <TaskInstance: football_dag.api_football 2022-06-17T00:00:00+00:00 [queued]>
[2022-06-18 15:31:14,748] {taskinstance.py:880} INFO - 
--------------------------------------------------------------------------------
[2022-06-18 15:31:14,748] {taskinstance.py:881} INFO - Starting attempt 1 of 1
[2022-06-18 15:31:14,748] {taskinstance.py:882} INFO - 
--------------------------------------------------------------------------------
[2022-06-18 15:31:14,901] {taskinstance.py:901} INFO - Executing <Task(ApiFootballOperator): api_football> on 2022-06-17T00:00:00+00:00
[2022-06-18 15:31:14,903] {standard_task_runner.py:54} INFO - Started process 70617 to run task
[2022-06-18 15:31:14,942] {standard_task_runner.py:77} INFO - Running: ['airflow', 'run', 'football_dag', 'api_football', '2022-06-17T00:00:00+00:00', '--job_id', '22', '--pool', 'default_pool', '--raw', '-sd', 'DAGS_FOLDER/football_dag.py', '--cfg_path', '/tmp/tmpm2ivu0v9']
[2022-06-18 15:31:14,943] {standard_task_runner.py:78} INFO - Job 22: Subtask api_football
[2022-06-18 15:31:15,133] {logging_mixin.py:112} INFO - Running <TaskInstance: football_dag.api_football 2022-06-17T00:00:00+00:00 [running]> on host lucas-AB350M-DS3H-V2
[2022-06-18 15:31:15,144] {base_hook.py:89} INFO - Using connection to: id: api_football_default. Host: https://api-football-v1.p.rapidapi.com/v3, Port: None, Schema: None, Login: None, Password: None, extra: XXXXXXXX
[2022-06-18 15:31:15,145] {api_football_hook.py:36} INFO - URL: https://api-football-v1.p.rapidapi.com/v3/fixtures?season=2022&from=2022-04-01&to=2022-06-15&league=71&timezone=America%2FSao_Paulo
[2022-06-18 15:31:15,213] {logging_mixin.py:112} WARNING - /home/lucas/pipeline-data/.env/lib/python3.9/site-packages/urllib3/connectionpool.py:981: InsecureRequestWarning: Unverified HTTPS request is being made to host 'api-football-v1.p.rapidapi.com'. Adding certificate verification is strongly advised. See: https://urllib3.readthedocs.io/en/latest/advanced-usage.html#ssl-warnings
  warnings.warn(
[2022-06-18 15:31:16,100] {taskinstance.py:1057} INFO - Marking task as SUCCESS.dag_id=football_dag, task_id=api_football, execution_date=20220617T000000, start_date=20220618T183114, end_date=20220618T183116
[2022-06-18 15:31:19,574] {local_task_job.py:102} INFO - Task exited with return code 0
[2022-06-20 18:32:37,808] {taskinstance.py:670} INFO - Dependencies all met for <TaskInstance: football_dag.api_football 2022-06-17T00:00:00+00:00 [queued]>
[2022-06-20 18:32:37,848] {taskinstance.py:670} INFO - Dependencies all met for <TaskInstance: football_dag.api_football 2022-06-17T00:00:00+00:00 [queued]>
[2022-06-20 18:32:37,848] {taskinstance.py:880} INFO - 
--------------------------------------------------------------------------------
[2022-06-20 18:32:37,848] {taskinstance.py:881} INFO - Starting attempt 1 of 1
[2022-06-20 18:32:37,848] {taskinstance.py:882} INFO - 
--------------------------------------------------------------------------------
[2022-06-20 18:32:38,150] {taskinstance.py:901} INFO - Executing <Task(ApiFootballOperator): api_football> on 2022-06-17T00:00:00+00:00
[2022-06-20 18:32:38,152] {standard_task_runner.py:54} INFO - Started process 44469 to run task
[2022-06-20 18:32:38,190] {standard_task_runner.py:77} INFO - Running: ['airflow', 'run', 'football_dag', 'api_football', '2022-06-17T00:00:00+00:00', '--job_id', '258', '--pool', 'default_pool', '--raw', '-sd', 'DAGS_FOLDER/football_dag.py', '--cfg_path', '/tmp/tmpdnohgu1v']
[2022-06-20 18:32:38,191] {standard_task_runner.py:78} INFO - Job 258: Subtask api_football
[2022-06-20 18:32:38,343] {logging_mixin.py:112} INFO - Running <TaskInstance: football_dag.api_football 2022-06-17T00:00:00+00:00 [running]> on host lucas-AB350M-DS3H-V2
[2022-06-20 18:32:38,354] {base_hook.py:89} INFO - Using connection to: id: api_football_default. Host: https://api-football-v1.p.rapidapi.com/v3, Port: None, Schema: None, Login: None, Password: None, extra: XXXXXXXX
[2022-06-20 18:32:38,355] {api_football_hook.py:34} INFO - URL: https://api-football-v1.p.rapidapi.com/v3/fixtures?season=2022&from=2022-06-16&to=2022-06-16&league=71&timezone=America%2FSao_Paulo
[2022-06-20 18:32:38,428] {logging_mixin.py:112} WARNING - /home/lucas/pipeline-data/.env/lib/python3.9/site-packages/urllib3/connectionpool.py:981: InsecureRequestWarning: Unverified HTTPS request is being made to host 'api-football-v1.p.rapidapi.com'. Adding certificate verification is strongly advised. See: https://urllib3.readthedocs.io/en/latest/advanced-usage.html#ssl-warnings
  warnings.warn(
[2022-06-20 18:32:39,270] {taskinstance.py:1057} INFO - Marking task as SUCCESS.dag_id=football_dag, task_id=api_football, execution_date=20220617T000000, start_date=20220620T213237, end_date=20220620T213239
[2022-06-20 18:32:42,465] {local_task_job.py:102} INFO - Task exited with return code 0
