[2022-06-20 13:43:42,549] {taskinstance.py:670} INFO - Dependencies all met for <TaskInstance: football_dag.who_scored 2022-04-14T00:00:00+00:00 [queued]>
[2022-06-20 13:43:42,554] {taskinstance.py:670} INFO - Dependencies all met for <TaskInstance: football_dag.who_scored 2022-04-14T00:00:00+00:00 [queued]>
[2022-06-20 13:43:42,554] {taskinstance.py:880} INFO - 
--------------------------------------------------------------------------------
[2022-06-20 13:43:42,554] {taskinstance.py:881} INFO - Starting attempt 1 of 1
[2022-06-20 13:43:42,554] {taskinstance.py:882} INFO - 
--------------------------------------------------------------------------------
[2022-06-20 13:43:42,754] {taskinstance.py:901} INFO - Executing <Task(WhoScoredOperator): who_scored> on 2022-04-14T00:00:00+00:00
[2022-06-20 13:43:42,756] {standard_task_runner.py:54} INFO - Started process 7982 to run task
[2022-06-20 13:43:42,793] {standard_task_runner.py:77} INFO - Running: ['airflow', 'run', 'football_dag', 'who_scored', '2022-04-14T00:00:00+00:00', '--job_id', '69', '--pool', 'default_pool', '--raw', '-sd', 'DAGS_FOLDER/football_dag.py', '--cfg_path', '/tmp/tmpvar6yppr']
[2022-06-20 13:43:42,793] {standard_task_runner.py:78} INFO - Job 69: Subtask who_scored
[2022-06-20 13:43:43,116] {logging_mixin.py:112} INFO - Running <TaskInstance: football_dag.who_scored 2022-04-14T00:00:00+00:00 [running]> on host lucas-AB350M-DS3H-V2
[2022-06-20 13:43:43,124] {logging_mixin.py:112} INFO - 
[2022-06-20 13:43:43,124] {logger.py:16} INFO - ====== WebDriver manager ======
[2022-06-20 13:43:43,156] {logger.py:16} INFO - Current google-chrome version is 102.0.5005
[2022-06-20 13:43:43,156] {logger.py:16} INFO - Get LATEST chromedriver version for 102.0.5005 google-chrome
[2022-06-20 13:43:43,330] {logger.py:16} INFO - Driver [/home/lucas/.wdm/drivers/chromedriver/linux64/102.0.5005.61/chromedriver] found in cache
[2022-06-20 13:43:58,784] {taskinstance.py:1057} INFO - Marking task as SUCCESS.dag_id=football_dag, task_id=who_scored, execution_date=20220414T000000, start_date=20220620T164342, end_date=20220620T164358
[2022-06-20 13:44:02,386] {local_task_job.py:102} INFO - Task exited with return code 0
[2022-06-20 15:27:59,837] {taskinstance.py:670} INFO - Dependencies all met for <TaskInstance: football_dag.who_scored 2022-04-14T00:00:00+00:00 [queued]>
[2022-06-20 15:27:59,842] {taskinstance.py:670} INFO - Dependencies all met for <TaskInstance: football_dag.who_scored 2022-04-14T00:00:00+00:00 [queued]>
[2022-06-20 15:27:59,842] {taskinstance.py:880} INFO - 
--------------------------------------------------------------------------------
[2022-06-20 15:27:59,842] {taskinstance.py:881} INFO - Starting attempt 1 of 1
[2022-06-20 15:27:59,842] {taskinstance.py:882} INFO - 
--------------------------------------------------------------------------------
[2022-06-20 15:28:00,055] {taskinstance.py:901} INFO - Executing <Task(WhoScoredOperator): who_scored> on 2022-04-14T00:00:00+00:00
[2022-06-20 15:28:00,056] {standard_task_runner.py:54} INFO - Started process 29806 to run task
[2022-06-20 15:28:00,095] {standard_task_runner.py:77} INFO - Running: ['airflow', 'run', 'football_dag', 'who_scored', '2022-04-14T00:00:00+00:00', '--job_id', '67', '--pool', 'default_pool', '--raw', '-sd', 'DAGS_FOLDER/football_dag.py', '--cfg_path', '/tmp/tmpclzjpal8']
[2022-06-20 15:28:00,095] {standard_task_runner.py:78} INFO - Job 67: Subtask who_scored
[2022-06-20 15:28:00,229] {logging_mixin.py:112} INFO - Running <TaskInstance: football_dag.who_scored 2022-04-14T00:00:00+00:00 [running]> on host lucas-AB350M-DS3H-V2
[2022-06-20 15:28:00,237] {logging_mixin.py:112} INFO - 
[2022-06-20 15:28:00,237] {logger.py:16} INFO - ====== WebDriver manager ======
[2022-06-20 15:28:00,270] {logger.py:16} INFO - Current google-chrome version is 102.0.5005
[2022-06-20 15:28:00,270] {logger.py:16} INFO - Get LATEST chromedriver version for 102.0.5005 google-chrome
[2022-06-20 15:28:00,377] {logger.py:16} INFO - Driver [/home/lucas/.wdm/drivers/chromedriver/linux64/102.0.5005.61/chromedriver] found in cache
[2022-06-20 15:28:16,349] {taskinstance.py:1057} INFO - Marking task as SUCCESS.dag_id=football_dag, task_id=who_scored, execution_date=20220414T000000, start_date=20220620T182759, end_date=20220620T182816
[2022-06-20 15:28:19,692] {local_task_job.py:102} INFO - Task exited with return code 0
