[2022-06-19 21:20:13,541] {taskinstance.py:670} INFO - Dependencies all met for <TaskInstance: football_dag.odds_portal 2022-01-04T00:00:00+00:00 [queued]>
[2022-06-19 21:20:13,546] {taskinstance.py:670} INFO - Dependencies all met for <TaskInstance: football_dag.odds_portal 2022-01-04T00:00:00+00:00 [queued]>
[2022-06-19 21:20:13,546] {taskinstance.py:880} INFO - 
--------------------------------------------------------------------------------
[2022-06-19 21:20:13,546] {taskinstance.py:881} INFO - Starting attempt 1 of 1
[2022-06-19 21:20:13,546] {taskinstance.py:882} INFO - 
--------------------------------------------------------------------------------
[2022-06-19 21:20:14,119] {taskinstance.py:901} INFO - Executing <Task(OddsPortalOperator): odds_portal> on 2022-01-04T00:00:00+00:00
[2022-06-19 21:20:14,121] {standard_task_runner.py:54} INFO - Started process 6421 to run task
[2022-06-19 21:20:14,159] {standard_task_runner.py:77} INFO - Running: ['airflow', 'run', 'football_dag', 'odds_portal', '2022-01-04T00:00:00+00:00', '--job_id', '34', '--pool', 'default_pool', '--raw', '-sd', 'DAGS_FOLDER/football_dag.py', '--cfg_path', '/tmp/tmpydayguab']
[2022-06-19 21:20:14,162] {standard_task_runner.py:78} INFO - Job 34: Subtask odds_portal
[2022-06-19 21:20:14,836] {logging_mixin.py:112} INFO - Running <TaskInstance: football_dag.odds_portal 2022-01-04T00:00:00+00:00 [running]> on host lucas-AB350M-DS3H-V2
[2022-06-19 21:20:14,845] {logging_mixin.py:112} INFO - 
[2022-06-19 21:20:14,846] {logger.py:16} INFO - ====== WebDriver manager ======
[2022-06-19 21:20:14,879] {logger.py:16} INFO - Current google-chrome version is 102.0.5005
[2022-06-19 21:20:14,879] {logger.py:16} INFO - Get LATEST chromedriver version for 102.0.5005 google-chrome
[2022-06-19 21:20:15,655] {logger.py:16} INFO - About to download new driver from https://chromedriver.storage.googleapis.com/102.0.5005.61/chromedriver_linux64.zip
[2022-06-19 21:20:16,816] {logger.py:16} INFO - Driver has been saved in cache [/home/lucas/.wdm/drivers/chromedriver/linux64/102.0.5005.61]
[2022-06-19 21:20:44,022] {taskinstance.py:1057} INFO - Marking task as SUCCESS.dag_id=football_dag, task_id=odds_portal, execution_date=20220104T000000, start_date=20220620T002013, end_date=20220620T002044
[2022-06-19 21:20:47,714] {local_task_job.py:102} INFO - Task exited with return code 0
