[2022-06-19 21:40:29,895] {taskinstance.py:670} INFO - Dependencies all met for <TaskInstance: football_dag.who_scored 2022-04-12T00:00:00+00:00 [queued]>
[2022-06-19 21:40:29,902] {taskinstance.py:670} INFO - Dependencies all met for <TaskInstance: football_dag.who_scored 2022-04-12T00:00:00+00:00 [queued]>
[2022-06-19 21:40:29,902] {taskinstance.py:880} INFO - 
--------------------------------------------------------------------------------
[2022-06-19 21:40:29,902] {taskinstance.py:881} INFO - Starting attempt 1 of 1
[2022-06-19 21:40:29,902] {taskinstance.py:882} INFO - 
--------------------------------------------------------------------------------
[2022-06-19 21:40:30,134] {taskinstance.py:901} INFO - Executing <Task(WhoScoredOperator): who_scored> on 2022-04-12T00:00:00+00:00
[2022-06-19 21:40:30,136] {standard_task_runner.py:54} INFO - Started process 12582 to run task
[2022-06-19 21:40:30,177] {standard_task_runner.py:77} INFO - Running: ['airflow', 'run', 'football_dag', 'who_scored', '2022-04-12T00:00:00+00:00', '--job_id', '43', '--pool', 'default_pool', '--raw', '-sd', 'DAGS_FOLDER/football_dag.py', '--cfg_path', '/tmp/tmpux4stb8v']
[2022-06-19 21:40:30,177] {standard_task_runner.py:78} INFO - Job 43: Subtask who_scored
[2022-06-19 21:40:30,393] {logging_mixin.py:112} INFO - Running <TaskInstance: football_dag.who_scored 2022-04-12T00:00:00+00:00 [running]> on host lucas-AB350M-DS3H-V2
[2022-06-19 21:40:30,401] {logging_mixin.py:112} INFO - 
[2022-06-19 21:40:30,401] {logger.py:16} INFO - ====== WebDriver manager ======
[2022-06-19 21:40:30,433] {logger.py:16} INFO - Current google-chrome version is 102.0.5005
[2022-06-19 21:40:30,433] {logger.py:16} INFO - Get LATEST chromedriver version for 102.0.5005 google-chrome
[2022-06-19 21:40:30,604] {logger.py:16} INFO - Driver [/home/lucas/.wdm/drivers/chromedriver/linux64/102.0.5005.61/chromedriver] found in cache
[2022-06-19 21:41:01,747] {taskinstance.py:1057} INFO - Marking task as SUCCESS.dag_id=football_dag, task_id=who_scored, execution_date=20220412T000000, start_date=20220620T004029, end_date=20220620T004101
[2022-06-19 21:41:04,707] {local_task_job.py:102} INFO - Task exited with return code 0
[2022-06-20 13:39:56,908] {taskinstance.py:670} INFO - Dependencies all met for <TaskInstance: football_dag.who_scored 2022-04-12T00:00:00+00:00 [queued]>
[2022-06-20 13:39:56,932] {taskinstance.py:670} INFO - Dependencies all met for <TaskInstance: football_dag.who_scored 2022-04-12T00:00:00+00:00 [queued]>
[2022-06-20 13:39:56,932] {taskinstance.py:880} INFO - 
--------------------------------------------------------------------------------
[2022-06-20 13:39:56,932] {taskinstance.py:881} INFO - Starting attempt 1 of 1
[2022-06-20 13:39:56,932] {taskinstance.py:882} INFO - 
--------------------------------------------------------------------------------
[2022-06-20 13:39:57,124] {taskinstance.py:901} INFO - Executing <Task(WhoScoredOperator): who_scored> on 2022-04-12T00:00:00+00:00
[2022-06-20 13:39:57,125] {standard_task_runner.py:54} INFO - Started process 6823 to run task
[2022-06-20 13:39:57,162] {standard_task_runner.py:77} INFO - Running: ['airflow', 'run', 'football_dag', 'who_scored', '2022-04-12T00:00:00+00:00', '--job_id', '63', '--pool', 'default_pool', '--raw', '-sd', 'DAGS_FOLDER/football_dag.py', '--cfg_path', '/tmp/tmpkai5pbnv']
[2022-06-20 13:39:57,162] {standard_task_runner.py:78} INFO - Job 63: Subtask who_scored
[2022-06-20 13:39:57,290] {logging_mixin.py:112} INFO - Running <TaskInstance: football_dag.who_scored 2022-04-12T00:00:00+00:00 [running]> on host lucas-AB350M-DS3H-V2
[2022-06-20 13:39:57,299] {logging_mixin.py:112} INFO - 
[2022-06-20 13:39:57,299] {logger.py:16} INFO - ====== WebDriver manager ======
[2022-06-20 13:39:57,331] {logger.py:16} INFO - Current google-chrome version is 102.0.5005
[2022-06-20 13:39:57,331] {logger.py:16} INFO - Get LATEST chromedriver version for 102.0.5005 google-chrome
[2022-06-20 13:39:57,434] {logger.py:16} INFO - Driver [/home/lucas/.wdm/drivers/chromedriver/linux64/102.0.5005.61/chromedriver] found in cache
[2022-06-20 13:40:16,492] {taskinstance.py:1057} INFO - Marking task as SUCCESS.dag_id=football_dag, task_id=who_scored, execution_date=20220412T000000, start_date=20220620T163956, end_date=20220620T164016
[2022-06-20 13:40:16,752] {local_task_job.py:102} INFO - Task exited with return code 0
[2022-06-20 15:24:13,539] {taskinstance.py:670} INFO - Dependencies all met for <TaskInstance: football_dag.who_scored 2022-04-12T00:00:00+00:00 [queued]>
[2022-06-20 15:24:13,544] {taskinstance.py:670} INFO - Dependencies all met for <TaskInstance: football_dag.who_scored 2022-04-12T00:00:00+00:00 [queued]>
[2022-06-20 15:24:13,544] {taskinstance.py:880} INFO - 
--------------------------------------------------------------------------------
[2022-06-20 15:24:13,544] {taskinstance.py:881} INFO - Starting attempt 1 of 1
[2022-06-20 15:24:13,544] {taskinstance.py:882} INFO - 
--------------------------------------------------------------------------------
[2022-06-20 15:24:14,037] {taskinstance.py:901} INFO - Executing <Task(WhoScoredOperator): who_scored> on 2022-04-12T00:00:00+00:00
[2022-06-20 15:24:14,039] {standard_task_runner.py:54} INFO - Started process 28594 to run task
[2022-06-20 15:24:14,076] {standard_task_runner.py:77} INFO - Running: ['airflow', 'run', 'football_dag', 'who_scored', '2022-04-12T00:00:00+00:00', '--job_id', '61', '--pool', 'default_pool', '--raw', '-sd', 'DAGS_FOLDER/football_dag.py', '--cfg_path', '/tmp/tmp6e14731n']
[2022-06-20 15:24:14,077] {standard_task_runner.py:78} INFO - Job 61: Subtask who_scored
[2022-06-20 15:24:14,197] {logging_mixin.py:112} INFO - Running <TaskInstance: football_dag.who_scored 2022-04-12T00:00:00+00:00 [running]> on host lucas-AB350M-DS3H-V2
[2022-06-20 15:24:14,205] {logging_mixin.py:112} INFO - 
[2022-06-20 15:24:14,205] {logger.py:16} INFO - ====== WebDriver manager ======
[2022-06-20 15:24:14,237] {logger.py:16} INFO - Current google-chrome version is 102.0.5005
[2022-06-20 15:24:14,237] {logger.py:16} INFO - Get LATEST chromedriver version for 102.0.5005 google-chrome
[2022-06-20 15:24:14,345] {logger.py:16} INFO - Driver [/home/lucas/.wdm/drivers/chromedriver/linux64/102.0.5005.61/chromedriver] found in cache
[2022-06-20 15:24:29,955] {taskinstance.py:1057} INFO - Marking task as SUCCESS.dag_id=football_dag, task_id=who_scored, execution_date=20220412T000000, start_date=20220620T182413, end_date=20220620T182429
[2022-06-20 15:24:33,805] {local_task_job.py:102} INFO - Task exited with return code 0
[2022-06-20 22:39:48,291] {taskinstance.py:670} INFO - Dependencies all met for <TaskInstance: football_dag.who_scored 2022-04-12T00:00:00+00:00 [queued]>
[2022-06-20 22:39:48,296] {taskinstance.py:670} INFO - Dependencies all met for <TaskInstance: football_dag.who_scored 2022-04-12T00:00:00+00:00 [queued]>
[2022-06-20 22:39:48,296] {taskinstance.py:880} INFO - 
--------------------------------------------------------------------------------
[2022-06-20 22:39:48,296] {taskinstance.py:881} INFO - Starting attempt 1 of 1
[2022-06-20 22:39:48,296] {taskinstance.py:882} INFO - 
--------------------------------------------------------------------------------
[2022-06-20 22:39:48,572] {taskinstance.py:901} INFO - Executing <Task(WhoScoredOperator): who_scored> on 2022-04-12T00:00:00+00:00
[2022-06-20 22:39:48,574] {standard_task_runner.py:54} INFO - Started process 74912 to run task
[2022-06-20 22:39:48,612] {standard_task_runner.py:77} INFO - Running: ['airflow', 'run', 'football_dag', 'who_scored', '2022-04-12T00:00:00+00:00', '--job_id', '105', '--pool', 'default_pool', '--raw', '-sd', 'DAGS_FOLDER/football_dag.py', '--cfg_path', '/tmp/tmpy8mxeb10']
[2022-06-20 22:39:48,612] {standard_task_runner.py:78} INFO - Job 105: Subtask who_scored
[2022-06-20 22:39:48,829] {logging_mixin.py:112} INFO - Running <TaskInstance: football_dag.who_scored 2022-04-12T00:00:00+00:00 [running]> on host lucas-AB350M-DS3H-V2
[2022-06-20 22:39:48,837] {logging_mixin.py:112} INFO - 
[2022-06-20 22:39:48,837] {logger.py:16} INFO - ====== WebDriver manager ======
[2022-06-20 22:39:48,872] {logger.py:16} INFO - Current google-chrome version is 102.0.5005
[2022-06-20 22:39:48,872] {logger.py:16} INFO - Get LATEST chromedriver version for 102.0.5005 google-chrome
[2022-06-20 22:39:48,981] {logger.py:16} INFO - Driver [/home/lucas/.wdm/drivers/chromedriver/linux64/102.0.5005.61/chromedriver] found in cache
[2022-06-20 22:39:51,979] {taskinstance.py:1150} ERROR - Message: unknown error: cannot determine loading status
from disconnected: received Inspector.detached event
  (Session info: chrome=102.0.5005.115)
Stacktrace:
#0 0x560526ba5f33 <unknown>
#1 0x5605268f0118 <unknown>
#2 0x5605268dbff5 <unknown>
#3 0x5605268dba55 <unknown>
#4 0x5605268daf15 <unknown>
#5 0x5605268d9c0f <unknown>
#6 0x5605268da19c <unknown>
#7 0x5605268e9ba5 <unknown>
#8 0x5605268db7a6 <unknown>
#9 0x5605268dc6bb <unknown>
#10 0x5605268dba72 <unknown>
#11 0x5605268daf15 <unknown>
#12 0x5605268d9c0f <unknown>
#13 0x5605268da042 <unknown>
#14 0x5605268f1b92 <unknown>
#15 0x560526957a3f <unknown>
#16 0x560526943f72 <unknown>
#17 0x5605269572e4 <unknown>
#18 0x560526943e63 <unknown>
#19 0x56052691982a <unknown>
#20 0x56052691a985 <unknown>
#21 0x560526bea4cd <unknown>
#22 0x560526bee5ec <unknown>
#23 0x560526bd471e <unknown>
#24 0x560526bef238 <unknown>
#25 0x560526bc9870 <unknown>
#26 0x560526c0b608 <unknown>
#27 0x560526c0b788 <unknown>
#28 0x560526c25f1d <unknown>
#29 0x7f13aeedbb43 <unknown>
Traceback (most recent call last):
  File "/home/lucas/pipeline-data/.env/lib/python3.9/site-packages/airflow/models/taskinstance.py", line 984, in _run_raw_task
    result = task_copy.execute(context=context)
  File "/home/lucas/pipeline-data/airflow/plugins/operators/who_scored_operator.py", line 38, in execute
    games = hook.run()
  File "/home/lucas/pipeline-data/airflow/plugins/hooks/who_scored_hook.py", line 180, in run
    self.connect_to_website()
  File "/home/lucas/pipeline-data/airflow/plugins/hooks/who_scored_hook.py", line 37, in connect_to_website
    self.driver.get(url)
  File "/home/lucas/pipeline-data/.env/lib/python3.9/site-packages/selenium/webdriver/remote/webdriver.py", line 442, in get
    self.execute(Command.GET, {'url': url})
  File "/home/lucas/pipeline-data/.env/lib/python3.9/site-packages/selenium/webdriver/remote/webdriver.py", line 430, in execute
    self.error_handler.check_response(response)
  File "/home/lucas/pipeline-data/.env/lib/python3.9/site-packages/selenium/webdriver/remote/errorhandler.py", line 247, in check_response
    raise exception_class(message, screen, stacktrace)
selenium.common.exceptions.WebDriverException: Message: unknown error: cannot determine loading status
from disconnected: received Inspector.detached event
  (Session info: chrome=102.0.5005.115)
Stacktrace:
#0 0x560526ba5f33 <unknown>
#1 0x5605268f0118 <unknown>
#2 0x5605268dbff5 <unknown>
#3 0x5605268dba55 <unknown>
#4 0x5605268daf15 <unknown>
#5 0x5605268d9c0f <unknown>
#6 0x5605268da19c <unknown>
#7 0x5605268e9ba5 <unknown>
#8 0x5605268db7a6 <unknown>
#9 0x5605268dc6bb <unknown>
#10 0x5605268dba72 <unknown>
#11 0x5605268daf15 <unknown>
#12 0x5605268d9c0f <unknown>
#13 0x5605268da042 <unknown>
#14 0x5605268f1b92 <unknown>
#15 0x560526957a3f <unknown>
#16 0x560526943f72 <unknown>
#17 0x5605269572e4 <unknown>
#18 0x560526943e63 <unknown>
#19 0x56052691982a <unknown>
#20 0x56052691a985 <unknown>
#21 0x560526bea4cd <unknown>
#22 0x560526bee5ec <unknown>
#23 0x560526bd471e <unknown>
#24 0x560526bef238 <unknown>
#25 0x560526bc9870 <unknown>
#26 0x560526c0b608 <unknown>
#27 0x560526c0b788 <unknown>
#28 0x560526c25f1d <unknown>
#29 0x7f13aeedbb43 <unknown>

[2022-06-20 22:39:51,981] {taskinstance.py:1187} INFO - Marking task as FAILED. dag_id=football_dag, task_id=who_scored, execution_date=20220412T000000, start_date=20220621T013948, end_date=20220621T013951
[2022-06-20 22:39:53,030] {local_task_job.py:102} INFO - Task exited with return code 1
[2022-06-21 09:43:44,432] {taskinstance.py:670} INFO - Dependencies all met for <TaskInstance: football_dag.who_scored 2022-04-12T00:00:00+00:00 [queued]>
[2022-06-21 09:43:44,465] {taskinstance.py:670} INFO - Dependencies all met for <TaskInstance: football_dag.who_scored 2022-04-12T00:00:00+00:00 [queued]>
[2022-06-21 09:43:44,465] {taskinstance.py:880} INFO - 
--------------------------------------------------------------------------------
[2022-06-21 09:43:44,465] {taskinstance.py:881} INFO - Starting attempt 1 of 1
[2022-06-21 09:43:44,465] {taskinstance.py:882} INFO - 
--------------------------------------------------------------------------------
[2022-06-21 09:43:44,617] {taskinstance.py:901} INFO - Executing <Task(WhoScoredOperator): who_scored> on 2022-04-12T00:00:00+00:00
[2022-06-21 09:43:44,618] {standard_task_runner.py:54} INFO - Started process 8459 to run task
[2022-06-21 09:43:44,656] {standard_task_runner.py:77} INFO - Running: ['airflow', 'run', 'football_dag', 'who_scored', '2022-04-12T00:00:00+00:00', '--job_id', '108', '--pool', 'default_pool', '--raw', '-sd', 'DAGS_FOLDER/football_dag.py', '--cfg_path', '/tmp/tmpaafnlgyr']
[2022-06-21 09:43:44,656] {standard_task_runner.py:78} INFO - Job 108: Subtask who_scored
[2022-06-21 09:43:44,792] {logging_mixin.py:112} INFO - Running <TaskInstance: football_dag.who_scored 2022-04-12T00:00:00+00:00 [running]> on host lucas-AB350M-DS3H-V2
[2022-06-21 09:43:44,801] {logging_mixin.py:112} INFO - 
[2022-06-21 09:43:44,801] {logger.py:16} INFO - ====== WebDriver manager ======
[2022-06-21 09:43:44,833] {logger.py:16} INFO - Current google-chrome version is 102.0.5005
[2022-06-21 09:43:44,833] {logger.py:16} INFO - Get LATEST chromedriver version for 102.0.5005 google-chrome
[2022-06-21 09:43:45,009] {logger.py:16} INFO - Driver [/home/lucas/.wdm/drivers/chromedriver/linux64/102.0.5005.61/chromedriver] found in cache
[2022-06-21 09:43:54,555] {local_task_job.py:156} WARNING - State of this instance has been externally set to None. Taking the poison pill.
[2022-06-21 09:43:54,561] {helpers.py:325} INFO - Sending Signals.SIGTERM to GPID 8459
[2022-06-21 09:43:54,561] {taskinstance.py:955} ERROR - Received SIGTERM. Terminating subprocesses.
[2022-06-21 09:43:54,575] {helpers.py:291} INFO - Process psutil.Process(pid=8553, status='terminated', started='09:43:45') (8553) terminated with exit code None
[2022-06-21 09:43:54,601] {helpers.py:291} INFO - Process psutil.Process(pid=8521, status='terminated', started='09:43:45') (8521) terminated with exit code None
[2022-06-21 09:43:54,565] {taskinstance.py:1150} ERROR - Task received SIGTERM signal
Traceback (most recent call last):
  File "/home/lucas/pipeline-data/.env/lib/python3.9/site-packages/airflow/models/taskinstance.py", line 984, in _run_raw_task
    result = task_copy.execute(context=context)
  File "/home/lucas/pipeline-data/airflow/plugins/operators/who_scored_operator.py", line 38, in execute
    games = hook.run()
  File "/home/lucas/pipeline-data/airflow/plugins/hooks/who_scored_hook.py", line 182, in run
    self.wait(3)
  File "/home/lucas/pipeline-data/airflow/plugins/hooks/who_scored_hook.py", line 31, in wait
    time.sleep(seconds)
  File "/home/lucas/pipeline-data/.env/lib/python3.9/site-packages/airflow/models/taskinstance.py", line 957, in signal_handler
    raise AirflowException("Task received SIGTERM signal")
airflow.exceptions.AirflowException: Task received SIGTERM signal
[2022-06-21 09:43:54,670] {taskinstance.py:1187} INFO - Marking task as FAILED. dag_id=football_dag, task_id=who_scored, execution_date=20220412T000000, start_date=20220621T124344, end_date=20220621T124354
[2022-06-21 09:43:54,693] {helpers.py:291} INFO - Process psutil.Process(pid=8495, status='terminated', started='09:43:45') (8495) terminated with exit code None
[2022-06-21 09:43:54,798] {helpers.py:291} INFO - Process psutil.Process(pid=8493, status='terminated', started='09:43:45') (8493) terminated with exit code None
[2022-06-21 09:43:54,798] {helpers.py:291} INFO - Process psutil.Process(pid=8483, status='terminated', started='09:43:45') (8483) terminated with exit code None
[2022-06-21 09:43:54,798] {helpers.py:291} INFO - Process psutil.Process(pid=8494, status='terminated', started='09:43:45') (8494) terminated with exit code None
[2022-06-21 09:43:54,798] {helpers.py:291} INFO - Process psutil.Process(pid=8478, status='terminated', started='09:43:45') (8478) terminated with exit code None
[2022-06-21 09:43:54,798] {helpers.py:291} INFO - Process psutil.Process(pid=8498, status='terminated', started='09:43:45') (8498) terminated with exit code None
[2022-06-21 09:43:54,798] {helpers.py:291} INFO - Process psutil.Process(pid=8524, status='terminated', started='09:43:45') (8524) terminated with exit code None
[2022-06-21 09:43:54,798] {helpers.py:291} INFO - Process psutil.Process(pid=8588, status='terminated', started='09:43:45') (8588) terminated with exit code None
[2022-06-21 09:43:54,982] {helpers.py:291} INFO - Process psutil.Process(pid=8482, status='terminated', started='09:43:45') (8482) terminated with exit code None
[2022-06-21 09:43:55,074] {helpers.py:291} INFO - Process psutil.Process(pid=8472, status='terminated', started='09:43:44') (8472) terminated with exit code None
[2022-06-21 09:43:55,074] {helpers.py:291} INFO - Process psutil.Process(pid=8459, status='terminated', exitcode=1, started='09:43:44') (8459) terminated with exit code 1
[2022-06-21 09:43:55,074] {helpers.py:291} INFO - Process psutil.Process(pid=8522, status='terminated', started='09:43:45') (8522) terminated with exit code None
[2022-06-21 09:43:55,075] {local_task_job.py:102} INFO - Task exited with return code 1
[2022-06-21 10:09:39,757] {taskinstance.py:670} INFO - Dependencies all met for <TaskInstance: football_dag.who_scored 2022-04-12T00:00:00+00:00 [queued]>
[2022-06-21 10:09:39,762] {taskinstance.py:670} INFO - Dependencies all met for <TaskInstance: football_dag.who_scored 2022-04-12T00:00:00+00:00 [queued]>
[2022-06-21 10:09:39,762] {taskinstance.py:880} INFO - 
--------------------------------------------------------------------------------
[2022-06-21 10:09:39,762] {taskinstance.py:881} INFO - Starting attempt 1 of 1
[2022-06-21 10:09:39,762] {taskinstance.py:882} INFO - 
--------------------------------------------------------------------------------
[2022-06-21 10:09:39,918] {taskinstance.py:901} INFO - Executing <Task(WhoScoredOperator): who_scored> on 2022-04-12T00:00:00+00:00
[2022-06-21 10:09:39,919] {standard_task_runner.py:54} INFO - Started process 16051 to run task
[2022-06-21 10:09:39,956] {standard_task_runner.py:77} INFO - Running: ['airflow', 'run', 'football_dag', 'who_scored', '2022-04-12T00:00:00+00:00', '--job_id', '128', '--pool', 'default_pool', '--raw', '-sd', 'DAGS_FOLDER/football_dag.py', '--cfg_path', '/tmp/tmpykzxlw5_']
[2022-06-21 10:09:39,956] {standard_task_runner.py:78} INFO - Job 128: Subtask who_scored
[2022-06-21 10:09:40,106] {logging_mixin.py:112} INFO - Running <TaskInstance: football_dag.who_scored 2022-04-12T00:00:00+00:00 [running]> on host lucas-AB350M-DS3H-V2
[2022-06-21 10:09:40,114] {logging_mixin.py:112} INFO - 
[2022-06-21 10:09:40,114] {logger.py:16} INFO - ====== WebDriver manager ======
[2022-06-21 10:09:40,147] {logger.py:16} INFO - Current google-chrome version is 102.0.5005
[2022-06-21 10:09:40,147] {logger.py:16} INFO - Get LATEST chromedriver version for 102.0.5005 google-chrome
[2022-06-21 10:09:40,255] {logger.py:16} INFO - Driver [/home/lucas/.wdm/drivers/chromedriver/linux64/102.0.5005.61/chromedriver] found in cache
[2022-06-21 10:09:56,103] {taskinstance.py:1057} INFO - Marking task as SUCCESS.dag_id=football_dag, task_id=who_scored, execution_date=20220412T000000, start_date=20220621T130939, end_date=20220621T130956
[2022-06-21 10:09:59,611] {local_task_job.py:102} INFO - Task exited with return code 0
[2022-06-21 10:52:18,210] {taskinstance.py:670} INFO - Dependencies all met for <TaskInstance: football_dag.who_scored 2022-04-12T00:00:00+00:00 [queued]>
[2022-06-21 10:52:18,215] {taskinstance.py:670} INFO - Dependencies all met for <TaskInstance: football_dag.who_scored 2022-04-12T00:00:00+00:00 [queued]>
[2022-06-21 10:52:18,215] {taskinstance.py:880} INFO - 
--------------------------------------------------------------------------------
[2022-06-21 10:52:18,215] {taskinstance.py:881} INFO - Starting attempt 1 of 1
[2022-06-21 10:52:18,215] {taskinstance.py:882} INFO - 
--------------------------------------------------------------------------------
[2022-06-21 10:52:18,434] {taskinstance.py:901} INFO - Executing <Task(WhoScoredOperator): who_scored> on 2022-04-12T00:00:00+00:00
[2022-06-21 10:52:18,436] {standard_task_runner.py:54} INFO - Started process 23275 to run task
[2022-06-21 10:52:18,472] {standard_task_runner.py:77} INFO - Running: ['airflow', 'run', 'football_dag', 'who_scored', '2022-04-12T00:00:00+00:00', '--job_id', '129', '--pool', 'default_pool', '--raw', '-sd', 'DAGS_FOLDER/football_dag.py', '--cfg_path', '/tmp/tmplovuyxb3']
[2022-06-21 10:52:18,472] {standard_task_runner.py:78} INFO - Job 129: Subtask who_scored
[2022-06-21 10:52:18,619] {logging_mixin.py:112} INFO - Running <TaskInstance: football_dag.who_scored 2022-04-12T00:00:00+00:00 [running]> on host lucas-AB350M-DS3H-V2
[2022-06-21 10:52:18,628] {logging_mixin.py:112} INFO - 
[2022-06-21 10:52:18,628] {logger.py:16} INFO - ====== WebDriver manager ======
[2022-06-21 10:52:18,660] {logger.py:16} INFO - Current google-chrome version is 102.0.5005
[2022-06-21 10:52:18,660] {logger.py:16} INFO - Get LATEST chromedriver version for 102.0.5005 google-chrome
[2022-06-21 10:52:18,769] {logger.py:16} INFO - Driver [/home/lucas/.wdm/drivers/chromedriver/linux64/102.0.5005.61/chromedriver] found in cache
[2022-06-21 10:52:35,125] {taskinstance.py:1057} INFO - Marking task as SUCCESS.dag_id=football_dag, task_id=who_scored, execution_date=20220412T000000, start_date=20220621T135218, end_date=20220621T135235
[2022-06-21 10:52:38,042] {local_task_job.py:102} INFO - Task exited with return code 0
