[2022-06-20 13:48:21,604] {taskinstance.py:670} INFO - Dependencies all met for <TaskInstance: football_dag.api_football 2022-04-17T00:00:00+00:00 [queued]>
[2022-06-20 13:48:21,609] {taskinstance.py:670} INFO - Dependencies all met for <TaskInstance: football_dag.api_football 2022-04-17T00:00:00+00:00 [queued]>
[2022-06-20 13:48:21,609] {taskinstance.py:880} INFO - 
--------------------------------------------------------------------------------
[2022-06-20 13:48:21,609] {taskinstance.py:881} INFO - Starting attempt 1 of 1
[2022-06-20 13:48:21,609] {taskinstance.py:882} INFO - 
--------------------------------------------------------------------------------
[2022-06-20 13:48:21,786] {taskinstance.py:901} INFO - Executing <Task(ApiFootballOperator): api_football> on 2022-04-17T00:00:00+00:00
[2022-06-20 13:48:21,788] {standard_task_runner.py:54} INFO - Started process 9399 to run task
[2022-06-20 13:48:21,825] {standard_task_runner.py:77} INFO - Running: ['airflow', 'run', 'football_dag', 'api_football', '2022-04-17T00:00:00+00:00', '--job_id', '76', '--pool', 'default_pool', '--raw', '-sd', 'DAGS_FOLDER/football_dag.py', '--cfg_path', '/tmp/tmpn67v7mws']
[2022-06-20 13:48:21,825] {standard_task_runner.py:78} INFO - Job 76: Subtask api_football
[2022-06-20 13:48:21,984] {logging_mixin.py:112} INFO - Running <TaskInstance: football_dag.api_football 2022-04-17T00:00:00+00:00 [running]> on host lucas-AB350M-DS3H-V2
[2022-06-20 13:48:21,996] {base_hook.py:89} INFO - Using connection to: id: api_football_default. Host: https://api-football-v1.p.rapidapi.com/v3, Port: None, Schema: None, Login: None, Password: None, extra: XXXXXXXX
[2022-06-20 13:48:21,997] {api_football_hook.py:36} INFO - URL: https://api-football-v1.p.rapidapi.com/v3/fixtures?season=2022&from=2022-04-01&to=2022-06-15&league=71&timezone=America%2FSao_Paulo
[2022-06-20 13:48:22,059] {logging_mixin.py:112} WARNING - /home/lucas/pipeline-data/.env/lib/python3.9/site-packages/urllib3/connectionpool.py:981: InsecureRequestWarning: Unverified HTTPS request is being made to host 'api-football-v1.p.rapidapi.com'. Adding certificate verification is strongly advised. See: https://urllib3.readthedocs.io/en/latest/advanced-usage.html#ssl-warnings
  warnings.warn(
[2022-06-20 13:48:22,942] {taskinstance.py:1057} INFO - Marking task as SUCCESS.dag_id=football_dag, task_id=api_football, execution_date=20220417T000000, start_date=20220620T164821, end_date=20220620T164822
[2022-06-20 13:48:26,461] {local_task_job.py:102} INFO - Task exited with return code 0
[2022-06-20 15:32:59,787] {taskinstance.py:670} INFO - Dependencies all met for <TaskInstance: football_dag.api_football 2022-04-17T00:00:00+00:00 [queued]>
[2022-06-20 15:32:59,792] {taskinstance.py:670} INFO - Dependencies all met for <TaskInstance: football_dag.api_football 2022-04-17T00:00:00+00:00 [queued]>
[2022-06-20 15:32:59,792] {taskinstance.py:880} INFO - 
--------------------------------------------------------------------------------
[2022-06-20 15:32:59,792] {taskinstance.py:881} INFO - Starting attempt 1 of 1
[2022-06-20 15:32:59,792] {taskinstance.py:882} INFO - 
--------------------------------------------------------------------------------
[2022-06-20 15:33:00,123] {taskinstance.py:901} INFO - Executing <Task(ApiFootballOperator): api_football> on 2022-04-17T00:00:00+00:00
[2022-06-20 15:33:00,125] {standard_task_runner.py:54} INFO - Started process 31399 to run task
[2022-06-20 15:33:00,163] {standard_task_runner.py:77} INFO - Running: ['airflow', 'run', 'football_dag', 'api_football', '2022-04-17T00:00:00+00:00', '--job_id', '74', '--pool', 'default_pool', '--raw', '-sd', 'DAGS_FOLDER/football_dag.py', '--cfg_path', '/tmp/tmp_7qwwmtq']
[2022-06-20 15:33:00,163] {standard_task_runner.py:78} INFO - Job 74: Subtask api_football
[2022-06-20 15:33:00,618] {logging_mixin.py:112} INFO - Running <TaskInstance: football_dag.api_football 2022-04-17T00:00:00+00:00 [running]> on host lucas-AB350M-DS3H-V2
[2022-06-20 15:33:00,629] {base_hook.py:89} INFO - Using connection to: id: api_football_default. Host: https://api-football-v1.p.rapidapi.com/v3, Port: None, Schema: None, Login: None, Password: None, extra: XXXXXXXX
[2022-06-20 15:33:00,630] {api_football_hook.py:34} INFO - URL: https://api-football-v1.p.rapidapi.com/v3/fixtures?season=2022&from=2022-04-16&to=2022-04-16&league=71&timezone=America%2FSao_Paulo
[2022-06-20 15:33:00,828] {logging_mixin.py:112} WARNING - /home/lucas/pipeline-data/.env/lib/python3.9/site-packages/urllib3/connectionpool.py:981: InsecureRequestWarning: Unverified HTTPS request is being made to host 'api-football-v1.p.rapidapi.com'. Adding certificate verification is strongly advised. See: https://urllib3.readthedocs.io/en/latest/advanced-usage.html#ssl-warnings
  warnings.warn(
[2022-06-20 15:33:01,771] {taskinstance.py:1057} INFO - Marking task as SUCCESS.dag_id=football_dag, task_id=api_football, execution_date=20220417T000000, start_date=20220620T183259, end_date=20220620T183301
[2022-06-20 15:33:04,049] {local_task_job.py:102} INFO - Task exited with return code 0
