[2022-06-19 23:06:29,723] {taskinstance.py:670} INFO - Dependencies all met for <TaskInstance: football_dag.odds_portal 2022-04-09T00:00:00+00:00 [queued]>
[2022-06-19 23:06:29,728] {taskinstance.py:670} INFO - Dependencies all met for <TaskInstance: football_dag.odds_portal 2022-04-09T00:00:00+00:00 [queued]>
[2022-06-19 23:06:29,728] {taskinstance.py:880} INFO - 
--------------------------------------------------------------------------------
[2022-06-19 23:06:29,728] {taskinstance.py:881} INFO - Starting attempt 2 of 2
[2022-06-19 23:06:29,728] {taskinstance.py:882} INFO - 
--------------------------------------------------------------------------------
[2022-06-19 23:06:29,893] {taskinstance.py:901} INFO - Executing <Task(OddsPortalOperator): odds_portal> on 2022-04-09T00:00:00+00:00
[2022-06-19 23:06:29,895] {standard_task_runner.py:54} INFO - Started process 28253 to run task
[2022-06-19 23:06:29,932] {standard_task_runner.py:77} INFO - Running: ['airflow', 'run', 'football_dag', 'odds_portal', '2022-04-09T00:00:00+00:00', '--job_id', '43', '--pool', 'default_pool', '--raw', '-sd', 'DAGS_FOLDER/football_dag.py', '--cfg_path', '/tmp/tmpqcva59jv']
[2022-06-19 23:06:29,933] {standard_task_runner.py:78} INFO - Job 43: Subtask odds_portal
[2022-06-19 23:06:30,082] {logging_mixin.py:112} INFO - Running <TaskInstance: football_dag.odds_portal 2022-04-09T00:00:00+00:00 [running]> on host lucas-AB350M-DS3H-V2
[2022-06-19 23:06:30,090] {taskinstance.py:1150} ERROR - __init__() got an unexpected keyword argument 'season'
Traceback (most recent call last):
  File "/home/lucas/pipeline-data/.env/lib/python3.9/site-packages/airflow/models/taskinstance.py", line 984, in _run_raw_task
    result = task_copy.execute(context=context)
  File "/home/lucas/pipeline-data/airflow/plugins/operators/odds_portal_operator.py", line 44, in execute
    hook = OddsPortalHook(
TypeError: __init__() got an unexpected keyword argument 'season'
[2022-06-19 23:06:30,091] {taskinstance.py:1187} INFO - Marking task as FAILED. dag_id=football_dag, task_id=odds_portal, execution_date=20220409T000000, start_date=20220620T020629, end_date=20220620T020630
[2022-06-19 23:06:34,558] {local_task_job.py:102} INFO - Task exited with return code 1
