[2022-06-19 21:31:53,585] {taskinstance.py:670} INFO - Dependencies all met for <TaskInstance: football_dag.api_football 2022-04-09T00:00:00+00:00 [queued]>
[2022-06-19 21:31:53,589] {taskinstance.py:670} INFO - Dependencies all met for <TaskInstance: football_dag.api_football 2022-04-09T00:00:00+00:00 [queued]>
[2022-06-19 21:31:53,590] {taskinstance.py:880} INFO - 
--------------------------------------------------------------------------------
[2022-06-19 21:31:53,590] {taskinstance.py:881} INFO - Starting attempt 1 of 1
[2022-06-19 21:31:53,590] {taskinstance.py:882} INFO - 
--------------------------------------------------------------------------------
[2022-06-19 21:31:54,274] {taskinstance.py:901} INFO - Executing <Task(ApiFootballOperator): api_football> on 2022-04-09T00:00:00+00:00
[2022-06-19 21:31:54,275] {standard_task_runner.py:54} INFO - Started process 9273 to run task
[2022-06-19 21:31:54,312] {standard_task_runner.py:77} INFO - Running: ['airflow', 'run', 'football_dag', 'api_football', '2022-04-09T00:00:00+00:00', '--job_id', '35', '--pool', 'default_pool', '--raw', '-sd', 'DAGS_FOLDER/football_dag.py', '--cfg_path', '/tmp/tmp4x81hy1o']
[2022-06-19 21:31:54,312] {standard_task_runner.py:78} INFO - Job 35: Subtask api_football
[2022-06-19 21:31:54,463] {logging_mixin.py:112} INFO - Running <TaskInstance: football_dag.api_football 2022-04-09T00:00:00+00:00 [running]> on host lucas-AB350M-DS3H-V2
[2022-06-19 21:31:54,474] {base_hook.py:89} INFO - Using connection to: id: api_football_default. Host: https://api-football-v1.p.rapidapi.com/v3, Port: None, Schema: None, Login: None, Password: None, extra: XXXXXXXX
[2022-06-19 21:31:54,475] {api_football_hook.py:36} INFO - URL: https://api-football-v1.p.rapidapi.com/v3/fixtures?season=2022&from=2022-04-01&to=2022-06-15&league=71&timezone=America%2FSao_Paulo
[2022-06-19 21:31:54,638] {logging_mixin.py:112} WARNING - /home/lucas/pipeline-data/.env/lib/python3.9/site-packages/urllib3/connectionpool.py:981: InsecureRequestWarning: Unverified HTTPS request is being made to host 'api-football-v1.p.rapidapi.com'. Adding certificate verification is strongly advised. See: https://urllib3.readthedocs.io/en/latest/advanced-usage.html#ssl-warnings
  warnings.warn(
[2022-06-19 21:31:55,521] {taskinstance.py:1057} INFO - Marking task as SUCCESS.dag_id=football_dag, task_id=api_football, execution_date=20220409T000000, start_date=20220620T003153, end_date=20220620T003155
[2022-06-19 21:31:58,406] {local_task_job.py:102} INFO - Task exited with return code 0
[2022-06-20 13:35:23,008] {taskinstance.py:670} INFO - Dependencies all met for <TaskInstance: football_dag.api_football 2022-04-09T00:00:00+00:00 [queued]>
[2022-06-20 13:35:23,041] {taskinstance.py:670} INFO - Dependencies all met for <TaskInstance: football_dag.api_football 2022-04-09T00:00:00+00:00 [queued]>
[2022-06-20 13:35:23,041] {taskinstance.py:880} INFO - 
--------------------------------------------------------------------------------
[2022-06-20 13:35:23,041] {taskinstance.py:881} INFO - Starting attempt 1 of 1
[2022-06-20 13:35:23,041] {taskinstance.py:882} INFO - 
--------------------------------------------------------------------------------
[2022-06-20 13:35:23,179] {taskinstance.py:901} INFO - Executing <Task(ApiFootballOperator): api_football> on 2022-04-09T00:00:00+00:00
[2022-06-20 13:35:23,180] {standard_task_runner.py:54} INFO - Started process 5357 to run task
[2022-06-20 13:35:23,217] {standard_task_runner.py:77} INFO - Running: ['airflow', 'run', 'football_dag', 'api_football', '2022-04-09T00:00:00+00:00', '--job_id', '55', '--pool', 'default_pool', '--raw', '-sd', 'DAGS_FOLDER/football_dag.py', '--cfg_path', '/tmp/tmp_yrnkpb2']
[2022-06-20 13:35:23,217] {standard_task_runner.py:78} INFO - Job 55: Subtask api_football
[2022-06-20 13:35:23,555] {logging_mixin.py:112} INFO - Running <TaskInstance: football_dag.api_football 2022-04-09T00:00:00+00:00 [running]> on host lucas-AB350M-DS3H-V2
[2022-06-20 13:35:23,566] {base_hook.py:89} INFO - Using connection to: id: api_football_default. Host: https://api-football-v1.p.rapidapi.com/v3, Port: None, Schema: None, Login: None, Password: None, extra: XXXXXXXX
[2022-06-20 13:35:23,567] {api_football_hook.py:36} INFO - URL: https://api-football-v1.p.rapidapi.com/v3/fixtures?season=2022&from=2022-04-01&to=2022-06-15&league=71&timezone=America%2FSao_Paulo
[2022-06-20 13:35:23,650] {logging_mixin.py:112} WARNING - /home/lucas/pipeline-data/.env/lib/python3.9/site-packages/urllib3/connectionpool.py:981: InsecureRequestWarning: Unverified HTTPS request is being made to host 'api-football-v1.p.rapidapi.com'. Adding certificate verification is strongly advised. See: https://urllib3.readthedocs.io/en/latest/advanced-usage.html#ssl-warnings
  warnings.warn(
[2022-06-20 13:35:24,533] {taskinstance.py:1057} INFO - Marking task as SUCCESS.dag_id=football_dag, task_id=api_football, execution_date=20220409T000000, start_date=20220620T163523, end_date=20220620T163524
[2022-06-20 13:35:27,887] {local_task_job.py:102} INFO - Task exited with return code 0
[2022-06-20 15:16:14,195] {taskinstance.py:670} INFO - Dependencies all met for <TaskInstance: football_dag.api_football 2022-04-09T00:00:00+00:00 [queued]>
[2022-06-20 15:16:14,200] {taskinstance.py:670} INFO - Dependencies all met for <TaskInstance: football_dag.api_football 2022-04-09T00:00:00+00:00 [queued]>
[2022-06-20 15:16:14,200] {taskinstance.py:880} INFO - 
--------------------------------------------------------------------------------
[2022-06-20 15:16:14,200] {taskinstance.py:881} INFO - Starting attempt 1 of 1
[2022-06-20 15:16:14,200] {taskinstance.py:882} INFO - 
--------------------------------------------------------------------------------
[2022-06-20 15:16:14,471] {taskinstance.py:901} INFO - Executing <Task(ApiFootballOperator): api_football> on 2022-04-09T00:00:00+00:00
[2022-06-20 15:16:14,473] {standard_task_runner.py:54} INFO - Started process 26034 to run task
[2022-06-20 15:16:14,511] {standard_task_runner.py:77} INFO - Running: ['airflow', 'run', 'football_dag', 'api_football', '2022-04-09T00:00:00+00:00', '--job_id', '50', '--pool', 'default_pool', '--raw', '-sd', 'DAGS_FOLDER/football_dag.py', '--cfg_path', '/tmp/tmp51gnf7pd']
[2022-06-20 15:16:14,511] {standard_task_runner.py:78} INFO - Job 50: Subtask api_football
[2022-06-20 15:16:14,759] {logging_mixin.py:112} INFO - Running <TaskInstance: football_dag.api_football 2022-04-09T00:00:00+00:00 [running]> on host lucas-AB350M-DS3H-V2
[2022-06-20 15:16:14,770] {base_hook.py:89} INFO - Using connection to: id: api_football_default. Host: https://api-football-v1.p.rapidapi.com/v3, Port: None, Schema: None, Login: None, Password: None, extra: XXXXXXXX
[2022-06-20 15:16:14,771] {api_football_hook.py:34} INFO - URL: https://api-football-v1.p.rapidapi.com/v3/fixtures?season=2022&from=2022-04-08&to=2022-04-08&league=71&timezone=America%2FSao_Paulo
[2022-06-20 15:16:14,841] {logging_mixin.py:112} WARNING - /home/lucas/pipeline-data/.env/lib/python3.9/site-packages/urllib3/connectionpool.py:981: InsecureRequestWarning: Unverified HTTPS request is being made to host 'api-football-v1.p.rapidapi.com'. Adding certificate verification is strongly advised. See: https://urllib3.readthedocs.io/en/latest/advanced-usage.html#ssl-warnings
  warnings.warn(
[2022-06-20 15:16:15,685] {taskinstance.py:1057} INFO - Marking task as SUCCESS.dag_id=football_dag, task_id=api_football, execution_date=20220409T000000, start_date=20220620T181614, end_date=20220620T181615
[2022-06-20 15:16:18,888] {local_task_job.py:102} INFO - Task exited with return code 0
[2022-06-20 19:39:18,348] {taskinstance.py:670} INFO - Dependencies all met for <TaskInstance: football_dag.api_football 2022-04-09T00:00:00+00:00 [queued]>
[2022-06-20 19:39:18,354] {taskinstance.py:670} INFO - Dependencies all met for <TaskInstance: football_dag.api_football 2022-04-09T00:00:00+00:00 [queued]>
[2022-06-20 19:39:18,354] {taskinstance.py:880} INFO - 
--------------------------------------------------------------------------------
[2022-06-20 19:39:18,354] {taskinstance.py:881} INFO - Starting attempt 1 of 1
[2022-06-20 19:39:18,354] {taskinstance.py:882} INFO - 
--------------------------------------------------------------------------------
[2022-06-20 19:39:18,553] {taskinstance.py:901} INFO - Executing <Task(ApiFootballOperator): api_football> on 2022-04-09T00:00:00+00:00
[2022-06-20 19:39:18,555] {standard_task_runner.py:54} INFO - Started process 53482 to run task
[2022-06-20 19:39:18,595] {standard_task_runner.py:77} INFO - Running: ['airflow', 'run', 'football_dag', 'api_football', '2022-04-09T00:00:00+00:00', '--job_id', '97', '--pool', 'default_pool', '--raw', '-sd', 'DAGS_FOLDER/football_dag.py', '--cfg_path', '/tmp/tmpw0c19rpx']
[2022-06-20 19:39:18,596] {standard_task_runner.py:78} INFO - Job 97: Subtask api_football
[2022-06-20 19:39:18,731] {logging_mixin.py:112} INFO - Running <TaskInstance: football_dag.api_football 2022-04-09T00:00:00+00:00 [running]> on host lucas-AB350M-DS3H-V2
[2022-06-20 19:39:18,743] {base_hook.py:89} INFO - Using connection to: id: api_football_default. Host: https://api-football-v1.p.rapidapi.com/v3, Port: None, Schema: None, Login: None, Password: None, extra: XXXXXXXX
[2022-06-20 19:39:18,744] {api_football_hook.py:34} INFO - URL: https://api-football-v1.p.rapidapi.com/v3/fixtures?season=2022&from=2022-04-08&to=2022-04-08&league=71&timezone=America%2FSao_Paulo
[2022-06-20 19:39:18,826] {logging_mixin.py:112} WARNING - /home/lucas/pipeline-data/.env/lib/python3.9/site-packages/urllib3/connectionpool.py:981: InsecureRequestWarning: Unverified HTTPS request is being made to host 'api-football-v1.p.rapidapi.com'. Adding certificate verification is strongly advised. See: https://urllib3.readthedocs.io/en/latest/advanced-usage.html#ssl-warnings
  warnings.warn(
[2022-06-20 19:39:19,651] {taskinstance.py:1057} INFO - Marking task as SUCCESS.dag_id=football_dag, task_id=api_football, execution_date=20220409T000000, start_date=20220620T223918, end_date=20220620T223919
[2022-06-20 19:39:23,062] {local_task_job.py:102} INFO - Task exited with return code 0
[2022-06-20 22:20:11,135] {taskinstance.py:670} INFO - Dependencies all met for <TaskInstance: football_dag.api_football 2022-04-09T00:00:00+00:00 [queued]>
[2022-06-20 22:20:11,140] {taskinstance.py:670} INFO - Dependencies all met for <TaskInstance: football_dag.api_football 2022-04-09T00:00:00+00:00 [queued]>
[2022-06-20 22:20:11,140] {taskinstance.py:880} INFO - 
--------------------------------------------------------------------------------
[2022-06-20 22:20:11,140] {taskinstance.py:881} INFO - Starting attempt 1 of 1
[2022-06-20 22:20:11,140] {taskinstance.py:882} INFO - 
--------------------------------------------------------------------------------
[2022-06-20 22:20:11,376] {taskinstance.py:901} INFO - Executing <Task(ApiFootballOperator): api_football> on 2022-04-09T00:00:00+00:00
[2022-06-20 22:20:11,378] {standard_task_runner.py:54} INFO - Started process 70175 to run task
[2022-06-20 22:20:11,416] {standard_task_runner.py:77} INFO - Running: ['airflow', 'run', 'football_dag', 'api_football', '2022-04-09T00:00:00+00:00', '--job_id', '97', '--pool', 'default_pool', '--raw', '-sd', 'DAGS_FOLDER/football_dag.py', '--cfg_path', '/tmp/tmp1im9e7hz']
[2022-06-20 22:20:11,416] {standard_task_runner.py:78} INFO - Job 97: Subtask api_football
[2022-06-20 22:20:11,573] {logging_mixin.py:112} INFO - Running <TaskInstance: football_dag.api_football 2022-04-09T00:00:00+00:00 [running]> on host lucas-AB350M-DS3H-V2
[2022-06-20 22:20:11,584] {base_hook.py:89} INFO - Using connection to: id: api_football_default. Host: https://api-football-v1.p.rapidapi.com/v3, Port: None, Schema: None, Login: None, Password: None, extra: XXXXXXXX
[2022-06-20 22:20:11,585] {api_football_hook.py:34} INFO - URL: https://api-football-v1.p.rapidapi.com/v3/fixtures?season=2022&from=2022-04-08&to=2022-04-08&league=71&timezone=America%2FSao_Paulo
[2022-06-20 22:20:11,652] {logging_mixin.py:112} WARNING - /home/lucas/pipeline-data/.env/lib/python3.9/site-packages/urllib3/connectionpool.py:981: InsecureRequestWarning: Unverified HTTPS request is being made to host 'api-football-v1.p.rapidapi.com'. Adding certificate verification is strongly advised. See: https://urllib3.readthedocs.io/en/latest/advanced-usage.html#ssl-warnings
  warnings.warn(
[2022-06-20 22:20:12,521] {taskinstance.py:1057} INFO - Marking task as SUCCESS.dag_id=football_dag, task_id=api_football, execution_date=20220409T000000, start_date=20220621T012011, end_date=20220621T012012
[2022-06-20 22:20:15,983] {local_task_job.py:102} INFO - Task exited with return code 0
