[2022-06-20 14:12:45,263] {taskinstance.py:670} INFO - Dependencies all met for <TaskInstance: football_dag.odds_portal 2022-04-28T00:00:00+00:00 [queued]>
[2022-06-20 14:12:45,268] {taskinstance.py:670} INFO - Dependencies all met for <TaskInstance: football_dag.odds_portal 2022-04-28T00:00:00+00:00 [queued]>
[2022-06-20 14:12:45,268] {taskinstance.py:880} INFO - 
--------------------------------------------------------------------------------
[2022-06-20 14:12:45,268] {taskinstance.py:881} INFO - Starting attempt 1 of 1
[2022-06-20 14:12:45,268] {taskinstance.py:882} INFO - 
--------------------------------------------------------------------------------
[2022-06-20 14:12:45,449] {taskinstance.py:901} INFO - Executing <Task(OddsPortalOperator): odds_portal> on 2022-04-28T00:00:00+00:00
[2022-06-20 14:12:45,451] {standard_task_runner.py:54} INFO - Started process 16560 to run task
[2022-06-20 14:12:45,487] {standard_task_runner.py:77} INFO - Running: ['airflow', 'run', 'football_dag', 'odds_portal', '2022-04-28T00:00:00+00:00', '--job_id', '110', '--pool', 'default_pool', '--raw', '-sd', 'DAGS_FOLDER/football_dag.py', '--cfg_path', '/tmp/tmp2hohs09q']
[2022-06-20 14:12:45,488] {standard_task_runner.py:78} INFO - Job 110: Subtask odds_portal
[2022-06-20 14:12:45,641] {logging_mixin.py:112} INFO - Running <TaskInstance: football_dag.odds_portal 2022-04-28T00:00:00+00:00 [running]> on host lucas-AB350M-DS3H-V2
[2022-06-20 14:12:45,650] {logging_mixin.py:112} INFO - 
[2022-06-20 14:12:45,650] {logger.py:16} INFO - ====== WebDriver manager ======
[2022-06-20 14:12:45,679] {logger.py:16} INFO - Current google-chrome version is 102.0.5005
[2022-06-20 14:12:45,679] {logger.py:16} INFO - Get LATEST chromedriver version for 102.0.5005 google-chrome
[2022-06-20 14:12:45,790] {logger.py:16} INFO - Driver [/home/lucas/.wdm/drivers/chromedriver/linux64/102.0.5005.61/chromedriver] found in cache
[2022-06-20 14:13:04,680] {taskinstance.py:1057} INFO - Marking task as SUCCESS.dag_id=football_dag, task_id=odds_portal, execution_date=20220428T000000, start_date=20220620T171245, end_date=20220620T171304
[2022-06-20 14:13:05,108] {local_task_job.py:102} INFO - Task exited with return code 0
[2022-06-20 16:37:46,158] {taskinstance.py:670} INFO - Dependencies all met for <TaskInstance: football_dag.odds_portal 2022-04-28T00:00:00+00:00 [queued]>
[2022-06-20 16:37:46,178] {taskinstance.py:670} INFO - Dependencies all met for <TaskInstance: football_dag.odds_portal 2022-04-28T00:00:00+00:00 [queued]>
[2022-06-20 16:37:46,178] {taskinstance.py:880} INFO - 
--------------------------------------------------------------------------------
[2022-06-20 16:37:46,178] {taskinstance.py:881} INFO - Starting attempt 1 of 1
[2022-06-20 16:37:46,179] {taskinstance.py:882} INFO - 
--------------------------------------------------------------------------------
[2022-06-20 16:37:46,351] {taskinstance.py:901} INFO - Executing <Task(OddsPortalOperator): odds_portal> on 2022-04-28T00:00:00+00:00
[2022-06-20 16:37:46,353] {standard_task_runner.py:54} INFO - Started process 10149 to run task
[2022-06-20 16:37:46,390] {standard_task_runner.py:77} INFO - Running: ['airflow', 'run', 'football_dag', 'odds_portal', '2022-04-28T00:00:00+00:00', '--job_id', '109', '--pool', 'default_pool', '--raw', '-sd', 'DAGS_FOLDER/football_dag.py', '--cfg_path', '/tmp/tmp9hcxysud']
[2022-06-20 16:37:46,391] {standard_task_runner.py:78} INFO - Job 109: Subtask odds_portal
[2022-06-20 16:37:46,566] {logging_mixin.py:112} INFO - Running <TaskInstance: football_dag.odds_portal 2022-04-28T00:00:00+00:00 [running]> on host lucas-AB350M-DS3H-V2
[2022-06-20 16:37:46,574] {logging_mixin.py:112} INFO - 
[2022-06-20 16:37:46,574] {logger.py:16} INFO - ====== WebDriver manager ======
[2022-06-20 16:37:46,606] {logger.py:16} INFO - Current google-chrome version is 102.0.5005
[2022-06-20 16:37:46,607] {logger.py:16} INFO - Get LATEST chromedriver version for 102.0.5005 google-chrome
[2022-06-20 16:37:46,712] {logger.py:16} INFO - Driver [/home/lucas/.wdm/drivers/chromedriver/linux64/102.0.5005.61/chromedriver] found in cache
[2022-06-20 16:38:05,739] {taskinstance.py:1057} INFO - Marking task as SUCCESS.dag_id=football_dag, task_id=odds_portal, execution_date=20220428T000000, start_date=20220620T193746, end_date=20220620T193805
[2022-06-20 16:38:06,055] {local_task_job.py:102} INFO - Task exited with return code 0
