[2022-06-20 14:03:12,539] {taskinstance.py:670} INFO - Dependencies all met for <TaskInstance: football_dag.api_football 2022-04-24T00:00:00+00:00 [queued]>
[2022-06-20 14:03:12,544] {taskinstance.py:670} INFO - Dependencies all met for <TaskInstance: football_dag.api_football 2022-04-24T00:00:00+00:00 [queued]>
[2022-06-20 14:03:12,545] {taskinstance.py:880} INFO - 
--------------------------------------------------------------------------------
[2022-06-20 14:03:12,545] {taskinstance.py:881} INFO - Starting attempt 1 of 1
[2022-06-20 14:03:12,545] {taskinstance.py:882} INFO - 
--------------------------------------------------------------------------------
[2022-06-20 14:03:13,167] {taskinstance.py:901} INFO - Executing <Task(ApiFootballOperator): api_football> on 2022-04-24T00:00:00+00:00
[2022-06-20 14:03:13,168] {standard_task_runner.py:54} INFO - Started process 13739 to run task
[2022-06-20 14:03:13,206] {standard_task_runner.py:77} INFO - Running: ['airflow', 'run', 'football_dag', 'api_football', '2022-04-24T00:00:00+00:00', '--job_id', '97', '--pool', 'default_pool', '--raw', '-sd', 'DAGS_FOLDER/football_dag.py', '--cfg_path', '/tmp/tmpgjqnpy1o']
[2022-06-20 14:03:13,206] {standard_task_runner.py:78} INFO - Job 97: Subtask api_football
[2022-06-20 14:03:13,768] {logging_mixin.py:112} INFO - Running <TaskInstance: football_dag.api_football 2022-04-24T00:00:00+00:00 [running]> on host lucas-AB350M-DS3H-V2
[2022-06-20 14:03:13,779] {base_hook.py:89} INFO - Using connection to: id: api_football_default. Host: https://api-football-v1.p.rapidapi.com/v3, Port: None, Schema: None, Login: None, Password: None, extra: XXXXXXXX
[2022-06-20 14:03:13,780] {api_football_hook.py:36} INFO - URL: https://api-football-v1.p.rapidapi.com/v3/fixtures?season=2022&from=2022-04-01&to=2022-06-15&league=71&timezone=America%2FSao_Paulo
[2022-06-20 14:03:13,840] {logging_mixin.py:112} WARNING - /home/lucas/pipeline-data/.env/lib/python3.9/site-packages/urllib3/connectionpool.py:981: InsecureRequestWarning: Unverified HTTPS request is being made to host 'api-football-v1.p.rapidapi.com'. Adding certificate verification is strongly advised. See: https://urllib3.readthedocs.io/en/latest/advanced-usage.html#ssl-warnings
  warnings.warn(
[2022-06-20 14:03:14,714] {taskinstance.py:1057} INFO - Marking task as SUCCESS.dag_id=football_dag, task_id=api_football, execution_date=20220424T000000, start_date=20220620T170312, end_date=20220620T170314
[2022-06-20 14:03:17,015] {local_task_job.py:102} INFO - Task exited with return code 0
[2022-06-20 16:28:28,228] {taskinstance.py:670} INFO - Dependencies all met for <TaskInstance: football_dag.api_football 2022-04-24T00:00:00+00:00 [queued]>
[2022-06-20 16:28:28,269] {taskinstance.py:670} INFO - Dependencies all met for <TaskInstance: football_dag.api_football 2022-04-24T00:00:00+00:00 [queued]>
[2022-06-20 16:28:28,269] {taskinstance.py:880} INFO - 
--------------------------------------------------------------------------------
[2022-06-20 16:28:28,269] {taskinstance.py:881} INFO - Starting attempt 1 of 1
[2022-06-20 16:28:28,269] {taskinstance.py:882} INFO - 
--------------------------------------------------------------------------------
[2022-06-20 16:28:28,574] {taskinstance.py:901} INFO - Executing <Task(ApiFootballOperator): api_football> on 2022-04-24T00:00:00+00:00
[2022-06-20 16:28:28,575] {standard_task_runner.py:54} INFO - Started process 7276 to run task
[2022-06-20 16:28:28,614] {standard_task_runner.py:77} INFO - Running: ['airflow', 'run', 'football_dag', 'api_football', '2022-04-24T00:00:00+00:00', '--job_id', '96', '--pool', 'default_pool', '--raw', '-sd', 'DAGS_FOLDER/football_dag.py', '--cfg_path', '/tmp/tmpsu_p71zc']
[2022-06-20 16:28:28,614] {standard_task_runner.py:78} INFO - Job 96: Subtask api_football
[2022-06-20 16:28:28,764] {logging_mixin.py:112} INFO - Running <TaskInstance: football_dag.api_football 2022-04-24T00:00:00+00:00 [running]> on host lucas-AB350M-DS3H-V2
[2022-06-20 16:28:28,793] {base_hook.py:89} INFO - Using connection to: id: api_football_default. Host: https://api-football-v1.p.rapidapi.com/v3, Port: None, Schema: None, Login: None, Password: None, extra: XXXXXXXX
[2022-06-20 16:28:28,822] {api_football_hook.py:34} INFO - URL: https://api-football-v1.p.rapidapi.com/v3/fixtures?season=2022&from=2022-04-23&to=2022-04-23&league=71&timezone=America%2FSao_Paulo
[2022-06-20 16:28:28,980] {logging_mixin.py:112} WARNING - /home/lucas/pipeline-data/.env/lib/python3.9/site-packages/urllib3/connectionpool.py:981: InsecureRequestWarning: Unverified HTTPS request is being made to host 'api-football-v1.p.rapidapi.com'. Adding certificate verification is strongly advised. See: https://urllib3.readthedocs.io/en/latest/advanced-usage.html#ssl-warnings
  warnings.warn(
[2022-06-20 16:28:29,855] {taskinstance.py:1057} INFO - Marking task as SUCCESS.dag_id=football_dag, task_id=api_football, execution_date=20220424T000000, start_date=20220620T192828, end_date=20220620T192829
[2022-06-20 16:28:32,659] {local_task_job.py:102} INFO - Task exited with return code 0
