[2022-06-20 13:50:58,050] {taskinstance.py:670} INFO - Dependencies all met for <TaskInstance: football_dag.odds_portal 2022-04-18T00:00:00+00:00 [queued]>
[2022-06-20 13:50:58,055] {taskinstance.py:670} INFO - Dependencies all met for <TaskInstance: football_dag.odds_portal 2022-04-18T00:00:00+00:00 [queued]>
[2022-06-20 13:50:58,055] {taskinstance.py:880} INFO - 
--------------------------------------------------------------------------------
[2022-06-20 13:50:58,055] {taskinstance.py:881} INFO - Starting attempt 1 of 1
[2022-06-20 13:50:58,055] {taskinstance.py:882} INFO - 
--------------------------------------------------------------------------------
[2022-06-20 13:50:58,206] {taskinstance.py:901} INFO - Executing <Task(OddsPortalOperator): odds_portal> on 2022-04-18T00:00:00+00:00
[2022-06-20 13:50:58,208] {standard_task_runner.py:54} INFO - Started process 10070 to run task
[2022-06-20 13:50:58,246] {standard_task_runner.py:77} INFO - Running: ['airflow', 'run', 'football_dag', 'odds_portal', '2022-04-18T00:00:00+00:00', '--job_id', '80', '--pool', 'default_pool', '--raw', '-sd', 'DAGS_FOLDER/football_dag.py', '--cfg_path', '/tmp/tmpssxxxj5j']
[2022-06-20 13:50:58,246] {standard_task_runner.py:78} INFO - Job 80: Subtask odds_portal
[2022-06-20 13:50:58,427] {logging_mixin.py:112} INFO - Running <TaskInstance: football_dag.odds_portal 2022-04-18T00:00:00+00:00 [running]> on host lucas-AB350M-DS3H-V2
[2022-06-20 13:50:58,435] {logging_mixin.py:112} INFO - 
[2022-06-20 13:50:58,435] {logger.py:16} INFO - ====== WebDriver manager ======
[2022-06-20 13:50:58,467] {logger.py:16} INFO - Current google-chrome version is 102.0.5005
[2022-06-20 13:50:58,467] {logger.py:16} INFO - Get LATEST chromedriver version for 102.0.5005 google-chrome
[2022-06-20 13:50:58,571] {logger.py:16} INFO - Driver [/home/lucas/.wdm/drivers/chromedriver/linux64/102.0.5005.61/chromedriver] found in cache
[2022-06-20 13:51:09,380] {taskinstance.py:1057} INFO - Marking task as SUCCESS.dag_id=football_dag, task_id=odds_portal, execution_date=20220418T000000, start_date=20220620T165058, end_date=20220620T165109
[2022-06-20 13:51:12,846] {local_task_job.py:102} INFO - Task exited with return code 0
[2022-06-20 15:35:31,730] {taskinstance.py:670} INFO - Dependencies all met for <TaskInstance: football_dag.odds_portal 2022-04-18T00:00:00+00:00 [queued]>
[2022-06-20 15:35:31,735] {taskinstance.py:670} INFO - Dependencies all met for <TaskInstance: football_dag.odds_portal 2022-04-18T00:00:00+00:00 [queued]>
[2022-06-20 15:35:31,735] {taskinstance.py:880} INFO - 
--------------------------------------------------------------------------------
[2022-06-20 15:35:31,735] {taskinstance.py:881} INFO - Starting attempt 1 of 1
[2022-06-20 15:35:31,735] {taskinstance.py:882} INFO - 
--------------------------------------------------------------------------------
[2022-06-20 15:35:31,886] {taskinstance.py:901} INFO - Executing <Task(OddsPortalOperator): odds_portal> on 2022-04-18T00:00:00+00:00
[2022-06-20 15:35:31,888] {standard_task_runner.py:54} INFO - Started process 32122 to run task
[2022-06-20 15:35:31,925] {standard_task_runner.py:77} INFO - Running: ['airflow', 'run', 'football_dag', 'odds_portal', '2022-04-18T00:00:00+00:00', '--job_id', '78', '--pool', 'default_pool', '--raw', '-sd', 'DAGS_FOLDER/football_dag.py', '--cfg_path', '/tmp/tmpq9x2cdfa']
[2022-06-20 15:35:31,925] {standard_task_runner.py:78} INFO - Job 78: Subtask odds_portal
[2022-06-20 15:35:32,097] {logging_mixin.py:112} INFO - Running <TaskInstance: football_dag.odds_portal 2022-04-18T00:00:00+00:00 [running]> on host lucas-AB350M-DS3H-V2
[2022-06-20 15:35:32,106] {logging_mixin.py:112} INFO - 
[2022-06-20 15:35:32,106] {logger.py:16} INFO - ====== WebDriver manager ======
[2022-06-20 15:35:32,138] {logger.py:16} INFO - Current google-chrome version is 102.0.5005
[2022-06-20 15:35:32,138] {logger.py:16} INFO - Get LATEST chromedriver version for 102.0.5005 google-chrome
[2022-06-20 15:35:32,312] {logger.py:16} INFO - Driver [/home/lucas/.wdm/drivers/chromedriver/linux64/102.0.5005.61/chromedriver] found in cache
[2022-06-20 15:35:43,348] {logging_mixin.py:112} INFO - [<selenium.webdriver.remote.webelement.WebElement (session="5244be746007692e037a7c9d8a7a5806", element="e5092aaa-9676-4701-aa2c-d5c2651e8a06")>, <selenium.webdriver.remote.webelement.WebElement (session="5244be746007692e037a7c9d8a7a5806", element="65255974-829e-4a1e-9462-019e50d796e5")>, <selenium.webdriver.remote.webelement.WebElement (session="5244be746007692e037a7c9d8a7a5806", element="5c090a22-3c8f-4180-ac35-18d463df8dfa")>, <selenium.webdriver.remote.webelement.WebElement (session="5244be746007692e037a7c9d8a7a5806", element="fa26e040-e4f5-4189-9079-7ded46ac2eff")>, <selenium.webdriver.remote.webelement.WebElement (session="5244be746007692e037a7c9d8a7a5806", element="37e4e2b4-01ee-4d40-8587-775b29ff659a")>, <selenium.webdriver.remote.webelement.WebElement (session="5244be746007692e037a7c9d8a7a5806", element="8fc00361-29d1-4884-a491-853a0c997fdc")>, <selenium.webdriver.remote.webelement.WebElement (session="5244be746007692e037a7c9d8a7a5806", element="70a66e7d-5a1a-480b-9b4b-deb842a66061")>]
[2022-06-20 15:35:43,577] {taskinstance.py:1057} INFO - Marking task as SUCCESS.dag_id=football_dag, task_id=odds_portal, execution_date=20220418T000000, start_date=20220620T183531, end_date=20220620T183543
[2022-06-20 15:35:46,581] {local_task_job.py:102} INFO - Task exited with return code 0
