[2022-06-21 10:58:06,139] {taskinstance.py:670} INFO - Dependencies all met for <TaskInstance: football_dag.transform_football 2022-04-13T00:00:00+00:00 [queued]>
[2022-06-21 10:58:06,146] {taskinstance.py:670} INFO - Dependencies all met for <TaskInstance: football_dag.transform_football 2022-04-13T00:00:00+00:00 [queued]>
[2022-06-21 10:58:06,146] {taskinstance.py:880} INFO - 
--------------------------------------------------------------------------------
[2022-06-21 10:58:06,146] {taskinstance.py:881} INFO - Starting attempt 1 of 1
[2022-06-21 10:58:06,146] {taskinstance.py:882} INFO - 
--------------------------------------------------------------------------------
[2022-06-21 10:58:06,318] {taskinstance.py:901} INFO - Executing <Task(SparkSubmitOperator): transform_football> on 2022-04-13T00:00:00+00:00
[2022-06-21 10:58:06,319] {standard_task_runner.py:54} INFO - Started process 24640 to run task
[2022-06-21 10:58:06,356] {standard_task_runner.py:77} INFO - Running: ['airflow', 'run', 'football_dag', 'transform_football', '2022-04-13T00:00:00+00:00', '--job_id', '134', '--pool', 'default_pool', '--raw', '-sd', 'DAGS_FOLDER/football_dag.py', '--cfg_path', '/tmp/tmpixpleywz']
[2022-06-21 10:58:06,357] {standard_task_runner.py:78} INFO - Job 134: Subtask transform_football
[2022-06-21 10:58:06,499] {logging_mixin.py:112} INFO - Running <TaskInstance: football_dag.transform_football 2022-04-13T00:00:00+00:00 [running]> on host lucas-AB350M-DS3H-V2
[2022-06-21 10:58:06,511] {base_hook.py:89} INFO - Using connection to: id: spark_default. Host: local, Port: None, Schema: None, Login: None, Password: None, extra: XXXXXXXX
[2022-06-21 10:58:06,512] {spark_submit_hook.py:325} INFO - Spark-Submit cmd: /home/lucas/spark/bin/spark-submit --master local --name football_transformation /home/lucas/pipeline-data/spark/transformation.py --src /home/lucas/pipeline-data/datalake/bronze/ --dest /home/lucas/pipeline-data/datalake/silver// --process-date 2022-04-13
[2022-06-21 10:58:07,183] {spark_submit_hook.py:479} INFO - 22/06/21 10:58:07 WARN Utils: Your hostname, lucas-AB350M-DS3H-V2 resolves to a loopback address: 127.0.1.1; using 192.168.0.13 instead (on interface enp5s0)
[2022-06-21 10:58:07,184] {spark_submit_hook.py:479} INFO - 22/06/21 10:58:07 WARN Utils: Set SPARK_LOCAL_IP if you need to bind to another address
[2022-06-21 10:58:07,963] {spark_submit_hook.py:479} INFO - Using Spark's default log4j profile: org/apache/spark/log4j-defaults.properties
[2022-06-21 10:58:07,968] {spark_submit_hook.py:479} INFO - 22/06/21 10:58:07 INFO SparkContext: Running Spark version 3.2.1
[2022-06-21 10:58:08,029] {spark_submit_hook.py:479} INFO - 22/06/21 10:58:08 WARN NativeCodeLoader: Unable to load native-hadoop library for your platform... using builtin-java classes where applicable
[2022-06-21 10:58:08,079] {spark_submit_hook.py:479} INFO - 22/06/21 10:58:08 INFO ResourceUtils: ==============================================================
[2022-06-21 10:58:08,080] {spark_submit_hook.py:479} INFO - 22/06/21 10:58:08 INFO ResourceUtils: No custom resources configured for spark.driver.
[2022-06-21 10:58:08,080] {spark_submit_hook.py:479} INFO - 22/06/21 10:58:08 INFO ResourceUtils: ==============================================================
[2022-06-21 10:58:08,080] {spark_submit_hook.py:479} INFO - 22/06/21 10:58:08 INFO SparkContext: Submitted application: football_transformation
[2022-06-21 10:58:08,094] {spark_submit_hook.py:479} INFO - 22/06/21 10:58:08 INFO ResourceProfile: Default ResourceProfile created, executor resources: Map(cores -> name: cores, amount: 1, script: , vendor: , memory -> name: memory, amount: 1024, script: , vendor: , offHeap -> name: offHeap, amount: 0, script: , vendor: ), task resources: Map(cpus -> name: cpus, amount: 1.0)
[2022-06-21 10:58:08,103] {spark_submit_hook.py:479} INFO - 22/06/21 10:58:08 INFO ResourceProfile: Limiting resource is cpu
[2022-06-21 10:58:08,103] {spark_submit_hook.py:479} INFO - 22/06/21 10:58:08 INFO ResourceProfileManager: Added ResourceProfile id: 0
[2022-06-21 10:58:08,137] {spark_submit_hook.py:479} INFO - 22/06/21 10:58:08 INFO SecurityManager: Changing view acls to: lucas
[2022-06-21 10:58:08,137] {spark_submit_hook.py:479} INFO - 22/06/21 10:58:08 INFO SecurityManager: Changing modify acls to: lucas
[2022-06-21 10:58:08,137] {spark_submit_hook.py:479} INFO - 22/06/21 10:58:08 INFO SecurityManager: Changing view acls groups to:
[2022-06-21 10:58:08,138] {spark_submit_hook.py:479} INFO - 22/06/21 10:58:08 INFO SecurityManager: Changing modify acls groups to:
[2022-06-21 10:58:08,138] {spark_submit_hook.py:479} INFO - 22/06/21 10:58:08 INFO SecurityManager: SecurityManager: authentication disabled; ui acls disabled; users  with view permissions: Set(lucas); groups with view permissions: Set(); users  with modify permissions: Set(lucas); groups with modify permissions: Set()
[2022-06-21 10:58:08,292] {spark_submit_hook.py:479} INFO - 22/06/21 10:58:08 INFO Utils: Successfully started service 'sparkDriver' on port 33273.
[2022-06-21 10:58:08,308] {spark_submit_hook.py:479} INFO - 22/06/21 10:58:08 INFO SparkEnv: Registering MapOutputTracker
[2022-06-21 10:58:08,327] {spark_submit_hook.py:479} INFO - 22/06/21 10:58:08 INFO SparkEnv: Registering BlockManagerMaster
[2022-06-21 10:58:08,339] {spark_submit_hook.py:479} INFO - 22/06/21 10:58:08 INFO BlockManagerMasterEndpoint: Using org.apache.spark.storage.DefaultTopologyMapper for getting topology information
[2022-06-21 10:58:08,340] {spark_submit_hook.py:479} INFO - 22/06/21 10:58:08 INFO BlockManagerMasterEndpoint: BlockManagerMasterEndpoint up
[2022-06-21 10:58:08,342] {spark_submit_hook.py:479} INFO - 22/06/21 10:58:08 INFO SparkEnv: Registering BlockManagerMasterHeartbeat
[2022-06-21 10:58:08,354] {spark_submit_hook.py:479} INFO - 22/06/21 10:58:08 INFO DiskBlockManager: Created local directory at /tmp/blockmgr-2bbd056f-532b-4269-8390-d4952e39f531
[2022-06-21 10:58:08,370] {spark_submit_hook.py:479} INFO - 22/06/21 10:58:08 INFO MemoryStore: MemoryStore started with capacity 366.3 MiB
[2022-06-21 10:58:08,380] {spark_submit_hook.py:479} INFO - 22/06/21 10:58:08 INFO SparkEnv: Registering OutputCommitCoordinator
[2022-06-21 10:58:08,518] {spark_submit_hook.py:479} INFO - 22/06/21 10:58:08 INFO Utils: Successfully started service 'SparkUI' on port 4040.
[2022-06-21 10:58:08,552] {spark_submit_hook.py:479} INFO - 22/06/21 10:58:08 INFO SparkUI: Bound SparkUI to 0.0.0.0, and started at http://192.168.0.13:4040
[2022-06-21 10:58:08,665] {spark_submit_hook.py:479} INFO - 22/06/21 10:58:08 INFO Executor: Starting executor ID driver on host 192.168.0.13
[2022-06-21 10:58:08,680] {spark_submit_hook.py:479} INFO - 22/06/21 10:58:08 INFO Utils: Successfully started service 'org.apache.spark.network.netty.NettyBlockTransferService' on port 40143.
[2022-06-21 10:58:08,680] {spark_submit_hook.py:479} INFO - 22/06/21 10:58:08 INFO NettyBlockTransferService: Server created on 192.168.0.13:40143
[2022-06-21 10:58:08,681] {spark_submit_hook.py:479} INFO - 22/06/21 10:58:08 INFO BlockManager: Using org.apache.spark.storage.RandomBlockReplicationPolicy for block replication policy
[2022-06-21 10:58:08,685] {spark_submit_hook.py:479} INFO - 22/06/21 10:58:08 INFO BlockManagerMaster: Registering BlockManager BlockManagerId(driver, 192.168.0.13, 40143, None)
[2022-06-21 10:58:08,687] {spark_submit_hook.py:479} INFO - 22/06/21 10:58:08 INFO BlockManagerMasterEndpoint: Registering block manager 192.168.0.13:40143 with 366.3 MiB RAM, BlockManagerId(driver, 192.168.0.13, 40143, None)
[2022-06-21 10:58:08,688] {spark_submit_hook.py:479} INFO - 22/06/21 10:58:08 INFO BlockManagerMaster: Registered BlockManager BlockManagerId(driver, 192.168.0.13, 40143, None)
[2022-06-21 10:58:08,689] {spark_submit_hook.py:479} INFO - 22/06/21 10:58:08 INFO BlockManager: Initialized BlockManager: BlockManagerId(driver, 192.168.0.13, 40143, None)
[2022-06-21 10:58:08,880] {spark_submit_hook.py:479} INFO - 22/06/21 10:58:08 INFO SparkContext: Added file /home/lucas/pipeline-data/helpers/helpers.py at file:/home/lucas/pipeline-data/helpers/helpers.py with timestamp 1655819888880
[2022-06-21 10:58:08,881] {spark_submit_hook.py:479} INFO - 22/06/21 10:58:08 INFO Utils: Copying /home/lucas/pipeline-data/helpers/helpers.py to /tmp/spark-9fc16668-2aa5-4dfc-bed9-cff9be4cc098/userFiles-1a3d8adf-2759-4081-8890-595df1c59a50/helpers.py
[2022-06-21 10:58:08,968] {spark_submit_hook.py:479} INFO - 22/06/21 10:58:08 INFO SharedState: Setting hive.metastore.warehouse.dir ('null') to the value of spark.sql.warehouse.dir.
[2022-06-21 10:58:08,970] {spark_submit_hook.py:479} INFO - 22/06/21 10:58:08 INFO SharedState: Warehouse path is 'file:/home/lucas/pipeline-data/spark-warehouse'.
[2022-06-21 10:58:09,437] {spark_submit_hook.py:479} INFO - 22/06/21 10:58:09 INFO InMemoryFileIndex: It took 21 ms to list leaf files for 1 paths.
[2022-06-21 10:58:09,568] {spark_submit_hook.py:479} INFO - 22/06/21 10:58:09 INFO InMemoryFileIndex: It took 3 ms to list leaf files for 4 paths.
[2022-06-21 10:58:10,767] {spark_submit_hook.py:479} INFO - 22/06/21 10:58:10 INFO FileSourceStrategy: Pushed Filters:
[2022-06-21 10:58:10,768] {spark_submit_hook.py:479} INFO - 22/06/21 10:58:10 INFO FileSourceStrategy: Post-Scan Filters:
[2022-06-21 10:58:10,770] {spark_submit_hook.py:479} INFO - 22/06/21 10:58:10 INFO FileSourceStrategy: Output Data Schema: struct<value: string>
[2022-06-21 10:58:10,940] {spark_submit_hook.py:479} INFO - 22/06/21 10:58:10 INFO MemoryStore: Block broadcast_0 stored as values in memory (estimated size 338.1 KiB, free 366.0 MiB)
[2022-06-21 10:58:10,972] {spark_submit_hook.py:479} INFO - 22/06/21 10:58:10 INFO MemoryStore: Block broadcast_0_piece0 stored as bytes in memory (estimated size 32.5 KiB, free 365.9 MiB)
[2022-06-21 10:58:10,974] {spark_submit_hook.py:479} INFO - 22/06/21 10:58:10 INFO BlockManagerInfo: Added broadcast_0_piece0 in memory on 192.168.0.13:40143 (size: 32.5 KiB, free: 366.3 MiB)
[2022-06-21 10:58:10,977] {spark_submit_hook.py:479} INFO - 22/06/21 10:58:10 INFO SparkContext: Created broadcast 0 from json at NativeMethodAccessorImpl.java:0
[2022-06-21 10:58:10,982] {spark_submit_hook.py:479} INFO - 22/06/21 10:58:10 INFO FileSourceScanExec: Planning scan with bin packing, max size: 16778358 bytes, open cost is considered as scanning 4194304 bytes.
[2022-06-21 10:58:11,091] {spark_submit_hook.py:479} INFO - 22/06/21 10:58:11 INFO SparkContext: Starting job: json at NativeMethodAccessorImpl.java:0
[2022-06-21 10:58:11,101] {spark_submit_hook.py:479} INFO - 22/06/21 10:58:11 INFO DAGScheduler: Got job 0 (json at NativeMethodAccessorImpl.java:0) with 1 output partitions
[2022-06-21 10:58:11,101] {spark_submit_hook.py:479} INFO - 22/06/21 10:58:11 INFO DAGScheduler: Final stage: ResultStage 0 (json at NativeMethodAccessorImpl.java:0)
[2022-06-21 10:58:11,101] {spark_submit_hook.py:479} INFO - 22/06/21 10:58:11 INFO DAGScheduler: Parents of final stage: List()
[2022-06-21 10:58:11,102] {spark_submit_hook.py:479} INFO - 22/06/21 10:58:11 INFO DAGScheduler: Missing parents: List()
[2022-06-21 10:58:11,104] {spark_submit_hook.py:479} INFO - 22/06/21 10:58:11 INFO DAGScheduler: Submitting ResultStage 0 (MapPartitionsRDD[3] at json at NativeMethodAccessorImpl.java:0), which has no missing parents
[2022-06-21 10:58:11,156] {spark_submit_hook.py:479} INFO - 22/06/21 10:58:11 INFO MemoryStore: Block broadcast_1 stored as values in memory (estimated size 12.4 KiB, free 365.9 MiB)
[2022-06-21 10:58:11,157] {spark_submit_hook.py:479} INFO - 22/06/21 10:58:11 INFO MemoryStore: Block broadcast_1_piece0 stored as bytes in memory (estimated size 6.5 KiB, free 365.9 MiB)
[2022-06-21 10:58:11,158] {spark_submit_hook.py:479} INFO - 22/06/21 10:58:11 INFO BlockManagerInfo: Added broadcast_1_piece0 in memory on 192.168.0.13:40143 (size: 6.5 KiB, free: 366.3 MiB)
[2022-06-21 10:58:11,158] {spark_submit_hook.py:479} INFO - 22/06/21 10:58:11 INFO SparkContext: Created broadcast 1 from broadcast at DAGScheduler.scala:1478
[2022-06-21 10:58:11,166] {spark_submit_hook.py:479} INFO - 22/06/21 10:58:11 INFO DAGScheduler: Submitting 1 missing tasks from ResultStage 0 (MapPartitionsRDD[3] at json at NativeMethodAccessorImpl.java:0) (first 15 tasks are for partitions Vector(0))
[2022-06-21 10:58:11,166] {spark_submit_hook.py:479} INFO - 22/06/21 10:58:11 INFO TaskSchedulerImpl: Adding task set 0.0 with 1 tasks resource profile 0
[2022-06-21 10:58:11,196] {spark_submit_hook.py:479} INFO - 22/06/21 10:58:11 INFO TaskSetManager: Starting task 0.0 in stage 0.0 (TID 0) (192.168.0.13, executor driver, partition 0, PROCESS_LOCAL, 5351 bytes) taskResourceAssignments Map()
[2022-06-21 10:58:11,204] {spark_submit_hook.py:479} INFO - 22/06/21 10:58:11 INFO Executor: Running task 0.0 in stage 0.0 (TID 0)
[2022-06-21 10:58:11,206] {spark_submit_hook.py:479} INFO - 22/06/21 10:58:11 INFO Executor: Fetching file:/home/lucas/pipeline-data/helpers/helpers.py with timestamp 1655819888880
[2022-06-21 10:58:11,217] {spark_submit_hook.py:479} INFO - 22/06/21 10:58:11 INFO Utils: /home/lucas/pipeline-data/helpers/helpers.py has been previously copied to /tmp/spark-9fc16668-2aa5-4dfc-bed9-cff9be4cc098/userFiles-1a3d8adf-2759-4081-8890-595df1c59a50/helpers.py
[2022-06-21 10:58:11,426] {spark_submit_hook.py:479} INFO - 22/06/21 10:58:11 INFO FileScanRDD: Reading File path: file:///home/lucas/pipeline-data/datalake/bronze/odds_portal/extract_date=2022-04-11/OddsPortal_20220411.json, range: 0-795, partition values: [empty row]
[2022-06-21 10:58:11,561] {spark_submit_hook.py:479} INFO - 22/06/21 10:58:11 INFO CodeGenerator: Code generated in 114.475793 ms
[2022-06-21 10:58:11,586] {spark_submit_hook.py:479} INFO - 22/06/21 10:58:11 INFO FileScanRDD: Reading File path: file:///home/lucas/pipeline-data/datalake/bronze/odds_portal/extract_date=2022-04-10/OddsPortal_20220410.json, range: 0-230, partition values: [empty row]
[2022-06-21 10:58:11,588] {spark_submit_hook.py:479} INFO - 22/06/21 10:58:11 INFO FileScanRDD: Reading File path: file:///home/lucas/pipeline-data/datalake/bronze/odds_portal/extract_date=2022-04-12/OddsPortal_20220412.json, range: 0-115, partition values: [empty row]
[2022-06-21 10:58:11,589] {spark_submit_hook.py:479} INFO - 22/06/21 10:58:11 INFO FileScanRDD: Reading File path: file:///home/lucas/pipeline-data/datalake/bronze/odds_portal/extract_date=2022-04-13/OddsPortal_20220413.json, range: 0-2, partition values: [empty row]
[2022-06-21 10:58:11,599] {spark_submit_hook.py:479} INFO - 22/06/21 10:58:11 INFO Executor: Finished task 0.0 in stage 0.0 (TID 0). 2059 bytes result sent to driver
[2022-06-21 10:58:11,604] {spark_submit_hook.py:479} INFO - 22/06/21 10:58:11 INFO TaskSetManager: Finished task 0.0 in stage 0.0 (TID 0) in 414 ms on 192.168.0.13 (executor driver) (1/1)
[2022-06-21 10:58:11,605] {spark_submit_hook.py:479} INFO - 22/06/21 10:58:11 INFO TaskSchedulerImpl: Removed TaskSet 0.0, whose tasks have all completed, from pool
[2022-06-21 10:58:11,609] {spark_submit_hook.py:479} INFO - 22/06/21 10:58:11 INFO DAGScheduler: ResultStage 0 (json at NativeMethodAccessorImpl.java:0) finished in 0,496 s
[2022-06-21 10:58:11,611] {spark_submit_hook.py:479} INFO - 22/06/21 10:58:11 INFO DAGScheduler: Job 0 is finished. Cancelling potential speculative or zombie tasks for this job
[2022-06-21 10:58:11,611] {spark_submit_hook.py:479} INFO - 22/06/21 10:58:11 INFO TaskSchedulerImpl: Killing all running tasks in stage 0: Stage finished
[2022-06-21 10:58:11,612] {spark_submit_hook.py:479} INFO - 22/06/21 10:58:11 INFO DAGScheduler: Job 0 finished: json at NativeMethodAccessorImpl.java:0, took 0,520716 s
[2022-06-21 10:58:11,630] {spark_submit_hook.py:479} INFO - 22/06/21 10:58:11 INFO InMemoryFileIndex: It took 2 ms to list leaf files for 1 paths.
[2022-06-21 10:58:11,638] {spark_submit_hook.py:479} INFO - 22/06/21 10:58:11 INFO InMemoryFileIndex: It took 1 ms to list leaf files for 4 paths.
[2022-06-21 10:58:11,680] {spark_submit_hook.py:479} INFO - 22/06/21 10:58:11 INFO FileSourceStrategy: Pushed Filters:
[2022-06-21 10:58:11,680] {spark_submit_hook.py:479} INFO - 22/06/21 10:58:11 INFO FileSourceStrategy: Post-Scan Filters:
[2022-06-21 10:58:11,680] {spark_submit_hook.py:479} INFO - 22/06/21 10:58:11 INFO FileSourceStrategy: Output Data Schema: struct<value: string>
[2022-06-21 10:58:11,685] {spark_submit_hook.py:479} INFO - 22/06/21 10:58:11 INFO MemoryStore: Block broadcast_2 stored as values in memory (estimated size 338.1 KiB, free 365.6 MiB)
[2022-06-21 10:58:11,694] {spark_submit_hook.py:479} INFO - 22/06/21 10:58:11 INFO MemoryStore: Block broadcast_2_piece0 stored as bytes in memory (estimated size 32.5 KiB, free 365.6 MiB)
[2022-06-21 10:58:11,694] {spark_submit_hook.py:479} INFO - 22/06/21 10:58:11 INFO BlockManagerInfo: Added broadcast_2_piece0 in memory on 192.168.0.13:40143 (size: 32.5 KiB, free: 366.2 MiB)
[2022-06-21 10:58:11,695] {spark_submit_hook.py:479} INFO - 22/06/21 10:58:11 INFO SparkContext: Created broadcast 2 from json at NativeMethodAccessorImpl.java:0
[2022-06-21 10:58:11,695] {spark_submit_hook.py:479} INFO - 22/06/21 10:58:11 INFO FileSourceScanExec: Planning scan with bin packing, max size: 16788737 bytes, open cost is considered as scanning 4194304 bytes.
[2022-06-21 10:58:11,704] {spark_submit_hook.py:479} INFO - 22/06/21 10:58:11 INFO SparkContext: Starting job: json at NativeMethodAccessorImpl.java:0
[2022-06-21 10:58:11,704] {spark_submit_hook.py:479} INFO - 22/06/21 10:58:11 INFO DAGScheduler: Got job 1 (json at NativeMethodAccessorImpl.java:0) with 1 output partitions
[2022-06-21 10:58:11,704] {spark_submit_hook.py:479} INFO - 22/06/21 10:58:11 INFO DAGScheduler: Final stage: ResultStage 1 (json at NativeMethodAccessorImpl.java:0)
[2022-06-21 10:58:11,704] {spark_submit_hook.py:479} INFO - 22/06/21 10:58:11 INFO DAGScheduler: Parents of final stage: List()
[2022-06-21 10:58:11,705] {spark_submit_hook.py:479} INFO - 22/06/21 10:58:11 INFO DAGScheduler: Missing parents: List()
[2022-06-21 10:58:11,705] {spark_submit_hook.py:479} INFO - 22/06/21 10:58:11 INFO DAGScheduler: Submitting ResultStage 1 (MapPartitionsRDD[7] at json at NativeMethodAccessorImpl.java:0), which has no missing parents
[2022-06-21 10:58:11,708] {spark_submit_hook.py:479} INFO - 22/06/21 10:58:11 INFO MemoryStore: Block broadcast_3 stored as values in memory (estimated size 12.4 KiB, free 365.5 MiB)
[2022-06-21 10:58:11,709] {spark_submit_hook.py:479} INFO - 22/06/21 10:58:11 INFO MemoryStore: Block broadcast_3_piece0 stored as bytes in memory (estimated size 6.5 KiB, free 365.5 MiB)
[2022-06-21 10:58:11,709] {spark_submit_hook.py:479} INFO - 22/06/21 10:58:11 INFO BlockManagerInfo: Added broadcast_3_piece0 in memory on 192.168.0.13:40143 (size: 6.5 KiB, free: 366.2 MiB)
[2022-06-21 10:58:11,710] {spark_submit_hook.py:479} INFO - 22/06/21 10:58:11 INFO SparkContext: Created broadcast 3 from broadcast at DAGScheduler.scala:1478
[2022-06-21 10:58:11,710] {spark_submit_hook.py:479} INFO - 22/06/21 10:58:11 INFO DAGScheduler: Submitting 1 missing tasks from ResultStage 1 (MapPartitionsRDD[7] at json at NativeMethodAccessorImpl.java:0) (first 15 tasks are for partitions Vector(0))
[2022-06-21 10:58:11,710] {spark_submit_hook.py:479} INFO - 22/06/21 10:58:11 INFO TaskSchedulerImpl: Adding task set 1.0 with 1 tasks resource profile 0
[2022-06-21 10:58:11,711] {spark_submit_hook.py:479} INFO - 22/06/21 10:58:11 INFO TaskSetManager: Starting task 0.0 in stage 1.0 (TID 1) (192.168.0.13, executor driver, partition 0, PROCESS_LOCAL, 5359 bytes) taskResourceAssignments Map()
[2022-06-21 10:58:11,711] {spark_submit_hook.py:479} INFO - 22/06/21 10:58:11 INFO Executor: Running task 0.0 in stage 1.0 (TID 1)
[2022-06-21 10:58:11,716] {spark_submit_hook.py:479} INFO - 22/06/21 10:58:11 INFO FileScanRDD: Reading File path: file:///home/lucas/pipeline-data/datalake/bronze/api_football/extract_date=2022-04-11/ApiFootball_20220411.json, range: 0-6626, partition values: [empty row]
[2022-06-21 10:58:11,724] {spark_submit_hook.py:479} INFO - 22/06/21 10:58:11 INFO FileScanRDD: Reading File path: file:///home/lucas/pipeline-data/datalake/bronze/api_football/extract_date=2022-04-10/ApiFootball_20220410.json, range: 0-3372, partition values: [empty row]
[2022-06-21 10:58:11,727] {spark_submit_hook.py:479} INFO - 22/06/21 10:58:11 INFO FileScanRDD: Reading File path: file:///home/lucas/pipeline-data/datalake/bronze/api_football/extract_date=2022-04-12/ApiFootball_20220412.json, range: 0-1297, partition values: [empty row]
[2022-06-21 10:58:11,729] {spark_submit_hook.py:479} INFO - 22/06/21 10:58:11 INFO FileScanRDD: Reading File path: file:///home/lucas/pipeline-data/datalake/bronze/api_football/extract_date=2022-04-13/ApiFootball_20220413.json, range: 0-226, partition values: [empty row]
[2022-06-21 10:58:11,733] {spark_submit_hook.py:479} INFO - 22/06/21 10:58:11 INFO Executor: Finished task 0.0 in stage 1.0 (TID 1). 4079 bytes result sent to driver
[2022-06-21 10:58:11,735] {spark_submit_hook.py:479} INFO - 22/06/21 10:58:11 INFO TaskSetManager: Finished task 0.0 in stage 1.0 (TID 1) in 24 ms on 192.168.0.13 (executor driver) (1/1)
[2022-06-21 10:58:11,735] {spark_submit_hook.py:479} INFO - 22/06/21 10:58:11 INFO TaskSchedulerImpl: Removed TaskSet 1.0, whose tasks have all completed, from pool
[2022-06-21 10:58:11,736] {spark_submit_hook.py:479} INFO - 22/06/21 10:58:11 INFO DAGScheduler: ResultStage 1 (json at NativeMethodAccessorImpl.java:0) finished in 0,029 s
[2022-06-21 10:58:11,736] {spark_submit_hook.py:479} INFO - 22/06/21 10:58:11 INFO DAGScheduler: Job 1 is finished. Cancelling potential speculative or zombie tasks for this job
[2022-06-21 10:58:11,736] {spark_submit_hook.py:479} INFO - 22/06/21 10:58:11 INFO TaskSchedulerImpl: Killing all running tasks in stage 1: Stage finished
[2022-06-21 10:58:11,736] {spark_submit_hook.py:479} INFO - 22/06/21 10:58:11 INFO DAGScheduler: Job 1 finished: json at NativeMethodAccessorImpl.java:0, took 0,032161 s
[2022-06-21 10:58:11,837] {spark_submit_hook.py:479} INFO - 22/06/21 10:58:11 INFO InMemoryFileIndex: It took 1 ms to list leaf files for 1 paths.
[2022-06-21 10:58:11,842] {spark_submit_hook.py:479} INFO - 22/06/21 10:58:11 INFO InMemoryFileIndex: It took 1 ms to list leaf files for 4 paths.
[2022-06-21 10:58:11,858] {spark_submit_hook.py:479} INFO - 22/06/21 10:58:11 INFO FileSourceStrategy: Pushed Filters:
[2022-06-21 10:58:11,859] {spark_submit_hook.py:479} INFO - 22/06/21 10:58:11 INFO FileSourceStrategy: Post-Scan Filters:
[2022-06-21 10:58:11,859] {spark_submit_hook.py:479} INFO - 22/06/21 10:58:11 INFO FileSourceStrategy: Output Data Schema: struct<value: string>
[2022-06-21 10:58:11,862] {spark_submit_hook.py:479} INFO - 22/06/21 10:58:11 INFO MemoryStore: Block broadcast_4 stored as values in memory (estimated size 338.1 KiB, free 365.2 MiB)
[2022-06-21 10:58:11,868] {spark_submit_hook.py:479} INFO - 22/06/21 10:58:11 INFO MemoryStore: Block broadcast_4_piece0 stored as bytes in memory (estimated size 32.5 KiB, free 365.2 MiB)
[2022-06-21 10:58:11,869] {spark_submit_hook.py:479} INFO - 22/06/21 10:58:11 INFO BlockManagerInfo: Added broadcast_4_piece0 in memory on 192.168.0.13:40143 (size: 32.5 KiB, free: 366.2 MiB)
[2022-06-21 10:58:11,869] {spark_submit_hook.py:479} INFO - 22/06/21 10:58:11 INFO SparkContext: Created broadcast 4 from json at NativeMethodAccessorImpl.java:0
[2022-06-21 10:58:11,870] {spark_submit_hook.py:479} INFO - 22/06/21 10:58:11 INFO FileSourceScanExec: Planning scan with bin packing, max size: 16887097 bytes, open cost is considered as scanning 4194304 bytes.
[2022-06-21 10:58:11,876] {spark_submit_hook.py:479} INFO - 22/06/21 10:58:11 INFO SparkContext: Starting job: json at NativeMethodAccessorImpl.java:0
[2022-06-21 10:58:11,877] {spark_submit_hook.py:479} INFO - 22/06/21 10:58:11 INFO DAGScheduler: Got job 2 (json at NativeMethodAccessorImpl.java:0) with 1 output partitions
[2022-06-21 10:58:11,877] {spark_submit_hook.py:479} INFO - 22/06/21 10:58:11 INFO DAGScheduler: Final stage: ResultStage 2 (json at NativeMethodAccessorImpl.java:0)
[2022-06-21 10:58:11,877] {spark_submit_hook.py:479} INFO - 22/06/21 10:58:11 INFO DAGScheduler: Parents of final stage: List()
[2022-06-21 10:58:11,877] {spark_submit_hook.py:479} INFO - 22/06/21 10:58:11 INFO DAGScheduler: Missing parents: List()
[2022-06-21 10:58:11,878] {spark_submit_hook.py:479} INFO - 22/06/21 10:58:11 INFO DAGScheduler: Submitting ResultStage 2 (MapPartitionsRDD[11] at json at NativeMethodAccessorImpl.java:0), which has no missing parents
[2022-06-21 10:58:11,880] {spark_submit_hook.py:479} INFO - 22/06/21 10:58:11 INFO MemoryStore: Block broadcast_5 stored as values in memory (estimated size 12.4 KiB, free 365.2 MiB)
[2022-06-21 10:58:11,881] {spark_submit_hook.py:479} INFO - 22/06/21 10:58:11 INFO MemoryStore: Block broadcast_5_piece0 stored as bytes in memory (estimated size 6.5 KiB, free 365.2 MiB)
[2022-06-21 10:58:11,882] {spark_submit_hook.py:479} INFO - 22/06/21 10:58:11 INFO BlockManagerInfo: Added broadcast_5_piece0 in memory on 192.168.0.13:40143 (size: 6.5 KiB, free: 366.2 MiB)
[2022-06-21 10:58:11,882] {spark_submit_hook.py:479} INFO - 22/06/21 10:58:11 INFO SparkContext: Created broadcast 5 from broadcast at DAGScheduler.scala:1478
[2022-06-21 10:58:11,882] {spark_submit_hook.py:479} INFO - 22/06/21 10:58:11 INFO DAGScheduler: Submitting 1 missing tasks from ResultStage 2 (MapPartitionsRDD[11] at json at NativeMethodAccessorImpl.java:0) (first 15 tasks are for partitions Vector(0))
[2022-06-21 10:58:11,882] {spark_submit_hook.py:479} INFO - 22/06/21 10:58:11 INFO TaskSchedulerImpl: Adding task set 2.0 with 1 tasks resource profile 0
[2022-06-21 10:58:11,883] {spark_submit_hook.py:479} INFO - 22/06/21 10:58:11 INFO TaskSetManager: Starting task 0.0 in stage 2.0 (TID 2) (192.168.0.13, executor driver, partition 0, PROCESS_LOCAL, 5343 bytes) taskResourceAssignments Map()
[2022-06-21 10:58:11,883] {spark_submit_hook.py:479} INFO - 22/06/21 10:58:11 INFO Executor: Running task 0.0 in stage 2.0 (TID 2)
[2022-06-21 10:58:11,887] {spark_submit_hook.py:479} INFO - 22/06/21 10:58:11 INFO FileScanRDD: Reading File path: file:///home/lucas/pipeline-data/datalake/bronze/who_scored/extract_date=2022-04-11/WhoScored_20220411.json, range: 0-76232, partition values: [empty row]
[2022-06-21 10:58:11,899] {spark_submit_hook.py:479} INFO - 22/06/21 10:58:11 INFO FileScanRDD: Reading File path: file:///home/lucas/pipeline-data/datalake/bronze/who_scored/extract_date=2022-04-10/WhoScored_20220410.json, range: 0-20957, partition values: [empty row]
[2022-06-21 10:58:11,902] {spark_submit_hook.py:479} INFO - 22/06/21 10:58:11 INFO FileScanRDD: Reading File path: file:///home/lucas/pipeline-data/datalake/bronze/who_scored/extract_date=2022-04-13/WhoScored_20220413.json, range: 0-12689, partition values: [empty row]
[2022-06-21 10:58:11,904] {spark_submit_hook.py:479} INFO - 22/06/21 10:58:11 INFO FileScanRDD: Reading File path: file:///home/lucas/pipeline-data/datalake/bronze/who_scored/extract_date=2022-04-12/WhoScored_20220412.json, range: 0-3, partition values: [empty row]
[2022-06-21 10:58:11,907] {spark_submit_hook.py:479} INFO - 22/06/21 10:58:11 INFO Executor: Finished task 0.0 in stage 2.0 (TID 2). 2172 bytes result sent to driver
[2022-06-21 10:58:11,908] {spark_submit_hook.py:479} INFO - 22/06/21 10:58:11 INFO TaskSetManager: Finished task 0.0 in stage 2.0 (TID 2) in 24 ms on 192.168.0.13 (executor driver) (1/1)
[2022-06-21 10:58:11,908] {spark_submit_hook.py:479} INFO - 22/06/21 10:58:11 INFO TaskSchedulerImpl: Removed TaskSet 2.0, whose tasks have all completed, from pool
[2022-06-21 10:58:11,908] {spark_submit_hook.py:479} INFO - 22/06/21 10:58:11 INFO DAGScheduler: ResultStage 2 (json at NativeMethodAccessorImpl.java:0) finished in 0,030 s
[2022-06-21 10:58:11,908] {spark_submit_hook.py:479} INFO - 22/06/21 10:58:11 INFO DAGScheduler: Job 2 is finished. Cancelling potential speculative or zombie tasks for this job
[2022-06-21 10:58:11,908] {spark_submit_hook.py:479} INFO - 22/06/21 10:58:11 INFO TaskSchedulerImpl: Killing all running tasks in stage 2: Stage finished
[2022-06-21 10:58:11,908] {spark_submit_hook.py:479} INFO - 22/06/21 10:58:11 INFO DAGScheduler: Job 2 finished: json at NativeMethodAccessorImpl.java:0, took 0,031982 s
[2022-06-21 10:58:11,976] {spark_submit_hook.py:479} INFO - 22/06/21 10:58:11 INFO BlockManagerInfo: Removed broadcast_2_piece0 on 192.168.0.13:40143 in memory (size: 32.5 KiB, free: 366.2 MiB)
[2022-06-21 10:58:11,978] {spark_submit_hook.py:479} INFO - 22/06/21 10:58:11 INFO BlockManagerInfo: Removed broadcast_4_piece0 on 192.168.0.13:40143 in memory (size: 32.5 KiB, free: 366.2 MiB)
[2022-06-21 10:58:11,979] {spark_submit_hook.py:479} INFO - 22/06/21 10:58:11 INFO BlockManagerInfo: Removed broadcast_3_piece0 on 192.168.0.13:40143 in memory (size: 6.5 KiB, free: 366.3 MiB)
[2022-06-21 10:58:11,981] {spark_submit_hook.py:479} INFO - 22/06/21 10:58:11 INFO BlockManagerInfo: Removed broadcast_5_piece0 on 192.168.0.13:40143 in memory (size: 6.5 KiB, free: 366.3 MiB)
[2022-06-21 10:58:12,042] {spark_submit_hook.py:479} INFO - 22/06/21 10:58:12 INFO DataSourceStrategy: Pruning directories with:
[2022-06-21 10:58:12,042] {spark_submit_hook.py:479} INFO - 22/06/21 10:58:12 INFO FileSourceStrategy: Pushed Filters:
[2022-06-21 10:58:12,043] {spark_submit_hook.py:479} INFO - 22/06/21 10:58:12 INFO FileSourceStrategy: Post-Scan Filters:
[2022-06-21 10:58:12,043] {spark_submit_hook.py:479} INFO - 22/06/21 10:58:12 INFO FileSourceStrategy: Output Data Schema: struct<away_team: string, home_team: string, odd_away: string, odd_draw: string, odd_home: string ... 3 more fields>
[2022-06-21 10:58:12,086] {spark_submit_hook.py:479} INFO - 22/06/21 10:58:12 INFO FileOutputCommitter: File Output Committer Algorithm version is 1
[2022-06-21 10:58:12,086] {spark_submit_hook.py:479} INFO - 22/06/21 10:58:12 INFO FileOutputCommitter: FileOutputCommitter skip cleanup _temporary folders under output directory:false, ignore cleanup failures: false
[2022-06-21 10:58:12,086] {spark_submit_hook.py:479} INFO - 22/06/21 10:58:12 INFO SQLHadoopMapReduceCommitProtocol: Using output committer class org.apache.hadoop.mapreduce.lib.output.FileOutputCommitter
[2022-06-21 10:58:12,128] {spark_submit_hook.py:479} INFO - 22/06/21 10:58:12 INFO CodeGenerator: Code generated in 14.843983 ms
[2022-06-21 10:58:12,143] {spark_submit_hook.py:479} INFO - 22/06/21 10:58:12 INFO CodeGenerator: Code generated in 10.340417 ms
[2022-06-21 10:58:12,147] {spark_submit_hook.py:479} INFO - 22/06/21 10:58:12 INFO MemoryStore: Block broadcast_6 stored as values in memory (estimated size 337.9 KiB, free 365.6 MiB)
[2022-06-21 10:58:12,155] {spark_submit_hook.py:479} INFO - 22/06/21 10:58:12 INFO MemoryStore: Block broadcast_6_piece0 stored as bytes in memory (estimated size 32.5 KiB, free 365.6 MiB)
[2022-06-21 10:58:12,156] {spark_submit_hook.py:479} INFO - 22/06/21 10:58:12 INFO BlockManagerInfo: Added broadcast_6_piece0 in memory on 192.168.0.13:40143 (size: 32.5 KiB, free: 366.2 MiB)
[2022-06-21 10:58:12,157] {spark_submit_hook.py:479} INFO - 22/06/21 10:58:12 INFO SparkContext: Created broadcast 6 from json at NativeMethodAccessorImpl.java:0
[2022-06-21 10:58:12,160] {spark_submit_hook.py:479} INFO - 22/06/21 10:58:12 INFO FileSourceScanExec: Planning scan with bin packing, max size: 16778358 bytes, open cost is considered as scanning 4194304 bytes.
[2022-06-21 10:58:12,228] {spark_submit_hook.py:479} INFO - 22/06/21 10:58:12 INFO SparkContext: Starting job: json at NativeMethodAccessorImpl.java:0
[2022-06-21 10:58:12,229] {spark_submit_hook.py:479} INFO - 22/06/21 10:58:12 INFO DAGScheduler: Got job 3 (json at NativeMethodAccessorImpl.java:0) with 1 output partitions
[2022-06-21 10:58:12,229] {spark_submit_hook.py:479} INFO - 22/06/21 10:58:12 INFO DAGScheduler: Final stage: ResultStage 3 (json at NativeMethodAccessorImpl.java:0)
[2022-06-21 10:58:12,229] {spark_submit_hook.py:479} INFO - 22/06/21 10:58:12 INFO DAGScheduler: Parents of final stage: List()
[2022-06-21 10:58:12,230] {spark_submit_hook.py:479} INFO - 22/06/21 10:58:12 INFO DAGScheduler: Missing parents: List()
[2022-06-21 10:58:12,230] {spark_submit_hook.py:479} INFO - 22/06/21 10:58:12 INFO DAGScheduler: Submitting ResultStage 3 (CoalescedRDD[18] at json at NativeMethodAccessorImpl.java:0), which has no missing parents
[2022-06-21 10:58:12,244] {spark_submit_hook.py:479} INFO - 22/06/21 10:58:12 INFO MemoryStore: Block broadcast_7 stored as values in memory (estimated size 221.3 KiB, free 365.3 MiB)
[2022-06-21 10:58:12,246] {spark_submit_hook.py:479} INFO - 22/06/21 10:58:12 INFO MemoryStore: Block broadcast_7_piece0 stored as bytes in memory (estimated size 79.1 KiB, free 365.3 MiB)
[2022-06-21 10:58:12,246] {spark_submit_hook.py:479} INFO - 22/06/21 10:58:12 INFO BlockManagerInfo: Added broadcast_7_piece0 in memory on 192.168.0.13:40143 (size: 79.1 KiB, free: 366.2 MiB)
[2022-06-21 10:58:12,247] {spark_submit_hook.py:479} INFO - 22/06/21 10:58:12 INFO SparkContext: Created broadcast 7 from broadcast at DAGScheduler.scala:1478
[2022-06-21 10:58:12,247] {spark_submit_hook.py:479} INFO - 22/06/21 10:58:12 INFO DAGScheduler: Submitting 1 missing tasks from ResultStage 3 (CoalescedRDD[18] at json at NativeMethodAccessorImpl.java:0) (first 15 tasks are for partitions Vector(0))
[2022-06-21 10:58:12,247] {spark_submit_hook.py:479} INFO - 22/06/21 10:58:12 INFO TaskSchedulerImpl: Adding task set 3.0 with 1 tasks resource profile 0
[2022-06-21 10:58:12,249] {spark_submit_hook.py:479} INFO - 22/06/21 10:58:12 INFO TaskSetManager: Starting task 0.0 in stage 3.0 (TID 3) (192.168.0.13, executor driver, partition 0, PROCESS_LOCAL, 5653 bytes) taskResourceAssignments Map()
[2022-06-21 10:58:12,249] {spark_submit_hook.py:479} INFO - 22/06/21 10:58:12 INFO Executor: Running task 0.0 in stage 3.0 (TID 3)
[2022-06-21 10:58:12,281] {spark_submit_hook.py:479} INFO - 22/06/21 10:58:12 INFO FileOutputCommitter: File Output Committer Algorithm version is 1
[2022-06-21 10:58:12,281] {spark_submit_hook.py:479} INFO - 22/06/21 10:58:12 INFO FileOutputCommitter: FileOutputCommitter skip cleanup _temporary folders under output directory:false, ignore cleanup failures: false
[2022-06-21 10:58:12,281] {spark_submit_hook.py:479} INFO - 22/06/21 10:58:12 INFO SQLHadoopMapReduceCommitProtocol: Using output committer class org.apache.hadoop.mapreduce.lib.output.FileOutputCommitter
[2022-06-21 10:58:12,314] {spark_submit_hook.py:479} INFO - 22/06/21 10:58:12 INFO CodeGenerator: Code generated in 7.729998 ms
[2022-06-21 10:58:12,702] {spark_submit_hook.py:479} INFO - 22/06/21 10:58:12 INFO FileScanRDD: Reading File path: file:///home/lucas/pipeline-data/datalake/bronze/odds_portal/extract_date=2022-04-11/OddsPortal_20220411.json, range: 0-795, partition values: [19093]
[2022-06-21 10:58:12,716] {spark_submit_hook.py:479} INFO - 22/06/21 10:58:12 INFO CodeGenerator: Code generated in 11.147232 ms
[2022-06-21 10:58:12,717] {spark_submit_hook.py:479} INFO - 22/06/21 10:58:12 INFO CodeGenerator: Code generated in 11.847301 ms
[2022-06-21 10:58:12,733] {spark_submit_hook.py:479} INFO - 22/06/21 10:58:12 INFO FileScanRDD: Reading File path: file:///home/lucas/pipeline-data/datalake/bronze/odds_portal/extract_date=2022-04-10/OddsPortal_20220410.json, range: 0-230, partition values: [19092]
[2022-06-21 10:58:12,735] {spark_submit_hook.py:479} INFO - 22/06/21 10:58:12 INFO FileScanRDD: Reading File path: file:///home/lucas/pipeline-data/datalake/bronze/odds_portal/extract_date=2022-04-12/OddsPortal_20220412.json, range: 0-115, partition values: [19094]
[2022-06-21 10:58:12,737] {spark_submit_hook.py:479} INFO - 22/06/21 10:58:12 INFO FileScanRDD: Reading File path: file:///home/lucas/pipeline-data/datalake/bronze/odds_portal/extract_date=2022-04-13/OddsPortal_20220413.json, range: 0-2, partition values: [19095]
[2022-06-21 10:58:12,746] {spark_submit_hook.py:479} INFO - 22/06/21 10:58:12 INFO PythonUDFRunner: Times: total = 416, boot = 369, init = 47, finish = 0
[2022-06-21 10:58:12,752] {spark_submit_hook.py:479} INFO - 22/06/21 10:58:12 INFO FileOutputCommitter: Saved output of task 'attempt_202206211058122905247926888241930_0003_m_000000_3' to file:/home/lucas/pipeline-data/datalake/silver/odds_portal/process_date=2022-04-13/_temporary/0/task_202206211058122905247926888241930_0003_m_000000
[2022-06-21 10:58:12,752] {spark_submit_hook.py:479} INFO - 22/06/21 10:58:12 INFO SparkHadoopMapRedUtil: attempt_202206211058122905247926888241930_0003_m_000000_3: Committed
[2022-06-21 10:58:12,756] {spark_submit_hook.py:479} INFO - 22/06/21 10:58:12 INFO Executor: Finished task 0.0 in stage 3.0 (TID 3). 3456 bytes result sent to driver
[2022-06-21 10:58:12,757] {spark_submit_hook.py:479} INFO - 22/06/21 10:58:12 INFO TaskSetManager: Finished task 0.0 in stage 3.0 (TID 3) in 510 ms on 192.168.0.13 (executor driver) (1/1)
[2022-06-21 10:58:12,757] {spark_submit_hook.py:479} INFO - 22/06/21 10:58:12 INFO TaskSchedulerImpl: Removed TaskSet 3.0, whose tasks have all completed, from pool
[2022-06-21 10:58:12,758] {spark_submit_hook.py:479} INFO - 22/06/21 10:58:12 INFO PythonAccumulatorV2: Connected to AccumulatorServer at host: 127.0.0.1 port: 41623
[2022-06-21 10:58:12,759] {spark_submit_hook.py:479} INFO - 22/06/21 10:58:12 INFO DAGScheduler: ResultStage 3 (json at NativeMethodAccessorImpl.java:0) finished in 0,528 s
[2022-06-21 10:58:12,759] {spark_submit_hook.py:479} INFO - 22/06/21 10:58:12 INFO DAGScheduler: Job 3 is finished. Cancelling potential speculative or zombie tasks for this job
[2022-06-21 10:58:12,759] {spark_submit_hook.py:479} INFO - 22/06/21 10:58:12 INFO TaskSchedulerImpl: Killing all running tasks in stage 3: Stage finished
[2022-06-21 10:58:12,760] {spark_submit_hook.py:479} INFO - 22/06/21 10:58:12 INFO DAGScheduler: Job 3 finished: json at NativeMethodAccessorImpl.java:0, took 0,531327 s
[2022-06-21 10:58:12,761] {spark_submit_hook.py:479} INFO - 22/06/21 10:58:12 INFO FileFormatWriter: Start to commit write Job 33dc2540-7795-4ac0-8bf1-33de1dd465b4.
[2022-06-21 10:58:12,767] {spark_submit_hook.py:479} INFO - 22/06/21 10:58:12 INFO FileFormatWriter: Write Job 33dc2540-7795-4ac0-8bf1-33de1dd465b4 committed. Elapsed time: 5 ms.
[2022-06-21 10:58:12,769] {spark_submit_hook.py:479} INFO - 22/06/21 10:58:12 INFO FileFormatWriter: Finished processing stats for write job 33dc2540-7795-4ac0-8bf1-33de1dd465b4.
[2022-06-21 10:58:12,793] {spark_submit_hook.py:479} INFO - 22/06/21 10:58:12 INFO SparkContext: Invoking stop() from shutdown hook
[2022-06-21 10:58:12,798] {spark_submit_hook.py:479} INFO - 22/06/21 10:58:12 INFO SparkUI: Stopped Spark web UI at http://192.168.0.13:4040
[2022-06-21 10:58:12,804] {spark_submit_hook.py:479} INFO - 22/06/21 10:58:12 INFO MapOutputTrackerMasterEndpoint: MapOutputTrackerMasterEndpoint stopped!
[2022-06-21 10:58:12,810] {spark_submit_hook.py:479} INFO - 22/06/21 10:58:12 INFO MemoryStore: MemoryStore cleared
[2022-06-21 10:58:12,810] {spark_submit_hook.py:479} INFO - 22/06/21 10:58:12 INFO BlockManager: BlockManager stopped
[2022-06-21 10:58:12,813] {spark_submit_hook.py:479} INFO - 22/06/21 10:58:12 INFO BlockManagerMaster: BlockManagerMaster stopped
[2022-06-21 10:58:12,814] {spark_submit_hook.py:479} INFO - 22/06/21 10:58:12 INFO OutputCommitCoordinator$OutputCommitCoordinatorEndpoint: OutputCommitCoordinator stopped!
[2022-06-21 10:58:12,817] {spark_submit_hook.py:479} INFO - 22/06/21 10:58:12 INFO SparkContext: Successfully stopped SparkContext
[2022-06-21 10:58:12,817] {spark_submit_hook.py:479} INFO - 22/06/21 10:58:12 INFO ShutdownHookManager: Shutdown hook called
[2022-06-21 10:58:12,817] {spark_submit_hook.py:479} INFO - 22/06/21 10:58:12 INFO ShutdownHookManager: Deleting directory /tmp/spark-9fc16668-2aa5-4dfc-bed9-cff9be4cc098/pyspark-f9195b71-e2e6-4ee7-a6e1-ec10d941efbb
[2022-06-21 10:58:12,818] {spark_submit_hook.py:479} INFO - 22/06/21 10:58:12 INFO ShutdownHookManager: Deleting directory /tmp/spark-17075007-5063-4d52-924a-a20ce62c5c76
[2022-06-21 10:58:12,819] {spark_submit_hook.py:479} INFO - 22/06/21 10:58:12 INFO ShutdownHookManager: Deleting directory /tmp/spark-9fc16668-2aa5-4dfc-bed9-cff9be4cc098
[2022-06-21 10:58:12,861] {taskinstance.py:1057} INFO - Marking task as SUCCESS.dag_id=football_dag, task_id=transform_football, execution_date=20220413T000000, start_date=20220621T135806, end_date=20220621T135812
[2022-06-21 10:58:15,970] {local_task_job.py:102} INFO - Task exited with return code 0
