[2022-06-20 13:41:42,007] {taskinstance.py:670} INFO - Dependencies all met for <TaskInstance: football_dag.who_scored 2022-04-13T00:00:00+00:00 [queued]>
[2022-06-20 13:41:42,012] {taskinstance.py:670} INFO - Dependencies all met for <TaskInstance: football_dag.who_scored 2022-04-13T00:00:00+00:00 [queued]>
[2022-06-20 13:41:42,012] {taskinstance.py:880} INFO - 
--------------------------------------------------------------------------------
[2022-06-20 13:41:42,012] {taskinstance.py:881} INFO - Starting attempt 1 of 1
[2022-06-20 13:41:42,012] {taskinstance.py:882} INFO - 
--------------------------------------------------------------------------------
[2022-06-20 13:41:42,167] {taskinstance.py:901} INFO - Executing <Task(WhoScoredOperator): who_scored> on 2022-04-13T00:00:00+00:00
[2022-06-20 13:41:42,169] {standard_task_runner.py:54} INFO - Started process 7357 to run task
[2022-06-20 13:41:42,207] {standard_task_runner.py:77} INFO - Running: ['airflow', 'run', 'football_dag', 'who_scored', '2022-04-13T00:00:00+00:00', '--job_id', '66', '--pool', 'default_pool', '--raw', '-sd', 'DAGS_FOLDER/football_dag.py', '--cfg_path', '/tmp/tmpcojngkv7']
[2022-06-20 13:41:42,207] {standard_task_runner.py:78} INFO - Job 66: Subtask who_scored
[2022-06-20 13:41:42,332] {logging_mixin.py:112} INFO - Running <TaskInstance: football_dag.who_scored 2022-04-13T00:00:00+00:00 [running]> on host lucas-AB350M-DS3H-V2
[2022-06-20 13:41:42,340] {logging_mixin.py:112} INFO - 
[2022-06-20 13:41:42,340] {logger.py:16} INFO - ====== WebDriver manager ======
[2022-06-20 13:41:42,372] {logger.py:16} INFO - Current google-chrome version is 102.0.5005
[2022-06-20 13:41:42,372] {logger.py:16} INFO - Get LATEST chromedriver version for 102.0.5005 google-chrome
[2022-06-20 13:41:42,481] {logger.py:16} INFO - Driver [/home/lucas/.wdm/drivers/chromedriver/linux64/102.0.5005.61/chromedriver] found in cache
[2022-06-20 13:42:16,664] {taskinstance.py:1057} INFO - Marking task as SUCCESS.dag_id=football_dag, task_id=who_scored, execution_date=20220413T000000, start_date=20220620T164142, end_date=20220620T164216
[2022-06-20 13:42:17,293] {local_task_job.py:102} INFO - Task exited with return code 0
[2022-06-20 15:25:59,398] {taskinstance.py:670} INFO - Dependencies all met for <TaskInstance: football_dag.who_scored 2022-04-13T00:00:00+00:00 [queued]>
[2022-06-20 15:25:59,403] {taskinstance.py:670} INFO - Dependencies all met for <TaskInstance: football_dag.who_scored 2022-04-13T00:00:00+00:00 [queued]>
[2022-06-20 15:25:59,403] {taskinstance.py:880} INFO - 
--------------------------------------------------------------------------------
[2022-06-20 15:25:59,403] {taskinstance.py:881} INFO - Starting attempt 1 of 1
[2022-06-20 15:25:59,403] {taskinstance.py:882} INFO - 
--------------------------------------------------------------------------------
[2022-06-20 15:25:59,563] {taskinstance.py:901} INFO - Executing <Task(WhoScoredOperator): who_scored> on 2022-04-13T00:00:00+00:00
[2022-06-20 15:25:59,564] {standard_task_runner.py:54} INFO - Started process 29162 to run task
[2022-06-20 15:25:59,600] {standard_task_runner.py:77} INFO - Running: ['airflow', 'run', 'football_dag', 'who_scored', '2022-04-13T00:00:00+00:00', '--job_id', '64', '--pool', 'default_pool', '--raw', '-sd', 'DAGS_FOLDER/football_dag.py', '--cfg_path', '/tmp/tmp5tb9m91q']
[2022-06-20 15:25:59,601] {standard_task_runner.py:78} INFO - Job 64: Subtask who_scored
[2022-06-20 15:25:59,733] {logging_mixin.py:112} INFO - Running <TaskInstance: football_dag.who_scored 2022-04-13T00:00:00+00:00 [running]> on host lucas-AB350M-DS3H-V2
[2022-06-20 15:25:59,741] {logging_mixin.py:112} INFO - 
[2022-06-20 15:25:59,741] {logger.py:16} INFO - ====== WebDriver manager ======
[2022-06-20 15:25:59,773] {logger.py:16} INFO - Current google-chrome version is 102.0.5005
[2022-06-20 15:25:59,773] {logger.py:16} INFO - Get LATEST chromedriver version for 102.0.5005 google-chrome
[2022-06-20 15:25:59,879] {logger.py:16} INFO - Driver [/home/lucas/.wdm/drivers/chromedriver/linux64/102.0.5005.61/chromedriver] found in cache
[2022-06-20 15:26:33,981] {taskinstance.py:1057} INFO - Marking task as SUCCESS.dag_id=football_dag, task_id=who_scored, execution_date=20220413T000000, start_date=20220620T182559, end_date=20220620T182633
[2022-06-20 15:26:34,277] {local_task_job.py:156} WARNING - State of this instance has been externally set to success. Taking the poison pill.
[2022-06-20 15:26:34,282] {helpers.py:325} INFO - Sending Signals.SIGTERM to GPID 29162
[2022-06-20 15:26:34,282] {helpers.py:291} INFO - Process psutil.Process(pid=29162, status='terminated', exitcode=0, started='15:25:58') (29162) terminated with exit code 0
[2022-06-20 15:26:34,282] {local_task_job.py:102} INFO - Task exited with return code 0
[2022-06-21 10:13:00,491] {taskinstance.py:670} INFO - Dependencies all met for <TaskInstance: football_dag.who_scored 2022-04-13T00:00:00+00:00 [queued]>
[2022-06-21 10:13:00,527] {taskinstance.py:670} INFO - Dependencies all met for <TaskInstance: football_dag.who_scored 2022-04-13T00:00:00+00:00 [queued]>
[2022-06-21 10:13:00,527] {taskinstance.py:880} INFO - 
--------------------------------------------------------------------------------
[2022-06-21 10:13:00,527] {taskinstance.py:881} INFO - Starting attempt 1 of 1
[2022-06-21 10:13:00,527] {taskinstance.py:882} INFO - 
--------------------------------------------------------------------------------
[2022-06-21 10:13:00,698] {taskinstance.py:901} INFO - Executing <Task(WhoScoredOperator): who_scored> on 2022-04-13T00:00:00+00:00
[2022-06-21 10:13:00,699] {standard_task_runner.py:54} INFO - Started process 16978 to run task
[2022-06-21 10:13:00,736] {standard_task_runner.py:77} INFO - Running: ['airflow', 'run', 'football_dag', 'who_scored', '2022-04-13T00:00:00+00:00', '--job_id', '132', '--pool', 'default_pool', '--raw', '-sd', 'DAGS_FOLDER/football_dag.py', '--cfg_path', '/tmp/tmp51vth0uw']
[2022-06-21 10:13:00,736] {standard_task_runner.py:78} INFO - Job 132: Subtask who_scored
[2022-06-21 10:13:01,405] {logging_mixin.py:112} INFO - Running <TaskInstance: football_dag.who_scored 2022-04-13T00:00:00+00:00 [running]> on host lucas-AB350M-DS3H-V2
[2022-06-21 10:13:01,413] {logging_mixin.py:112} INFO - 
[2022-06-21 10:13:01,413] {logger.py:16} INFO - ====== WebDriver manager ======
[2022-06-21 10:13:01,448] {logger.py:16} INFO - Current google-chrome version is 102.0.5005
[2022-06-21 10:13:01,448] {logger.py:16} INFO - Get LATEST chromedriver version for 102.0.5005 google-chrome
[2022-06-21 10:13:01,555] {logger.py:16} INFO - Driver [/home/lucas/.wdm/drivers/chromedriver/linux64/102.0.5005.61/chromedriver] found in cache
[2022-06-21 10:13:57,575] {taskinstance.py:1057} INFO - Marking task as SUCCESS.dag_id=football_dag, task_id=who_scored, execution_date=20220413T000000, start_date=20220621T131300, end_date=20220621T131357
[2022-06-21 10:14:00,398] {local_task_job.py:102} INFO - Task exited with return code 0
[2022-06-21 10:56:38,511] {taskinstance.py:670} INFO - Dependencies all met for <TaskInstance: football_dag.who_scored 2022-04-13T00:00:00+00:00 [queued]>
[2022-06-21 10:56:38,516] {taskinstance.py:670} INFO - Dependencies all met for <TaskInstance: football_dag.who_scored 2022-04-13T00:00:00+00:00 [queued]>
[2022-06-21 10:56:38,517] {taskinstance.py:880} INFO - 
--------------------------------------------------------------------------------
[2022-06-21 10:56:38,517] {taskinstance.py:881} INFO - Starting attempt 1 of 1
[2022-06-21 10:56:38,517] {taskinstance.py:882} INFO - 
--------------------------------------------------------------------------------
[2022-06-21 10:56:38,707] {taskinstance.py:901} INFO - Executing <Task(WhoScoredOperator): who_scored> on 2022-04-13T00:00:00+00:00
[2022-06-21 10:56:38,708] {standard_task_runner.py:54} INFO - Started process 24293 to run task
[2022-06-21 10:56:38,745] {standard_task_runner.py:77} INFO - Running: ['airflow', 'run', 'football_dag', 'who_scored', '2022-04-13T00:00:00+00:00', '--job_id', '133', '--pool', 'default_pool', '--raw', '-sd', 'DAGS_FOLDER/football_dag.py', '--cfg_path', '/tmp/tmp1hd9wlac']
[2022-06-21 10:56:38,746] {standard_task_runner.py:78} INFO - Job 133: Subtask who_scored
[2022-06-21 10:56:38,873] {logging_mixin.py:112} INFO - Running <TaskInstance: football_dag.who_scored 2022-04-13T00:00:00+00:00 [running]> on host lucas-AB350M-DS3H-V2
[2022-06-21 10:56:38,881] {logging_mixin.py:112} INFO - 
[2022-06-21 10:56:38,881] {logger.py:16} INFO - ====== WebDriver manager ======
[2022-06-21 10:56:38,914] {logger.py:16} INFO - Current google-chrome version is 102.0.5005
[2022-06-21 10:56:38,914] {logger.py:16} INFO - Get LATEST chromedriver version for 102.0.5005 google-chrome
[2022-06-21 10:56:39,019] {logger.py:16} INFO - Driver [/home/lucas/.wdm/drivers/chromedriver/linux64/102.0.5005.61/chromedriver] found in cache
[2022-06-21 10:57:12,782] {taskinstance.py:1057} INFO - Marking task as SUCCESS.dag_id=football_dag, task_id=who_scored, execution_date=20220413T000000, start_date=20220621T135638, end_date=20220621T135712
[2022-06-21 10:57:13,383] {local_task_job.py:102} INFO - Task exited with return code 0
