[2022-06-20 13:48:27,838] {taskinstance.py:670} INFO - Dependencies all met for <TaskInstance: football_dag.odds_portal 2022-04-17T00:00:00+00:00 [queued]>
[2022-06-20 13:48:27,843] {taskinstance.py:670} INFO - Dependencies all met for <TaskInstance: football_dag.odds_portal 2022-04-17T00:00:00+00:00 [queued]>
[2022-06-20 13:48:27,843] {taskinstance.py:880} INFO - 
--------------------------------------------------------------------------------
[2022-06-20 13:48:27,843] {taskinstance.py:881} INFO - Starting attempt 1 of 1
[2022-06-20 13:48:27,843] {taskinstance.py:882} INFO - 
--------------------------------------------------------------------------------
[2022-06-20 13:48:28,043] {taskinstance.py:901} INFO - Executing <Task(OddsPortalOperator): odds_portal> on 2022-04-17T00:00:00+00:00
[2022-06-20 13:48:28,044] {standard_task_runner.py:54} INFO - Started process 9414 to run task
[2022-06-20 13:48:28,081] {standard_task_runner.py:77} INFO - Running: ['airflow', 'run', 'football_dag', 'odds_portal', '2022-04-17T00:00:00+00:00', '--job_id', '77', '--pool', 'default_pool', '--raw', '-sd', 'DAGS_FOLDER/football_dag.py', '--cfg_path', '/tmp/tmpo_b4x_ch']
[2022-06-20 13:48:28,082] {standard_task_runner.py:78} INFO - Job 77: Subtask odds_portal
[2022-06-20 13:48:28,260] {logging_mixin.py:112} INFO - Running <TaskInstance: football_dag.odds_portal 2022-04-17T00:00:00+00:00 [running]> on host lucas-AB350M-DS3H-V2
[2022-06-20 13:48:28,269] {logging_mixin.py:112} INFO - 
[2022-06-20 13:48:28,269] {logger.py:16} INFO - ====== WebDriver manager ======
[2022-06-20 13:48:28,301] {logger.py:16} INFO - Current google-chrome version is 102.0.5005
[2022-06-20 13:48:28,301] {logger.py:16} INFO - Get LATEST chromedriver version for 102.0.5005 google-chrome
[2022-06-20 13:48:28,404] {logger.py:16} INFO - Driver [/home/lucas/.wdm/drivers/chromedriver/linux64/102.0.5005.61/chromedriver] found in cache
[2022-06-20 13:48:43,091] {taskinstance.py:1057} INFO - Marking task as SUCCESS.dag_id=football_dag, task_id=odds_portal, execution_date=20220417T000000, start_date=20220620T164827, end_date=20220620T164843
[2022-06-20 13:48:47,696] {local_task_job.py:102} INFO - Task exited with return code 0
[2022-06-20 15:33:05,578] {taskinstance.py:670} INFO - Dependencies all met for <TaskInstance: football_dag.odds_portal 2022-04-17T00:00:00+00:00 [queued]>
[2022-06-20 15:33:05,583] {taskinstance.py:670} INFO - Dependencies all met for <TaskInstance: football_dag.odds_portal 2022-04-17T00:00:00+00:00 [queued]>
[2022-06-20 15:33:05,583] {taskinstance.py:880} INFO - 
--------------------------------------------------------------------------------
[2022-06-20 15:33:05,583] {taskinstance.py:881} INFO - Starting attempt 1 of 1
[2022-06-20 15:33:05,583] {taskinstance.py:882} INFO - 
--------------------------------------------------------------------------------
[2022-06-20 15:33:05,825] {taskinstance.py:901} INFO - Executing <Task(OddsPortalOperator): odds_portal> on 2022-04-17T00:00:00+00:00
[2022-06-20 15:33:05,826] {standard_task_runner.py:54} INFO - Started process 31414 to run task
[2022-06-20 15:33:05,865] {standard_task_runner.py:77} INFO - Running: ['airflow', 'run', 'football_dag', 'odds_portal', '2022-04-17T00:00:00+00:00', '--job_id', '75', '--pool', 'default_pool', '--raw', '-sd', 'DAGS_FOLDER/football_dag.py', '--cfg_path', '/tmp/tmpf418kg7s']
[2022-06-20 15:33:05,866] {standard_task_runner.py:78} INFO - Job 75: Subtask odds_portal
[2022-06-20 15:33:06,054] {logging_mixin.py:112} INFO - Running <TaskInstance: football_dag.odds_portal 2022-04-17T00:00:00+00:00 [running]> on host lucas-AB350M-DS3H-V2
[2022-06-20 15:33:06,063] {logging_mixin.py:112} INFO - 
[2022-06-20 15:33:06,063] {logger.py:16} INFO - ====== WebDriver manager ======
[2022-06-20 15:33:06,095] {logger.py:16} INFO - Current google-chrome version is 102.0.5005
[2022-06-20 15:33:06,095] {logger.py:16} INFO - Get LATEST chromedriver version for 102.0.5005 google-chrome
[2022-06-20 15:33:06,275] {logger.py:16} INFO - Driver [/home/lucas/.wdm/drivers/chromedriver/linux64/102.0.5005.61/chromedriver] found in cache
[2022-06-20 15:33:17,346] {logging_mixin.py:112} INFO - [<selenium.webdriver.remote.webelement.WebElement (session="ddc9228be48308841cf610c20f0735b4", element="6c7a28cc-bba2-4f7b-b5e2-fb9a29016694")>, <selenium.webdriver.remote.webelement.WebElement (session="ddc9228be48308841cf610c20f0735b4", element="6a6d1007-f680-4d3d-b22e-4dd025eabf28")>, <selenium.webdriver.remote.webelement.WebElement (session="ddc9228be48308841cf610c20f0735b4", element="623a3e2c-d021-4a40-bdaf-e9a9dbd85c35")>]
[2022-06-20 15:33:17,470] {taskinstance.py:1057} INFO - Marking task as SUCCESS.dag_id=football_dag, task_id=odds_portal, execution_date=20220417T000000, start_date=20220620T183305, end_date=20220620T183317
[2022-06-20 15:33:20,435] {local_task_job.py:102} INFO - Task exited with return code 0
