[2022-06-20 17:46:27,435] {taskinstance.py:670} INFO - Dependencies all met for <TaskInstance: football_dag.odds_portal 2022-05-30T00:00:00+00:00 [queued]>
[2022-06-20 17:46:27,440] {taskinstance.py:670} INFO - Dependencies all met for <TaskInstance: football_dag.odds_portal 2022-05-30T00:00:00+00:00 [queued]>
[2022-06-20 17:46:27,440] {taskinstance.py:880} INFO - 
--------------------------------------------------------------------------------
[2022-06-20 17:46:27,440] {taskinstance.py:881} INFO - Starting attempt 1 of 1
[2022-06-20 17:46:27,440] {taskinstance.py:882} INFO - 
--------------------------------------------------------------------------------
[2022-06-20 17:46:27,640] {taskinstance.py:901} INFO - Executing <Task(OddsPortalOperator): odds_portal> on 2022-05-30T00:00:00+00:00
[2022-06-20 17:46:27,642] {standard_task_runner.py:54} INFO - Started process 31777 to run task
[2022-06-20 17:46:27,680] {standard_task_runner.py:77} INFO - Running: ['airflow', 'run', 'football_dag', 'odds_portal', '2022-05-30T00:00:00+00:00', '--job_id', '205', '--pool', 'default_pool', '--raw', '-sd', 'DAGS_FOLDER/football_dag.py', '--cfg_path', '/tmp/tmpgsczkz4g']
[2022-06-20 17:46:27,680] {standard_task_runner.py:78} INFO - Job 205: Subtask odds_portal
[2022-06-20 17:46:27,818] {logging_mixin.py:112} INFO - Running <TaskInstance: football_dag.odds_portal 2022-05-30T00:00:00+00:00 [running]> on host lucas-AB350M-DS3H-V2
[2022-06-20 17:46:27,826] {logging_mixin.py:112} INFO - 
[2022-06-20 17:46:27,826] {logger.py:16} INFO - ====== WebDriver manager ======
[2022-06-20 17:46:27,858] {logger.py:16} INFO - Current google-chrome version is 102.0.5005
[2022-06-20 17:46:27,858] {logger.py:16} INFO - Get LATEST chromedriver version for 102.0.5005 google-chrome
[2022-06-20 17:46:28,036] {logger.py:16} INFO - Driver [/home/lucas/.wdm/drivers/chromedriver/linux64/102.0.5005.61/chromedriver] found in cache
[2022-06-20 17:46:46,975] {taskinstance.py:1057} INFO - Marking task as SUCCESS.dag_id=football_dag, task_id=odds_portal, execution_date=20220530T000000, start_date=20220620T204627, end_date=20220620T204646
[2022-06-20 17:46:47,290] {local_task_job.py:156} WARNING - State of this instance has been externally set to success. Taking the poison pill.
[2022-06-20 17:46:47,295] {helpers.py:325} INFO - Sending Signals.SIGTERM to GPID 31777
[2022-06-20 17:46:47,295] {helpers.py:291} INFO - Process psutil.Process(pid=31777, status='terminated', exitcode=0, started='17:46:27') (31777) terminated with exit code 0
[2022-06-20 17:46:47,295] {local_task_job.py:102} INFO - Task exited with return code 0
