[2022-06-20 13:59:41,597] {taskinstance.py:670} INFO - Dependencies all met for <TaskInstance: football_dag.odds_portal 2022-04-22T00:00:00+00:00 [queued]>
[2022-06-20 13:59:41,602] {taskinstance.py:670} INFO - Dependencies all met for <TaskInstance: football_dag.odds_portal 2022-04-22T00:00:00+00:00 [queued]>
[2022-06-20 13:59:41,602] {taskinstance.py:880} INFO - 
--------------------------------------------------------------------------------
[2022-06-20 13:59:41,602] {taskinstance.py:881} INFO - Starting attempt 1 of 1
[2022-06-20 13:59:41,602] {taskinstance.py:882} INFO - 
--------------------------------------------------------------------------------
[2022-06-20 13:59:41,845] {taskinstance.py:901} INFO - Executing <Task(OddsPortalOperator): odds_portal> on 2022-04-22T00:00:00+00:00
[2022-06-20 13:59:41,847] {standard_task_runner.py:54} INFO - Started process 12473 to run task
[2022-06-20 13:59:41,884] {standard_task_runner.py:77} INFO - Running: ['airflow', 'run', 'football_dag', 'odds_portal', '2022-04-22T00:00:00+00:00', '--job_id', '92', '--pool', 'default_pool', '--raw', '-sd', 'DAGS_FOLDER/football_dag.py', '--cfg_path', '/tmp/tmp2jndclb9']
[2022-06-20 13:59:41,885] {standard_task_runner.py:78} INFO - Job 92: Subtask odds_portal
[2022-06-20 13:59:42,043] {logging_mixin.py:112} INFO - Running <TaskInstance: football_dag.odds_portal 2022-04-22T00:00:00+00:00 [running]> on host lucas-AB350M-DS3H-V2
[2022-06-20 13:59:42,052] {logging_mixin.py:112} INFO - 
[2022-06-20 13:59:42,052] {logger.py:16} INFO - ====== WebDriver manager ======
[2022-06-20 13:59:42,083] {logger.py:16} INFO - Current google-chrome version is 102.0.5005
[2022-06-20 13:59:42,083] {logger.py:16} INFO - Get LATEST chromedriver version for 102.0.5005 google-chrome
[2022-06-20 13:59:42,185] {logger.py:16} INFO - Driver [/home/lucas/.wdm/drivers/chromedriver/linux64/102.0.5005.61/chromedriver] found in cache
[2022-06-20 14:00:01,029] {taskinstance.py:1057} INFO - Marking task as SUCCESS.dag_id=football_dag, task_id=odds_portal, execution_date=20220422T000000, start_date=20220620T165941, end_date=20220620T170001
[2022-06-20 14:00:01,448] {local_task_job.py:102} INFO - Task exited with return code 0
[2022-06-20 15:46:04,470] {taskinstance.py:670} INFO - Dependencies all met for <TaskInstance: football_dag.odds_portal 2022-04-22T00:00:00+00:00 [queued]>
[2022-06-20 15:46:04,475] {taskinstance.py:670} INFO - Dependencies all met for <TaskInstance: football_dag.odds_portal 2022-04-22T00:00:00+00:00 [queued]>
[2022-06-20 15:46:04,475] {taskinstance.py:880} INFO - 
--------------------------------------------------------------------------------
[2022-06-20 15:46:04,475] {taskinstance.py:881} INFO - Starting attempt 1 of 1
[2022-06-20 15:46:04,475] {taskinstance.py:882} INFO - 
--------------------------------------------------------------------------------
[2022-06-20 15:46:04,815] {taskinstance.py:901} INFO - Executing <Task(OddsPortalOperator): odds_portal> on 2022-04-22T00:00:00+00:00
[2022-06-20 15:46:04,817] {standard_task_runner.py:54} INFO - Started process 35277 to run task
[2022-06-20 15:46:04,855] {standard_task_runner.py:77} INFO - Running: ['airflow', 'run', 'football_dag', 'odds_portal', '2022-04-22T00:00:00+00:00', '--job_id', '90', '--pool', 'default_pool', '--raw', '-sd', 'DAGS_FOLDER/football_dag.py', '--cfg_path', '/tmp/tmpasgv1phj']
[2022-06-20 15:46:04,855] {standard_task_runner.py:78} INFO - Job 90: Subtask odds_portal
[2022-06-20 15:46:05,039] {logging_mixin.py:112} INFO - Running <TaskInstance: football_dag.odds_portal 2022-04-22T00:00:00+00:00 [running]> on host lucas-AB350M-DS3H-V2
[2022-06-20 15:46:05,047] {logging_mixin.py:112} INFO - 
[2022-06-20 15:46:05,047] {logger.py:16} INFO - ====== WebDriver manager ======
[2022-06-20 15:46:05,080] {logger.py:16} INFO - Current google-chrome version is 102.0.5005
[2022-06-20 15:46:05,080] {logger.py:16} INFO - Get LATEST chromedriver version for 102.0.5005 google-chrome
[2022-06-20 15:46:05,260] {logger.py:16} INFO - Driver [/home/lucas/.wdm/drivers/chromedriver/linux64/102.0.5005.61/chromedriver] found in cache
[2022-06-20 15:46:24,761] {taskinstance.py:1057} INFO - Marking task as SUCCESS.dag_id=football_dag, task_id=odds_portal, execution_date=20220422T000000, start_date=20220620T184604, end_date=20220620T184624
[2022-06-20 15:46:29,349] {local_task_job.py:102} INFO - Task exited with return code 0
