[2022-06-20 13:56:04,263] {taskinstance.py:670} INFO - Dependencies all met for <TaskInstance: football_dag.odds_portal 2022-04-20T00:00:00+00:00 [queued]>
[2022-06-20 13:56:04,268] {taskinstance.py:670} INFO - Dependencies all met for <TaskInstance: football_dag.odds_portal 2022-04-20T00:00:00+00:00 [queued]>
[2022-06-20 13:56:04,268] {taskinstance.py:880} INFO - 
--------------------------------------------------------------------------------
[2022-06-20 13:56:04,268] {taskinstance.py:881} INFO - Starting attempt 1 of 1
[2022-06-20 13:56:04,268] {taskinstance.py:882} INFO - 
--------------------------------------------------------------------------------
[2022-06-20 13:56:04,456] {taskinstance.py:901} INFO - Executing <Task(OddsPortalOperator): odds_portal> on 2022-04-20T00:00:00+00:00
[2022-06-20 13:56:04,458] {standard_task_runner.py:54} INFO - Started process 11352 to run task
[2022-06-20 13:56:04,495] {standard_task_runner.py:77} INFO - Running: ['airflow', 'run', 'football_dag', 'odds_portal', '2022-04-20T00:00:00+00:00', '--job_id', '86', '--pool', 'default_pool', '--raw', '-sd', 'DAGS_FOLDER/football_dag.py', '--cfg_path', '/tmp/tmplrztp164']
[2022-06-20 13:56:04,495] {standard_task_runner.py:78} INFO - Job 86: Subtask odds_portal
[2022-06-20 13:56:04,654] {logging_mixin.py:112} INFO - Running <TaskInstance: football_dag.odds_portal 2022-04-20T00:00:00+00:00 [running]> on host lucas-AB350M-DS3H-V2
[2022-06-20 13:56:04,663] {logging_mixin.py:112} INFO - 
[2022-06-20 13:56:04,663] {logger.py:16} INFO - ====== WebDriver manager ======
[2022-06-20 13:56:04,699] {logger.py:16} INFO - Current google-chrome version is 102.0.5005
[2022-06-20 13:56:04,699] {logger.py:16} INFO - Get LATEST chromedriver version for 102.0.5005 google-chrome
[2022-06-20 13:56:04,798] {logger.py:16} INFO - Driver [/home/lucas/.wdm/drivers/chromedriver/linux64/102.0.5005.61/chromedriver] found in cache
[2022-06-20 13:56:26,379] {taskinstance.py:1057} INFO - Marking task as SUCCESS.dag_id=football_dag, task_id=odds_portal, execution_date=20220420T000000, start_date=20220620T165604, end_date=20220620T165626
[2022-06-20 13:56:29,126] {local_task_job.py:102} INFO - Task exited with return code 0
[2022-06-20 15:42:19,793] {taskinstance.py:670} INFO - Dependencies all met for <TaskInstance: football_dag.odds_portal 2022-04-20T00:00:00+00:00 [queued]>
[2022-06-20 15:42:19,798] {taskinstance.py:670} INFO - Dependencies all met for <TaskInstance: football_dag.odds_portal 2022-04-20T00:00:00+00:00 [queued]>
[2022-06-20 15:42:19,798] {taskinstance.py:880} INFO - 
--------------------------------------------------------------------------------
[2022-06-20 15:42:19,798] {taskinstance.py:881} INFO - Starting attempt 1 of 1
[2022-06-20 15:42:19,798] {taskinstance.py:882} INFO - 
--------------------------------------------------------------------------------
[2022-06-20 15:42:19,982] {taskinstance.py:901} INFO - Executing <Task(OddsPortalOperator): odds_portal> on 2022-04-20T00:00:00+00:00
[2022-06-20 15:42:19,983] {standard_task_runner.py:54} INFO - Started process 33903 to run task
[2022-06-20 15:42:20,023] {standard_task_runner.py:77} INFO - Running: ['airflow', 'run', 'football_dag', 'odds_portal', '2022-04-20T00:00:00+00:00', '--job_id', '84', '--pool', 'default_pool', '--raw', '-sd', 'DAGS_FOLDER/football_dag.py', '--cfg_path', '/tmp/tmpgdsge00z']
[2022-06-20 15:42:20,023] {standard_task_runner.py:78} INFO - Job 84: Subtask odds_portal
[2022-06-20 15:42:20,147] {logging_mixin.py:112} INFO - Running <TaskInstance: football_dag.odds_portal 2022-04-20T00:00:00+00:00 [running]> on host lucas-AB350M-DS3H-V2
[2022-06-20 15:42:20,155] {logging_mixin.py:112} INFO - 
[2022-06-20 15:42:20,155] {logger.py:16} INFO - ====== WebDriver manager ======
[2022-06-20 15:42:20,187] {logger.py:16} INFO - Current google-chrome version is 102.0.5005
[2022-06-20 15:42:20,187] {logger.py:16} INFO - Get LATEST chromedriver version for 102.0.5005 google-chrome
[2022-06-20 15:42:20,291] {logger.py:16} INFO - Driver [/home/lucas/.wdm/drivers/chromedriver/linux64/102.0.5005.61/chromedriver] found in cache
[2022-06-20 15:42:43,979] {taskinstance.py:1057} INFO - Marking task as SUCCESS.dag_id=football_dag, task_id=odds_portal, execution_date=20220420T000000, start_date=20220620T184219, end_date=20220620T184243
[2022-06-20 15:42:44,637] {local_task_job.py:102} INFO - Task exited with return code 0
