[2022-06-20 13:47:08,963] {taskinstance.py:670} INFO - Dependencies all met for <TaskInstance: football_dag.who_scored 2022-04-16T00:00:00+00:00 [queued]>
[2022-06-20 13:47:08,968] {taskinstance.py:670} INFO - Dependencies all met for <TaskInstance: football_dag.who_scored 2022-04-16T00:00:00+00:00 [queued]>
[2022-06-20 13:47:08,968] {taskinstance.py:880} INFO - 
--------------------------------------------------------------------------------
[2022-06-20 13:47:08,968] {taskinstance.py:881} INFO - Starting attempt 1 of 1
[2022-06-20 13:47:08,968] {taskinstance.py:882} INFO - 
--------------------------------------------------------------------------------
[2022-06-20 13:47:09,134] {taskinstance.py:901} INFO - Executing <Task(WhoScoredOperator): who_scored> on 2022-04-16T00:00:00+00:00
[2022-06-20 13:47:09,135] {standard_task_runner.py:54} INFO - Started process 9042 to run task
[2022-06-20 13:47:09,175] {standard_task_runner.py:77} INFO - Running: ['airflow', 'run', 'football_dag', 'who_scored', '2022-04-16T00:00:00+00:00', '--job_id', '75', '--pool', 'default_pool', '--raw', '-sd', 'DAGS_FOLDER/football_dag.py', '--cfg_path', '/tmp/tmp58a_lfec']
[2022-06-20 13:47:09,175] {standard_task_runner.py:78} INFO - Job 75: Subtask who_scored
[2022-06-20 13:47:09,342] {logging_mixin.py:112} INFO - Running <TaskInstance: football_dag.who_scored 2022-04-16T00:00:00+00:00 [running]> on host lucas-AB350M-DS3H-V2
[2022-06-20 13:47:09,350] {logging_mixin.py:112} INFO - 
[2022-06-20 13:47:09,350] {logger.py:16} INFO - ====== WebDriver manager ======
[2022-06-20 13:47:09,381] {logger.py:16} INFO - Current google-chrome version is 102.0.5005
[2022-06-20 13:47:09,381] {logger.py:16} INFO - Get LATEST chromedriver version for 102.0.5005 google-chrome
[2022-06-20 13:47:09,484] {logger.py:16} INFO - Driver [/home/lucas/.wdm/drivers/chromedriver/linux64/102.0.5005.61/chromedriver] found in cache
[2022-06-20 13:47:25,564] {taskinstance.py:1057} INFO - Marking task as SUCCESS.dag_id=football_dag, task_id=who_scored, execution_date=20220416T000000, start_date=20220620T164708, end_date=20220620T164725
[2022-06-20 13:47:28,805] {local_task_job.py:102} INFO - Task exited with return code 0
[2022-06-20 15:31:46,092] {taskinstance.py:670} INFO - Dependencies all met for <TaskInstance: football_dag.who_scored 2022-04-16T00:00:00+00:00 [queued]>
[2022-06-20 15:31:46,097] {taskinstance.py:670} INFO - Dependencies all met for <TaskInstance: football_dag.who_scored 2022-04-16T00:00:00+00:00 [queued]>
[2022-06-20 15:31:46,097] {taskinstance.py:880} INFO - 
--------------------------------------------------------------------------------
[2022-06-20 15:31:46,097] {taskinstance.py:881} INFO - Starting attempt 1 of 1
[2022-06-20 15:31:46,097] {taskinstance.py:882} INFO - 
--------------------------------------------------------------------------------
[2022-06-20 15:31:46,290] {taskinstance.py:901} INFO - Executing <Task(WhoScoredOperator): who_scored> on 2022-04-16T00:00:00+00:00
[2022-06-20 15:31:46,292] {standard_task_runner.py:54} INFO - Started process 31041 to run task
[2022-06-20 15:31:46,330] {standard_task_runner.py:77} INFO - Running: ['airflow', 'run', 'football_dag', 'who_scored', '2022-04-16T00:00:00+00:00', '--job_id', '73', '--pool', 'default_pool', '--raw', '-sd', 'DAGS_FOLDER/football_dag.py', '--cfg_path', '/tmp/tmplea88e02']
[2022-06-20 15:31:46,330] {standard_task_runner.py:78} INFO - Job 73: Subtask who_scored
[2022-06-20 15:31:46,473] {logging_mixin.py:112} INFO - Running <TaskInstance: football_dag.who_scored 2022-04-16T00:00:00+00:00 [running]> on host lucas-AB350M-DS3H-V2
[2022-06-20 15:31:46,482] {logging_mixin.py:112} INFO - 
[2022-06-20 15:31:46,482] {logger.py:16} INFO - ====== WebDriver manager ======
[2022-06-20 15:31:46,517] {logger.py:16} INFO - Current google-chrome version is 102.0.5005
[2022-06-20 15:31:46,517] {logger.py:16} INFO - Get LATEST chromedriver version for 102.0.5005 google-chrome
[2022-06-20 15:31:46,626] {logger.py:16} INFO - Driver [/home/lucas/.wdm/drivers/chromedriver/linux64/102.0.5005.61/chromedriver] found in cache
[2022-06-20 15:32:02,617] {taskinstance.py:1057} INFO - Marking task as SUCCESS.dag_id=football_dag, task_id=who_scored, execution_date=20220416T000000, start_date=20220620T183146, end_date=20220620T183202
[2022-06-20 15:32:05,965] {local_task_job.py:102} INFO - Task exited with return code 0
