[2022-06-19 23:28:30,292] {taskinstance.py:670} INFO - Dependencies all met for <TaskInstance: football_dag.odds_portal 2022-04-11T00:00:00+00:00 [queued]>
[2022-06-19 23:28:30,296] {taskinstance.py:670} INFO - Dependencies all met for <TaskInstance: football_dag.odds_portal 2022-04-11T00:00:00+00:00 [queued]>
[2022-06-19 23:28:30,296] {taskinstance.py:880} INFO - 
--------------------------------------------------------------------------------
[2022-06-19 23:28:30,296] {taskinstance.py:881} INFO - Starting attempt 1 of 1
[2022-06-19 23:28:30,296] {taskinstance.py:882} INFO - 
--------------------------------------------------------------------------------
[2022-06-19 23:28:30,472] {taskinstance.py:901} INFO - Executing <Task(OddsPortalOperator): odds_portal> on 2022-04-11T00:00:00+00:00
[2022-06-19 23:28:30,473] {standard_task_runner.py:54} INFO - Started process 36117 to run task
[2022-06-19 23:28:30,510] {standard_task_runner.py:77} INFO - Running: ['airflow', 'run', 'football_dag', 'odds_portal', '2022-04-11T00:00:00+00:00', '--job_id', '45', '--pool', 'default_pool', '--raw', '-sd', 'DAGS_FOLDER/football_dag.py', '--cfg_path', '/tmp/tmpd105b3ai']
[2022-06-19 23:28:30,510] {standard_task_runner.py:78} INFO - Job 45: Subtask odds_portal
[2022-06-19 23:28:30,660] {logging_mixin.py:112} INFO - Running <TaskInstance: football_dag.odds_portal 2022-04-11T00:00:00+00:00 [running]> on host lucas-AB350M-DS3H-V2
[2022-06-19 23:28:30,668] {logging_mixin.py:112} INFO - 
[2022-06-19 23:28:30,668] {logger.py:16} INFO - ====== WebDriver manager ======
[2022-06-19 23:28:30,703] {logger.py:16} INFO - Current google-chrome version is 102.0.5005
[2022-06-19 23:28:30,703] {logger.py:16} INFO - Get LATEST chromedriver version for 102.0.5005 google-chrome
[2022-06-19 23:28:30,812] {logger.py:16} INFO - Driver [/home/lucas/.wdm/drivers/chromedriver/linux64/102.0.5005.61/chromedriver] found in cache
[2022-06-19 23:28:37,981] {taskinstance.py:1150} ERROR - Message: no such window: target window already closed
from unknown error: web view not found
  (Session info: chrome=102.0.5005.115)
Stacktrace:
#0 0x55e35bb4bf33 <unknown>
#1 0x55e35b896118 <unknown>
#2 0x55e35b8760d8 <unknown>
#3 0x55e35b8ed51b <unknown>
#4 0x55e35b8fc915 <unknown>
#5 0x55e35b8e9e63 <unknown>
#6 0x55e35b8bf82a <unknown>
#7 0x55e35b8c0985 <unknown>
#8 0x55e35bb904cd <unknown>
#9 0x55e35bb945ec <unknown>
#10 0x55e35bb7a71e <unknown>
#11 0x55e35bb95238 <unknown>
#12 0x55e35bb6f870 <unknown>
#13 0x55e35bbb1608 <unknown>
#14 0x55e35bbb1788 <unknown>
#15 0x55e35bbcbf1d <unknown>
#16 0x7f53c532eb43 <unknown>
Traceback (most recent call last):
  File "/home/lucas/pipeline-data/.env/lib/python3.9/site-packages/airflow/models/taskinstance.py", line 984, in _run_raw_task
    result = task_copy.execute(context=context)
  File "/home/lucas/pipeline-data/airflow/plugins/operators/odds_portal_operator.py", line 48, in execute
    result = hook.run()
  File "/home/lucas/pipeline-data/airflow/plugins/hooks/odds_portal_hook.py", line 123, in run
    games_rows = self.get_games_by_date()
  File "/home/lucas/pipeline-data/airflow/plugins/hooks/odds_portal_hook.py", line 75, in get_games_by_date
    pagination = self.driver.find_elements(By.XPATH, '//div[@id="pagination"]//a')
  File "/home/lucas/pipeline-data/.env/lib/python3.9/site-packages/selenium/webdriver/remote/webdriver.py", line 1284, in find_elements
    return self.execute(Command.FIND_ELEMENTS, {
  File "/home/lucas/pipeline-data/.env/lib/python3.9/site-packages/selenium/webdriver/remote/webdriver.py", line 430, in execute
    self.error_handler.check_response(response)
  File "/home/lucas/pipeline-data/.env/lib/python3.9/site-packages/selenium/webdriver/remote/errorhandler.py", line 247, in check_response
    raise exception_class(message, screen, stacktrace)
selenium.common.exceptions.NoSuchWindowException: Message: no such window: target window already closed
from unknown error: web view not found
  (Session info: chrome=102.0.5005.115)
Stacktrace:
#0 0x55e35bb4bf33 <unknown>
#1 0x55e35b896118 <unknown>
#2 0x55e35b8760d8 <unknown>
#3 0x55e35b8ed51b <unknown>
#4 0x55e35b8fc915 <unknown>
#5 0x55e35b8e9e63 <unknown>
#6 0x55e35b8bf82a <unknown>
#7 0x55e35b8c0985 <unknown>
#8 0x55e35bb904cd <unknown>
#9 0x55e35bb945ec <unknown>
#10 0x55e35bb7a71e <unknown>
#11 0x55e35bb95238 <unknown>
#12 0x55e35bb6f870 <unknown>
#13 0x55e35bbb1608 <unknown>
#14 0x55e35bbb1788 <unknown>
#15 0x55e35bbcbf1d <unknown>
#16 0x7f53c532eb43 <unknown>

[2022-06-19 23:28:37,982] {taskinstance.py:1187} INFO - Marking task as FAILED. dag_id=football_dag, task_id=odds_portal, execution_date=20220411T000000, start_date=20220620T022830, end_date=20220620T022837
[2022-06-19 23:28:40,038] {local_task_job.py:102} INFO - Task exited with return code 1
[2022-06-20 13:32:27,798] {taskinstance.py:670} INFO - Dependencies all met for <TaskInstance: football_dag.odds_portal 2022-04-11T00:00:00+00:00 [queued]>
[2022-06-20 13:32:27,821] {taskinstance.py:670} INFO - Dependencies all met for <TaskInstance: football_dag.odds_portal 2022-04-11T00:00:00+00:00 [queued]>
[2022-06-20 13:32:27,821] {taskinstance.py:880} INFO - 
--------------------------------------------------------------------------------
[2022-06-20 13:32:27,821] {taskinstance.py:881} INFO - Starting attempt 1 of 1
[2022-06-20 13:32:27,821] {taskinstance.py:882} INFO - 
--------------------------------------------------------------------------------
[2022-06-20 13:32:28,057] {taskinstance.py:901} INFO - Executing <Task(OddsPortalOperator): odds_portal> on 2022-04-11T00:00:00+00:00
[2022-06-20 13:32:28,059] {standard_task_runner.py:54} INFO - Started process 4460 to run task
[2022-06-20 13:32:28,095] {standard_task_runner.py:77} INFO - Running: ['airflow', 'run', 'football_dag', 'odds_portal', '2022-04-11T00:00:00+00:00', '--job_id', '51', '--pool', 'default_pool', '--raw', '-sd', 'DAGS_FOLDER/football_dag.py', '--cfg_path', '/tmp/tmp5bf9k92r']
[2022-06-20 13:32:28,096] {standard_task_runner.py:78} INFO - Job 51: Subtask odds_portal
[2022-06-20 13:32:28,239] {logging_mixin.py:112} INFO - Running <TaskInstance: football_dag.odds_portal 2022-04-11T00:00:00+00:00 [running]> on host lucas-AB350M-DS3H-V2
[2022-06-20 13:32:28,248] {logging_mixin.py:112} INFO - 
[2022-06-20 13:32:28,248] {logger.py:16} INFO - ====== WebDriver manager ======
[2022-06-20 13:32:28,277] {logger.py:16} INFO - Current google-chrome version is 102.0.5005
[2022-06-20 13:32:28,277] {logger.py:16} INFO - Get LATEST chromedriver version for 102.0.5005 google-chrome
[2022-06-20 13:32:28,638] {logger.py:16} INFO - About to download new driver from https://chromedriver.storage.googleapis.com/102.0.5005.61/chromedriver_linux64.zip
[2022-06-20 13:32:29,194] {logger.py:16} INFO - Driver has been saved in cache [/home/lucas/.wdm/drivers/chromedriver/linux64/102.0.5005.61]
[2022-06-20 13:32:41,210] {taskinstance.py:1057} INFO - Marking task as SUCCESS.dag_id=football_dag, task_id=odds_portal, execution_date=20220411T000000, start_date=20220620T163227, end_date=20220620T163241
[2022-06-20 13:32:42,642] {local_task_job.py:102} INFO - Task exited with return code 0
[2022-06-20 13:38:26,863] {taskinstance.py:670} INFO - Dependencies all met for <TaskInstance: football_dag.odds_portal 2022-04-11T00:00:00+00:00 [queued]>
[2022-06-20 13:38:26,867] {taskinstance.py:670} INFO - Dependencies all met for <TaskInstance: football_dag.odds_portal 2022-04-11T00:00:00+00:00 [queued]>
[2022-06-20 13:38:26,867] {taskinstance.py:880} INFO - 
--------------------------------------------------------------------------------
[2022-06-20 13:38:26,867] {taskinstance.py:881} INFO - Starting attempt 1 of 1
[2022-06-20 13:38:26,867] {taskinstance.py:882} INFO - 
--------------------------------------------------------------------------------
[2022-06-20 13:38:27,044] {taskinstance.py:901} INFO - Executing <Task(OddsPortalOperator): odds_portal> on 2022-04-11T00:00:00+00:00
[2022-06-20 13:38:27,046] {standard_task_runner.py:54} INFO - Started process 6292 to run task
[2022-06-20 13:38:27,082] {standard_task_runner.py:77} INFO - Running: ['airflow', 'run', 'football_dag', 'odds_portal', '2022-04-11T00:00:00+00:00', '--job_id', '60', '--pool', 'default_pool', '--raw', '-sd', 'DAGS_FOLDER/football_dag.py', '--cfg_path', '/tmp/tmpqg_rvpcb']
[2022-06-20 13:38:27,083] {standard_task_runner.py:78} INFO - Job 60: Subtask odds_portal
[2022-06-20 13:38:27,200] {logging_mixin.py:112} INFO - Running <TaskInstance: football_dag.odds_portal 2022-04-11T00:00:00+00:00 [running]> on host lucas-AB350M-DS3H-V2
[2022-06-20 13:38:27,208] {logging_mixin.py:112} INFO - 
[2022-06-20 13:38:27,208] {logger.py:16} INFO - ====== WebDriver manager ======
[2022-06-20 13:38:27,241] {logger.py:16} INFO - Current google-chrome version is 102.0.5005
[2022-06-20 13:38:27,241] {logger.py:16} INFO - Get LATEST chromedriver version for 102.0.5005 google-chrome
[2022-06-20 13:38:27,434] {logger.py:16} INFO - Driver [/home/lucas/.wdm/drivers/chromedriver/linux64/102.0.5005.61/chromedriver] found in cache
[2022-06-20 13:38:38,658] {taskinstance.py:1057} INFO - Marking task as SUCCESS.dag_id=football_dag, task_id=odds_portal, execution_date=20220411T000000, start_date=20220620T163826, end_date=20220620T163838
[2022-06-20 13:38:41,714] {local_task_job.py:102} INFO - Task exited with return code 0
[2022-06-20 15:20:20,829] {taskinstance.py:670} INFO - Dependencies all met for <TaskInstance: football_dag.odds_portal 2022-04-11T00:00:00+00:00 [queued]>
[2022-06-20 15:20:20,834] {taskinstance.py:670} INFO - Dependencies all met for <TaskInstance: football_dag.odds_portal 2022-04-11T00:00:00+00:00 [queued]>
[2022-06-20 15:20:20,834] {taskinstance.py:880} INFO - 
--------------------------------------------------------------------------------
[2022-06-20 15:20:20,834] {taskinstance.py:881} INFO - Starting attempt 1 of 1
[2022-06-20 15:20:20,834] {taskinstance.py:882} INFO - 
--------------------------------------------------------------------------------
[2022-06-20 15:20:21,008] {taskinstance.py:901} INFO - Executing <Task(OddsPortalOperator): odds_portal> on 2022-04-11T00:00:00+00:00
[2022-06-20 15:20:21,009] {standard_task_runner.py:54} INFO - Started process 27411 to run task
[2022-06-20 15:20:21,047] {standard_task_runner.py:77} INFO - Running: ['airflow', 'run', 'football_dag', 'odds_portal', '2022-04-11T00:00:00+00:00', '--job_id', '57', '--pool', 'default_pool', '--raw', '-sd', 'DAGS_FOLDER/football_dag.py', '--cfg_path', '/tmp/tmp9zg1ewmx']
[2022-06-20 15:20:21,047] {standard_task_runner.py:78} INFO - Job 57: Subtask odds_portal
[2022-06-20 15:20:21,206] {logging_mixin.py:112} INFO - Running <TaskInstance: football_dag.odds_portal 2022-04-11T00:00:00+00:00 [running]> on host lucas-AB350M-DS3H-V2
[2022-06-20 15:20:21,214] {logging_mixin.py:112} INFO - 
[2022-06-20 15:20:21,214] {logger.py:16} INFO - ====== WebDriver manager ======
[2022-06-20 15:20:21,246] {logger.py:16} INFO - Current google-chrome version is 102.0.5005
[2022-06-20 15:20:21,246] {logger.py:16} INFO - Get LATEST chromedriver version for 102.0.5005 google-chrome
[2022-06-20 15:20:21,353] {logger.py:16} INFO - Driver [/home/lucas/.wdm/drivers/chromedriver/linux64/102.0.5005.61/chromedriver] found in cache
[2022-06-20 15:20:32,804] {logging_mixin.py:112} INFO - [<selenium.webdriver.remote.webelement.WebElement (session="e15d166b7ede77e609591f8133a86152", element="faee953c-10c2-4bc6-a1e3-6bf43c934998")>, <selenium.webdriver.remote.webelement.WebElement (session="e15d166b7ede77e609591f8133a86152", element="57a0a8fa-d116-4b08-8a24-49d6f7b4b0b0")>, <selenium.webdriver.remote.webelement.WebElement (session="e15d166b7ede77e609591f8133a86152", element="f5838686-9a52-4caa-8f25-0490dd4ea008")>, <selenium.webdriver.remote.webelement.WebElement (session="e15d166b7ede77e609591f8133a86152", element="c8ebaca7-4abc-4a33-8e74-2d348bb30a74")>, <selenium.webdriver.remote.webelement.WebElement (session="e15d166b7ede77e609591f8133a86152", element="7e616c83-7552-42fb-97f5-a5666a1e0152")>, <selenium.webdriver.remote.webelement.WebElement (session="e15d166b7ede77e609591f8133a86152", element="d8ea259f-3bd4-4bfa-873e-d39eae7fa385")>, <selenium.webdriver.remote.webelement.WebElement (session="e15d166b7ede77e609591f8133a86152", element="83642785-a693-4699-a09d-412114e8c28b")>]
[2022-06-20 15:20:33,073] {taskinstance.py:1057} INFO - Marking task as SUCCESS.dag_id=football_dag, task_id=odds_portal, execution_date=20220411T000000, start_date=20220620T182020, end_date=20220620T182033
[2022-06-20 15:20:35,642] {local_task_job.py:102} INFO - Task exited with return code 0
[2022-06-20 22:33:50,764] {taskinstance.py:670} INFO - Dependencies all met for <TaskInstance: football_dag.odds_portal 2022-04-11T00:00:00+00:00 [queued]>
[2022-06-20 22:33:50,769] {taskinstance.py:670} INFO - Dependencies all met for <TaskInstance: football_dag.odds_portal 2022-04-11T00:00:00+00:00 [queued]>
[2022-06-20 22:33:50,769] {taskinstance.py:880} INFO - 
--------------------------------------------------------------------------------
[2022-06-20 22:33:50,769] {taskinstance.py:881} INFO - Starting attempt 1 of 1
[2022-06-20 22:33:50,769] {taskinstance.py:882} INFO - 
--------------------------------------------------------------------------------
[2022-06-20 22:33:51,006] {taskinstance.py:901} INFO - Executing <Task(OddsPortalOperator): odds_portal> on 2022-04-11T00:00:00+00:00
[2022-06-20 22:33:51,008] {standard_task_runner.py:54} INFO - Started process 73241 to run task
[2022-06-20 22:33:51,047] {standard_task_runner.py:77} INFO - Running: ['airflow', 'run', 'football_dag', 'odds_portal', '2022-04-11T00:00:00+00:00', '--job_id', '101', '--pool', 'default_pool', '--raw', '-sd', 'DAGS_FOLDER/football_dag.py', '--cfg_path', '/tmp/tmp9dyjabiz']
[2022-06-20 22:33:51,047] {standard_task_runner.py:78} INFO - Job 101: Subtask odds_portal
[2022-06-20 22:33:51,167] {logging_mixin.py:112} INFO - Running <TaskInstance: football_dag.odds_portal 2022-04-11T00:00:00+00:00 [running]> on host lucas-AB350M-DS3H-V2
[2022-06-20 22:33:51,176] {logging_mixin.py:112} INFO - 
[2022-06-20 22:33:51,176] {logger.py:16} INFO - ====== WebDriver manager ======
[2022-06-20 22:33:51,207] {logger.py:16} INFO - Current google-chrome version is 102.0.5005
[2022-06-20 22:33:51,208] {logger.py:16} INFO - Get LATEST chromedriver version for 102.0.5005 google-chrome
[2022-06-20 22:33:51,313] {logger.py:16} INFO - Driver [/home/lucas/.wdm/drivers/chromedriver/linux64/102.0.5005.61/chromedriver] found in cache
[2022-06-20 22:34:14,452] {taskinstance.py:1057} INFO - Marking task as SUCCESS.dag_id=football_dag, task_id=odds_portal, execution_date=20220411T000000, start_date=20220621T013350, end_date=20220621T013414
[2022-06-20 22:34:15,602] {local_task_job.py:102} INFO - Task exited with return code 0
[2022-06-21 00:30:16,125] {taskinstance.py:670} INFO - Dependencies all met for <TaskInstance: football_dag.odds_portal 2022-04-11T00:00:00+00:00 [queued]>
[2022-06-21 00:30:16,130] {taskinstance.py:670} INFO - Dependencies all met for <TaskInstance: football_dag.odds_portal 2022-04-11T00:00:00+00:00 [queued]>
[2022-06-21 00:30:16,130] {taskinstance.py:880} INFO - 
--------------------------------------------------------------------------------
[2022-06-21 00:30:16,130] {taskinstance.py:881} INFO - Starting attempt 1 of 1
[2022-06-21 00:30:16,130] {taskinstance.py:882} INFO - 
--------------------------------------------------------------------------------
[2022-06-21 00:30:16,363] {taskinstance.py:901} INFO - Executing <Task(OddsPortalOperator): odds_portal> on 2022-04-11T00:00:00+00:00
[2022-06-21 00:30:16,364] {standard_task_runner.py:54} INFO - Started process 111333 to run task
[2022-06-21 00:30:16,404] {standard_task_runner.py:77} INFO - Running: ['airflow', 'run', 'football_dag', 'odds_portal', '2022-04-11T00:00:00+00:00', '--job_id', '101', '--pool', 'default_pool', '--raw', '-sd', 'DAGS_FOLDER/football_dag.py', '--cfg_path', '/tmp/tmpzbeahkx7']
[2022-06-21 00:30:16,405] {standard_task_runner.py:78} INFO - Job 101: Subtask odds_portal
[2022-06-21 00:30:16,582] {logging_mixin.py:112} INFO - Running <TaskInstance: football_dag.odds_portal 2022-04-11T00:00:00+00:00 [running]> on host lucas-AB350M-DS3H-V2
[2022-06-21 00:30:16,591] {logging_mixin.py:112} INFO - 
[2022-06-21 00:30:16,591] {logger.py:16} INFO - ====== WebDriver manager ======
[2022-06-21 00:30:16,623] {logger.py:16} INFO - Current google-chrome version is 102.0.5005
[2022-06-21 00:30:16,624] {logger.py:16} INFO - Get LATEST chromedriver version for 102.0.5005 google-chrome
[2022-06-21 00:30:16,726] {logger.py:16} INFO - Driver [/home/lucas/.wdm/drivers/chromedriver/linux64/102.0.5005.61/chromedriver] found in cache
[2022-06-21 00:30:39,623] {taskinstance.py:1057} INFO - Marking task as SUCCESS.dag_id=football_dag, task_id=odds_portal, execution_date=20220411T000000, start_date=20220621T033016, end_date=20220621T033039
[2022-06-21 00:30:40,946] {local_task_job.py:102} INFO - Task exited with return code 0
[2022-06-21 00:37:25,246] {taskinstance.py:670} INFO - Dependencies all met for <TaskInstance: football_dag.odds_portal 2022-04-11T00:00:00+00:00 [queued]>
[2022-06-21 00:37:25,251] {taskinstance.py:670} INFO - Dependencies all met for <TaskInstance: football_dag.odds_portal 2022-04-11T00:00:00+00:00 [queued]>
[2022-06-21 00:37:25,251] {taskinstance.py:880} INFO - 
--------------------------------------------------------------------------------
[2022-06-21 00:37:25,251] {taskinstance.py:881} INFO - Starting attempt 1 of 1
[2022-06-21 00:37:25,251] {taskinstance.py:882} INFO - 
--------------------------------------------------------------------------------
[2022-06-21 00:37:25,513] {taskinstance.py:901} INFO - Executing <Task(OddsPortalOperator): odds_portal> on 2022-04-11T00:00:00+00:00
[2022-06-21 00:37:25,515] {standard_task_runner.py:54} INFO - Started process 113106 to run task
[2022-06-21 00:37:25,551] {standard_task_runner.py:77} INFO - Running: ['airflow', 'run', 'football_dag', 'odds_portal', '2022-04-11T00:00:00+00:00', '--job_id', '101', '--pool', 'default_pool', '--raw', '-sd', 'DAGS_FOLDER/football_dag.py', '--cfg_path', '/tmp/tmp81i5z78s']
[2022-06-21 00:37:25,552] {standard_task_runner.py:78} INFO - Job 101: Subtask odds_portal
[2022-06-21 00:37:25,727] {logging_mixin.py:112} INFO - Running <TaskInstance: football_dag.odds_portal 2022-04-11T00:00:00+00:00 [running]> on host lucas-AB350M-DS3H-V2
[2022-06-21 00:37:25,735] {logging_mixin.py:112} INFO - 
[2022-06-21 00:37:25,735] {logger.py:16} INFO - ====== WebDriver manager ======
[2022-06-21 00:37:25,767] {logger.py:16} INFO - Current google-chrome version is 102.0.5005
[2022-06-21 00:37:25,767] {logger.py:16} INFO - Get LATEST chromedriver version for 102.0.5005 google-chrome
[2022-06-21 00:37:25,943] {logger.py:16} INFO - Driver [/home/lucas/.wdm/drivers/chromedriver/linux64/102.0.5005.61/chromedriver] found in cache
[2022-06-21 00:37:48,925] {taskinstance.py:1057} INFO - Marking task as SUCCESS.dag_id=football_dag, task_id=odds_portal, execution_date=20220411T000000, start_date=20220621T033725, end_date=20220621T033748
[2022-06-21 00:37:49,965] {local_task_job.py:102} INFO - Task exited with return code 0
[2022-06-21 09:49:58,782] {taskinstance.py:670} INFO - Dependencies all met for <TaskInstance: football_dag.odds_portal 2022-04-11T00:00:00+00:00 [queued]>
[2022-06-21 09:49:58,796] {taskinstance.py:670} INFO - Dependencies all met for <TaskInstance: football_dag.odds_portal 2022-04-11T00:00:00+00:00 [queued]>
[2022-06-21 09:49:58,796] {taskinstance.py:880} INFO - 
--------------------------------------------------------------------------------
[2022-06-21 09:49:58,796] {taskinstance.py:881} INFO - Starting attempt 1 of 1
[2022-06-21 09:49:58,796] {taskinstance.py:882} INFO - 
--------------------------------------------------------------------------------
[2022-06-21 09:49:58,988] {taskinstance.py:901} INFO - Executing <Task(OddsPortalOperator): odds_portal> on 2022-04-11T00:00:00+00:00
[2022-06-21 09:49:58,990] {standard_task_runner.py:54} INFO - Started process 10775 to run task
[2022-06-21 09:49:59,026] {standard_task_runner.py:77} INFO - Running: ['airflow', 'run', 'football_dag', 'odds_portal', '2022-04-11T00:00:00+00:00', '--job_id', '113', '--pool', 'default_pool', '--raw', '-sd', 'DAGS_FOLDER/football_dag.py', '--cfg_path', '/tmp/tmpo3rb_s9p']
[2022-06-21 09:49:59,026] {standard_task_runner.py:78} INFO - Job 113: Subtask odds_portal
[2022-06-21 09:49:59,186] {logging_mixin.py:112} INFO - Running <TaskInstance: football_dag.odds_portal 2022-04-11T00:00:00+00:00 [running]> on host lucas-AB350M-DS3H-V2
[2022-06-21 09:49:59,205] {logging_mixin.py:112} INFO - 
[2022-06-21 09:49:59,205] {logger.py:16} INFO - ====== WebDriver manager ======
[2022-06-21 09:49:59,237] {logger.py:16} INFO - Current google-chrome version is 102.0.5005
[2022-06-21 09:49:59,237] {logger.py:16} INFO - Get LATEST chromedriver version for 102.0.5005 google-chrome
[2022-06-21 09:49:59,412] {logger.py:16} INFO - Driver [/home/lucas/.wdm/drivers/chromedriver/linux64/102.0.5005.61/chromedriver] found in cache
[2022-06-21 09:50:18,801] {local_task_job.py:156} WARNING - State of this instance has been externally set to None. Taking the poison pill.
[2022-06-21 09:50:18,807] {helpers.py:325} INFO - Sending Signals.SIGTERM to GPID 10775
[2022-06-21 09:50:18,807] {taskinstance.py:955} ERROR - Received SIGTERM. Terminating subprocesses.
[2022-06-21 09:50:18,811] {helpers.py:291} INFO - Process psutil.Process(pid=10904, status='terminated', started='09:50:00') (10904) terminated with exit code None
[2022-06-21 09:50:18,904] {helpers.py:291} INFO - Process psutil.Process(pid=10840, status='terminated', started='09:49:59') (10840) terminated with exit code None
[2022-06-21 09:50:18,904] {helpers.py:291} INFO - Process psutil.Process(pid=10814, status='terminated', started='09:49:59') (10814) terminated with exit code None
[2022-06-21 09:50:18,996] {helpers.py:291} INFO - Process psutil.Process(pid=10809, status='terminated', started='09:49:59') (10809) terminated with exit code None
[2022-06-21 09:50:18,996] {helpers.py:291} INFO - Process psutil.Process(pid=10869, status='terminated', started='09:49:59') (10869) terminated with exit code None
[2022-06-21 09:50:18,996] {helpers.py:291} INFO - Process psutil.Process(pid=10799, status='terminated', started='09:49:59') (10799) terminated with exit code None
[2022-06-21 09:50:18,996] {helpers.py:291} INFO - Process psutil.Process(pid=10794, status='terminated', started='09:49:59') (10794) terminated with exit code None
[2022-06-21 09:50:18,996] {helpers.py:291} INFO - Process psutil.Process(pid=10810, status='terminated', started='09:49:59') (10810) terminated with exit code None
[2022-06-21 09:50:18,997] {helpers.py:291} INFO - Process psutil.Process(pid=10838, status='terminated', started='09:49:59') (10838) terminated with exit code None
[2022-06-21 09:50:18,997] {helpers.py:291} INFO - Process psutil.Process(pid=10798, status='terminated', started='09:49:59') (10798) terminated with exit code None
[2022-06-21 09:50:18,997] {helpers.py:291} INFO - Process psutil.Process(pid=10811, status='terminated', started='09:49:59') (10811) terminated with exit code None
[2022-06-21 09:50:18,811] {taskinstance.py:1150} ERROR - Task received SIGTERM signal
Traceback (most recent call last):
  File "/home/lucas/pipeline-data/.env/lib/python3.9/site-packages/airflow/models/taskinstance.py", line 984, in _run_raw_task
    result = task_copy.execute(context=context)
  File "/home/lucas/pipeline-data/airflow/plugins/operators/odds_portal_operator.py", line 40, in execute
    result = hook.run()
  File "/home/lucas/pipeline-data/airflow/plugins/hooks/odds_portal_hook.py", line 122, in run
    self.connect_to_website()
  File "/home/lucas/pipeline-data/airflow/plugins/hooks/odds_portal_hook.py", line 33, in connect_to_website
    self.driver.get(url)
  File "/home/lucas/pipeline-data/.env/lib/python3.9/site-packages/selenium/webdriver/remote/webdriver.py", line 442, in get
    self.execute(Command.GET, {'url': url})
  File "/home/lucas/pipeline-data/.env/lib/python3.9/site-packages/selenium/webdriver/remote/webdriver.py", line 428, in execute
    response = self.command_executor.execute(driver_command, params)
  File "/home/lucas/pipeline-data/.env/lib/python3.9/site-packages/selenium/webdriver/remote/remote_connection.py", line 347, in execute
    return self._request(command_info[0], url, body=data)
  File "/home/lucas/pipeline-data/.env/lib/python3.9/site-packages/selenium/webdriver/remote/remote_connection.py", line 369, in _request
    response = self._conn.request(method, url, body=body, headers=headers)
  File "/home/lucas/pipeline-data/.env/lib/python3.9/site-packages/urllib3/request.py", line 79, in request
    return self.request_encode_body(
  File "/home/lucas/pipeline-data/.env/lib/python3.9/site-packages/urllib3/request.py", line 171, in request_encode_body
    return self.urlopen(method, url, **extra_kw)
  File "/home/lucas/pipeline-data/.env/lib/python3.9/site-packages/urllib3/poolmanager.py", line 336, in urlopen
    response = conn.urlopen(method, u.request_uri, **kw)
  File "/home/lucas/pipeline-data/.env/lib/python3.9/site-packages/urllib3/connectionpool.py", line 670, in urlopen
    httplib_response = self._make_request(
  File "/home/lucas/pipeline-data/.env/lib/python3.9/site-packages/urllib3/connectionpool.py", line 426, in _make_request
    six.raise_from(e, None)
  File "<string>", line 3, in raise_from
  File "/home/lucas/pipeline-data/.env/lib/python3.9/site-packages/urllib3/connectionpool.py", line 421, in _make_request
    httplib_response = conn.getresponse()
  File "/usr/local/lib/python3.9/http/client.py", line 1347, in getresponse
    response.begin()
  File "/usr/local/lib/python3.9/http/client.py", line 307, in begin
    version, status, reason = self._read_status()
  File "/usr/local/lib/python3.9/http/client.py", line 268, in _read_status
    line = str(self.fp.readline(_MAXLINE + 1), "iso-8859-1")
  File "/usr/local/lib/python3.9/socket.py", line 704, in readinto
    return self._sock.recv_into(b)
  File "/home/lucas/pipeline-data/.env/lib/python3.9/site-packages/airflow/models/taskinstance.py", line 957, in signal_handler
    raise AirflowException("Task received SIGTERM signal")
airflow.exceptions.AirflowException: Task received SIGTERM signal
[2022-06-21 09:50:19,044] {taskinstance.py:1187} INFO - Marking task as FAILED. dag_id=football_dag, task_id=odds_portal, execution_date=20220411T000000, start_date=20220621T124958, end_date=20220621T125019
[2022-06-21 09:50:19,089] {helpers.py:291} INFO - Process psutil.Process(pid=10837, status='terminated', started='09:49:59') (10837) terminated with exit code None
[2022-06-21 09:50:19,381] {helpers.py:291} INFO - Process psutil.Process(pid=10788, status='terminated', started='09:49:59') (10788) terminated with exit code None
[2022-06-21 09:50:19,381] {helpers.py:291} INFO - Process psutil.Process(pid=10775, status='terminated', exitcode=1, started='09:49:58') (10775) terminated with exit code 1
[2022-06-21 09:50:19,381] {local_task_job.py:102} INFO - Task exited with return code 1
[2022-06-21 10:03:02,175] {taskinstance.py:670} INFO - Dependencies all met for <TaskInstance: football_dag.odds_portal 2022-04-11T00:00:00+00:00 [queued]>
[2022-06-21 10:03:02,181] {taskinstance.py:670} INFO - Dependencies all met for <TaskInstance: football_dag.odds_portal 2022-04-11T00:00:00+00:00 [queued]>
[2022-06-21 10:03:02,181] {taskinstance.py:880} INFO - 
--------------------------------------------------------------------------------
[2022-06-21 10:03:02,181] {taskinstance.py:881} INFO - Starting attempt 1 of 1
[2022-06-21 10:03:02,181] {taskinstance.py:882} INFO - 
--------------------------------------------------------------------------------
[2022-06-21 10:03:02,482] {taskinstance.py:901} INFO - Executing <Task(OddsPortalOperator): odds_portal> on 2022-04-11T00:00:00+00:00
[2022-06-21 10:03:02,484] {standard_task_runner.py:54} INFO - Started process 14412 to run task
[2022-06-21 10:03:02,521] {standard_task_runner.py:77} INFO - Running: ['airflow', 'run', 'football_dag', 'odds_portal', '2022-04-11T00:00:00+00:00', '--job_id', '122', '--pool', 'default_pool', '--raw', '-sd', 'DAGS_FOLDER/football_dag.py', '--cfg_path', '/tmp/tmppf7mhw8f']
[2022-06-21 10:03:02,521] {standard_task_runner.py:78} INFO - Job 122: Subtask odds_portal
[2022-06-21 10:03:02,808] {logging_mixin.py:112} INFO - Running <TaskInstance: football_dag.odds_portal 2022-04-11T00:00:00+00:00 [running]> on host lucas-AB350M-DS3H-V2
[2022-06-21 10:03:02,816] {logging_mixin.py:112} INFO - 
[2022-06-21 10:03:02,816] {logger.py:16} INFO - ====== WebDriver manager ======
[2022-06-21 10:03:02,849] {logger.py:16} INFO - Current google-chrome version is 102.0.5005
[2022-06-21 10:03:02,849] {logger.py:16} INFO - Get LATEST chromedriver version for 102.0.5005 google-chrome
[2022-06-21 10:03:03,031] {logger.py:16} INFO - Driver [/home/lucas/.wdm/drivers/chromedriver/linux64/102.0.5005.61/chromedriver] found in cache
[2022-06-21 10:03:22,248] {taskinstance.py:1057} INFO - Marking task as SUCCESS.dag_id=football_dag, task_id=odds_portal, execution_date=20220411T000000, start_date=20220621T130302, end_date=20220621T130322
[2022-06-21 10:03:27,003] {local_task_job.py:102} INFO - Task exited with return code 0
[2022-06-21 10:46:15,919] {taskinstance.py:670} INFO - Dependencies all met for <TaskInstance: football_dag.odds_portal 2022-04-11T00:00:00+00:00 [queued]>
[2022-06-21 10:46:15,924] {taskinstance.py:670} INFO - Dependencies all met for <TaskInstance: football_dag.odds_portal 2022-04-11T00:00:00+00:00 [queued]>
[2022-06-21 10:46:15,924] {taskinstance.py:880} INFO - 
--------------------------------------------------------------------------------
[2022-06-21 10:46:15,924] {taskinstance.py:881} INFO - Starting attempt 1 of 1
[2022-06-21 10:46:15,924] {taskinstance.py:882} INFO - 
--------------------------------------------------------------------------------
[2022-06-21 10:46:16,100] {taskinstance.py:901} INFO - Executing <Task(OddsPortalOperator): odds_portal> on 2022-04-11T00:00:00+00:00
[2022-06-21 10:46:16,101] {standard_task_runner.py:54} INFO - Started process 21821 to run task
[2022-06-21 10:46:16,138] {standard_task_runner.py:77} INFO - Running: ['airflow', 'run', 'football_dag', 'odds_portal', '2022-04-11T00:00:00+00:00', '--job_id', '123', '--pool', 'default_pool', '--raw', '-sd', 'DAGS_FOLDER/football_dag.py', '--cfg_path', '/tmp/tmpagrn7rdt']
[2022-06-21 10:46:16,139] {standard_task_runner.py:78} INFO - Job 123: Subtask odds_portal
[2022-06-21 10:46:16,282] {logging_mixin.py:112} INFO - Running <TaskInstance: football_dag.odds_portal 2022-04-11T00:00:00+00:00 [running]> on host lucas-AB350M-DS3H-V2
[2022-06-21 10:46:16,290] {logging_mixin.py:112} INFO - 
[2022-06-21 10:46:16,290] {logger.py:16} INFO - ====== WebDriver manager ======
[2022-06-21 10:46:16,322] {logger.py:16} INFO - Current google-chrome version is 102.0.5005
[2022-06-21 10:46:16,322] {logger.py:16} INFO - Get LATEST chromedriver version for 102.0.5005 google-chrome
[2022-06-21 10:46:16,493] {logger.py:16} INFO - Driver [/home/lucas/.wdm/drivers/chromedriver/linux64/102.0.5005.61/chromedriver] found in cache
[2022-06-21 10:46:38,880] {taskinstance.py:1057} INFO - Marking task as SUCCESS.dag_id=football_dag, task_id=odds_portal, execution_date=20220411T000000, start_date=20220621T134615, end_date=20220621T134638
[2022-06-21 10:46:40,239] {local_task_job.py:102} INFO - Task exited with return code 0
[2022-06-21 11:11:10,437] {taskinstance.py:670} INFO - Dependencies all met for <TaskInstance: football_dag.odds_portal 2022-04-11T00:00:00+00:00 [queued]>
[2022-06-21 11:11:10,442] {taskinstance.py:670} INFO - Dependencies all met for <TaskInstance: football_dag.odds_portal 2022-04-11T00:00:00+00:00 [queued]>
[2022-06-21 11:11:10,442] {taskinstance.py:880} INFO - 
--------------------------------------------------------------------------------
[2022-06-21 11:11:10,443] {taskinstance.py:881} INFO - Starting attempt 1 of 1
[2022-06-21 11:11:10,443] {taskinstance.py:882} INFO - 
--------------------------------------------------------------------------------
[2022-06-21 11:11:10,657] {taskinstance.py:901} INFO - Executing <Task(OddsPortalOperator): odds_portal> on 2022-04-11T00:00:00+00:00
[2022-06-21 11:11:10,659] {standard_task_runner.py:54} INFO - Started process 26815 to run task
[2022-06-21 11:11:10,699] {standard_task_runner.py:77} INFO - Running: ['airflow', 'run', 'football_dag', 'odds_portal', '2022-04-11T00:00:00+00:00', '--job_id', '123', '--pool', 'default_pool', '--raw', '-sd', 'DAGS_FOLDER/football_dag.py', '--cfg_path', '/tmp/tmpzxru17_l']
[2022-06-21 11:11:10,699] {standard_task_runner.py:78} INFO - Job 123: Subtask odds_portal
[2022-06-21 11:11:10,982] {logging_mixin.py:112} INFO - Running <TaskInstance: football_dag.odds_portal 2022-04-11T00:00:00+00:00 [running]> on host lucas-AB350M-DS3H-V2
[2022-06-21 11:11:10,991] {logging_mixin.py:112} INFO - 
[2022-06-21 11:11:10,991] {logger.py:16} INFO - ====== WebDriver manager ======
[2022-06-21 11:11:11,027] {logger.py:16} INFO - Current google-chrome version is 102.0.5005
[2022-06-21 11:11:11,027] {logger.py:16} INFO - Get LATEST chromedriver version for 102.0.5005 google-chrome
[2022-06-21 11:11:11,210] {logger.py:16} INFO - Driver [/home/lucas/.wdm/drivers/chromedriver/linux64/102.0.5005.61/chromedriver] found in cache
[2022-06-21 11:11:36,703] {taskinstance.py:1057} INFO - Marking task as SUCCESS.dag_id=football_dag, task_id=odds_portal, execution_date=20220411T000000, start_date=20220621T141110, end_date=20220621T141136
[2022-06-21 11:11:40,259] {local_task_job.py:102} INFO - Task exited with return code 0
[2022-06-21 12:24:00,357] {taskinstance.py:670} INFO - Dependencies all met for <TaskInstance: football_dag.odds_portal 2022-04-11T00:00:00+00:00 [queued]>
[2022-06-21 12:24:00,363] {taskinstance.py:670} INFO - Dependencies all met for <TaskInstance: football_dag.odds_portal 2022-04-11T00:00:00+00:00 [queued]>
[2022-06-21 12:24:00,363] {taskinstance.py:880} INFO - 
--------------------------------------------------------------------------------
[2022-06-21 12:24:00,363] {taskinstance.py:881} INFO - Starting attempt 1 of 1
[2022-06-21 12:24:00,363] {taskinstance.py:882} INFO - 
--------------------------------------------------------------------------------
[2022-06-21 12:24:00,558] {taskinstance.py:901} INFO - Executing <Task(OddsPortalOperator): odds_portal> on 2022-04-11T00:00:00+00:00
[2022-06-21 12:24:00,560] {standard_task_runner.py:54} INFO - Started process 40569 to run task
[2022-06-21 12:24:00,600] {standard_task_runner.py:77} INFO - Running: ['airflow', 'run', 'football_dag', 'odds_portal', '2022-04-11T00:00:00+00:00', '--job_id', '123', '--pool', 'default_pool', '--raw', '-sd', 'DAGS_FOLDER/football_dag.py', '--cfg_path', '/tmp/tmp5bhrrk28']
[2022-06-21 12:24:00,600] {standard_task_runner.py:78} INFO - Job 123: Subtask odds_portal
[2022-06-21 12:24:00,723] {logging_mixin.py:112} INFO - Running <TaskInstance: football_dag.odds_portal 2022-04-11T00:00:00+00:00 [running]> on host lucas-AB350M-DS3H-V2
[2022-06-21 12:24:00,740] {logging_mixin.py:112} INFO - 
[2022-06-21 12:24:00,740] {logger.py:16} INFO - ====== WebDriver manager ======
[2022-06-21 12:24:00,769] {logger.py:16} INFO - Current google-chrome version is 102.0.5005
[2022-06-21 12:24:00,769] {logger.py:16} INFO - Get LATEST chromedriver version for 102.0.5005 google-chrome
[2022-06-21 12:24:00,942] {logger.py:16} INFO - Driver [/home/lucas/.wdm/drivers/chromedriver/linux64/102.0.5005.61/chromedriver] found in cache
[2022-06-21 12:24:54,205] {taskinstance.py:1057} INFO - Marking task as SUCCESS.dag_id=football_dag, task_id=odds_portal, execution_date=20220411T000000, start_date=20220621T152400, end_date=20220621T152454
[2022-06-21 12:24:55,256] {local_task_job.py:102} INFO - Task exited with return code 0
[2022-06-22 21:50:57,785] {taskinstance.py:670} INFO - Dependencies all met for <TaskInstance: football_dag.odds_portal 2022-04-11T00:00:00+00:00 [queued]>
[2022-06-22 21:50:57,789] {taskinstance.py:670} INFO - Dependencies all met for <TaskInstance: football_dag.odds_portal 2022-04-11T00:00:00+00:00 [queued]>
[2022-06-22 21:50:57,789] {taskinstance.py:880} INFO - 
--------------------------------------------------------------------------------
[2022-06-22 21:50:57,789] {taskinstance.py:881} INFO - Starting attempt 1 of 1
[2022-06-22 21:50:57,789] {taskinstance.py:882} INFO - 
--------------------------------------------------------------------------------
[2022-06-22 21:50:57,793] {taskinstance.py:901} INFO - Executing <Task(OddsPortalOperator): odds_portal> on 2022-04-11T00:00:00+00:00
[2022-06-22 21:50:57,795] {standard_task_runner.py:54} INFO - Started process 21076 to run task
[2022-06-22 21:50:57,827] {standard_task_runner.py:77} INFO - Running: ['airflow', 'run', 'football_dag', 'odds_portal', '2022-04-11T00:00:00+00:00', '--job_id', '128', '--pool', 'default_pool', '--raw', '-sd', 'DAGS_FOLDER/football_dag.py', '--cfg_path', '/tmp/tmp84e1v4lz']
[2022-06-22 21:50:57,827] {standard_task_runner.py:78} INFO - Job 128: Subtask odds_portal
[2022-06-22 21:50:57,839] {logging_mixin.py:112} INFO - Running <TaskInstance: football_dag.odds_portal 2022-04-11T00:00:00+00:00 [running]> on host lucas-AB350M-DS3H-V2
[2022-06-22 21:50:57,846] {logging_mixin.py:112} INFO - 
[2022-06-22 21:50:57,846] {logger.py:16} INFO - ====== WebDriver manager ======
[2022-06-22 21:50:57,879] {logger.py:16} INFO - Current google-chrome version is 103.0.5060
[2022-06-22 21:50:57,879] {logger.py:16} INFO - Get LATEST chromedriver version for 103.0.5060 google-chrome
[2022-06-22 21:50:58,086] {logger.py:16} INFO - Driver [/home/lucas/.wdm/drivers/chromedriver/linux64/103.0.5060.53/chromedriver] found in cache
[2022-06-22 21:51:02,544] {taskinstance.py:1150} ERROR - list index out of range
Traceback (most recent call last):
  File "/home/lucas/pipeline-data/.env/lib/python3.9/site-packages/airflow/models/taskinstance.py", line 984, in _run_raw_task
    result = task_copy.execute(context=context)
  File "/home/lucas/pipeline-data/airflow/plugins/operators/odds_portal_operator.py", line 40, in execute
    result = hook.run()
  File "/home/lucas/pipeline-data/airflow/plugins/hooks/odds_portal_hook.py", line 126, in run
    games_rows = self.get_games_by_date()
  File "/home/lucas/pipeline-data/airflow/plugins/hooks/odds_portal_hook.py", line 76, in get_games_by_date
    total_pages = int(pagination[len(pagination)-3].get_attribute('innerHTML').replace('<span>', '').replace('</span>', ''))
IndexError: list index out of range
[2022-06-22 21:51:02,545] {taskinstance.py:1187} INFO - Marking task as FAILED. dag_id=football_dag, task_id=odds_portal, execution_date=20220411T000000, start_date=20220623T005057, end_date=20220623T005102
[2022-06-22 21:51:02,784] {local_task_job.py:102} INFO - Task exited with return code 1
[2022-06-23 10:46:29,525] {taskinstance.py:670} INFO - Dependencies all met for <TaskInstance: football_dag.odds_portal 2022-04-11T00:00:00+00:00 [queued]>
[2022-06-23 10:46:29,530] {taskinstance.py:670} INFO - Dependencies all met for <TaskInstance: football_dag.odds_portal 2022-04-11T00:00:00+00:00 [queued]>
[2022-06-23 10:46:29,530] {taskinstance.py:880} INFO - 
--------------------------------------------------------------------------------
[2022-06-23 10:46:29,531] {taskinstance.py:881} INFO - Starting attempt 1 of 1
[2022-06-23 10:46:29,531] {taskinstance.py:882} INFO - 
--------------------------------------------------------------------------------
[2022-06-23 10:46:29,536] {taskinstance.py:901} INFO - Executing <Task(OddsPortalOperator): odds_portal> on 2022-04-11T00:00:00+00:00
[2022-06-23 10:46:29,537] {standard_task_runner.py:54} INFO - Started process 6695 to run task
[2022-06-23 10:46:29,574] {standard_task_runner.py:77} INFO - Running: ['airflow', 'run', 'football_dag', 'odds_portal', '2022-04-11T00:00:00+00:00', '--job_id', '130', '--pool', 'default_pool', '--raw', '-sd', 'DAGS_FOLDER/football_dag.py', '--cfg_path', '/tmp/tmpg82x06vg']
[2022-06-23 10:46:29,575] {standard_task_runner.py:78} INFO - Job 130: Subtask odds_portal
[2022-06-23 10:46:29,587] {logging_mixin.py:112} INFO - Running <TaskInstance: football_dag.odds_portal 2022-04-11T00:00:00+00:00 [running]> on host lucas-AB350M-DS3H-V2
[2022-06-23 10:46:29,595] {logging_mixin.py:112} INFO - 
[2022-06-23 10:46:29,595] {logger.py:16} INFO - ====== WebDriver manager ======
[2022-06-23 10:46:29,625] {logger.py:16} INFO - Current google-chrome version is 103.0.5060
[2022-06-23 10:46:29,625] {logger.py:16} INFO - Get LATEST chromedriver version for 103.0.5060 google-chrome
[2022-06-23 10:46:29,846] {logger.py:16} INFO - About to download new driver from https://chromedriver.storage.googleapis.com/103.0.5060.53/chromedriver_linux64.zip
[2022-06-23 10:46:30,307] {logger.py:16} INFO - Driver has been saved in cache [/home/lucas/.wdm/drivers/chromedriver/linux64/103.0.5060.53]
[2022-06-23 10:46:38,910] {taskinstance.py:1150} ERROR - Message: no such window: target window already closed
from unknown error: web view not found
  (Session info: chrome=103.0.5060.53)
Stacktrace:
#0 0x5630f3c28b13 <unknown>
#1 0x5630f3a2f688 <unknown>
#2 0x5630f3a10818 <unknown>
#3 0x5630f3a87e2b <unknown>
#4 0x5630f3a971c5 <unknown>
#5 0x5630f3a847a3 <unknown>
#6 0x5630f3a5a0ea <unknown>
#7 0x5630f3a5b225 <unknown>
#8 0x5630f3c702dd <unknown>
#9 0x5630f3c742c7 <unknown>
#10 0x5630f3c5a22e <unknown>
#11 0x5630f3c750a8 <unknown>
#12 0x5630f3c4ebc0 <unknown>
#13 0x5630f3c916c8 <unknown>
#14 0x5630f3c91848 <unknown>
#15 0x5630f3cabc0d <unknown>
#16 0x7f8fcd7a9b43 <unknown>
Traceback (most recent call last):
  File "/home/lucas/pipeline-data/.env/lib/python3.9/site-packages/airflow/models/taskinstance.py", line 984, in _run_raw_task
    result = task_copy.execute(context=context)
  File "/home/lucas/pipeline-data/airflow/plugins/operators/odds_portal_operator.py", line 40, in execute
    result = hook.run()
  File "/home/lucas/pipeline-data/airflow/plugins/hooks/odds_portal_hook.py", line 126, in run
    games_rows = self.get_games_by_date()
  File "/home/lucas/pipeline-data/airflow/plugins/hooks/odds_portal_hook.py", line 75, in get_games_by_date
    pagination = self.driver.find_elements(By.XPATH, '//div[@id="pagination"]//a')
  File "/home/lucas/pipeline-data/.env/lib/python3.9/site-packages/selenium/webdriver/remote/webdriver.py", line 1284, in find_elements
    return self.execute(Command.FIND_ELEMENTS, {
  File "/home/lucas/pipeline-data/.env/lib/python3.9/site-packages/selenium/webdriver/remote/webdriver.py", line 430, in execute
    self.error_handler.check_response(response)
  File "/home/lucas/pipeline-data/.env/lib/python3.9/site-packages/selenium/webdriver/remote/errorhandler.py", line 247, in check_response
    raise exception_class(message, screen, stacktrace)
selenium.common.exceptions.NoSuchWindowException: Message: no such window: target window already closed
from unknown error: web view not found
  (Session info: chrome=103.0.5060.53)
Stacktrace:
#0 0x5630f3c28b13 <unknown>
#1 0x5630f3a2f688 <unknown>
#2 0x5630f3a10818 <unknown>
#3 0x5630f3a87e2b <unknown>
#4 0x5630f3a971c5 <unknown>
#5 0x5630f3a847a3 <unknown>
#6 0x5630f3a5a0ea <unknown>
#7 0x5630f3a5b225 <unknown>
#8 0x5630f3c702dd <unknown>
#9 0x5630f3c742c7 <unknown>
#10 0x5630f3c5a22e <unknown>
#11 0x5630f3c750a8 <unknown>
#12 0x5630f3c4ebc0 <unknown>
#13 0x5630f3c916c8 <unknown>
#14 0x5630f3c91848 <unknown>
#15 0x5630f3cabc0d <unknown>
#16 0x7f8fcd7a9b43 <unknown>

[2022-06-23 10:46:38,920] {taskinstance.py:1187} INFO - Marking task as FAILED. dag_id=football_dag, task_id=odds_portal, execution_date=20220411T000000, start_date=20220623T134629, end_date=20220623T134638
[2022-06-23 10:46:39,537] {local_task_job.py:102} INFO - Task exited with return code 1
[2022-06-23 23:13:36,981] {taskinstance.py:670} INFO - Dependencies all met for <TaskInstance: football_dag.odds_portal 2022-04-11T00:00:00+00:00 [queued]>
[2022-06-23 23:13:36,985] {taskinstance.py:670} INFO - Dependencies all met for <TaskInstance: football_dag.odds_portal 2022-04-11T00:00:00+00:00 [queued]>
[2022-06-23 23:13:36,985] {taskinstance.py:880} INFO - 
--------------------------------------------------------------------------------
[2022-06-23 23:13:36,985] {taskinstance.py:881} INFO - Starting attempt 1 of 1
[2022-06-23 23:13:36,985] {taskinstance.py:882} INFO - 
--------------------------------------------------------------------------------
[2022-06-23 23:13:36,990] {taskinstance.py:901} INFO - Executing <Task(OddsPortalOperator): odds_portal> on 2022-04-11T00:00:00+00:00
[2022-06-23 23:13:36,991] {standard_task_runner.py:54} INFO - Started process 86698 to run task
[2022-06-23 23:13:37,024] {standard_task_runner.py:77} INFO - Running: ['airflow', 'run', 'football_dag', 'odds_portal', '2022-04-11T00:00:00+00:00', '--job_id', '134', '--pool', 'default_pool', '--raw', '-sd', 'DAGS_FOLDER/football_dag.py', '--cfg_path', '/tmp/tmpx7pe4or6']
[2022-06-23 23:13:37,024] {standard_task_runner.py:78} INFO - Job 134: Subtask odds_portal
[2022-06-23 23:13:37,036] {logging_mixin.py:112} INFO - Running <TaskInstance: football_dag.odds_portal 2022-04-11T00:00:00+00:00 [running]> on host lucas-AB350M-DS3H-V2
[2022-06-23 23:13:37,043] {logging_mixin.py:112} INFO - 
[2022-06-23 23:13:37,043] {logger.py:16} INFO - ====== WebDriver manager ======
[2022-06-23 23:13:37,076] {logger.py:16} INFO - Current google-chrome version is 103.0.5060
[2022-06-23 23:13:37,076] {logger.py:16} INFO - Get LATEST chromedriver version for 103.0.5060 google-chrome
[2022-06-23 23:13:37,292] {logger.py:16} INFO - Driver [/home/lucas/.wdm/drivers/chromedriver/linux64/103.0.5060.53/chromedriver] found in cache
[2022-06-23 23:13:56,177] {taskinstance.py:1057} INFO - Marking task as SUCCESS.dag_id=football_dag, task_id=odds_portal, execution_date=20220411T000000, start_date=20220624T021336, end_date=20220624T021356
[2022-06-23 23:13:56,994] {local_task_job.py:102} INFO - Task exited with return code 0
