[2022-06-20 14:10:38,807] {taskinstance.py:670} INFO - Dependencies all met for <TaskInstance: football_dag.odds_portal 2022-04-27T00:00:00+00:00 [queued]>
[2022-06-20 14:10:38,812] {taskinstance.py:670} INFO - Dependencies all met for <TaskInstance: football_dag.odds_portal 2022-04-27T00:00:00+00:00 [queued]>
[2022-06-20 14:10:38,812] {taskinstance.py:880} INFO - 
--------------------------------------------------------------------------------
[2022-06-20 14:10:38,812] {taskinstance.py:881} INFO - Starting attempt 1 of 1
[2022-06-20 14:10:38,812] {taskinstance.py:882} INFO - 
--------------------------------------------------------------------------------
[2022-06-20 14:10:39,025] {taskinstance.py:901} INFO - Executing <Task(OddsPortalOperator): odds_portal> on 2022-04-27T00:00:00+00:00
[2022-06-20 14:10:39,027] {standard_task_runner.py:54} INFO - Started process 15759 to run task
[2022-06-20 14:10:39,065] {standard_task_runner.py:77} INFO - Running: ['airflow', 'run', 'football_dag', 'odds_portal', '2022-04-27T00:00:00+00:00', '--job_id', '107', '--pool', 'default_pool', '--raw', '-sd', 'DAGS_FOLDER/football_dag.py', '--cfg_path', '/tmp/tmpui14dp0j']
[2022-06-20 14:10:39,065] {standard_task_runner.py:78} INFO - Job 107: Subtask odds_portal
[2022-06-20 14:10:39,186] {logging_mixin.py:112} INFO - Running <TaskInstance: football_dag.odds_portal 2022-04-27T00:00:00+00:00 [running]> on host lucas-AB350M-DS3H-V2
[2022-06-20 14:10:39,194] {logging_mixin.py:112} INFO - 
[2022-06-20 14:10:39,194] {logger.py:16} INFO - ====== WebDriver manager ======
[2022-06-20 14:10:39,226] {logger.py:16} INFO - Current google-chrome version is 102.0.5005
[2022-06-20 14:10:39,227] {logger.py:16} INFO - Get LATEST chromedriver version for 102.0.5005 google-chrome
[2022-06-20 14:10:39,330] {logger.py:16} INFO - Driver [/home/lucas/.wdm/drivers/chromedriver/linux64/102.0.5005.61/chromedriver] found in cache
[2022-06-20 14:11:01,058] {taskinstance.py:1057} INFO - Marking task as SUCCESS.dag_id=football_dag, task_id=odds_portal, execution_date=20220427T000000, start_date=20220620T171038, end_date=20220620T171101
[2022-06-20 14:11:03,647] {local_task_job.py:102} INFO - Task exited with return code 0
[2022-06-20 16:35:45,922] {taskinstance.py:670} INFO - Dependencies all met for <TaskInstance: football_dag.odds_portal 2022-04-27T00:00:00+00:00 [queued]>
[2022-06-20 16:35:46,008] {taskinstance.py:670} INFO - Dependencies all met for <TaskInstance: football_dag.odds_portal 2022-04-27T00:00:00+00:00 [queued]>
[2022-06-20 16:35:46,009] {taskinstance.py:880} INFO - 
--------------------------------------------------------------------------------
[2022-06-20 16:35:46,009] {taskinstance.py:881} INFO - Starting attempt 1 of 1
[2022-06-20 16:35:46,009] {taskinstance.py:882} INFO - 
--------------------------------------------------------------------------------
[2022-06-20 16:35:46,363] {taskinstance.py:901} INFO - Executing <Task(OddsPortalOperator): odds_portal> on 2022-04-27T00:00:00+00:00
[2022-06-20 16:35:46,365] {standard_task_runner.py:54} INFO - Started process 9517 to run task
[2022-06-20 16:35:46,402] {standard_task_runner.py:77} INFO - Running: ['airflow', 'run', 'football_dag', 'odds_portal', '2022-04-27T00:00:00+00:00', '--job_id', '106', '--pool', 'default_pool', '--raw', '-sd', 'DAGS_FOLDER/football_dag.py', '--cfg_path', '/tmp/tmpm56c84f3']
[2022-06-20 16:35:46,402] {standard_task_runner.py:78} INFO - Job 106: Subtask odds_portal
[2022-06-20 16:35:46,561] {logging_mixin.py:112} INFO - Running <TaskInstance: football_dag.odds_portal 2022-04-27T00:00:00+00:00 [running]> on host lucas-AB350M-DS3H-V2
[2022-06-20 16:35:46,569] {logging_mixin.py:112} INFO - 
[2022-06-20 16:35:46,569] {logger.py:16} INFO - ====== WebDriver manager ======
[2022-06-20 16:35:46,601] {logger.py:16} INFO - Current google-chrome version is 102.0.5005
[2022-06-20 16:35:46,601] {logger.py:16} INFO - Get LATEST chromedriver version for 102.0.5005 google-chrome
[2022-06-20 16:35:46,711] {logger.py:16} INFO - Driver [/home/lucas/.wdm/drivers/chromedriver/linux64/102.0.5005.61/chromedriver] found in cache
[2022-06-20 16:36:09,240] {taskinstance.py:1057} INFO - Marking task as SUCCESS.dag_id=football_dag, task_id=odds_portal, execution_date=20220427T000000, start_date=20220620T193546, end_date=20220620T193609
[2022-06-20 16:36:10,662] {local_task_job.py:102} INFO - Task exited with return code 0
