[2022-06-20 14:11:05,650] {taskinstance.py:670} INFO - Dependencies all met for <TaskInstance: football_dag.who_scored 2022-04-27T00:00:00+00:00 [queued]>
[2022-06-20 14:11:05,655] {taskinstance.py:670} INFO - Dependencies all met for <TaskInstance: football_dag.who_scored 2022-04-27T00:00:00+00:00 [queued]>
[2022-06-20 14:11:05,655] {taskinstance.py:880} INFO - 
--------------------------------------------------------------------------------
[2022-06-20 14:11:05,655] {taskinstance.py:881} INFO - Starting attempt 1 of 1
[2022-06-20 14:11:05,655] {taskinstance.py:882} INFO - 
--------------------------------------------------------------------------------
[2022-06-20 14:11:06,013] {taskinstance.py:901} INFO - Executing <Task(WhoScoredOperator): who_scored> on 2022-04-27T00:00:00+00:00
[2022-06-20 14:11:06,014] {standard_task_runner.py:54} INFO - Started process 16046 to run task
[2022-06-20 14:11:06,052] {standard_task_runner.py:77} INFO - Running: ['airflow', 'run', 'football_dag', 'who_scored', '2022-04-27T00:00:00+00:00', '--job_id', '108', '--pool', 'default_pool', '--raw', '-sd', 'DAGS_FOLDER/football_dag.py', '--cfg_path', '/tmp/tmpgzfjhrpr']
[2022-06-20 14:11:06,052] {standard_task_runner.py:78} INFO - Job 108: Subtask who_scored
[2022-06-20 14:11:06,233] {logging_mixin.py:112} INFO - Running <TaskInstance: football_dag.who_scored 2022-04-27T00:00:00+00:00 [running]> on host lucas-AB350M-DS3H-V2
[2022-06-20 14:11:06,241] {logging_mixin.py:112} INFO - 
[2022-06-20 14:11:06,241] {logger.py:16} INFO - ====== WebDriver manager ======
[2022-06-20 14:11:06,273] {logger.py:16} INFO - Current google-chrome version is 102.0.5005
[2022-06-20 14:11:06,273] {logger.py:16} INFO - Get LATEST chromedriver version for 102.0.5005 google-chrome
[2022-06-20 14:11:06,383] {logger.py:16} INFO - Driver [/home/lucas/.wdm/drivers/chromedriver/linux64/102.0.5005.61/chromedriver] found in cache
[2022-06-20 14:11:42,185] {taskinstance.py:1057} INFO - Marking task as SUCCESS.dag_id=football_dag, task_id=who_scored, execution_date=20220427T000000, start_date=20220620T171105, end_date=20220620T171142
[2022-06-20 14:11:45,482] {local_task_job.py:102} INFO - Task exited with return code 0
[2022-06-20 16:36:12,012] {taskinstance.py:670} INFO - Dependencies all met for <TaskInstance: football_dag.who_scored 2022-04-27T00:00:00+00:00 [queued]>
[2022-06-20 16:36:12,026] {taskinstance.py:670} INFO - Dependencies all met for <TaskInstance: football_dag.who_scored 2022-04-27T00:00:00+00:00 [queued]>
[2022-06-20 16:36:12,027] {taskinstance.py:880} INFO - 
--------------------------------------------------------------------------------
[2022-06-20 16:36:12,027] {taskinstance.py:881} INFO - Starting attempt 1 of 1
[2022-06-20 16:36:12,027] {taskinstance.py:882} INFO - 
--------------------------------------------------------------------------------
[2022-06-20 16:36:12,239] {taskinstance.py:901} INFO - Executing <Task(WhoScoredOperator): who_scored> on 2022-04-27T00:00:00+00:00
[2022-06-20 16:36:12,241] {standard_task_runner.py:54} INFO - Started process 9780 to run task
[2022-06-20 16:36:12,279] {standard_task_runner.py:77} INFO - Running: ['airflow', 'run', 'football_dag', 'who_scored', '2022-04-27T00:00:00+00:00', '--job_id', '107', '--pool', 'default_pool', '--raw', '-sd', 'DAGS_FOLDER/football_dag.py', '--cfg_path', '/tmp/tmpbw771cua']
[2022-06-20 16:36:12,279] {standard_task_runner.py:78} INFO - Job 107: Subtask who_scored
[2022-06-20 16:36:12,431] {logging_mixin.py:112} INFO - Running <TaskInstance: football_dag.who_scored 2022-04-27T00:00:00+00:00 [running]> on host lucas-AB350M-DS3H-V2
[2022-06-20 16:36:12,440] {logging_mixin.py:112} INFO - 
[2022-06-20 16:36:12,440] {logger.py:16} INFO - ====== WebDriver manager ======
[2022-06-20 16:36:12,472] {logger.py:16} INFO - Current google-chrome version is 102.0.5005
[2022-06-20 16:36:12,472] {logger.py:16} INFO - Get LATEST chromedriver version for 102.0.5005 google-chrome
[2022-06-20 16:36:12,582] {logger.py:16} INFO - Driver [/home/lucas/.wdm/drivers/chromedriver/linux64/102.0.5005.61/chromedriver] found in cache
[2022-06-20 16:36:46,534] {taskinstance.py:1057} INFO - Marking task as SUCCESS.dag_id=football_dag, task_id=who_scored, execution_date=20220427T000000, start_date=20220620T193612, end_date=20220620T193646
[2022-06-20 16:36:46,981] {local_task_job.py:102} INFO - Task exited with return code 0
