[2022-06-20 14:14:19,477] {taskinstance.py:670} INFO - Dependencies all met for <TaskInstance: football_dag.api_football 2022-04-29T00:00:00+00:00 [queued]>
[2022-06-20 14:14:19,481] {taskinstance.py:670} INFO - Dependencies all met for <TaskInstance: football_dag.api_football 2022-04-29T00:00:00+00:00 [queued]>
[2022-06-20 14:14:19,481] {taskinstance.py:880} INFO - 
--------------------------------------------------------------------------------
[2022-06-20 14:14:19,481] {taskinstance.py:881} INFO - Starting attempt 1 of 1
[2022-06-20 14:14:19,481] {taskinstance.py:882} INFO - 
--------------------------------------------------------------------------------
[2022-06-20 14:14:19,686] {taskinstance.py:901} INFO - Executing <Task(ApiFootballOperator): api_football> on 2022-04-29T00:00:00+00:00
[2022-06-20 14:14:19,688] {standard_task_runner.py:54} INFO - Started process 17323 to run task
[2022-06-20 14:14:19,733] {standard_task_runner.py:77} INFO - Running: ['airflow', 'run', 'football_dag', 'api_football', '2022-04-29T00:00:00+00:00', '--job_id', '112', '--pool', 'default_pool', '--raw', '-sd', 'DAGS_FOLDER/football_dag.py', '--cfg_path', '/tmp/tmp6qenn2k5']
[2022-06-20 14:14:19,733] {standard_task_runner.py:78} INFO - Job 112: Subtask api_football
[2022-06-20 14:14:19,943] {logging_mixin.py:112} INFO - Running <TaskInstance: football_dag.api_football 2022-04-29T00:00:00+00:00 [running]> on host lucas-AB350M-DS3H-V2
[2022-06-20 14:14:19,954] {base_hook.py:89} INFO - Using connection to: id: api_football_default. Host: https://api-football-v1.p.rapidapi.com/v3, Port: None, Schema: None, Login: None, Password: None, extra: XXXXXXXX
[2022-06-20 14:14:19,955] {api_football_hook.py:36} INFO - URL: https://api-football-v1.p.rapidapi.com/v3/fixtures?season=2022&from=2022-04-01&to=2022-06-15&league=71&timezone=America%2FSao_Paulo
[2022-06-20 14:14:20,019] {logging_mixin.py:112} WARNING - /home/lucas/pipeline-data/.env/lib/python3.9/site-packages/urllib3/connectionpool.py:981: InsecureRequestWarning: Unverified HTTPS request is being made to host 'api-football-v1.p.rapidapi.com'. Adding certificate verification is strongly advised. See: https://urllib3.readthedocs.io/en/latest/advanced-usage.html#ssl-warnings
  warnings.warn(
[2022-06-20 14:14:20,916] {taskinstance.py:1057} INFO - Marking task as SUCCESS.dag_id=football_dag, task_id=api_football, execution_date=20220429T000000, start_date=20220620T171419, end_date=20220620T171420
[2022-06-20 14:14:24,344] {local_task_job.py:102} INFO - Task exited with return code 0
[2022-06-20 16:39:20,688] {taskinstance.py:670} INFO - Dependencies all met for <TaskInstance: football_dag.api_football 2022-04-29T00:00:00+00:00 [queued]>
[2022-06-20 16:39:20,698] {taskinstance.py:670} INFO - Dependencies all met for <TaskInstance: football_dag.api_football 2022-04-29T00:00:00+00:00 [queued]>
[2022-06-20 16:39:20,698] {taskinstance.py:880} INFO - 
--------------------------------------------------------------------------------
[2022-06-20 16:39:20,698] {taskinstance.py:881} INFO - Starting attempt 1 of 1
[2022-06-20 16:39:20,698] {taskinstance.py:882} INFO - 
--------------------------------------------------------------------------------
[2022-06-20 16:39:20,868] {taskinstance.py:901} INFO - Executing <Task(ApiFootballOperator): api_football> on 2022-04-29T00:00:00+00:00
[2022-06-20 16:39:20,870] {standard_task_runner.py:54} INFO - Started process 10701 to run task
[2022-06-20 16:39:20,907] {standard_task_runner.py:77} INFO - Running: ['airflow', 'run', 'football_dag', 'api_football', '2022-04-29T00:00:00+00:00', '--job_id', '111', '--pool', 'default_pool', '--raw', '-sd', 'DAGS_FOLDER/football_dag.py', '--cfg_path', '/tmp/tmp57z98y1_']
[2022-06-20 16:39:20,907] {standard_task_runner.py:78} INFO - Job 111: Subtask api_football
[2022-06-20 16:39:21,066] {logging_mixin.py:112} INFO - Running <TaskInstance: football_dag.api_football 2022-04-29T00:00:00+00:00 [running]> on host lucas-AB350M-DS3H-V2
[2022-06-20 16:39:21,077] {base_hook.py:89} INFO - Using connection to: id: api_football_default. Host: https://api-football-v1.p.rapidapi.com/v3, Port: None, Schema: None, Login: None, Password: None, extra: XXXXXXXX
[2022-06-20 16:39:21,078] {api_football_hook.py:34} INFO - URL: https://api-football-v1.p.rapidapi.com/v3/fixtures?season=2022&from=2022-04-28&to=2022-04-28&league=71&timezone=America%2FSao_Paulo
[2022-06-20 16:39:21,150] {logging_mixin.py:112} WARNING - /home/lucas/pipeline-data/.env/lib/python3.9/site-packages/urllib3/connectionpool.py:981: InsecureRequestWarning: Unverified HTTPS request is being made to host 'api-football-v1.p.rapidapi.com'. Adding certificate verification is strongly advised. See: https://urllib3.readthedocs.io/en/latest/advanced-usage.html#ssl-warnings
  warnings.warn(
[2022-06-20 16:39:21,969] {taskinstance.py:1057} INFO - Marking task as SUCCESS.dag_id=football_dag, task_id=api_football, execution_date=20220429T000000, start_date=20220620T193920, end_date=20220620T193921
[2022-06-20 16:39:25,446] {local_task_job.py:102} INFO - Task exited with return code 0
