[2022-06-20 14:03:40,875] {taskinstance.py:670} INFO - Dependencies all met for <TaskInstance: football_dag.who_scored 2022-04-24T00:00:00+00:00 [queued]>
[2022-06-20 14:03:40,882] {taskinstance.py:670} INFO - Dependencies all met for <TaskInstance: football_dag.who_scored 2022-04-24T00:00:00+00:00 [queued]>
[2022-06-20 14:03:40,882] {taskinstance.py:880} INFO - 
--------------------------------------------------------------------------------
[2022-06-20 14:03:40,882] {taskinstance.py:881} INFO - Starting attempt 1 of 1
[2022-06-20 14:03:40,882] {taskinstance.py:882} INFO - 
--------------------------------------------------------------------------------
[2022-06-20 14:03:41,190] {taskinstance.py:901} INFO - Executing <Task(WhoScoredOperator): who_scored> on 2022-04-24T00:00:00+00:00
[2022-06-20 14:03:41,192] {standard_task_runner.py:54} INFO - Started process 13986 to run task
[2022-06-20 14:03:41,229] {standard_task_runner.py:77} INFO - Running: ['airflow', 'run', 'football_dag', 'who_scored', '2022-04-24T00:00:00+00:00', '--job_id', '99', '--pool', 'default_pool', '--raw', '-sd', 'DAGS_FOLDER/football_dag.py', '--cfg_path', '/tmp/tmpa86ia_lg']
[2022-06-20 14:03:41,229] {standard_task_runner.py:78} INFO - Job 99: Subtask who_scored
[2022-06-20 14:03:41,626] {logging_mixin.py:112} INFO - Running <TaskInstance: football_dag.who_scored 2022-04-24T00:00:00+00:00 [running]> on host lucas-AB350M-DS3H-V2
[2022-06-20 14:03:41,635] {logging_mixin.py:112} INFO - 
[2022-06-20 14:03:41,635] {logger.py:16} INFO - ====== WebDriver manager ======
[2022-06-20 14:03:41,664] {logger.py:16} INFO - Current google-chrome version is 102.0.5005
[2022-06-20 14:03:41,664] {logger.py:16} INFO - Get LATEST chromedriver version for 102.0.5005 google-chrome
[2022-06-20 14:03:41,768] {logger.py:16} INFO - Driver [/home/lucas/.wdm/drivers/chromedriver/linux64/102.0.5005.61/chromedriver] found in cache
[2022-06-20 14:05:10,962] {taskinstance.py:1057} INFO - Marking task as SUCCESS.dag_id=football_dag, task_id=who_scored, execution_date=20220424T000000, start_date=20220620T170340, end_date=20220620T170510
[2022-06-20 14:05:15,692] {local_task_job.py:102} INFO - Task exited with return code 0
[2022-06-20 16:28:55,812] {taskinstance.py:670} INFO - Dependencies all met for <TaskInstance: football_dag.who_scored 2022-04-24T00:00:00+00:00 [queued]>
[2022-06-20 16:28:55,841] {taskinstance.py:670} INFO - Dependencies all met for <TaskInstance: football_dag.who_scored 2022-04-24T00:00:00+00:00 [queued]>
[2022-06-20 16:28:55,841] {taskinstance.py:880} INFO - 
--------------------------------------------------------------------------------
[2022-06-20 16:28:55,841] {taskinstance.py:881} INFO - Starting attempt 1 of 1
[2022-06-20 16:28:55,841] {taskinstance.py:882} INFO - 
--------------------------------------------------------------------------------
[2022-06-20 16:28:56,015] {taskinstance.py:901} INFO - Executing <Task(WhoScoredOperator): who_scored> on 2022-04-24T00:00:00+00:00
[2022-06-20 16:28:56,017] {standard_task_runner.py:54} INFO - Started process 7642 to run task
[2022-06-20 16:28:56,055] {standard_task_runner.py:77} INFO - Running: ['airflow', 'run', 'football_dag', 'who_scored', '2022-04-24T00:00:00+00:00', '--job_id', '98', '--pool', 'default_pool', '--raw', '-sd', 'DAGS_FOLDER/football_dag.py', '--cfg_path', '/tmp/tmpag2arjpe']
[2022-06-20 16:28:56,055] {standard_task_runner.py:78} INFO - Job 98: Subtask who_scored
[2022-06-20 16:28:56,250] {logging_mixin.py:112} INFO - Running <TaskInstance: football_dag.who_scored 2022-04-24T00:00:00+00:00 [running]> on host lucas-AB350M-DS3H-V2
[2022-06-20 16:28:56,258] {logging_mixin.py:112} INFO - 
[2022-06-20 16:28:56,258] {logger.py:16} INFO - ====== WebDriver manager ======
[2022-06-20 16:28:56,290] {logger.py:16} INFO - Current google-chrome version is 102.0.5005
[2022-06-20 16:28:56,290] {logger.py:16} INFO - Get LATEST chromedriver version for 102.0.5005 google-chrome
[2022-06-20 16:28:56,401] {logger.py:16} INFO - Driver [/home/lucas/.wdm/drivers/chromedriver/linux64/102.0.5005.61/chromedriver] found in cache
[2022-06-20 16:30:21,620] {taskinstance.py:1057} INFO - Marking task as SUCCESS.dag_id=football_dag, task_id=who_scored, execution_date=20220424T000000, start_date=20220620T192855, end_date=20220620T193021
[2022-06-20 16:30:25,754] {local_task_job.py:102} INFO - Task exited with return code 0
