[2022-06-18 15:08:03,121] {taskinstance.py:670} INFO - Dependencies all met for <TaskInstance: football_dag.who_scored 2022-06-17T00:00:00+00:00 [queued]>
[2022-06-18 15:08:03,126] {taskinstance.py:670} INFO - Dependencies all met for <TaskInstance: football_dag.who_scored 2022-06-17T00:00:00+00:00 [queued]>
[2022-06-18 15:08:03,126] {taskinstance.py:880} INFO - 
--------------------------------------------------------------------------------
[2022-06-18 15:08:03,126] {taskinstance.py:881} INFO - Starting attempt 1 of 1
[2022-06-18 15:08:03,126] {taskinstance.py:882} INFO - 
--------------------------------------------------------------------------------
[2022-06-18 15:08:03,336] {taskinstance.py:901} INFO - Executing <Task(WhoScoredOperator): who_scored> on 2022-06-17T00:00:00+00:00
[2022-06-18 15:08:03,338] {standard_task_runner.py:54} INFO - Started process 65263 to run task
[2022-06-18 15:08:03,380] {standard_task_runner.py:77} INFO - Running: ['airflow', 'run', 'football_dag', 'who_scored', '2022-06-17T00:00:00+00:00', '--job_id', '20', '--pool', 'default_pool', '--raw', '-sd', 'DAGS_FOLDER/football_dag.py', '--cfg_path', '/tmp/tmpb8phva6_']
[2022-06-18 15:08:03,380] {standard_task_runner.py:78} INFO - Job 20: Subtask who_scored
[2022-06-18 15:08:03,561] {logging_mixin.py:112} INFO - Running <TaskInstance: football_dag.who_scored 2022-06-17T00:00:00+00:00 [running]> on host lucas-AB350M-DS3H-V2
[2022-06-18 15:08:03,572] {logging_mixin.py:112} INFO - 2022-06-16
[2022-06-18 15:08:03,601] {logging_mixin.py:112} INFO - 
[2022-06-18 15:08:03,601] {logger.py:16} INFO - ====== WebDriver manager ======
[2022-06-18 15:08:03,632] {logger.py:16} INFO - Current google-chrome version is 102.0.5005
[2022-06-18 15:08:03,633] {logger.py:16} INFO - Get LATEST chromedriver version for 102.0.5005 google-chrome
[2022-06-18 15:08:03,741] {logger.py:16} INFO - Driver [/home/lucas/.wdm/drivers/chromedriver/linux64/102.0.5005.61/chromedriver] found in cache
[2022-06-18 15:09:35,983] {taskinstance.py:1150} ERROR - Message: chrome not reachable
  (Session info: chrome=102.0.5005.115)
Stacktrace:
#0 0x560f8ce7cf33 <unknown>
#1 0x560f8cbc6faf <unknown>
#2 0x560f8cbb52e4 <unknown>
#3 0x560f8cbb5cf2 <unknown>
#4 0x560f8cbb7b12 <unknown>
#5 0x560f8cbaff16 <unknown>
#6 0x560f8cbc8522 <unknown>
#7 0x560f8cc2d961 <unknown>
#8 0x560f8cc1ae63 <unknown>
#9 0x560f8cbf082a <unknown>
#10 0x560f8cbf1985 <unknown>
#11 0x560f8cec14cd <unknown>
#12 0x560f8cec55ec <unknown>
#13 0x560f8ceab71e <unknown>
#14 0x560f8cec6238 <unknown>
#15 0x560f8cea0870 <unknown>
#16 0x560f8cee2608 <unknown>
#17 0x560f8cee2788 <unknown>
#18 0x560f8cefcf1d <unknown>
#19 0x7f7c26720b43 <unknown>
Traceback (most recent call last):
  File "/home/lucas/pipeline-data/.env/lib/python3.9/site-packages/airflow/models/taskinstance.py", line 984, in _run_raw_task
    result = task_copy.execute(context=context)
  File "/home/lucas/pipeline-data/airflow/plugins/operators/who_scored_operator.py", line 48, in execute
    games = hook.run()
  File "/home/lucas/pipeline-data/airflow/plugins/hooks/who_scored_hook.py", line 187, in run
    self.get_match_report(link)
  File "/home/lucas/pipeline-data/airflow/plugins/hooks/who_scored_hook.py", line 177, in get_match_report
    self.get_comments_pagination(match_id)
  File "/home/lucas/pipeline-data/airflow/plugins/hooks/who_scored_hook.py", line 152, in get_comments_pagination
    list_comments += self.get_comments(ul_commentary_items, match_id)
  File "/home/lucas/pipeline-data/airflow/plugins/hooks/who_scored_hook.py", line 119, in get_comments
    comment['represent_min'] = commentary\
  File "/home/lucas/pipeline-data/.env/lib/python3.9/site-packages/selenium/webdriver/remote/webelement.py", line 796, in find_element
    return self._execute(Command.FIND_CHILD_ELEMENT,
  File "/home/lucas/pipeline-data/.env/lib/python3.9/site-packages/selenium/webdriver/remote/webelement.py", line 773, in _execute
    return self._parent.execute(command, params)
  File "/home/lucas/pipeline-data/.env/lib/python3.9/site-packages/selenium/webdriver/remote/webdriver.py", line 430, in execute
    self.error_handler.check_response(response)
  File "/home/lucas/pipeline-data/.env/lib/python3.9/site-packages/selenium/webdriver/remote/errorhandler.py", line 247, in check_response
    raise exception_class(message, screen, stacktrace)
selenium.common.exceptions.WebDriverException: Message: chrome not reachable
  (Session info: chrome=102.0.5005.115)
Stacktrace:
#0 0x560f8ce7cf33 <unknown>
#1 0x560f8cbc6faf <unknown>
#2 0x560f8cbb52e4 <unknown>
#3 0x560f8cbb5cf2 <unknown>
#4 0x560f8cbb7b12 <unknown>
#5 0x560f8cbaff16 <unknown>
#6 0x560f8cbc8522 <unknown>
#7 0x560f8cc2d961 <unknown>
#8 0x560f8cc1ae63 <unknown>
#9 0x560f8cbf082a <unknown>
#10 0x560f8cbf1985 <unknown>
#11 0x560f8cec14cd <unknown>
#12 0x560f8cec55ec <unknown>
#13 0x560f8ceab71e <unknown>
#14 0x560f8cec6238 <unknown>
#15 0x560f8cea0870 <unknown>
#16 0x560f8cee2608 <unknown>
#17 0x560f8cee2788 <unknown>
#18 0x560f8cefcf1d <unknown>
#19 0x7f7c26720b43 <unknown>

[2022-06-18 15:09:35,985] {taskinstance.py:1187} INFO - Marking task as FAILED. dag_id=football_dag, task_id=who_scored, execution_date=20220617T000000, start_date=20220618T180803, end_date=20220618T180935
[2022-06-18 15:09:39,792] {local_task_job.py:102} INFO - Task exited with return code 1
[2022-06-18 15:17:19,913] {taskinstance.py:670} INFO - Dependencies all met for <TaskInstance: football_dag.who_scored 2022-06-17T00:00:00+00:00 [queued]>
[2022-06-18 15:17:19,918] {taskinstance.py:670} INFO - Dependencies all met for <TaskInstance: football_dag.who_scored 2022-06-17T00:00:00+00:00 [queued]>
[2022-06-18 15:17:19,918] {taskinstance.py:880} INFO - 
--------------------------------------------------------------------------------
[2022-06-18 15:17:19,918] {taskinstance.py:881} INFO - Starting attempt 1 of 1
[2022-06-18 15:17:19,918] {taskinstance.py:882} INFO - 
--------------------------------------------------------------------------------
[2022-06-18 15:17:20,277] {taskinstance.py:901} INFO - Executing <Task(WhoScoredOperator): who_scored> on 2022-06-17T00:00:00+00:00
[2022-06-18 15:17:20,279] {standard_task_runner.py:54} INFO - Started process 67209 to run task
[2022-06-18 15:17:20,318] {standard_task_runner.py:77} INFO - Running: ['airflow', 'run', 'football_dag', 'who_scored', '2022-06-17T00:00:00+00:00', '--job_id', '21', '--pool', 'default_pool', '--raw', '-sd', 'DAGS_FOLDER/football_dag.py', '--cfg_path', '/tmp/tmpd6_4lup9']
[2022-06-18 15:17:20,319] {standard_task_runner.py:78} INFO - Job 21: Subtask who_scored
[2022-06-18 15:17:20,448] {logging_mixin.py:112} INFO - Running <TaskInstance: football_dag.who_scored 2022-06-17T00:00:00+00:00 [running]> on host lucas-AB350M-DS3H-V2
[2022-06-18 15:17:20,457] {logging_mixin.py:112} INFO - DATA ULTIMA EXEC: 2022-06-16
[2022-06-18 15:17:20,457] {logging_mixin.py:112} INFO - 
[2022-06-18 15:17:20,457] {logger.py:16} INFO - ====== WebDriver manager ======
[2022-06-18 15:17:20,492] {logger.py:16} INFO - Current google-chrome version is 102.0.5005
[2022-06-18 15:17:20,492] {logger.py:16} INFO - Get LATEST chromedriver version for 102.0.5005 google-chrome
[2022-06-18 15:17:20,611] {logger.py:16} INFO - Driver [/home/lucas/.wdm/drivers/chromedriver/linux64/102.0.5005.61/chromedriver] found in cache
[2022-06-18 15:19:30,726] {taskinstance.py:1057} INFO - Marking task as SUCCESS.dag_id=football_dag, task_id=who_scored, execution_date=20220617T000000, start_date=20220618T181719, end_date=20220618T181930
[2022-06-18 15:19:34,652] {local_task_job.py:102} INFO - Task exited with return code 0
[2022-06-18 15:27:40,892] {taskinstance.py:670} INFO - Dependencies all met for <TaskInstance: football_dag.who_scored 2022-06-17T00:00:00+00:00 [queued]>
[2022-06-18 15:27:40,897] {taskinstance.py:670} INFO - Dependencies all met for <TaskInstance: football_dag.who_scored 2022-06-17T00:00:00+00:00 [queued]>
[2022-06-18 15:27:40,897] {taskinstance.py:880} INFO - 
--------------------------------------------------------------------------------
[2022-06-18 15:27:40,897] {taskinstance.py:881} INFO - Starting attempt 1 of 1
[2022-06-18 15:27:40,897] {taskinstance.py:882} INFO - 
--------------------------------------------------------------------------------
[2022-06-18 15:27:41,073] {taskinstance.py:901} INFO - Executing <Task(WhoScoredOperator): who_scored> on 2022-06-17T00:00:00+00:00
[2022-06-18 15:27:41,074] {standard_task_runner.py:54} INFO - Started process 69917 to run task
[2022-06-18 15:27:41,112] {standard_task_runner.py:77} INFO - Running: ['airflow', 'run', 'football_dag', 'who_scored', '2022-06-17T00:00:00+00:00', '--job_id', '26', '--pool', 'default_pool', '--raw', '-sd', 'DAGS_FOLDER/football_dag.py', '--cfg_path', '/tmp/tmpqfq3kl9b']
[2022-06-18 15:27:41,112] {standard_task_runner.py:78} INFO - Job 26: Subtask who_scored
[2022-06-18 15:27:41,271] {logging_mixin.py:112} INFO - Running <TaskInstance: football_dag.who_scored 2022-06-17T00:00:00+00:00 [running]> on host lucas-AB350M-DS3H-V2
[2022-06-18 15:27:41,279] {logging_mixin.py:112} INFO - DATA ULTIMA EXEC:
[2022-06-18 15:27:41,279] {logging_mixin.py:112} INFO - 
[2022-06-18 15:27:41,279] {logger.py:16} INFO - ====== WebDriver manager ======
[2022-06-18 15:27:41,312] {logger.py:16} INFO - Current google-chrome version is 102.0.5005
[2022-06-18 15:27:41,312] {logger.py:16} INFO - Get LATEST chromedriver version for 102.0.5005 google-chrome
[2022-06-18 15:27:41,427] {logger.py:16} INFO - Driver [/home/lucas/.wdm/drivers/chromedriver/linux64/102.0.5005.61/chromedriver] found in cache
[2022-06-18 15:29:14,433] {taskinstance.py:1150} ERROR - Message: chrome not reachable
  (Session info: chrome=102.0.5005.115)
Stacktrace:
#0 0x5576f3fb1f33 <unknown>
#1 0x5576f3cfbfaf <unknown>
#2 0x5576f3cea2e4 <unknown>
#3 0x5576f3ceacf2 <unknown>
#4 0x5576f3cecb12 <unknown>
#5 0x5576f3ce4f16 <unknown>
#6 0x5576f3cfd522 <unknown>
#7 0x5576f3d62961 <unknown>
#8 0x5576f3d4fe63 <unknown>
#9 0x5576f3d2582a <unknown>
#10 0x5576f3d26985 <unknown>
#11 0x5576f3ff64cd <unknown>
#12 0x5576f3ffa5ec <unknown>
#13 0x5576f3fe071e <unknown>
#14 0x5576f3ffb238 <unknown>
#15 0x5576f3fd5870 <unknown>
#16 0x5576f4017608 <unknown>
#17 0x5576f4017788 <unknown>
#18 0x5576f4031f1d <unknown>
#19 0x7fa4f2f27b43 <unknown>
Traceback (most recent call last):
  File "/home/lucas/pipeline-data/.env/lib/python3.9/site-packages/airflow/models/taskinstance.py", line 984, in _run_raw_task
    result = task_copy.execute(context=context)
  File "/home/lucas/pipeline-data/airflow/plugins/operators/who_scored_operator.py", line 48, in execute
    games = hook.run()
  File "/home/lucas/pipeline-data/airflow/plugins/hooks/who_scored_hook.py", line 187, in run
    self.get_match_report(link)
  File "/home/lucas/pipeline-data/airflow/plugins/hooks/who_scored_hook.py", line 177, in get_match_report
    self.get_comments_pagination(match_id)
  File "/home/lucas/pipeline-data/airflow/plugins/hooks/who_scored_hook.py", line 148, in get_comments_pagination
    ul_commentary_items = self.driver.find_elements(
  File "/home/lucas/pipeline-data/.env/lib/python3.9/site-packages/selenium/webdriver/remote/webdriver.py", line 1284, in find_elements
    return self.execute(Command.FIND_ELEMENTS, {
  File "/home/lucas/pipeline-data/.env/lib/python3.9/site-packages/selenium/webdriver/remote/webdriver.py", line 430, in execute
    self.error_handler.check_response(response)
  File "/home/lucas/pipeline-data/.env/lib/python3.9/site-packages/selenium/webdriver/remote/errorhandler.py", line 247, in check_response
    raise exception_class(message, screen, stacktrace)
selenium.common.exceptions.WebDriverException: Message: chrome not reachable
  (Session info: chrome=102.0.5005.115)
Stacktrace:
#0 0x5576f3fb1f33 <unknown>
#1 0x5576f3cfbfaf <unknown>
#2 0x5576f3cea2e4 <unknown>
#3 0x5576f3ceacf2 <unknown>
#4 0x5576f3cecb12 <unknown>
#5 0x5576f3ce4f16 <unknown>
#6 0x5576f3cfd522 <unknown>
#7 0x5576f3d62961 <unknown>
#8 0x5576f3d4fe63 <unknown>
#9 0x5576f3d2582a <unknown>
#10 0x5576f3d26985 <unknown>
#11 0x5576f3ff64cd <unknown>
#12 0x5576f3ffa5ec <unknown>
#13 0x5576f3fe071e <unknown>
#14 0x5576f3ffb238 <unknown>
#15 0x5576f3fd5870 <unknown>
#16 0x5576f4017608 <unknown>
#17 0x5576f4017788 <unknown>
#18 0x5576f4031f1d <unknown>
#19 0x7fa4f2f27b43 <unknown>

[2022-06-18 15:29:14,434] {taskinstance.py:1187} INFO - Marking task as FAILED. dag_id=football_dag, task_id=who_scored, execution_date=20220617T000000, start_date=20220618T182740, end_date=20220618T182914
[2022-06-18 15:31:47,269] {taskinstance.py:670} INFO - Dependencies all met for <TaskInstance: football_dag.who_scored 2022-06-17T00:00:00+00:00 [queued]>
[2022-06-18 15:31:47,274] {taskinstance.py:670} INFO - Dependencies all met for <TaskInstance: football_dag.who_scored 2022-06-17T00:00:00+00:00 [queued]>
[2022-06-18 15:31:47,274] {taskinstance.py:880} INFO - 
--------------------------------------------------------------------------------
[2022-06-18 15:31:47,274] {taskinstance.py:881} INFO - Starting attempt 1 of 1
[2022-06-18 15:31:47,274] {taskinstance.py:882} INFO - 
--------------------------------------------------------------------------------
[2022-06-18 15:31:47,460] {taskinstance.py:901} INFO - Executing <Task(WhoScoredOperator): who_scored> on 2022-06-17T00:00:00+00:00
[2022-06-18 15:31:47,461] {standard_task_runner.py:54} INFO - Started process 70886 to run task
[2022-06-18 15:31:47,504] {standard_task_runner.py:77} INFO - Running: ['airflow', 'run', 'football_dag', 'who_scored', '2022-06-17T00:00:00+00:00', '--job_id', '24', '--pool', 'default_pool', '--raw', '-sd', 'DAGS_FOLDER/football_dag.py', '--cfg_path', '/tmp/tmp7azqeuah']
[2022-06-18 15:31:47,505] {standard_task_runner.py:78} INFO - Job 24: Subtask who_scored
[2022-06-18 15:31:47,692] {logging_mixin.py:112} INFO - Running <TaskInstance: football_dag.who_scored 2022-06-17T00:00:00+00:00 [running]> on host lucas-AB350M-DS3H-V2
[2022-06-18 15:31:47,700] {logging_mixin.py:112} INFO - DATA ULTIMA EXEC:
[2022-06-18 15:31:47,701] {logging_mixin.py:112} INFO - 
[2022-06-18 15:31:47,701] {logger.py:16} INFO - ====== WebDriver manager ======
[2022-06-18 15:31:47,729] {logger.py:16} INFO - Current google-chrome version is 102.0.5005
[2022-06-18 15:31:47,729] {logger.py:16} INFO - Get LATEST chromedriver version for 102.0.5005 google-chrome
[2022-06-18 15:31:47,835] {logger.py:16} INFO - Driver [/home/lucas/.wdm/drivers/chromedriver/linux64/102.0.5005.61/chromedriver] found in cache
[2022-06-18 15:33:58,223] {taskinstance.py:1057} INFO - Marking task as SUCCESS.dag_id=football_dag, task_id=who_scored, execution_date=20220617T000000, start_date=20220618T183147, end_date=20220618T183358
[2022-06-18 15:34:02,226] {local_task_job.py:102} INFO - Task exited with return code 0
[2022-06-20 18:33:05,849] {taskinstance.py:670} INFO - Dependencies all met for <TaskInstance: football_dag.who_scored 2022-06-17T00:00:00+00:00 [queued]>
[2022-06-20 18:33:05,868] {taskinstance.py:670} INFO - Dependencies all met for <TaskInstance: football_dag.who_scored 2022-06-17T00:00:00+00:00 [queued]>
[2022-06-20 18:33:05,868] {taskinstance.py:880} INFO - 
--------------------------------------------------------------------------------
[2022-06-20 18:33:05,868] {taskinstance.py:881} INFO - Starting attempt 1 of 1
[2022-06-20 18:33:05,868] {taskinstance.py:882} INFO - 
--------------------------------------------------------------------------------
[2022-06-20 18:33:06,099] {taskinstance.py:901} INFO - Executing <Task(WhoScoredOperator): who_scored> on 2022-06-17T00:00:00+00:00
[2022-06-20 18:33:06,100] {standard_task_runner.py:54} INFO - Started process 44751 to run task
[2022-06-20 18:33:06,138] {standard_task_runner.py:77} INFO - Running: ['airflow', 'run', 'football_dag', 'who_scored', '2022-06-17T00:00:00+00:00', '--job_id', '260', '--pool', 'default_pool', '--raw', '-sd', 'DAGS_FOLDER/football_dag.py', '--cfg_path', '/tmp/tmpiz3uzo3v']
[2022-06-20 18:33:06,138] {standard_task_runner.py:78} INFO - Job 260: Subtask who_scored
[2022-06-20 18:33:06,278] {logging_mixin.py:112} INFO - Running <TaskInstance: football_dag.who_scored 2022-06-17T00:00:00+00:00 [running]> on host lucas-AB350M-DS3H-V2
[2022-06-20 18:33:06,286] {logging_mixin.py:112} INFO - 
[2022-06-20 18:33:06,286] {logger.py:16} INFO - ====== WebDriver manager ======
[2022-06-20 18:33:06,319] {logger.py:16} INFO - Current google-chrome version is 102.0.5005
[2022-06-20 18:33:06,319] {logger.py:16} INFO - Get LATEST chromedriver version for 102.0.5005 google-chrome
[2022-06-20 18:33:06,422] {logger.py:16} INFO - Driver [/home/lucas/.wdm/drivers/chromedriver/linux64/102.0.5005.61/chromedriver] found in cache
[2022-06-20 18:35:16,607] {taskinstance.py:1057} INFO - Marking task as SUCCESS.dag_id=football_dag, task_id=who_scored, execution_date=20220617T000000, start_date=20220620T213305, end_date=20220620T213516
[2022-06-20 18:35:20,792] {local_task_job.py:102} INFO - Task exited with return code 0
