[2022-06-20 14:06:34,036] {taskinstance.py:670} INFO - Dependencies all met for <TaskInstance: football_dag.who_scored 2022-04-25T00:00:00+00:00 [queued]>
[2022-06-20 14:06:34,040] {taskinstance.py:670} INFO - Dependencies all met for <TaskInstance: football_dag.who_scored 2022-04-25T00:00:00+00:00 [queued]>
[2022-06-20 14:06:34,041] {taskinstance.py:880} INFO - 
--------------------------------------------------------------------------------
[2022-06-20 14:06:34,041] {taskinstance.py:881} INFO - Starting attempt 1 of 1
[2022-06-20 14:06:34,041] {taskinstance.py:882} INFO - 
--------------------------------------------------------------------------------
[2022-06-20 14:06:34,217] {taskinstance.py:901} INFO - Executing <Task(WhoScoredOperator): who_scored> on 2022-04-25T00:00:00+00:00
[2022-06-20 14:06:34,218] {standard_task_runner.py:54} INFO - Started process 14687 to run task
[2022-06-20 14:06:34,256] {standard_task_runner.py:77} INFO - Running: ['airflow', 'run', 'football_dag', 'who_scored', '2022-04-25T00:00:00+00:00', '--job_id', '102', '--pool', 'default_pool', '--raw', '-sd', 'DAGS_FOLDER/football_dag.py', '--cfg_path', '/tmp/tmp8fq9yi2w']
[2022-06-20 14:06:34,256] {standard_task_runner.py:78} INFO - Job 102: Subtask who_scored
[2022-06-20 14:06:34,418] {logging_mixin.py:112} INFO - Running <TaskInstance: football_dag.who_scored 2022-04-25T00:00:00+00:00 [running]> on host lucas-AB350M-DS3H-V2
[2022-06-20 14:06:34,427] {logging_mixin.py:112} INFO - 
[2022-06-20 14:06:34,427] {logger.py:16} INFO - ====== WebDriver manager ======
[2022-06-20 14:06:34,459] {logger.py:16} INFO - Current google-chrome version is 102.0.5005
[2022-06-20 14:06:34,459] {logger.py:16} INFO - Get LATEST chromedriver version for 102.0.5005 google-chrome
[2022-06-20 14:06:34,571] {logger.py:16} INFO - Driver [/home/lucas/.wdm/drivers/chromedriver/linux64/102.0.5005.61/chromedriver] found in cache
[2022-06-20 14:07:57,235] {taskinstance.py:1057} INFO - Marking task as SUCCESS.dag_id=football_dag, task_id=who_scored, execution_date=20220425T000000, start_date=20220620T170634, end_date=20220620T170757
[2022-06-20 14:07:58,948] {local_task_job.py:102} INFO - Task exited with return code 0
[2022-06-20 16:31:41,173] {taskinstance.py:670} INFO - Dependencies all met for <TaskInstance: football_dag.who_scored 2022-04-25T00:00:00+00:00 [queued]>
[2022-06-20 16:31:41,227] {taskinstance.py:670} INFO - Dependencies all met for <TaskInstance: football_dag.who_scored 2022-04-25T00:00:00+00:00 [queued]>
[2022-06-20 16:31:41,227] {taskinstance.py:880} INFO - 
--------------------------------------------------------------------------------
[2022-06-20 16:31:41,227] {taskinstance.py:881} INFO - Starting attempt 1 of 1
[2022-06-20 16:31:41,227] {taskinstance.py:882} INFO - 
--------------------------------------------------------------------------------
[2022-06-20 16:31:41,437] {taskinstance.py:901} INFO - Executing <Task(WhoScoredOperator): who_scored> on 2022-04-25T00:00:00+00:00
[2022-06-20 16:31:41,438] {standard_task_runner.py:54} INFO - Started process 8387 to run task
[2022-06-20 16:31:41,477] {standard_task_runner.py:77} INFO - Running: ['airflow', 'run', 'football_dag', 'who_scored', '2022-04-25T00:00:00+00:00', '--job_id', '101', '--pool', 'default_pool', '--raw', '-sd', 'DAGS_FOLDER/football_dag.py', '--cfg_path', '/tmp/tmpl8m74pds']
[2022-06-20 16:31:41,477] {standard_task_runner.py:78} INFO - Job 101: Subtask who_scored
[2022-06-20 16:31:41,655] {logging_mixin.py:112} INFO - Running <TaskInstance: football_dag.who_scored 2022-04-25T00:00:00+00:00 [running]> on host lucas-AB350M-DS3H-V2
[2022-06-20 16:31:41,664] {logging_mixin.py:112} INFO - 
[2022-06-20 16:31:41,664] {logger.py:16} INFO - ====== WebDriver manager ======
[2022-06-20 16:31:41,696] {logger.py:16} INFO - Current google-chrome version is 102.0.5005
[2022-06-20 16:31:41,696] {logger.py:16} INFO - Get LATEST chromedriver version for 102.0.5005 google-chrome
[2022-06-20 16:31:41,801] {logger.py:16} INFO - Driver [/home/lucas/.wdm/drivers/chromedriver/linux64/102.0.5005.61/chromedriver] found in cache
[2022-06-20 16:33:02,766] {taskinstance.py:1057} INFO - Marking task as SUCCESS.dag_id=football_dag, task_id=who_scored, execution_date=20220425T000000, start_date=20220620T193141, end_date=20220620T193302
[2022-06-20 16:33:06,101] {local_task_job.py:102} INFO - Task exited with return code 0
