[2022-06-20 13:55:58,041] {taskinstance.py:670} INFO - Dependencies all met for <TaskInstance: football_dag.api_football 2022-04-20T00:00:00+00:00 [queued]>
[2022-06-20 13:55:58,046] {taskinstance.py:670} INFO - Dependencies all met for <TaskInstance: football_dag.api_football 2022-04-20T00:00:00+00:00 [queued]>
[2022-06-20 13:55:58,046] {taskinstance.py:880} INFO - 
--------------------------------------------------------------------------------
[2022-06-20 13:55:58,046] {taskinstance.py:881} INFO - Starting attempt 1 of 1
[2022-06-20 13:55:58,046] {taskinstance.py:882} INFO - 
--------------------------------------------------------------------------------
[2022-06-20 13:55:58,232] {taskinstance.py:901} INFO - Executing <Task(ApiFootballOperator): api_football> on 2022-04-20T00:00:00+00:00
[2022-06-20 13:55:58,234] {standard_task_runner.py:54} INFO - Started process 11339 to run task
[2022-06-20 13:55:58,271] {standard_task_runner.py:77} INFO - Running: ['airflow', 'run', 'football_dag', 'api_football', '2022-04-20T00:00:00+00:00', '--job_id', '85', '--pool', 'default_pool', '--raw', '-sd', 'DAGS_FOLDER/football_dag.py', '--cfg_path', '/tmp/tmpmeswmwr2']
[2022-06-20 13:55:58,272] {standard_task_runner.py:78} INFO - Job 85: Subtask api_football
[2022-06-20 13:55:58,464] {logging_mixin.py:112} INFO - Running <TaskInstance: football_dag.api_football 2022-04-20T00:00:00+00:00 [running]> on host lucas-AB350M-DS3H-V2
[2022-06-20 13:55:58,475] {base_hook.py:89} INFO - Using connection to: id: api_football_default. Host: https://api-football-v1.p.rapidapi.com/v3, Port: None, Schema: None, Login: None, Password: None, extra: XXXXXXXX
[2022-06-20 13:55:58,476] {api_football_hook.py:36} INFO - URL: https://api-football-v1.p.rapidapi.com/v3/fixtures?season=2022&from=2022-04-01&to=2022-06-15&league=71&timezone=America%2FSao_Paulo
[2022-06-20 13:55:58,544] {logging_mixin.py:112} WARNING - /home/lucas/pipeline-data/.env/lib/python3.9/site-packages/urllib3/connectionpool.py:981: InsecureRequestWarning: Unverified HTTPS request is being made to host 'api-football-v1.p.rapidapi.com'. Adding certificate verification is strongly advised. See: https://urllib3.readthedocs.io/en/latest/advanced-usage.html#ssl-warnings
  warnings.warn(
[2022-06-20 13:55:59,490] {taskinstance.py:1057} INFO - Marking task as SUCCESS.dag_id=football_dag, task_id=api_football, execution_date=20220420T000000, start_date=20220620T165558, end_date=20220620T165559
[2022-06-20 13:56:02,896] {local_task_job.py:102} INFO - Task exited with return code 0
[2022-06-20 15:42:13,525] {taskinstance.py:670} INFO - Dependencies all met for <TaskInstance: football_dag.api_football 2022-04-20T00:00:00+00:00 [queued]>
[2022-06-20 15:42:13,530] {taskinstance.py:670} INFO - Dependencies all met for <TaskInstance: football_dag.api_football 2022-04-20T00:00:00+00:00 [queued]>
[2022-06-20 15:42:13,530] {taskinstance.py:880} INFO - 
--------------------------------------------------------------------------------
[2022-06-20 15:42:13,530] {taskinstance.py:881} INFO - Starting attempt 1 of 1
[2022-06-20 15:42:13,530] {taskinstance.py:882} INFO - 
--------------------------------------------------------------------------------
[2022-06-20 15:42:13,703] {taskinstance.py:901} INFO - Executing <Task(ApiFootballOperator): api_football> on 2022-04-20T00:00:00+00:00
[2022-06-20 15:42:13,705] {standard_task_runner.py:54} INFO - Started process 33890 to run task
[2022-06-20 15:42:13,742] {standard_task_runner.py:77} INFO - Running: ['airflow', 'run', 'football_dag', 'api_football', '2022-04-20T00:00:00+00:00', '--job_id', '83', '--pool', 'default_pool', '--raw', '-sd', 'DAGS_FOLDER/football_dag.py', '--cfg_path', '/tmp/tmpavwuck3r']
[2022-06-20 15:42:13,743] {standard_task_runner.py:78} INFO - Job 83: Subtask api_football
[2022-06-20 15:42:13,962] {logging_mixin.py:112} INFO - Running <TaskInstance: football_dag.api_football 2022-04-20T00:00:00+00:00 [running]> on host lucas-AB350M-DS3H-V2
[2022-06-20 15:42:13,973] {base_hook.py:89} INFO - Using connection to: id: api_football_default. Host: https://api-football-v1.p.rapidapi.com/v3, Port: None, Schema: None, Login: None, Password: None, extra: XXXXXXXX
[2022-06-20 15:42:13,974] {api_football_hook.py:34} INFO - URL: https://api-football-v1.p.rapidapi.com/v3/fixtures?season=2022&from=2022-04-19&to=2022-04-19&league=71&timezone=America%2FSao_Paulo
[2022-06-20 15:42:14,039] {logging_mixin.py:112} WARNING - /home/lucas/pipeline-data/.env/lib/python3.9/site-packages/urllib3/connectionpool.py:981: InsecureRequestWarning: Unverified HTTPS request is being made to host 'api-football-v1.p.rapidapi.com'. Adding certificate verification is strongly advised. See: https://urllib3.readthedocs.io/en/latest/advanced-usage.html#ssl-warnings
  warnings.warn(
[2022-06-20 15:42:14,865] {taskinstance.py:1057} INFO - Marking task as SUCCESS.dag_id=football_dag, task_id=api_football, execution_date=20220420T000000, start_date=20220620T184213, end_date=20220620T184214
[2022-06-20 15:42:18,338] {local_task_job.py:102} INFO - Task exited with return code 0
