[2022-06-19 21:32:51,547] {taskinstance.py:670} INFO - Dependencies all met for <TaskInstance: football_dag.who_scored 2022-04-09T00:00:00+00:00 [queued]>
[2022-06-19 21:32:51,552] {taskinstance.py:670} INFO - Dependencies all met for <TaskInstance: football_dag.who_scored 2022-04-09T00:00:00+00:00 [queued]>
[2022-06-19 21:32:51,552] {taskinstance.py:880} INFO - 
--------------------------------------------------------------------------------
[2022-06-19 21:32:51,552] {taskinstance.py:881} INFO - Starting attempt 1 of 1
[2022-06-19 21:32:51,552] {taskinstance.py:882} INFO - 
--------------------------------------------------------------------------------
[2022-06-19 21:32:51,703] {taskinstance.py:901} INFO - Executing <Task(WhoScoredOperator): who_scored> on 2022-04-09T00:00:00+00:00
[2022-06-19 21:32:51,705] {standard_task_runner.py:54} INFO - Started process 9711 to run task
[2022-06-19 21:32:51,746] {standard_task_runner.py:77} INFO - Running: ['airflow', 'run', 'football_dag', 'who_scored', '2022-04-09T00:00:00+00:00', '--job_id', '37', '--pool', 'default_pool', '--raw', '-sd', 'DAGS_FOLDER/football_dag.py', '--cfg_path', '/tmp/tmpwjzg5m7q']
[2022-06-19 21:32:51,747] {standard_task_runner.py:78} INFO - Job 37: Subtask who_scored
[2022-06-19 21:32:52,470] {logging_mixin.py:112} INFO - Running <TaskInstance: football_dag.who_scored 2022-04-09T00:00:00+00:00 [running]> on host lucas-AB350M-DS3H-V2
[2022-06-19 21:32:52,478] {logging_mixin.py:112} INFO - 
[2022-06-19 21:32:52,479] {logger.py:16} INFO - ====== WebDriver manager ======
[2022-06-19 21:32:52,511] {logger.py:16} INFO - Current google-chrome version is 102.0.5005
[2022-06-19 21:32:52,511] {logger.py:16} INFO - Get LATEST chromedriver version for 102.0.5005 google-chrome
[2022-06-19 21:32:52,623] {logger.py:16} INFO - Driver [/home/lucas/.wdm/drivers/chromedriver/linux64/102.0.5005.61/chromedriver] found in cache
[2022-06-19 21:33:08,709] {taskinstance.py:1057} INFO - Marking task as SUCCESS.dag_id=football_dag, task_id=who_scored, execution_date=20220409T000000, start_date=20220620T003251, end_date=20220620T003308
[2022-06-19 21:33:11,336] {local_task_job.py:102} INFO - Task exited with return code 0
[2022-06-19 21:43:42,455] {taskinstance.py:670} INFO - Dependencies all met for <TaskInstance: football_dag.who_scored 2022-04-09T00:00:00+00:00 [queued]>
[2022-06-19 21:43:42,460] {taskinstance.py:670} INFO - Dependencies all met for <TaskInstance: football_dag.who_scored 2022-04-09T00:00:00+00:00 [queued]>
[2022-06-19 21:43:42,460] {taskinstance.py:880} INFO - 
--------------------------------------------------------------------------------
[2022-06-19 21:43:42,460] {taskinstance.py:881} INFO - Starting attempt 1 of 1
[2022-06-19 21:43:42,460] {taskinstance.py:882} INFO - 
--------------------------------------------------------------------------------
[2022-06-19 21:43:42,647] {taskinstance.py:901} INFO - Executing <Task(WhoScoredOperator): who_scored> on 2022-04-09T00:00:00+00:00
[2022-06-19 21:43:42,649] {standard_task_runner.py:54} INFO - Started process 13583 to run task
[2022-06-19 21:43:42,686] {standard_task_runner.py:77} INFO - Running: ['airflow', 'run', 'football_dag', 'who_scored', '2022-04-09T00:00:00+00:00', '--job_id', '42', '--pool', 'default_pool', '--raw', '-sd', 'DAGS_FOLDER/football_dag.py', '--cfg_path', '/tmp/tmphuekqjo5']
[2022-06-19 21:43:42,687] {standard_task_runner.py:78} INFO - Job 42: Subtask who_scored
[2022-06-19 21:43:42,867] {logging_mixin.py:112} INFO - Running <TaskInstance: football_dag.who_scored 2022-04-09T00:00:00+00:00 [running]> on host lucas-AB350M-DS3H-V2
[2022-06-19 21:43:42,876] {logging_mixin.py:112} INFO - 
[2022-06-19 21:43:42,876] {logger.py:16} INFO - ====== WebDriver manager ======
[2022-06-19 21:43:42,910] {logger.py:16} INFO - Current google-chrome version is 102.0.5005
[2022-06-19 21:43:42,910] {logger.py:16} INFO - Get LATEST chromedriver version for 102.0.5005 google-chrome
[2022-06-19 21:43:43,023] {logger.py:16} INFO - Driver [/home/lucas/.wdm/drivers/chromedriver/linux64/102.0.5005.61/chromedriver] found in cache
[2022-06-19 21:44:01,341] {taskinstance.py:1057} INFO - Marking task as SUCCESS.dag_id=football_dag, task_id=who_scored, execution_date=20220409T000000, start_date=20220620T004342, end_date=20220620T004401
[2022-06-19 21:44:02,294] {local_task_job.py:102} INFO - Task exited with return code 0
[2022-06-19 21:49:14,109] {taskinstance.py:670} INFO - Dependencies all met for <TaskInstance: football_dag.who_scored 2022-04-09T00:00:00+00:00 [queued]>
[2022-06-19 21:49:14,114] {taskinstance.py:670} INFO - Dependencies all met for <TaskInstance: football_dag.who_scored 2022-04-09T00:00:00+00:00 [queued]>
[2022-06-19 21:49:14,114] {taskinstance.py:880} INFO - 
--------------------------------------------------------------------------------
[2022-06-19 21:49:14,114] {taskinstance.py:881} INFO - Starting attempt 1 of 1
[2022-06-19 21:49:14,114] {taskinstance.py:882} INFO - 
--------------------------------------------------------------------------------
[2022-06-19 21:49:14,305] {taskinstance.py:901} INFO - Executing <Task(WhoScoredOperator): who_scored> on 2022-04-09T00:00:00+00:00
[2022-06-19 21:49:14,306] {standard_task_runner.py:54} INFO - Started process 15040 to run task
[2022-06-19 21:49:14,343] {standard_task_runner.py:77} INFO - Running: ['airflow', 'run', 'football_dag', 'who_scored', '2022-04-09T00:00:00+00:00', '--job_id', '42', '--pool', 'default_pool', '--raw', '-sd', 'DAGS_FOLDER/football_dag.py', '--cfg_path', '/tmp/tmp2vzkfh7i']
[2022-06-19 21:49:14,343] {standard_task_runner.py:78} INFO - Job 42: Subtask who_scored
[2022-06-19 21:49:14,522] {logging_mixin.py:112} INFO - Running <TaskInstance: football_dag.who_scored 2022-04-09T00:00:00+00:00 [running]> on host lucas-AB350M-DS3H-V2
[2022-06-19 21:49:14,530] {logging_mixin.py:112} INFO - 
[2022-06-19 21:49:14,530] {logger.py:16} INFO - ====== WebDriver manager ======
[2022-06-19 21:49:14,557] {logger.py:16} INFO - Current google-chrome version is 102.0.5005
[2022-06-19 21:49:14,557] {logger.py:16} INFO - Get LATEST chromedriver version for 102.0.5005 google-chrome
[2022-06-19 21:49:14,675] {logger.py:16} INFO - Driver [/home/lucas/.wdm/drivers/chromedriver/linux64/102.0.5005.61/chromedriver] found in cache
[2022-06-19 21:49:31,615] {taskinstance.py:1057} INFO - Marking task as SUCCESS.dag_id=football_dag, task_id=who_scored, execution_date=20220409T000000, start_date=20220620T004914, end_date=20220620T004931
[2022-06-19 21:49:33,910] {local_task_job.py:102} INFO - Task exited with return code 0
[2022-06-20 13:36:00,526] {taskinstance.py:670} INFO - Dependencies all met for <TaskInstance: football_dag.who_scored 2022-04-09T00:00:00+00:00 [queued]>
[2022-06-20 13:36:00,558] {taskinstance.py:670} INFO - Dependencies all met for <TaskInstance: football_dag.who_scored 2022-04-09T00:00:00+00:00 [queued]>
[2022-06-20 13:36:00,558] {taskinstance.py:880} INFO - 
--------------------------------------------------------------------------------
[2022-06-20 13:36:00,558] {taskinstance.py:881} INFO - Starting attempt 1 of 1
[2022-06-20 13:36:00,558] {taskinstance.py:882} INFO - 
--------------------------------------------------------------------------------
[2022-06-20 13:36:00,743] {taskinstance.py:901} INFO - Executing <Task(WhoScoredOperator): who_scored> on 2022-04-09T00:00:00+00:00
[2022-06-20 13:36:00,744] {standard_task_runner.py:54} INFO - Started process 5658 to run task
[2022-06-20 13:36:00,781] {standard_task_runner.py:77} INFO - Running: ['airflow', 'run', 'football_dag', 'who_scored', '2022-04-09T00:00:00+00:00', '--job_id', '57', '--pool', 'default_pool', '--raw', '-sd', 'DAGS_FOLDER/football_dag.py', '--cfg_path', '/tmp/tmp0lf7gq6g']
[2022-06-20 13:36:00,782] {standard_task_runner.py:78} INFO - Job 57: Subtask who_scored
[2022-06-20 13:36:01,141] {logging_mixin.py:112} INFO - Running <TaskInstance: football_dag.who_scored 2022-04-09T00:00:00+00:00 [running]> on host lucas-AB350M-DS3H-V2
[2022-06-20 13:36:01,149] {logging_mixin.py:112} INFO - 
[2022-06-20 13:36:01,149] {logger.py:16} INFO - ====== WebDriver manager ======
[2022-06-20 13:36:01,182] {logger.py:16} INFO - Current google-chrome version is 102.0.5005
[2022-06-20 13:36:01,182] {logger.py:16} INFO - Get LATEST chromedriver version for 102.0.5005 google-chrome
[2022-06-20 13:36:01,354] {logger.py:16} INFO - Driver [/home/lucas/.wdm/drivers/chromedriver/linux64/102.0.5005.61/chromedriver] found in cache
[2022-06-20 13:36:17,498] {taskinstance.py:1057} INFO - Marking task as SUCCESS.dag_id=football_dag, task_id=who_scored, execution_date=20220409T000000, start_date=20220620T163600, end_date=20220620T163617
[2022-06-20 13:36:20,400] {local_task_job.py:102} INFO - Task exited with return code 0
[2022-06-20 15:16:46,655] {taskinstance.py:670} INFO - Dependencies all met for <TaskInstance: football_dag.who_scored 2022-04-09T00:00:00+00:00 [queued]>
[2022-06-20 15:16:46,660] {taskinstance.py:670} INFO - Dependencies all met for <TaskInstance: football_dag.who_scored 2022-04-09T00:00:00+00:00 [queued]>
[2022-06-20 15:16:46,660] {taskinstance.py:880} INFO - 
--------------------------------------------------------------------------------
[2022-06-20 15:16:46,660] {taskinstance.py:881} INFO - Starting attempt 1 of 1
[2022-06-20 15:16:46,660] {taskinstance.py:882} INFO - 
--------------------------------------------------------------------------------
[2022-06-20 15:16:46,850] {taskinstance.py:901} INFO - Executing <Task(WhoScoredOperator): who_scored> on 2022-04-09T00:00:00+00:00
[2022-06-20 15:16:46,852] {standard_task_runner.py:54} INFO - Started process 26320 to run task
[2022-06-20 15:16:46,889] {standard_task_runner.py:77} INFO - Running: ['airflow', 'run', 'football_dag', 'who_scored', '2022-04-09T00:00:00+00:00', '--job_id', '52', '--pool', 'default_pool', '--raw', '-sd', 'DAGS_FOLDER/football_dag.py', '--cfg_path', '/tmp/tmp24qsoi9z']
[2022-06-20 15:16:46,889] {standard_task_runner.py:78} INFO - Job 52: Subtask who_scored
[2022-06-20 15:16:47,071] {logging_mixin.py:112} INFO - Running <TaskInstance: football_dag.who_scored 2022-04-09T00:00:00+00:00 [running]> on host lucas-AB350M-DS3H-V2
[2022-06-20 15:16:47,079] {logging_mixin.py:112} INFO - 
[2022-06-20 15:16:47,079] {logger.py:16} INFO - ====== WebDriver manager ======
[2022-06-20 15:16:47,112] {logger.py:16} INFO - Current google-chrome version is 102.0.5005
[2022-06-20 15:16:47,113] {logger.py:16} INFO - Get LATEST chromedriver version for 102.0.5005 google-chrome
[2022-06-20 15:16:47,224] {logger.py:16} INFO - Driver [/home/lucas/.wdm/drivers/chromedriver/linux64/102.0.5005.61/chromedriver] found in cache
[2022-06-20 15:17:08,229] {taskinstance.py:1057} INFO - Marking task as SUCCESS.dag_id=football_dag, task_id=who_scored, execution_date=20220409T000000, start_date=20220620T181646, end_date=20220620T181708
[2022-06-20 15:17:11,524] {local_task_job.py:102} INFO - Task exited with return code 0
[2022-06-20 19:39:52,615] {taskinstance.py:670} INFO - Dependencies all met for <TaskInstance: football_dag.who_scored 2022-04-09T00:00:00+00:00 [queued]>
[2022-06-20 19:39:52,620] {taskinstance.py:670} INFO - Dependencies all met for <TaskInstance: football_dag.who_scored 2022-04-09T00:00:00+00:00 [queued]>
[2022-06-20 19:39:52,620] {taskinstance.py:880} INFO - 
--------------------------------------------------------------------------------
[2022-06-20 19:39:52,620] {taskinstance.py:881} INFO - Starting attempt 1 of 1
[2022-06-20 19:39:52,620] {taskinstance.py:882} INFO - 
--------------------------------------------------------------------------------
[2022-06-20 19:39:52,900] {taskinstance.py:901} INFO - Executing <Task(WhoScoredOperator): who_scored> on 2022-04-09T00:00:00+00:00
[2022-06-20 19:39:52,901] {standard_task_runner.py:54} INFO - Started process 53853 to run task
[2022-06-20 19:39:52,939] {standard_task_runner.py:77} INFO - Running: ['airflow', 'run', 'football_dag', 'who_scored', '2022-04-09T00:00:00+00:00', '--job_id', '99', '--pool', 'default_pool', '--raw', '-sd', 'DAGS_FOLDER/football_dag.py', '--cfg_path', '/tmp/tmpck6jbeqw']
[2022-06-20 19:39:52,939] {standard_task_runner.py:78} INFO - Job 99: Subtask who_scored
[2022-06-20 19:39:53,124] {logging_mixin.py:112} INFO - Running <TaskInstance: football_dag.who_scored 2022-04-09T00:00:00+00:00 [running]> on host lucas-AB350M-DS3H-V2
[2022-06-20 19:39:53,132] {logging_mixin.py:112} INFO - 
[2022-06-20 19:39:53,132] {logger.py:16} INFO - ====== WebDriver manager ======
[2022-06-20 19:39:53,164] {logger.py:16} INFO - Current google-chrome version is 102.0.5005
[2022-06-20 19:39:53,165] {logger.py:16} INFO - Get LATEST chromedriver version for 102.0.5005 google-chrome
[2022-06-20 19:39:53,278] {logger.py:16} INFO - Driver [/home/lucas/.wdm/drivers/chromedriver/linux64/102.0.5005.61/chromedriver] found in cache
[2022-06-20 19:40:09,522] {taskinstance.py:1057} INFO - Marking task as SUCCESS.dag_id=football_dag, task_id=who_scored, execution_date=20220409T000000, start_date=20220620T223952, end_date=20220620T224009
[2022-06-20 19:40:12,422] {local_task_job.py:102} INFO - Task exited with return code 0
[2022-06-20 22:20:43,816] {taskinstance.py:670} INFO - Dependencies all met for <TaskInstance: football_dag.who_scored 2022-04-09T00:00:00+00:00 [queued]>
[2022-06-20 22:20:43,822] {taskinstance.py:670} INFO - Dependencies all met for <TaskInstance: football_dag.who_scored 2022-04-09T00:00:00+00:00 [queued]>
[2022-06-20 22:20:43,822] {taskinstance.py:880} INFO - 
--------------------------------------------------------------------------------
[2022-06-20 22:20:43,822] {taskinstance.py:881} INFO - Starting attempt 1 of 1
[2022-06-20 22:20:43,822] {taskinstance.py:882} INFO - 
--------------------------------------------------------------------------------
[2022-06-20 22:20:44,101] {taskinstance.py:901} INFO - Executing <Task(WhoScoredOperator): who_scored> on 2022-04-09T00:00:00+00:00
[2022-06-20 22:20:44,103] {standard_task_runner.py:54} INFO - Started process 70477 to run task
[2022-06-20 22:20:44,140] {standard_task_runner.py:77} INFO - Running: ['airflow', 'run', 'football_dag', 'who_scored', '2022-04-09T00:00:00+00:00', '--job_id', '99', '--pool', 'default_pool', '--raw', '-sd', 'DAGS_FOLDER/football_dag.py', '--cfg_path', '/tmp/tmp7g696y1b']
[2022-06-20 22:20:44,140] {standard_task_runner.py:78} INFO - Job 99: Subtask who_scored
[2022-06-20 22:20:44,292] {logging_mixin.py:112} INFO - Running <TaskInstance: football_dag.who_scored 2022-04-09T00:00:00+00:00 [running]> on host lucas-AB350M-DS3H-V2
[2022-06-20 22:20:44,301] {logging_mixin.py:112} INFO - 
[2022-06-20 22:20:44,301] {logger.py:16} INFO - ====== WebDriver manager ======
[2022-06-20 22:20:44,333] {logger.py:16} INFO - Current google-chrome version is 102.0.5005
[2022-06-20 22:20:44,333] {logger.py:16} INFO - Get LATEST chromedriver version for 102.0.5005 google-chrome
[2022-06-20 22:20:44,450] {logger.py:16} INFO - Driver [/home/lucas/.wdm/drivers/chromedriver/linux64/102.0.5005.61/chromedriver] found in cache
[2022-06-20 22:21:00,564] {taskinstance.py:1057} INFO - Marking task as SUCCESS.dag_id=football_dag, task_id=who_scored, execution_date=20220409T000000, start_date=20220621T012043, end_date=20220621T012100
[2022-06-20 22:21:03,638] {local_task_job.py:102} INFO - Task exited with return code 0
