[2022-06-20 14:13:06,863] {taskinstance.py:670} INFO - Dependencies all met for <TaskInstance: football_dag.who_scored 2022-04-28T00:00:00+00:00 [queued]>
[2022-06-20 14:13:06,868] {taskinstance.py:670} INFO - Dependencies all met for <TaskInstance: football_dag.who_scored 2022-04-28T00:00:00+00:00 [queued]>
[2022-06-20 14:13:06,869] {taskinstance.py:880} INFO - 
--------------------------------------------------------------------------------
[2022-06-20 14:13:06,869] {taskinstance.py:881} INFO - Starting attempt 1 of 1
[2022-06-20 14:13:06,869] {taskinstance.py:882} INFO - 
--------------------------------------------------------------------------------
[2022-06-20 14:13:07,198] {taskinstance.py:901} INFO - Executing <Task(WhoScoredOperator): who_scored> on 2022-04-28T00:00:00+00:00
[2022-06-20 14:13:07,199] {standard_task_runner.py:54} INFO - Started process 16962 to run task
[2022-06-20 14:13:07,236] {standard_task_runner.py:77} INFO - Running: ['airflow', 'run', 'football_dag', 'who_scored', '2022-04-28T00:00:00+00:00', '--job_id', '111', '--pool', 'default_pool', '--raw', '-sd', 'DAGS_FOLDER/football_dag.py', '--cfg_path', '/tmp/tmplyuk06fq']
[2022-06-20 14:13:07,237] {standard_task_runner.py:78} INFO - Job 111: Subtask who_scored
[2022-06-20 14:13:07,516] {logging_mixin.py:112} INFO - Running <TaskInstance: football_dag.who_scored 2022-04-28T00:00:00+00:00 [running]> on host lucas-AB350M-DS3H-V2
[2022-06-20 14:13:07,525] {logging_mixin.py:112} INFO - 
[2022-06-20 14:13:07,525] {logger.py:16} INFO - ====== WebDriver manager ======
[2022-06-20 14:13:07,550] {logger.py:16} INFO - Current google-chrome version is 102.0.5005
[2022-06-20 14:13:07,550] {logger.py:16} INFO - Get LATEST chromedriver version for 102.0.5005 google-chrome
[2022-06-20 14:13:07,659] {logger.py:16} INFO - Driver [/home/lucas/.wdm/drivers/chromedriver/linux64/102.0.5005.61/chromedriver] found in cache
[2022-06-20 14:13:24,297] {taskinstance.py:1057} INFO - Marking task as SUCCESS.dag_id=football_dag, task_id=who_scored, execution_date=20220428T000000, start_date=20220620T171306, end_date=20220620T171324
[2022-06-20 14:13:26,548] {local_task_job.py:102} INFO - Task exited with return code 0
[2022-06-20 16:38:07,957] {taskinstance.py:670} INFO - Dependencies all met for <TaskInstance: football_dag.who_scored 2022-04-28T00:00:00+00:00 [queued]>
[2022-06-20 16:38:07,973] {taskinstance.py:670} INFO - Dependencies all met for <TaskInstance: football_dag.who_scored 2022-04-28T00:00:00+00:00 [queued]>
[2022-06-20 16:38:07,973] {taskinstance.py:880} INFO - 
--------------------------------------------------------------------------------
[2022-06-20 16:38:07,973] {taskinstance.py:881} INFO - Starting attempt 1 of 1
[2022-06-20 16:38:07,973] {taskinstance.py:882} INFO - 
--------------------------------------------------------------------------------
[2022-06-20 16:38:08,150] {taskinstance.py:901} INFO - Executing <Task(WhoScoredOperator): who_scored> on 2022-04-28T00:00:00+00:00
[2022-06-20 16:38:08,151] {standard_task_runner.py:54} INFO - Started process 10417 to run task
[2022-06-20 16:38:08,189] {standard_task_runner.py:77} INFO - Running: ['airflow', 'run', 'football_dag', 'who_scored', '2022-04-28T00:00:00+00:00', '--job_id', '110', '--pool', 'default_pool', '--raw', '-sd', 'DAGS_FOLDER/football_dag.py', '--cfg_path', '/tmp/tmph6lv5xez']
[2022-06-20 16:38:08,190] {standard_task_runner.py:78} INFO - Job 110: Subtask who_scored
[2022-06-20 16:38:08,359] {logging_mixin.py:112} INFO - Running <TaskInstance: football_dag.who_scored 2022-04-28T00:00:00+00:00 [running]> on host lucas-AB350M-DS3H-V2
[2022-06-20 16:38:08,367] {logging_mixin.py:112} INFO - 
[2022-06-20 16:38:08,367] {logger.py:16} INFO - ====== WebDriver manager ======
[2022-06-20 16:38:08,400] {logger.py:16} INFO - Current google-chrome version is 102.0.5005
[2022-06-20 16:38:08,400] {logger.py:16} INFO - Get LATEST chromedriver version for 102.0.5005 google-chrome
[2022-06-20 16:38:08,521] {logger.py:16} INFO - Driver [/home/lucas/.wdm/drivers/chromedriver/linux64/102.0.5005.61/chromedriver] found in cache
[2022-06-20 16:38:23,916] {taskinstance.py:1057} INFO - Marking task as SUCCESS.dag_id=football_dag, task_id=who_scored, execution_date=20220428T000000, start_date=20220620T193807, end_date=20220620T193823
[2022-06-20 16:38:27,841] {local_task_job.py:102} INFO - Task exited with return code 0
