[2022-06-20 13:45:01,826] {taskinstance.py:670} INFO - Dependencies all met for <TaskInstance: football_dag.odds_portal 2022-04-15T00:00:00+00:00 [queued]>
[2022-06-20 13:45:01,831] {taskinstance.py:670} INFO - Dependencies all met for <TaskInstance: football_dag.odds_portal 2022-04-15T00:00:00+00:00 [queued]>
[2022-06-20 13:45:01,831] {taskinstance.py:880} INFO - 
--------------------------------------------------------------------------------
[2022-06-20 13:45:01,831] {taskinstance.py:881} INFO - Starting attempt 1 of 1
[2022-06-20 13:45:01,831] {taskinstance.py:882} INFO - 
--------------------------------------------------------------------------------
[2022-06-20 13:45:02,010] {taskinstance.py:901} INFO - Executing <Task(OddsPortalOperator): odds_portal> on 2022-04-15T00:00:00+00:00
[2022-06-20 13:45:02,011] {standard_task_runner.py:54} INFO - Started process 8265 to run task
[2022-06-20 13:45:02,049] {standard_task_runner.py:77} INFO - Running: ['airflow', 'run', 'football_dag', 'odds_portal', '2022-04-15T00:00:00+00:00', '--job_id', '71', '--pool', 'default_pool', '--raw', '-sd', 'DAGS_FOLDER/football_dag.py', '--cfg_path', '/tmp/tmp34tzf6v9']
[2022-06-20 13:45:02,049] {standard_task_runner.py:78} INFO - Job 71: Subtask odds_portal
[2022-06-20 13:45:02,345] {logging_mixin.py:112} INFO - Running <TaskInstance: football_dag.odds_portal 2022-04-15T00:00:00+00:00 [running]> on host lucas-AB350M-DS3H-V2
[2022-06-20 13:45:02,353] {logging_mixin.py:112} INFO - 
[2022-06-20 13:45:02,353] {logger.py:16} INFO - ====== WebDriver manager ======
[2022-06-20 13:45:02,386] {logger.py:16} INFO - Current google-chrome version is 102.0.5005
[2022-06-20 13:45:02,386] {logger.py:16} INFO - Get LATEST chromedriver version for 102.0.5005 google-chrome
[2022-06-20 13:45:02,489] {logger.py:16} INFO - Driver [/home/lucas/.wdm/drivers/chromedriver/linux64/102.0.5005.61/chromedriver] found in cache
[2022-06-20 13:45:21,283] {taskinstance.py:1057} INFO - Marking task as SUCCESS.dag_id=football_dag, task_id=odds_portal, execution_date=20220415T000000, start_date=20220620T164501, end_date=20220620T164521
[2022-06-20 13:45:21,700] {local_task_job.py:102} INFO - Task exited with return code 0
[2022-06-20 15:29:18,672] {taskinstance.py:670} INFO - Dependencies all met for <TaskInstance: football_dag.odds_portal 2022-04-15T00:00:00+00:00 [queued]>
[2022-06-20 15:29:18,677] {taskinstance.py:670} INFO - Dependencies all met for <TaskInstance: football_dag.odds_portal 2022-04-15T00:00:00+00:00 [queued]>
[2022-06-20 15:29:18,677] {taskinstance.py:880} INFO - 
--------------------------------------------------------------------------------
[2022-06-20 15:29:18,677] {taskinstance.py:881} INFO - Starting attempt 1 of 1
[2022-06-20 15:29:18,677] {taskinstance.py:882} INFO - 
--------------------------------------------------------------------------------
[2022-06-20 15:29:18,848] {taskinstance.py:901} INFO - Executing <Task(OddsPortalOperator): odds_portal> on 2022-04-15T00:00:00+00:00
[2022-06-20 15:29:18,849] {standard_task_runner.py:54} INFO - Started process 30131 to run task
[2022-06-20 15:29:18,886] {standard_task_runner.py:77} INFO - Running: ['airflow', 'run', 'football_dag', 'odds_portal', '2022-04-15T00:00:00+00:00', '--job_id', '69', '--pool', 'default_pool', '--raw', '-sd', 'DAGS_FOLDER/football_dag.py', '--cfg_path', '/tmp/tmpzsu89bs5']
[2022-06-20 15:29:18,886] {standard_task_runner.py:78} INFO - Job 69: Subtask odds_portal
[2022-06-20 15:29:19,030] {logging_mixin.py:112} INFO - Running <TaskInstance: football_dag.odds_portal 2022-04-15T00:00:00+00:00 [running]> on host lucas-AB350M-DS3H-V2
[2022-06-20 15:29:19,039] {logging_mixin.py:112} INFO - 
[2022-06-20 15:29:19,039] {logger.py:16} INFO - ====== WebDriver manager ======
[2022-06-20 15:29:19,073] {logger.py:16} INFO - Current google-chrome version is 102.0.5005
[2022-06-20 15:29:19,074] {logger.py:16} INFO - Get LATEST chromedriver version for 102.0.5005 google-chrome
[2022-06-20 15:29:19,253] {logger.py:16} INFO - Driver [/home/lucas/.wdm/drivers/chromedriver/linux64/102.0.5005.61/chromedriver] found in cache
[2022-06-20 15:29:57,190] {logging_mixin.py:112} INFO - []
[2022-06-20 15:29:57,245] {taskinstance.py:1057} INFO - Marking task as SUCCESS.dag_id=football_dag, task_id=odds_portal, execution_date=20220415T000000, start_date=20220620T182918, end_date=20220620T182957
[2022-06-20 15:29:58,550] {local_task_job.py:102} INFO - Task exited with return code 0
