[2022-06-20 13:54:17,156] {taskinstance.py:670} INFO - Dependencies all met for <TaskInstance: football_dag.api_football 2022-04-19T00:00:00+00:00 [queued]>
[2022-06-20 13:54:17,161] {taskinstance.py:670} INFO - Dependencies all met for <TaskInstance: football_dag.api_football 2022-04-19T00:00:00+00:00 [queued]>
[2022-06-20 13:54:17,161] {taskinstance.py:880} INFO - 
--------------------------------------------------------------------------------
[2022-06-20 13:54:17,161] {taskinstance.py:881} INFO - Starting attempt 1 of 1
[2022-06-20 13:54:17,161] {taskinstance.py:882} INFO - 
--------------------------------------------------------------------------------
[2022-06-20 13:54:17,348] {taskinstance.py:901} INFO - Executing <Task(ApiFootballOperator): api_football> on 2022-04-19T00:00:00+00:00
[2022-06-20 13:54:17,350] {standard_task_runner.py:54} INFO - Started process 10787 to run task
[2022-06-20 13:54:17,387] {standard_task_runner.py:77} INFO - Running: ['airflow', 'run', 'football_dag', 'api_football', '2022-04-19T00:00:00+00:00', '--job_id', '82', '--pool', 'default_pool', '--raw', '-sd', 'DAGS_FOLDER/football_dag.py', '--cfg_path', '/tmp/tmpr2mg76bq']
[2022-06-20 13:54:17,388] {standard_task_runner.py:78} INFO - Job 82: Subtask api_football
[2022-06-20 13:54:17,546] {logging_mixin.py:112} INFO - Running <TaskInstance: football_dag.api_football 2022-04-19T00:00:00+00:00 [running]> on host lucas-AB350M-DS3H-V2
[2022-06-20 13:54:17,557] {base_hook.py:89} INFO - Using connection to: id: api_football_default. Host: https://api-football-v1.p.rapidapi.com/v3, Port: None, Schema: None, Login: None, Password: None, extra: XXXXXXXX
[2022-06-20 13:54:17,558] {api_football_hook.py:36} INFO - URL: https://api-football-v1.p.rapidapi.com/v3/fixtures?season=2022&from=2022-04-01&to=2022-06-15&league=71&timezone=America%2FSao_Paulo
[2022-06-20 13:54:17,617] {logging_mixin.py:112} WARNING - /home/lucas/pipeline-data/.env/lib/python3.9/site-packages/urllib3/connectionpool.py:981: InsecureRequestWarning: Unverified HTTPS request is being made to host 'api-football-v1.p.rapidapi.com'. Adding certificate verification is strongly advised. See: https://urllib3.readthedocs.io/en/latest/advanced-usage.html#ssl-warnings
  warnings.warn(
[2022-06-20 13:54:18,566] {taskinstance.py:1057} INFO - Marking task as SUCCESS.dag_id=football_dag, task_id=api_football, execution_date=20220419T000000, start_date=20220620T165417, end_date=20220620T165418
[2022-06-20 13:54:21,833] {local_task_job.py:102} INFO - Task exited with return code 0
[2022-06-20 15:40:25,976] {taskinstance.py:670} INFO - Dependencies all met for <TaskInstance: football_dag.api_football 2022-04-19T00:00:00+00:00 [queued]>
[2022-06-20 15:40:25,983] {taskinstance.py:670} INFO - Dependencies all met for <TaskInstance: football_dag.api_football 2022-04-19T00:00:00+00:00 [queued]>
[2022-06-20 15:40:25,983] {taskinstance.py:880} INFO - 
--------------------------------------------------------------------------------
[2022-06-20 15:40:25,983] {taskinstance.py:881} INFO - Starting attempt 1 of 1
[2022-06-20 15:40:25,983] {taskinstance.py:882} INFO - 
--------------------------------------------------------------------------------
[2022-06-20 15:40:26,184] {taskinstance.py:901} INFO - Executing <Task(ApiFootballOperator): api_football> on 2022-04-19T00:00:00+00:00
[2022-06-20 15:40:26,185] {standard_task_runner.py:54} INFO - Started process 33220 to run task
[2022-06-20 15:40:26,225] {standard_task_runner.py:77} INFO - Running: ['airflow', 'run', 'football_dag', 'api_football', '2022-04-19T00:00:00+00:00', '--job_id', '80', '--pool', 'default_pool', '--raw', '-sd', 'DAGS_FOLDER/football_dag.py', '--cfg_path', '/tmp/tmpv2q4hr5z']
[2022-06-20 15:40:26,225] {standard_task_runner.py:78} INFO - Job 80: Subtask api_football
[2022-06-20 15:40:26,349] {logging_mixin.py:112} INFO - Running <TaskInstance: football_dag.api_football 2022-04-19T00:00:00+00:00 [running]> on host lucas-AB350M-DS3H-V2
[2022-06-20 15:40:26,361] {base_hook.py:89} INFO - Using connection to: id: api_football_default. Host: https://api-football-v1.p.rapidapi.com/v3, Port: None, Schema: None, Login: None, Password: None, extra: XXXXXXXX
[2022-06-20 15:40:26,362] {api_football_hook.py:34} INFO - URL: https://api-football-v1.p.rapidapi.com/v3/fixtures?season=2022&from=2022-04-18&to=2022-04-18&league=71&timezone=America%2FSao_Paulo
[2022-06-20 15:40:26,414] {logging_mixin.py:112} WARNING - /home/lucas/pipeline-data/.env/lib/python3.9/site-packages/urllib3/connectionpool.py:981: InsecureRequestWarning: Unverified HTTPS request is being made to host 'api-football-v1.p.rapidapi.com'. Adding certificate verification is strongly advised. See: https://urllib3.readthedocs.io/en/latest/advanced-usage.html#ssl-warnings
  warnings.warn(
[2022-06-20 15:40:27,293] {taskinstance.py:1057} INFO - Marking task as SUCCESS.dag_id=football_dag, task_id=api_football, execution_date=20220419T000000, start_date=20220620T184025, end_date=20220620T184027
[2022-06-20 15:40:30,789] {local_task_job.py:102} INFO - Task exited with return code 0
