[2022-06-20 13:56:30,489] {taskinstance.py:670} INFO - Dependencies all met for <TaskInstance: football_dag.who_scored 2022-04-20T00:00:00+00:00 [queued]>
[2022-06-20 13:56:30,494] {taskinstance.py:670} INFO - Dependencies all met for <TaskInstance: football_dag.who_scored 2022-04-20T00:00:00+00:00 [queued]>
[2022-06-20 13:56:30,494] {taskinstance.py:880} INFO - 
--------------------------------------------------------------------------------
[2022-06-20 13:56:30,494] {taskinstance.py:881} INFO - Starting attempt 1 of 1
[2022-06-20 13:56:30,494] {taskinstance.py:882} INFO - 
--------------------------------------------------------------------------------
[2022-06-20 13:56:30,692] {taskinstance.py:901} INFO - Executing <Task(WhoScoredOperator): who_scored> on 2022-04-20T00:00:00+00:00
[2022-06-20 13:56:30,694] {standard_task_runner.py:54} INFO - Started process 11616 to run task
[2022-06-20 13:56:30,736] {standard_task_runner.py:77} INFO - Running: ['airflow', 'run', 'football_dag', 'who_scored', '2022-04-20T00:00:00+00:00', '--job_id', '87', '--pool', 'default_pool', '--raw', '-sd', 'DAGS_FOLDER/football_dag.py', '--cfg_path', '/tmp/tmpwt_ybiq1']
[2022-06-20 13:56:30,736] {standard_task_runner.py:78} INFO - Job 87: Subtask who_scored
[2022-06-20 13:56:30,868] {logging_mixin.py:112} INFO - Running <TaskInstance: football_dag.who_scored 2022-04-20T00:00:00+00:00 [running]> on host lucas-AB350M-DS3H-V2
[2022-06-20 13:56:30,876] {logging_mixin.py:112} INFO - 
[2022-06-20 13:56:30,876] {logger.py:16} INFO - ====== WebDriver manager ======
[2022-06-20 13:56:30,909] {logger.py:16} INFO - Current google-chrome version is 102.0.5005
[2022-06-20 13:56:30,909] {logger.py:16} INFO - Get LATEST chromedriver version for 102.0.5005 google-chrome
[2022-06-20 13:56:31,016] {logger.py:16} INFO - Driver [/home/lucas/.wdm/drivers/chromedriver/linux64/102.0.5005.61/chromedriver] found in cache
[2022-06-20 13:56:46,800] {taskinstance.py:1057} INFO - Marking task as SUCCESS.dag_id=football_dag, task_id=who_scored, execution_date=20220420T000000, start_date=20220620T165630, end_date=20220620T165646
[2022-06-20 13:56:50,396] {local_task_job.py:102} INFO - Task exited with return code 0
[2022-06-20 15:42:46,151] {taskinstance.py:670} INFO - Dependencies all met for <TaskInstance: football_dag.who_scored 2022-04-20T00:00:00+00:00 [queued]>
[2022-06-20 15:42:46,156] {taskinstance.py:670} INFO - Dependencies all met for <TaskInstance: football_dag.who_scored 2022-04-20T00:00:00+00:00 [queued]>
[2022-06-20 15:42:46,156] {taskinstance.py:880} INFO - 
--------------------------------------------------------------------------------
[2022-06-20 15:42:46,156] {taskinstance.py:881} INFO - Starting attempt 1 of 1
[2022-06-20 15:42:46,156] {taskinstance.py:882} INFO - 
--------------------------------------------------------------------------------
[2022-06-20 15:42:46,340] {taskinstance.py:901} INFO - Executing <Task(WhoScoredOperator): who_scored> on 2022-04-20T00:00:00+00:00
[2022-06-20 15:42:46,342] {standard_task_runner.py:54} INFO - Started process 34249 to run task
[2022-06-20 15:42:46,386] {standard_task_runner.py:77} INFO - Running: ['airflow', 'run', 'football_dag', 'who_scored', '2022-04-20T00:00:00+00:00', '--job_id', '85', '--pool', 'default_pool', '--raw', '-sd', 'DAGS_FOLDER/football_dag.py', '--cfg_path', '/tmp/tmpqj30djjl']
[2022-06-20 15:42:46,386] {standard_task_runner.py:78} INFO - Job 85: Subtask who_scored
[2022-06-20 15:42:46,624] {logging_mixin.py:112} INFO - Running <TaskInstance: football_dag.who_scored 2022-04-20T00:00:00+00:00 [running]> on host lucas-AB350M-DS3H-V2
[2022-06-20 15:42:46,633] {logging_mixin.py:112} INFO - 
[2022-06-20 15:42:46,633] {logger.py:16} INFO - ====== WebDriver manager ======
[2022-06-20 15:42:46,668] {logger.py:16} INFO - Current google-chrome version is 102.0.5005
[2022-06-20 15:42:46,669] {logger.py:16} INFO - Get LATEST chromedriver version for 102.0.5005 google-chrome
[2022-06-20 15:42:46,785] {logger.py:16} INFO - Driver [/home/lucas/.wdm/drivers/chromedriver/linux64/102.0.5005.61/chromedriver] found in cache
[2022-06-20 15:43:03,513] {taskinstance.py:1057} INFO - Marking task as SUCCESS.dag_id=football_dag, task_id=who_scored, execution_date=20220420T000000, start_date=20220620T184246, end_date=20220620T184303
[2022-06-20 15:43:05,993] {local_task_job.py:102} INFO - Task exited with return code 0
