[2022-06-20 14:08:52,195] {taskinstance.py:670} INFO - Dependencies all met for <TaskInstance: football_dag.api_football 2022-04-26T00:00:00+00:00 [queued]>
[2022-06-20 14:08:52,199] {taskinstance.py:670} INFO - Dependencies all met for <TaskInstance: football_dag.api_football 2022-04-26T00:00:00+00:00 [queued]>
[2022-06-20 14:08:52,199] {taskinstance.py:880} INFO - 
--------------------------------------------------------------------------------
[2022-06-20 14:08:52,199] {taskinstance.py:881} INFO - Starting attempt 1 of 1
[2022-06-20 14:08:52,199] {taskinstance.py:882} INFO - 
--------------------------------------------------------------------------------
[2022-06-20 14:08:52,450] {taskinstance.py:901} INFO - Executing <Task(ApiFootballOperator): api_football> on 2022-04-26T00:00:00+00:00
[2022-06-20 14:08:52,451] {standard_task_runner.py:54} INFO - Started process 15177 to run task
[2022-06-20 14:08:52,488] {standard_task_runner.py:77} INFO - Running: ['airflow', 'run', 'football_dag', 'api_football', '2022-04-26T00:00:00+00:00', '--job_id', '103', '--pool', 'default_pool', '--raw', '-sd', 'DAGS_FOLDER/football_dag.py', '--cfg_path', '/tmp/tmp47lupeag']
[2022-06-20 14:08:52,488] {standard_task_runner.py:78} INFO - Job 103: Subtask api_football
[2022-06-20 14:08:52,610] {logging_mixin.py:112} INFO - Running <TaskInstance: football_dag.api_football 2022-04-26T00:00:00+00:00 [running]> on host lucas-AB350M-DS3H-V2
[2022-06-20 14:08:52,621] {base_hook.py:89} INFO - Using connection to: id: api_football_default. Host: https://api-football-v1.p.rapidapi.com/v3, Port: None, Schema: None, Login: None, Password: None, extra: XXXXXXXX
[2022-06-20 14:08:52,622] {api_football_hook.py:36} INFO - URL: https://api-football-v1.p.rapidapi.com/v3/fixtures?season=2022&from=2022-04-01&to=2022-06-15&league=71&timezone=America%2FSao_Paulo
[2022-06-20 14:08:52,832] {logging_mixin.py:112} WARNING - /home/lucas/pipeline-data/.env/lib/python3.9/site-packages/urllib3/connectionpool.py:981: InsecureRequestWarning: Unverified HTTPS request is being made to host 'api-football-v1.p.rapidapi.com'. Adding certificate verification is strongly advised. See: https://urllib3.readthedocs.io/en/latest/advanced-usage.html#ssl-warnings
  warnings.warn(
[2022-06-20 14:08:53,704] {taskinstance.py:1057} INFO - Marking task as SUCCESS.dag_id=football_dag, task_id=api_football, execution_date=20220426T000000, start_date=20220620T170852, end_date=20220620T170853
[2022-06-20 14:08:57,042] {local_task_job.py:102} INFO - Task exited with return code 0
[2022-06-20 16:33:58,857] {taskinstance.py:670} INFO - Dependencies all met for <TaskInstance: football_dag.api_football 2022-04-26T00:00:00+00:00 [queued]>
[2022-06-20 16:33:58,882] {taskinstance.py:670} INFO - Dependencies all met for <TaskInstance: football_dag.api_football 2022-04-26T00:00:00+00:00 [queued]>
[2022-06-20 16:33:58,882] {taskinstance.py:880} INFO - 
--------------------------------------------------------------------------------
[2022-06-20 16:33:58,882] {taskinstance.py:881} INFO - Starting attempt 1 of 1
[2022-06-20 16:33:58,882] {taskinstance.py:882} INFO - 
--------------------------------------------------------------------------------
[2022-06-20 16:33:59,209] {taskinstance.py:901} INFO - Executing <Task(ApiFootballOperator): api_football> on 2022-04-26T00:00:00+00:00
[2022-06-20 16:33:59,211] {standard_task_runner.py:54} INFO - Started process 8929 to run task
[2022-06-20 16:33:59,248] {standard_task_runner.py:77} INFO - Running: ['airflow', 'run', 'football_dag', 'api_football', '2022-04-26T00:00:00+00:00', '--job_id', '102', '--pool', 'default_pool', '--raw', '-sd', 'DAGS_FOLDER/football_dag.py', '--cfg_path', '/tmp/tmpi7f5bvyd']
[2022-06-20 16:33:59,249] {standard_task_runner.py:78} INFO - Job 102: Subtask api_football
[2022-06-20 16:33:59,462] {logging_mixin.py:112} INFO - Running <TaskInstance: football_dag.api_football 2022-04-26T00:00:00+00:00 [running]> on host lucas-AB350M-DS3H-V2
[2022-06-20 16:33:59,473] {base_hook.py:89} INFO - Using connection to: id: api_football_default. Host: https://api-football-v1.p.rapidapi.com/v3, Port: None, Schema: None, Login: None, Password: None, extra: XXXXXXXX
[2022-06-20 16:33:59,474] {api_football_hook.py:34} INFO - URL: https://api-football-v1.p.rapidapi.com/v3/fixtures?season=2022&from=2022-04-25&to=2022-04-25&league=71&timezone=America%2FSao_Paulo
[2022-06-20 16:33:59,551] {logging_mixin.py:112} WARNING - /home/lucas/pipeline-data/.env/lib/python3.9/site-packages/urllib3/connectionpool.py:981: InsecureRequestWarning: Unverified HTTPS request is being made to host 'api-football-v1.p.rapidapi.com'. Adding certificate verification is strongly advised. See: https://urllib3.readthedocs.io/en/latest/advanced-usage.html#ssl-warnings
  warnings.warn(
[2022-06-20 16:34:00,496] {taskinstance.py:1057} INFO - Marking task as SUCCESS.dag_id=football_dag, task_id=api_football, execution_date=20220426T000000, start_date=20220620T193358, end_date=20220620T193400
[2022-06-20 16:34:03,700] {local_task_job.py:102} INFO - Task exited with return code 0
