[2022-06-20 14:09:19,721] {taskinstance.py:670} INFO - Dependencies all met for <TaskInstance: football_dag.who_scored 2022-04-26T00:00:00+00:00 [queued]>
[2022-06-20 14:09:19,726] {taskinstance.py:670} INFO - Dependencies all met for <TaskInstance: football_dag.who_scored 2022-04-26T00:00:00+00:00 [queued]>
[2022-06-20 14:09:19,726] {taskinstance.py:880} INFO - 
--------------------------------------------------------------------------------
[2022-06-20 14:09:19,726] {taskinstance.py:881} INFO - Starting attempt 1 of 1
[2022-06-20 14:09:19,726] {taskinstance.py:882} INFO - 
--------------------------------------------------------------------------------
[2022-06-20 14:09:19,877] {taskinstance.py:901} INFO - Executing <Task(WhoScoredOperator): who_scored> on 2022-04-26T00:00:00+00:00
[2022-06-20 14:09:19,879] {standard_task_runner.py:54} INFO - Started process 15450 to run task
[2022-06-20 14:09:19,916] {standard_task_runner.py:77} INFO - Running: ['airflow', 'run', 'football_dag', 'who_scored', '2022-04-26T00:00:00+00:00', '--job_id', '105', '--pool', 'default_pool', '--raw', '-sd', 'DAGS_FOLDER/football_dag.py', '--cfg_path', '/tmp/tmpar9fom78']
[2022-06-20 14:09:19,916] {standard_task_runner.py:78} INFO - Job 105: Subtask who_scored
[2022-06-20 14:09:20,099] {logging_mixin.py:112} INFO - Running <TaskInstance: football_dag.who_scored 2022-04-26T00:00:00+00:00 [running]> on host lucas-AB350M-DS3H-V2
[2022-06-20 14:09:20,107] {logging_mixin.py:112} INFO - 
[2022-06-20 14:09:20,107] {logger.py:16} INFO - ====== WebDriver manager ======
[2022-06-20 14:09:20,140] {logger.py:16} INFO - Current google-chrome version is 102.0.5005
[2022-06-20 14:09:20,140] {logger.py:16} INFO - Get LATEST chromedriver version for 102.0.5005 google-chrome
[2022-06-20 14:09:20,246] {logger.py:16} INFO - Driver [/home/lucas/.wdm/drivers/chromedriver/linux64/102.0.5005.61/chromedriver] found in cache
[2022-06-20 14:09:38,179] {taskinstance.py:1057} INFO - Marking task as SUCCESS.dag_id=football_dag, task_id=who_scored, execution_date=20220426T000000, start_date=20220620T170919, end_date=20220620T170938
[2022-06-20 14:09:39,498] {local_task_job.py:102} INFO - Task exited with return code 0
[2022-06-20 16:34:26,451] {taskinstance.py:670} INFO - Dependencies all met for <TaskInstance: football_dag.who_scored 2022-04-26T00:00:00+00:00 [queued]>
[2022-06-20 16:34:26,502] {taskinstance.py:670} INFO - Dependencies all met for <TaskInstance: football_dag.who_scored 2022-04-26T00:00:00+00:00 [queued]>
[2022-06-20 16:34:26,502] {taskinstance.py:880} INFO - 
--------------------------------------------------------------------------------
[2022-06-20 16:34:26,502] {taskinstance.py:881} INFO - Starting attempt 1 of 1
[2022-06-20 16:34:26,502] {taskinstance.py:882} INFO - 
--------------------------------------------------------------------------------
[2022-06-20 16:34:26,998] {taskinstance.py:901} INFO - Executing <Task(WhoScoredOperator): who_scored> on 2022-04-26T00:00:00+00:00
[2022-06-20 16:34:27,000] {standard_task_runner.py:54} INFO - Started process 9215 to run task
[2022-06-20 16:34:27,038] {standard_task_runner.py:77} INFO - Running: ['airflow', 'run', 'football_dag', 'who_scored', '2022-04-26T00:00:00+00:00', '--job_id', '104', '--pool', 'default_pool', '--raw', '-sd', 'DAGS_FOLDER/football_dag.py', '--cfg_path', '/tmp/tmp9lvuw3sn']
[2022-06-20 16:34:27,038] {standard_task_runner.py:78} INFO - Job 104: Subtask who_scored
[2022-06-20 16:34:27,169] {logging_mixin.py:112} INFO - Running <TaskInstance: football_dag.who_scored 2022-04-26T00:00:00+00:00 [running]> on host lucas-AB350M-DS3H-V2
[2022-06-20 16:34:27,177] {logging_mixin.py:112} INFO - 
[2022-06-20 16:34:27,177] {logger.py:16} INFO - ====== WebDriver manager ======
[2022-06-20 16:34:27,209] {logger.py:16} INFO - Current google-chrome version is 102.0.5005
[2022-06-20 16:34:27,209] {logger.py:16} INFO - Get LATEST chromedriver version for 102.0.5005 google-chrome
[2022-06-20 16:34:27,317] {logger.py:16} INFO - Driver [/home/lucas/.wdm/drivers/chromedriver/linux64/102.0.5005.61/chromedriver] found in cache
[2022-06-20 16:34:44,666] {taskinstance.py:1057} INFO - Marking task as SUCCESS.dag_id=football_dag, task_id=who_scored, execution_date=20220426T000000, start_date=20220620T193426, end_date=20220620T193444
[2022-06-20 16:34:46,294] {local_task_job.py:102} INFO - Task exited with return code 0
