[2022-06-20 13:39:34,476] {taskinstance.py:670} INFO - Dependencies all met for <TaskInstance: football_dag.api_football 2022-04-12T00:00:00+00:00 [queued]>
[2022-06-20 13:39:34,480] {taskinstance.py:670} INFO - Dependencies all met for <TaskInstance: football_dag.api_football 2022-04-12T00:00:00+00:00 [queued]>
[2022-06-20 13:39:34,480] {taskinstance.py:880} INFO - 
--------------------------------------------------------------------------------
[2022-06-20 13:39:34,480] {taskinstance.py:881} INFO - Starting attempt 1 of 1
[2022-06-20 13:39:34,480] {taskinstance.py:882} INFO - 
--------------------------------------------------------------------------------
[2022-06-20 13:39:34,648] {taskinstance.py:901} INFO - Executing <Task(ApiFootballOperator): api_football> on 2022-04-12T00:00:00+00:00
[2022-06-20 13:39:34,649] {standard_task_runner.py:54} INFO - Started process 6591 to run task
[2022-06-20 13:39:34,686] {standard_task_runner.py:77} INFO - Running: ['airflow', 'run', 'football_dag', 'api_football', '2022-04-12T00:00:00+00:00', '--job_id', '61', '--pool', 'default_pool', '--raw', '-sd', 'DAGS_FOLDER/football_dag.py', '--cfg_path', '/tmp/tmpdysk5hnj']
[2022-06-20 13:39:34,686] {standard_task_runner.py:78} INFO - Job 61: Subtask api_football
[2022-06-20 13:39:34,869] {logging_mixin.py:112} INFO - Running <TaskInstance: football_dag.api_football 2022-04-12T00:00:00+00:00 [running]> on host lucas-AB350M-DS3H-V2
[2022-06-20 13:39:34,880] {base_hook.py:89} INFO - Using connection to: id: api_football_default. Host: https://api-football-v1.p.rapidapi.com/v3, Port: None, Schema: None, Login: None, Password: None, extra: XXXXXXXX
[2022-06-20 13:39:34,881] {api_football_hook.py:36} INFO - URL: https://api-football-v1.p.rapidapi.com/v3/fixtures?season=2022&from=2022-04-01&to=2022-06-15&league=71&timezone=America%2FSao_Paulo
[2022-06-20 13:39:34,952] {logging_mixin.py:112} WARNING - /home/lucas/pipeline-data/.env/lib/python3.9/site-packages/urllib3/connectionpool.py:981: InsecureRequestWarning: Unverified HTTPS request is being made to host 'api-football-v1.p.rapidapi.com'. Adding certificate verification is strongly advised. See: https://urllib3.readthedocs.io/en/latest/advanced-usage.html#ssl-warnings
  warnings.warn(
[2022-06-20 13:39:35,815] {taskinstance.py:1057} INFO - Marking task as SUCCESS.dag_id=football_dag, task_id=api_football, execution_date=20220412T000000, start_date=20220620T163934, end_date=20220620T163935
[2022-06-20 13:39:39,333] {local_task_job.py:102} INFO - Task exited with return code 0
[2022-06-20 15:23:45,447] {taskinstance.py:670} INFO - Dependencies all met for <TaskInstance: football_dag.api_football 2022-04-12T00:00:00+00:00 [queued]>
[2022-06-20 15:23:45,452] {taskinstance.py:670} INFO - Dependencies all met for <TaskInstance: football_dag.api_football 2022-04-12T00:00:00+00:00 [queued]>
[2022-06-20 15:23:45,452] {taskinstance.py:880} INFO - 
--------------------------------------------------------------------------------
[2022-06-20 15:23:45,452] {taskinstance.py:881} INFO - Starting attempt 1 of 1
[2022-06-20 15:23:45,452] {taskinstance.py:882} INFO - 
--------------------------------------------------------------------------------
[2022-06-20 15:23:45,622] {taskinstance.py:901} INFO - Executing <Task(ApiFootballOperator): api_football> on 2022-04-12T00:00:00+00:00
[2022-06-20 15:23:45,624] {standard_task_runner.py:54} INFO - Started process 28315 to run task
[2022-06-20 15:23:45,660] {standard_task_runner.py:77} INFO - Running: ['airflow', 'run', 'football_dag', 'api_football', '2022-04-12T00:00:00+00:00', '--job_id', '59', '--pool', 'default_pool', '--raw', '-sd', 'DAGS_FOLDER/football_dag.py', '--cfg_path', '/tmp/tmphq1z9hxp']
[2022-06-20 15:23:45,661] {standard_task_runner.py:78} INFO - Job 59: Subtask api_football
[2022-06-20 15:23:45,808] {logging_mixin.py:112} INFO - Running <TaskInstance: football_dag.api_football 2022-04-12T00:00:00+00:00 [running]> on host lucas-AB350M-DS3H-V2
[2022-06-20 15:23:45,819] {base_hook.py:89} INFO - Using connection to: id: api_football_default. Host: https://api-football-v1.p.rapidapi.com/v3, Port: None, Schema: None, Login: None, Password: None, extra: XXXXXXXX
[2022-06-20 15:23:45,820] {api_football_hook.py:34} INFO - URL: https://api-football-v1.p.rapidapi.com/v3/fixtures?season=2022&from=2022-04-11&to=2022-04-11&league=71&timezone=America%2FSao_Paulo
[2022-06-20 15:23:45,895] {logging_mixin.py:112} WARNING - /home/lucas/pipeline-data/.env/lib/python3.9/site-packages/urllib3/connectionpool.py:981: InsecureRequestWarning: Unverified HTTPS request is being made to host 'api-football-v1.p.rapidapi.com'. Adding certificate verification is strongly advised. See: https://urllib3.readthedocs.io/en/latest/advanced-usage.html#ssl-warnings
  warnings.warn(
[2022-06-20 15:23:46,809] {taskinstance.py:1057} INFO - Marking task as SUCCESS.dag_id=football_dag, task_id=api_football, execution_date=20220412T000000, start_date=20220620T182345, end_date=20220620T182346
[2022-06-20 15:23:50,146] {local_task_job.py:102} INFO - Task exited with return code 0
[2022-06-20 22:39:24,846] {taskinstance.py:670} INFO - Dependencies all met for <TaskInstance: football_dag.api_football 2022-04-12T00:00:00+00:00 [queued]>
[2022-06-20 22:39:24,851] {taskinstance.py:670} INFO - Dependencies all met for <TaskInstance: football_dag.api_football 2022-04-12T00:00:00+00:00 [queued]>
[2022-06-20 22:39:24,851] {taskinstance.py:880} INFO - 
--------------------------------------------------------------------------------
[2022-06-20 22:39:24,851] {taskinstance.py:881} INFO - Starting attempt 1 of 1
[2022-06-20 22:39:24,851] {taskinstance.py:882} INFO - 
--------------------------------------------------------------------------------
[2022-06-20 22:39:25,123] {taskinstance.py:901} INFO - Executing <Task(ApiFootballOperator): api_football> on 2022-04-12T00:00:00+00:00
[2022-06-20 22:39:25,125] {standard_task_runner.py:54} INFO - Started process 74657 to run task
[2022-06-20 22:39:25,163] {standard_task_runner.py:77} INFO - Running: ['airflow', 'run', 'football_dag', 'api_football', '2022-04-12T00:00:00+00:00', '--job_id', '103', '--pool', 'default_pool', '--raw', '-sd', 'DAGS_FOLDER/football_dag.py', '--cfg_path', '/tmp/tmp0z2ska97']
[2022-06-20 22:39:25,163] {standard_task_runner.py:78} INFO - Job 103: Subtask api_football
[2022-06-20 22:39:25,366] {logging_mixin.py:112} INFO - Running <TaskInstance: football_dag.api_football 2022-04-12T00:00:00+00:00 [running]> on host lucas-AB350M-DS3H-V2
[2022-06-20 22:39:25,378] {base_hook.py:89} INFO - Using connection to: id: api_football_default. Host: https://api-football-v1.p.rapidapi.com/v3, Port: None, Schema: None, Login: None, Password: None, extra: XXXXXXXX
[2022-06-20 22:39:25,379] {api_football_hook.py:34} INFO - URL: https://api-football-v1.p.rapidapi.com/v3/fixtures?season=2022&from=2022-04-11&to=2022-04-11&league=71&timezone=America%2FSao_Paulo
[2022-06-20 22:39:25,443] {logging_mixin.py:112} WARNING - /home/lucas/pipeline-data/.env/lib/python3.9/site-packages/urllib3/connectionpool.py:981: InsecureRequestWarning: Unverified HTTPS request is being made to host 'api-football-v1.p.rapidapi.com'. Adding certificate verification is strongly advised. See: https://urllib3.readthedocs.io/en/latest/advanced-usage.html#ssl-warnings
  warnings.warn(
[2022-06-20 22:39:26,272] {taskinstance.py:1057} INFO - Marking task as SUCCESS.dag_id=football_dag, task_id=api_football, execution_date=20220412T000000, start_date=20220621T013924, end_date=20220621T013926
[2022-06-20 22:39:29,688] {local_task_job.py:102} INFO - Task exited with return code 0
[2022-06-21 09:43:38,010] {taskinstance.py:670} INFO - Dependencies all met for <TaskInstance: football_dag.api_football 2022-04-12T00:00:00+00:00 [queued]>
[2022-06-21 09:43:38,043] {taskinstance.py:670} INFO - Dependencies all met for <TaskInstance: football_dag.api_football 2022-04-12T00:00:00+00:00 [queued]>
[2022-06-21 09:43:38,043] {taskinstance.py:880} INFO - 
--------------------------------------------------------------------------------
[2022-06-21 09:43:38,043] {taskinstance.py:881} INFO - Starting attempt 1 of 1
[2022-06-21 09:43:38,043] {taskinstance.py:882} INFO - 
--------------------------------------------------------------------------------
[2022-06-21 09:43:38,224] {taskinstance.py:901} INFO - Executing <Task(ApiFootballOperator): api_football> on 2022-04-12T00:00:00+00:00
[2022-06-21 09:43:38,226] {standard_task_runner.py:54} INFO - Started process 8368 to run task
[2022-06-21 09:43:38,263] {standard_task_runner.py:77} INFO - Running: ['airflow', 'run', 'football_dag', 'api_football', '2022-04-12T00:00:00+00:00', '--job_id', '107', '--pool', 'default_pool', '--raw', '-sd', 'DAGS_FOLDER/football_dag.py', '--cfg_path', '/tmp/tmpqtn3s5_e']
[2022-06-21 09:43:38,263] {standard_task_runner.py:78} INFO - Job 107: Subtask api_football
[2022-06-21 09:43:38,654] {logging_mixin.py:112} INFO - Running <TaskInstance: football_dag.api_football 2022-04-12T00:00:00+00:00 [running]> on host lucas-AB350M-DS3H-V2
[2022-06-21 09:43:38,667] {base_hook.py:89} INFO - Using connection to: id: api_football_default. Host: https://api-football-v1.p.rapidapi.com/v3, Port: None, Schema: None, Login: None, Password: None, extra: XXXXXXXX
[2022-06-21 09:43:38,668] {api_football_hook.py:34} INFO - URL: https://api-football-v1.p.rapidapi.com/v3/fixtures?season=2022&from=2022-04-11&to=2022-04-11&league=71&timezone=America%2FSao_Paulo
[2022-06-21 09:43:38,753] {logging_mixin.py:112} WARNING - /home/lucas/pipeline-data/.env/lib/python3.9/site-packages/urllib3/connectionpool.py:981: InsecureRequestWarning: Unverified HTTPS request is being made to host 'api-football-v1.p.rapidapi.com'. Adding certificate verification is strongly advised. See: https://urllib3.readthedocs.io/en/latest/advanced-usage.html#ssl-warnings
  warnings.warn(
[2022-06-21 09:43:39,609] {taskinstance.py:1057} INFO - Marking task as SUCCESS.dag_id=football_dag, task_id=api_football, execution_date=20220412T000000, start_date=20220621T124338, end_date=20220621T124339
[2022-06-21 09:43:42,872] {local_task_job.py:102} INFO - Task exited with return code 0
[2022-06-21 10:09:33,527] {taskinstance.py:670} INFO - Dependencies all met for <TaskInstance: football_dag.api_football 2022-04-12T00:00:00+00:00 [queued]>
[2022-06-21 10:09:33,533] {taskinstance.py:670} INFO - Dependencies all met for <TaskInstance: football_dag.api_football 2022-04-12T00:00:00+00:00 [queued]>
[2022-06-21 10:09:33,533] {taskinstance.py:880} INFO - 
--------------------------------------------------------------------------------
[2022-06-21 10:09:33,533] {taskinstance.py:881} INFO - Starting attempt 1 of 1
[2022-06-21 10:09:33,533] {taskinstance.py:882} INFO - 
--------------------------------------------------------------------------------
[2022-06-21 10:09:33,730] {taskinstance.py:901} INFO - Executing <Task(ApiFootballOperator): api_football> on 2022-04-12T00:00:00+00:00
[2022-06-21 10:09:33,731] {standard_task_runner.py:54} INFO - Started process 16036 to run task
[2022-06-21 10:09:33,770] {standard_task_runner.py:77} INFO - Running: ['airflow', 'run', 'football_dag', 'api_football', '2022-04-12T00:00:00+00:00', '--job_id', '127', '--pool', 'default_pool', '--raw', '-sd', 'DAGS_FOLDER/football_dag.py', '--cfg_path', '/tmp/tmpxb4whtga']
[2022-06-21 10:09:33,770] {standard_task_runner.py:78} INFO - Job 127: Subtask api_football
[2022-06-21 10:09:34,116] {logging_mixin.py:112} INFO - Running <TaskInstance: football_dag.api_football 2022-04-12T00:00:00+00:00 [running]> on host lucas-AB350M-DS3H-V2
[2022-06-21 10:09:34,127] {base_hook.py:89} INFO - Using connection to: id: api_football_default. Host: https://api-football-v1.p.rapidapi.com/v3, Port: None, Schema: None, Login: None, Password: None, extra: XXXXXXXX
[2022-06-21 10:09:34,128] {api_football_hook.py:34} INFO - URL: https://api-football-v1.p.rapidapi.com/v3/fixtures?season=2022&from=2022-04-11&to=2022-04-11&league=71&timezone=America%2FSao_Paulo
[2022-06-21 10:09:34,194] {logging_mixin.py:112} WARNING - /home/lucas/pipeline-data/.env/lib/python3.9/site-packages/urllib3/connectionpool.py:981: InsecureRequestWarning: Unverified HTTPS request is being made to host 'api-football-v1.p.rapidapi.com'. Adding certificate verification is strongly advised. See: https://urllib3.readthedocs.io/en/latest/advanced-usage.html#ssl-warnings
  warnings.warn(
[2022-06-21 10:09:35,045] {taskinstance.py:1057} INFO - Marking task as SUCCESS.dag_id=football_dag, task_id=api_football, execution_date=20220412T000000, start_date=20220621T130933, end_date=20220621T130935
[2022-06-21 10:09:38,380] {local_task_job.py:102} INFO - Task exited with return code 0
[2022-06-21 10:52:11,954] {taskinstance.py:670} INFO - Dependencies all met for <TaskInstance: football_dag.api_football 2022-04-12T00:00:00+00:00 [queued]>
[2022-06-21 10:52:11,959] {taskinstance.py:670} INFO - Dependencies all met for <TaskInstance: football_dag.api_football 2022-04-12T00:00:00+00:00 [queued]>
[2022-06-21 10:52:11,959] {taskinstance.py:880} INFO - 
--------------------------------------------------------------------------------
[2022-06-21 10:52:11,959] {taskinstance.py:881} INFO - Starting attempt 1 of 1
[2022-06-21 10:52:11,959] {taskinstance.py:882} INFO - 
--------------------------------------------------------------------------------
[2022-06-21 10:52:12,177] {taskinstance.py:901} INFO - Executing <Task(ApiFootballOperator): api_football> on 2022-04-12T00:00:00+00:00
[2022-06-21 10:52:12,179] {standard_task_runner.py:54} INFO - Started process 23254 to run task
[2022-06-21 10:52:12,216] {standard_task_runner.py:77} INFO - Running: ['airflow', 'run', 'football_dag', 'api_football', '2022-04-12T00:00:00+00:00', '--job_id', '128', '--pool', 'default_pool', '--raw', '-sd', 'DAGS_FOLDER/football_dag.py', '--cfg_path', '/tmp/tmpjt_j3dm8']
[2022-06-21 10:52:12,216] {standard_task_runner.py:78} INFO - Job 128: Subtask api_football
[2022-06-21 10:52:12,363] {logging_mixin.py:112} INFO - Running <TaskInstance: football_dag.api_football 2022-04-12T00:00:00+00:00 [running]> on host lucas-AB350M-DS3H-V2
[2022-06-21 10:52:12,374] {base_hook.py:89} INFO - Using connection to: id: api_football_default. Host: https://api-football-v1.p.rapidapi.com/v3, Port: None, Schema: None, Login: None, Password: None, extra: XXXXXXXX
[2022-06-21 10:52:12,375] {api_football_hook.py:34} INFO - URL: https://api-football-v1.p.rapidapi.com/v3/fixtures?season=2022&from=2022-04-11&to=2022-04-11&league=71&timezone=America%2FSao_Paulo
[2022-06-21 10:52:12,449] {logging_mixin.py:112} WARNING - /home/lucas/pipeline-data/.env/lib/python3.9/site-packages/urllib3/connectionpool.py:981: InsecureRequestWarning: Unverified HTTPS request is being made to host 'api-football-v1.p.rapidapi.com'. Adding certificate verification is strongly advised. See: https://urllib3.readthedocs.io/en/latest/advanced-usage.html#ssl-warnings
  warnings.warn(
[2022-06-21 10:52:13,334] {taskinstance.py:1057} INFO - Marking task as SUCCESS.dag_id=football_dag, task_id=api_football, execution_date=20220412T000000, start_date=20220621T135211, end_date=20220621T135213
[2022-06-21 10:52:16,808] {local_task_job.py:102} INFO - Task exited with return code 0
