[2022-06-20 14:10:32,972] {taskinstance.py:670} INFO - Dependencies all met for <TaskInstance: football_dag.api_football 2022-04-27T00:00:00+00:00 [queued]>
[2022-06-20 14:10:32,977] {taskinstance.py:670} INFO - Dependencies all met for <TaskInstance: football_dag.api_football 2022-04-27T00:00:00+00:00 [queued]>
[2022-06-20 14:10:32,977] {taskinstance.py:880} INFO - 
--------------------------------------------------------------------------------
[2022-06-20 14:10:32,977] {taskinstance.py:881} INFO - Starting attempt 1 of 1
[2022-06-20 14:10:32,977] {taskinstance.py:882} INFO - 
--------------------------------------------------------------------------------
[2022-06-20 14:10:33,150] {taskinstance.py:901} INFO - Executing <Task(ApiFootballOperator): api_football> on 2022-04-27T00:00:00+00:00
[2022-06-20 14:10:33,152] {standard_task_runner.py:54} INFO - Started process 15746 to run task
[2022-06-20 14:10:33,189] {standard_task_runner.py:77} INFO - Running: ['airflow', 'run', 'football_dag', 'api_football', '2022-04-27T00:00:00+00:00', '--job_id', '106', '--pool', 'default_pool', '--raw', '-sd', 'DAGS_FOLDER/football_dag.py', '--cfg_path', '/tmp/tmpx5pil4_m']
[2022-06-20 14:10:33,189] {standard_task_runner.py:78} INFO - Job 106: Subtask api_football
[2022-06-20 14:10:33,326] {logging_mixin.py:112} INFO - Running <TaskInstance: football_dag.api_football 2022-04-27T00:00:00+00:00 [running]> on host lucas-AB350M-DS3H-V2
[2022-06-20 14:10:33,337] {base_hook.py:89} INFO - Using connection to: id: api_football_default. Host: https://api-football-v1.p.rapidapi.com/v3, Port: None, Schema: None, Login: None, Password: None, extra: XXXXXXXX
[2022-06-20 14:10:33,338] {api_football_hook.py:36} INFO - URL: https://api-football-v1.p.rapidapi.com/v3/fixtures?season=2022&from=2022-04-01&to=2022-06-15&league=71&timezone=America%2FSao_Paulo
[2022-06-20 14:10:33,410] {logging_mixin.py:112} WARNING - /home/lucas/pipeline-data/.env/lib/python3.9/site-packages/urllib3/connectionpool.py:981: InsecureRequestWarning: Unverified HTTPS request is being made to host 'api-football-v1.p.rapidapi.com'. Adding certificate verification is strongly advised. See: https://urllib3.readthedocs.io/en/latest/advanced-usage.html#ssl-warnings
  warnings.warn(
[2022-06-20 14:10:34,352] {taskinstance.py:1057} INFO - Marking task as SUCCESS.dag_id=football_dag, task_id=api_football, execution_date=20220427T000000, start_date=20220620T171032, end_date=20220620T171034
[2022-06-20 14:10:37,418] {local_task_job.py:102} INFO - Task exited with return code 0
[2022-06-20 16:35:39,342] {taskinstance.py:670} INFO - Dependencies all met for <TaskInstance: football_dag.api_football 2022-04-27T00:00:00+00:00 [queued]>
[2022-06-20 16:35:39,354] {taskinstance.py:670} INFO - Dependencies all met for <TaskInstance: football_dag.api_football 2022-04-27T00:00:00+00:00 [queued]>
[2022-06-20 16:35:39,354] {taskinstance.py:880} INFO - 
--------------------------------------------------------------------------------
[2022-06-20 16:35:39,354] {taskinstance.py:881} INFO - Starting attempt 1 of 1
[2022-06-20 16:35:39,354] {taskinstance.py:882} INFO - 
--------------------------------------------------------------------------------
[2022-06-20 16:35:39,574] {taskinstance.py:901} INFO - Executing <Task(ApiFootballOperator): api_football> on 2022-04-27T00:00:00+00:00
[2022-06-20 16:35:39,575] {standard_task_runner.py:54} INFO - Started process 9499 to run task
[2022-06-20 16:35:39,613] {standard_task_runner.py:77} INFO - Running: ['airflow', 'run', 'football_dag', 'api_football', '2022-04-27T00:00:00+00:00', '--job_id', '105', '--pool', 'default_pool', '--raw', '-sd', 'DAGS_FOLDER/football_dag.py', '--cfg_path', '/tmp/tmpmjpgwo3_']
[2022-06-20 16:35:39,613] {standard_task_runner.py:78} INFO - Job 105: Subtask api_football
[2022-06-20 16:35:39,766] {logging_mixin.py:112} INFO - Running <TaskInstance: football_dag.api_football 2022-04-27T00:00:00+00:00 [running]> on host lucas-AB350M-DS3H-V2
[2022-06-20 16:35:39,777] {base_hook.py:89} INFO - Using connection to: id: api_football_default. Host: https://api-football-v1.p.rapidapi.com/v3, Port: None, Schema: None, Login: None, Password: None, extra: XXXXXXXX
[2022-06-20 16:35:39,778] {api_football_hook.py:34} INFO - URL: https://api-football-v1.p.rapidapi.com/v3/fixtures?season=2022&from=2022-04-26&to=2022-04-26&league=71&timezone=America%2FSao_Paulo
[2022-06-20 16:35:39,851] {logging_mixin.py:112} WARNING - /home/lucas/pipeline-data/.env/lib/python3.9/site-packages/urllib3/connectionpool.py:981: InsecureRequestWarning: Unverified HTTPS request is being made to host 'api-football-v1.p.rapidapi.com'. Adding certificate verification is strongly advised. See: https://urllib3.readthedocs.io/en/latest/advanced-usage.html#ssl-warnings
  warnings.warn(
[2022-06-20 16:35:40,684] {taskinstance.py:1057} INFO - Marking task as SUCCESS.dag_id=football_dag, task_id=api_football, execution_date=20220427T000000, start_date=20220620T193539, end_date=20220620T193540
[2022-06-20 16:35:44,147] {local_task_job.py:102} INFO - Task exited with return code 0
