[2022-06-20 13:54:44,423] {taskinstance.py:670} INFO - Dependencies all met for <TaskInstance: football_dag.who_scored 2022-04-19T00:00:00+00:00 [queued]>
[2022-06-20 13:54:44,428] {taskinstance.py:670} INFO - Dependencies all met for <TaskInstance: football_dag.who_scored 2022-04-19T00:00:00+00:00 [queued]>
[2022-06-20 13:54:44,428] {taskinstance.py:880} INFO - 
--------------------------------------------------------------------------------
[2022-06-20 13:54:44,428] {taskinstance.py:881} INFO - Starting attempt 1 of 1
[2022-06-20 13:54:44,428] {taskinstance.py:882} INFO - 
--------------------------------------------------------------------------------
[2022-06-20 13:54:44,616] {taskinstance.py:901} INFO - Executing <Task(WhoScoredOperator): who_scored> on 2022-04-19T00:00:00+00:00
[2022-06-20 13:54:44,617] {standard_task_runner.py:54} INFO - Started process 11050 to run task
[2022-06-20 13:54:44,654] {standard_task_runner.py:77} INFO - Running: ['airflow', 'run', 'football_dag', 'who_scored', '2022-04-19T00:00:00+00:00', '--job_id', '84', '--pool', 'default_pool', '--raw', '-sd', 'DAGS_FOLDER/football_dag.py', '--cfg_path', '/tmp/tmppe4ax6em']
[2022-06-20 13:54:44,654] {standard_task_runner.py:78} INFO - Job 84: Subtask who_scored
[2022-06-20 13:54:44,804] {logging_mixin.py:112} INFO - Running <TaskInstance: football_dag.who_scored 2022-04-19T00:00:00+00:00 [running]> on host lucas-AB350M-DS3H-V2
[2022-06-20 13:54:44,813] {logging_mixin.py:112} INFO - 
[2022-06-20 13:54:44,813] {logger.py:16} INFO - ====== WebDriver manager ======
[2022-06-20 13:54:44,847] {logger.py:16} INFO - Current google-chrome version is 102.0.5005
[2022-06-20 13:54:44,847] {logger.py:16} INFO - Get LATEST chromedriver version for 102.0.5005 google-chrome
[2022-06-20 13:54:44,948] {logger.py:16} INFO - Driver [/home/lucas/.wdm/drivers/chromedriver/linux64/102.0.5005.61/chromedriver] found in cache
[2022-06-20 13:55:00,744] {taskinstance.py:1057} INFO - Marking task as SUCCESS.dag_id=football_dag, task_id=who_scored, execution_date=20220419T000000, start_date=20220620T165444, end_date=20220620T165500
[2022-06-20 13:55:04,287] {local_task_job.py:102} INFO - Task exited with return code 0
[2022-06-20 15:41:00,806] {taskinstance.py:670} INFO - Dependencies all met for <TaskInstance: football_dag.who_scored 2022-04-19T00:00:00+00:00 [queued]>
[2022-06-20 15:41:00,811] {taskinstance.py:670} INFO - Dependencies all met for <TaskInstance: football_dag.who_scored 2022-04-19T00:00:00+00:00 [queued]>
[2022-06-20 15:41:00,811] {taskinstance.py:880} INFO - 
--------------------------------------------------------------------------------
[2022-06-20 15:41:00,811] {taskinstance.py:881} INFO - Starting attempt 1 of 1
[2022-06-20 15:41:00,811] {taskinstance.py:882} INFO - 
--------------------------------------------------------------------------------
[2022-06-20 15:41:00,979] {taskinstance.py:901} INFO - Executing <Task(WhoScoredOperator): who_scored> on 2022-04-19T00:00:00+00:00
[2022-06-20 15:41:00,981] {standard_task_runner.py:54} INFO - Started process 33612 to run task
[2022-06-20 15:41:01,018] {standard_task_runner.py:77} INFO - Running: ['airflow', 'run', 'football_dag', 'who_scored', '2022-04-19T00:00:00+00:00', '--job_id', '82', '--pool', 'default_pool', '--raw', '-sd', 'DAGS_FOLDER/football_dag.py', '--cfg_path', '/tmp/tmphvwxgfeq']
[2022-06-20 15:41:01,018] {standard_task_runner.py:78} INFO - Job 82: Subtask who_scored
[2022-06-20 15:41:01,189] {logging_mixin.py:112} INFO - Running <TaskInstance: football_dag.who_scored 2022-04-19T00:00:00+00:00 [running]> on host lucas-AB350M-DS3H-V2
[2022-06-20 15:41:01,197] {logging_mixin.py:112} INFO - 
[2022-06-20 15:41:01,197] {logger.py:16} INFO - ====== WebDriver manager ======
[2022-06-20 15:41:01,229] {logger.py:16} INFO - Current google-chrome version is 102.0.5005
[2022-06-20 15:41:01,230] {logger.py:16} INFO - Get LATEST chromedriver version for 102.0.5005 google-chrome
[2022-06-20 15:41:01,336] {logger.py:16} INFO - Driver [/home/lucas/.wdm/drivers/chromedriver/linux64/102.0.5005.61/chromedriver] found in cache
[2022-06-20 15:41:17,812] {taskinstance.py:1057} INFO - Marking task as SUCCESS.dag_id=football_dag, task_id=who_scored, execution_date=20220419T000000, start_date=20220620T184100, end_date=20220620T184117
[2022-06-20 15:41:20,673] {local_task_job.py:102} INFO - Task exited with return code 0
