[2022-06-20 13:43:10,011] {taskinstance.py:670} INFO - Dependencies all met for <TaskInstance: football_dag.api_football 2022-04-14T00:00:00+00:00 [queued]>
[2022-06-20 13:43:10,016] {taskinstance.py:670} INFO - Dependencies all met for <TaskInstance: football_dag.api_football 2022-04-14T00:00:00+00:00 [queued]>
[2022-06-20 13:43:10,016] {taskinstance.py:880} INFO - 
--------------------------------------------------------------------------------
[2022-06-20 13:43:10,016] {taskinstance.py:881} INFO - Starting attempt 1 of 1
[2022-06-20 13:43:10,016] {taskinstance.py:882} INFO - 
--------------------------------------------------------------------------------
[2022-06-20 13:43:10,172] {taskinstance.py:901} INFO - Executing <Task(ApiFootballOperator): api_football> on 2022-04-14T00:00:00+00:00
[2022-06-20 13:43:10,173] {standard_task_runner.py:54} INFO - Started process 7710 to run task
[2022-06-20 13:43:10,210] {standard_task_runner.py:77} INFO - Running: ['airflow', 'run', 'football_dag', 'api_football', '2022-04-14T00:00:00+00:00', '--job_id', '67', '--pool', 'default_pool', '--raw', '-sd', 'DAGS_FOLDER/football_dag.py', '--cfg_path', '/tmp/tmplx8h1l8d']
[2022-06-20 13:43:10,211] {standard_task_runner.py:78} INFO - Job 67: Subtask api_football
[2022-06-20 13:43:10,337] {logging_mixin.py:112} INFO - Running <TaskInstance: football_dag.api_football 2022-04-14T00:00:00+00:00 [running]> on host lucas-AB350M-DS3H-V2
[2022-06-20 13:43:10,348] {base_hook.py:89} INFO - Using connection to: id: api_football_default. Host: https://api-football-v1.p.rapidapi.com/v3, Port: None, Schema: None, Login: None, Password: None, extra: XXXXXXXX
[2022-06-20 13:43:10,349] {api_football_hook.py:36} INFO - URL: https://api-football-v1.p.rapidapi.com/v3/fixtures?season=2022&from=2022-04-01&to=2022-06-15&league=71&timezone=America%2FSao_Paulo
[2022-06-20 13:43:10,416] {logging_mixin.py:112} WARNING - /home/lucas/pipeline-data/.env/lib/python3.9/site-packages/urllib3/connectionpool.py:981: InsecureRequestWarning: Unverified HTTPS request is being made to host 'api-football-v1.p.rapidapi.com'. Adding certificate verification is strongly advised. See: https://urllib3.readthedocs.io/en/latest/advanced-usage.html#ssl-warnings
  warnings.warn(
[2022-06-20 13:43:11,318] {taskinstance.py:1057} INFO - Marking task as SUCCESS.dag_id=football_dag, task_id=api_football, execution_date=20220414T000000, start_date=20220620T164310, end_date=20220620T164311
[2022-06-20 13:43:14,869] {local_task_job.py:102} INFO - Task exited with return code 0
[2022-06-20 15:27:27,381] {taskinstance.py:670} INFO - Dependencies all met for <TaskInstance: football_dag.api_football 2022-04-14T00:00:00+00:00 [queued]>
[2022-06-20 15:27:27,386] {taskinstance.py:670} INFO - Dependencies all met for <TaskInstance: football_dag.api_football 2022-04-14T00:00:00+00:00 [queued]>
[2022-06-20 15:27:27,386] {taskinstance.py:880} INFO - 
--------------------------------------------------------------------------------
[2022-06-20 15:27:27,386] {taskinstance.py:881} INFO - Starting attempt 1 of 1
[2022-06-20 15:27:27,386] {taskinstance.py:882} INFO - 
--------------------------------------------------------------------------------
[2022-06-20 15:27:27,558] {taskinstance.py:901} INFO - Executing <Task(ApiFootballOperator): api_football> on 2022-04-14T00:00:00+00:00
[2022-06-20 15:27:27,559] {standard_task_runner.py:54} INFO - Started process 29505 to run task
[2022-06-20 15:27:27,596] {standard_task_runner.py:77} INFO - Running: ['airflow', 'run', 'football_dag', 'api_football', '2022-04-14T00:00:00+00:00', '--job_id', '65', '--pool', 'default_pool', '--raw', '-sd', 'DAGS_FOLDER/football_dag.py', '--cfg_path', '/tmp/tmp_8k44x80']
[2022-06-20 15:27:27,596] {standard_task_runner.py:78} INFO - Job 65: Subtask api_football
[2022-06-20 15:27:27,748] {logging_mixin.py:112} INFO - Running <TaskInstance: football_dag.api_football 2022-04-14T00:00:00+00:00 [running]> on host lucas-AB350M-DS3H-V2
[2022-06-20 15:27:27,760] {base_hook.py:89} INFO - Using connection to: id: api_football_default. Host: https://api-football-v1.p.rapidapi.com/v3, Port: None, Schema: None, Login: None, Password: None, extra: XXXXXXXX
[2022-06-20 15:27:27,761] {api_football_hook.py:34} INFO - URL: https://api-football-v1.p.rapidapi.com/v3/fixtures?season=2022&from=2022-04-13&to=2022-04-13&league=71&timezone=America%2FSao_Paulo
[2022-06-20 15:27:27,827] {logging_mixin.py:112} WARNING - /home/lucas/pipeline-data/.env/lib/python3.9/site-packages/urllib3/connectionpool.py:981: InsecureRequestWarning: Unverified HTTPS request is being made to host 'api-football-v1.p.rapidapi.com'. Adding certificate verification is strongly advised. See: https://urllib3.readthedocs.io/en/latest/advanced-usage.html#ssl-warnings
  warnings.warn(
[2022-06-20 15:27:28,714] {taskinstance.py:1057} INFO - Marking task as SUCCESS.dag_id=football_dag, task_id=api_football, execution_date=20220414T000000, start_date=20220620T182727, end_date=20220620T182728
[2022-06-20 15:27:32,204] {local_task_job.py:102} INFO - Task exited with return code 0
